###############################################################################
#
# IAR ANSI C/C++ Compiler V7.20.2.7424/W32 for ARM        14/Aug/2016  11:03:49
# Copyright 1999-2014 IAR Systems AB.
#
#    Cpu mode     =  thumb
#    Endian       =  little
#    Source file  =  
#        C:\百度云同步盘\比赛代码\LPLD_OSKinetis_V3\project\NXP_powerctl\app\BSP\FTM.c
#    Command line =  
#        C:\百度云同步盘\比赛代码\LPLD_OSKinetis_V3\project\NXP_powerctl\app\BSP\FTM.c
#        -D LPLD_K60 -lCN
#        C:\百度云同步盘\比赛代码\LPLD_OSKinetis_V3\project\NXP_powerctl\iar\FLASH\List\
#        -lB
#        C:\百度云同步盘\比赛代码\LPLD_OSKinetis_V3\project\NXP_powerctl\iar\FLASH\List\
#        -o
#        C:\百度云同步盘\比赛代码\LPLD_OSKinetis_V3\project\NXP_powerctl\iar\FLASH\Obj\
#        --no_cse --no_unroll --no_inline --no_code_motion --no_tbaa
#        --no_clustering --no_scheduling --debug --endian=little
#        --cpu=Cortex-M4 -e --fpu=None --dlib_config "C:\Program Files
#        (x86)\IAR Systems\Embedded Workbench
#        7.0\arm\INC\c\DLib_Config_Normal.h" -I
#        C:\百度云同步盘\比赛代码\LPLD_OSKinetis_V3\project\NXP_powerctl\iar\..\app\
#        -I
#        C:\百度云同步盘\比赛代码\LPLD_OSKinetis_V3\project\NXP_powerctl\iar\..\app\BSP\
#        -I
#        C:\百度云同步盘\比赛代码\LPLD_OSKinetis_V3\project\NXP_powerctl\iar\..\app\ITAC\
#        -I
#        C:\百度云同步盘\比赛代码\LPLD_OSKinetis_V3\project\NXP_powerctl\iar\..\app\CTL\
#        -I
#        C:\百度云同步盘\比赛代码\LPLD_OSKinetis_V3\project\NXP_powerctl\iar\..\..\..\lib\CPU\
#        -I
#        C:\百度云同步盘\比赛代码\LPLD_OSKinetis_V3\project\NXP_powerctl\iar\..\..\..\lib\common\
#        -I
#        C:\百度云同步盘\比赛代码\LPLD_OSKinetis_V3\project\NXP_powerctl\iar\..\..\..\lib\LPLD\
#        -I
#        C:\百度云同步盘\比赛代码\LPLD_OSKinetis_V3\project\NXP_powerctl\iar\..\..\..\lib\LPLD\HW\
#        -I
#        C:\百度云同步盘\比赛代码\LPLD_OSKinetis_V3\project\NXP_powerctl\iar\..\..\..\lib\LPLD\DEV\
#        -I
#        C:\百度云同步盘\比赛代码\LPLD_OSKinetis_V3\project\NXP_powerctl\iar\..\..\..\lib\uCOS-II\Ports\
#        -I
#        C:\百度云同步盘\比赛代码\LPLD_OSKinetis_V3\project\NXP_powerctl\iar\..\..\..\lib\uCOS-II\Source\
#        -I
#        C:\百度云同步盘\比赛代码\LPLD_OSKinetis_V3\project\NXP_powerctl\iar\..\..\..\lib\FatFs\
#        -I
#        C:\百度云同步盘\比赛代码\LPLD_OSKinetis_V3\project\NXP_powerctl\iar\..\..\..\lib\FatFs\option\
#        -I
#        C:\百度云同步盘\比赛代码\LPLD_OSKinetis_V3\project\NXP_powerctl\iar\..\..\..\lib\USB\common\
#        -I
#        C:\百度云同步盘\比赛代码\LPLD_OSKinetis_V3\project\NXP_powerctl\iar\..\..\..\lib\USB\driver\
#        -I
#        C:\百度云同步盘\比赛代码\LPLD_OSKinetis_V3\project\NXP_powerctl\iar\..\..\..\lib\USB\descriptor\
#        -I
#        C:\百度云同步盘\比赛代码\LPLD_OSKinetis_V3\project\NXP_powerctl\iar\..\..\..\lib\USB\class\
#        -On -I "C:\Program Files (x86)\IAR Systems\Embedded Workbench
#        7.0\arm\CMSIS\Include\" -D ARM_MATH_CM4
#    List file    =  
#        C:\百度云同步盘\比赛代码\LPLD_OSKinetis_V3\project\NXP_powerctl\iar\FLASH\List\FTM.lst
#    Object file  =  
#        C:\百度云同步盘\比赛代码\LPLD_OSKinetis_V3\project\NXP_powerctl\iar\FLASH\Obj\FTM.o
#
###############################################################################

C:\百度云同步盘\比赛代码\LPLD_OSKinetis_V3\project\NXP_powerctl\app\BSP\FTM.c
      1          //FTM初始化
      2          #include "include.h"
      3          

   \                                 In section .bss, align 4
      4          FTM_InitTypeDef ftm_init_struct;
   \                     ftm_init_struct:
   \   00000000                      DS8 28
      5          

   \                                 In section .text, align 2, keep-with-next
      6          void PWM_init() //双极性PWM
      7          {
   \                     PWM_init: (+1)
   \   00000000   0xB5E0             PUSH     {R5-R7,LR}
      8            //pwm  
      9            ftm_init_struct.FTM_Ftmx = FTM0;	//使能FTM0通道
   \   00000002   0x....             LDR.N    R0,??DataTable1  ;; 0x40038000
   \   00000004   0x....             LDR.N    R1,??DataTable1_1
   \   00000006   0x6008             STR      R0,[R1, #+0]
     10            ftm_init_struct.FTM_Mode = FTM_MODE_PWM;	//使能PWM模式
   \   00000008   0x2001             MOVS     R0,#+1
   \   0000000A   0x....             LDR.N    R1,??DataTable1_1
   \   0000000C   0x7108             STRB     R0,[R1, #+4]
     11            ftm_init_struct.FTM_PwmFreq = 50;	//PWM频率20000Hz
   \   0000000E   0x2032             MOVS     R0,#+50
   \   00000010   0x....             LDR.N    R1,??DataTable1_1
   \   00000012   0x6088             STR      R0,[R1, #+8]
     12            ftm_init_struct.FTM_PwmDeadtimeCfg = DEADTIME_CH01;
   \   00000014   0x2010             MOVS     R0,#+16
   \   00000016   0x....             LDR.N    R1,??DataTable1_1
   \   00000018   0x60C8             STR      R0,[R1, #+12]
     13            ftm_init_struct.FTM_PwmDeadtimeDiv = DEADTIME_DIV1;
   \   0000001A   0x2000             MOVS     R0,#+0
   \   0000001C   0x....             LDR.N    R1,??DataTable1_1
   \   0000001E   0x7408             STRB     R0,[R1, #+16]
     14            ftm_init_struct.FTM_PwmDeadtimeVal = 10;
   \   00000020   0x200A             MOVS     R0,#+10
   \   00000022   0x....             LDR.N    R1,??DataTable1_1
   \   00000024   0x7448             STRB     R0,[R1, #+17]
     15            ftm_init_struct.FTM_PwmDeadtimeVal=0;
   \   00000026   0x2000             MOVS     R0,#+0
   \   00000028   0x....             LDR.N    R1,??DataTable1_1
   \   0000002A   0x7448             STRB     R0,[R1, #+17]
     16            ftm_init_struct.FTM_ToiEnable = FALSE;
   \   0000002C   0x2000             MOVS     R0,#+0
   \   0000002E   0x....             LDR.N    R1,??DataTable1_1
   \   00000030   0x7508             STRB     R0,[R1, #+20]
     17            ftm_init_struct.FTM_Isr = NULL;
   \   00000032   0x2000             MOVS     R0,#+0
   \   00000034   0x....             LDR.N    R1,??DataTable1_1
   \   00000036   0x6188             STR      R0,[R1, #+24]
     18            LPLD_FTM_Init(ftm_init_struct);
   \   00000038   0x....             LDR.N    R1,??DataTable1_1
   \   0000003A   0xB084             SUB      SP,SP,#+16
   \   0000003C   0x4668             MOV      R0,SP
   \   0000003E   0x221C             MOVS     R2,#+28
   \   00000040   0x.... 0x....      BL       __aeabi_memcpy4
   \   00000044   0xBC0F             POP      {R0-R3}
   \   00000046   0x.... 0x....      BL       LPLD_FTM_Init
     19            
     20            LPLD_FTM_PWM_Enable(FTM0, //使用FTM0
     21                                FTM_Ch0, //使能Ch0通道
     22                                0, //初始化DUTY
     23                                PTC1, //使用Ch0通道的PTC1引脚
     24                                ALIGN_LEFT        //脉宽左对齐
     25                                  ); 
   \   0000004A   0x2028             MOVS     R0,#+40
   \   0000004C   0x9000             STR      R0,[SP, #+0]
   \   0000004E   0x233D             MOVS     R3,#+61
   \   00000050   0x2200             MOVS     R2,#+0
   \   00000052   0x2100             MOVS     R1,#+0
   \   00000054   0x....             LDR.N    R0,??DataTable1  ;; 0x40038000
   \   00000056   0x.... 0x....      BL       LPLD_FTM_PWM_Enable
     26          
     27          }
   \   0000005A   0xBD07             POP      {R0-R2,PC}       ;; return
     28          

   \                                 In section .bss, align 4
     29          FTM_InitTypeDef qei_init_struct;
   \                     qei_init_struct:
   \   00000000                      DS8 28

   \                                 In section .text, align 2, keep-with-next
     30          void qei_init()  
     31          {   
   \                     qei_init: (+1)
   \   00000000   0xB5E0             PUSH     {R5-R7,LR}
     32            //配置正交解码功能参数
     33            qei_init_struct.FTM_Ftmx = FTM1;              //只有FTM1和FTM2有正交解码功能
   \   00000002   0x....             LDR.N    R0,??DataTable1_2  ;; 0x40039000
   \   00000004   0x....             LDR.N    R1,??DataTable1_3
   \   00000006   0x6008             STR      R0,[R1, #+0]
     34            qei_init_struct.FTM_Mode = FTM_MODE_QD;       //正交解码功能
   \   00000008   0x2004             MOVS     R0,#+4
   \   0000000A   0x....             LDR.N    R1,??DataTable1_3
   \   0000000C   0x7108             STRB     R0,[R1, #+4]
     35            qei_init_struct.FTM_QdMode = QD_MODE_PHAB;    //AB相输入模式
   \   0000000E   0x2000             MOVS     R0,#+0
   \   00000010   0x....             LDR.N    R1,??DataTable1_3
   \   00000012   0x7488             STRB     R0,[R1, #+18]
     36            qei_init_struct.FTM_ToiEnable = FALSE;
   \   00000014   0x2000             MOVS     R0,#+0
   \   00000016   0x....             LDR.N    R1,??DataTable1_3
   \   00000018   0x7508             STRB     R0,[R1, #+20]
     37            qei_init_struct.FTM_Isr = NULL;
   \   0000001A   0x2000             MOVS     R0,#+0
   \   0000001C   0x....             LDR.N    R1,??DataTable1_3
   \   0000001E   0x6188             STR      R0,[R1, #+24]
     38            //初始化FTM
     39            LPLD_FTM_Init(qei_init_struct);
   \   00000020   0x....             LDR.N    R1,??DataTable1_3
   \   00000022   0xB084             SUB      SP,SP,#+16
   \   00000024   0x4668             MOV      R0,SP
   \   00000026   0x221C             MOVS     R2,#+28
   \   00000028   0x.... 0x....      BL       __aeabi_memcpy4
   \   0000002C   0xBC0F             POP      {R0-R3}
   \   0000002E   0x.... 0x....      BL       LPLD_FTM_Init
     40            //使能AB相输入通道
     41            //PTB18引脚接A相输入、PTB19引脚接B相输入
     42            LPLD_FTM_QD_Enable(FTM1, PTA12, PTA13); 
   \   00000032   0x220D             MOVS     R2,#+13
   \   00000034   0x210C             MOVS     R1,#+12
   \   00000036   0x....             LDR.N    R0,??DataTable1_2  ;; 0x40039000
   \   00000038   0x.... 0x....      BL       LPLD_FTM_QD_Enable
     43          }
   \   0000003C   0xBD07             POP      {R0-R2,PC}       ;; return

   \                                 In section .text, align 4, keep-with-next
   \                     ??DataTable1:
   \   00000000   0x40038000         DC32     0x40038000

   \                                 In section .text, align 4, keep-with-next
   \                     ??DataTable1_1:
   \   00000000   0x........         DC32     ftm_init_struct

   \                                 In section .text, align 4, keep-with-next
   \                     ??DataTable1_2:
   \   00000000   0x40039000         DC32     0x40039000

   \                                 In section .text, align 4, keep-with-next
   \                     ??DataTable1_3:
   \   00000000   0x........         DC32     qei_init_struct

   Maximum stack usage in bytes:

   .cstack Function
   ------- --------
      32   PWM_init
        16   -> LPLD_FTM_Init
        16   -> LPLD_FTM_PWM_Enable
        32   -> __aeabi_memcpy4
      32   qei_init
        16   -> LPLD_FTM_Init
        16   -> LPLD_FTM_QD_Enable
        32   -> __aeabi_memcpy4


   Section sizes:

   Bytes  Function/Label
   -----  --------------
       4  ??DataTable1
       4  ??DataTable1_1
       4  ??DataTable1_2
       4  ??DataTable1_3
      92  PWM_init
      28  ftm_init_struct
      62  qei_init
      28  qei_init_struct

 
  56 bytes in section .bss
 170 bytes in section .text
 
 170 bytes of CODE memory
  56 bytes of DATA memory

Errors: none
Warnings: none
