###############################################################################
#
# IAR ANSI C/C++ Compiler V7.20.2.7424/W32 for ARM        28/Jul/2016  17:58:34
# Copyright 1999-2014 IAR Systems AB.
#
#    Cpu mode     =  thumb
#    Endian       =  little
#    Source file  =  
#        C:\百度云同步盘\比赛代码\LPLD_OSKinetis_V3\lib\LPLD\HW\HW_FLASH.c
#    Command line =  
#        C:\百度云同步盘\比赛代码\LPLD_OSKinetis_V3\lib\LPLD\HW\HW_FLASH.c -D
#        LPLD_K60 -lCN
#        C:\百度云同步盘\比赛代码\LPLD_OSKinetis_V3\project\NXP_powerctl\iar\FLASH\List\
#        -lB
#        C:\百度云同步盘\比赛代码\LPLD_OSKinetis_V3\project\NXP_powerctl\iar\FLASH\List\
#        -o
#        C:\百度云同步盘\比赛代码\LPLD_OSKinetis_V3\project\NXP_powerctl\iar\FLASH\Obj\
#        --no_cse --no_unroll --no_inline --no_code_motion --no_tbaa
#        --no_clustering --no_scheduling --debug --endian=little
#        --cpu=Cortex-M4 -e --fpu=None --dlib_config "C:\Program Files
#        (x86)\IAR Systems\Embedded Workbench
#        7.0\arm\INC\c\DLib_Config_Normal.h" -I
#        C:\百度云同步盘\比赛代码\LPLD_OSKinetis_V3\project\NXP_powerctl\iar\..\app\
#        -I
#        C:\百度云同步盘\比赛代码\LPLD_OSKinetis_V3\project\NXP_powerctl\iar\..\app\BSP\
#        -I
#        C:\百度云同步盘\比赛代码\LPLD_OSKinetis_V3\project\NXP_powerctl\iar\..\app\ITAC\
#        -I
#        C:\百度云同步盘\比赛代码\LPLD_OSKinetis_V3\project\NXP_powerctl\iar\..\app\CTL\
#        -I
#        C:\百度云同步盘\比赛代码\LPLD_OSKinetis_V3\project\NXP_powerctl\iar\..\..\..\lib\CPU\
#        -I
#        C:\百度云同步盘\比赛代码\LPLD_OSKinetis_V3\project\NXP_powerctl\iar\..\..\..\lib\common\
#        -I
#        C:\百度云同步盘\比赛代码\LPLD_OSKinetis_V3\project\NXP_powerctl\iar\..\..\..\lib\LPLD\
#        -I
#        C:\百度云同步盘\比赛代码\LPLD_OSKinetis_V3\project\NXP_powerctl\iar\..\..\..\lib\LPLD\HW\
#        -I
#        C:\百度云同步盘\比赛代码\LPLD_OSKinetis_V3\project\NXP_powerctl\iar\..\..\..\lib\LPLD\DEV\
#        -I
#        C:\百度云同步盘\比赛代码\LPLD_OSKinetis_V3\project\NXP_powerctl\iar\..\..\..\lib\uCOS-II\Ports\
#        -I
#        C:\百度云同步盘\比赛代码\LPLD_OSKinetis_V3\project\NXP_powerctl\iar\..\..\..\lib\uCOS-II\Source\
#        -I
#        C:\百度云同步盘\比赛代码\LPLD_OSKinetis_V3\project\NXP_powerctl\iar\..\..\..\lib\FatFs\
#        -I
#        C:\百度云同步盘\比赛代码\LPLD_OSKinetis_V3\project\NXP_powerctl\iar\..\..\..\lib\FatFs\option\
#        -I
#        C:\百度云同步盘\比赛代码\LPLD_OSKinetis_V3\project\NXP_powerctl\iar\..\..\..\lib\USB\common\
#        -I
#        C:\百度云同步盘\比赛代码\LPLD_OSKinetis_V3\project\NXP_powerctl\iar\..\..\..\lib\USB\driver\
#        -I
#        C:\百度云同步盘\比赛代码\LPLD_OSKinetis_V3\project\NXP_powerctl\iar\..\..\..\lib\USB\descriptor\
#        -I
#        C:\百度云同步盘\比赛代码\LPLD_OSKinetis_V3\project\NXP_powerctl\iar\..\..\..\lib\USB\class\
#        -On -I "C:\Program Files (x86)\IAR Systems\Embedded Workbench
#        7.0\arm\CMSIS\Include\" -D ARM_MATH_CM4
#    List file    =  
#        C:\百度云同步盘\比赛代码\LPLD_OSKinetis_V3\project\NXP_powerctl\iar\FLASH\List\HW_FLASH.lst
#    Object file  =  
#        C:\百度云同步盘\比赛代码\LPLD_OSKinetis_V3\project\NXP_powerctl\iar\FLASH\Obj\HW_FLASH.o
#
###############################################################################

C:\百度云同步盘\比赛代码\LPLD_OSKinetis_V3\lib\LPLD\HW\HW_FLASH.c
      1          /**
      2           * @file HW_FLASH.c
      3           * @version 3.0[By LPLD]
      4           * @date 2013-06-18
      5           * @brief FTFL底层模块相关函数
      6           *
      7           * 更改建议:不建议修改
      8           *
      9           * 版权所有:北京拉普兰德电子技术有限公司
     10           * http://www.lpld.cn
     11           * mail:support@lpld.cn
     12           *
     13           * @par
     14           * 本代码由拉普兰德[LPLD]开发并维护，并向所有使用者开放源代码。
     15           * 开发者可以随意修使用或改源代码。但本段及以上注释应予以保留。
     16           * 不得更改或删除原版权所有者姓名，二次开发者可以加注二次版权所有者。
     17           * 但应在遵守此协议的基础上，开放源代码、不得出售代码本身。
     18           * 拉普兰德不负责由于使用本代码所带来的任何事故、法律责任或相关不良影响。
     19           * 拉普兰德无义务解释、说明本代码的具体原理、功能、实现方法。
     20           * 除非拉普兰德[LPLD]授权，开发者不得将本代码用于商业产品。
     21           */
     22          #include "common.h"
     23          #include "HW_FLASH.h"
     24          
     25          /*
     26           * LPLD_Flash_Init
     27           * Flash模块初始化
     28           * 
     29           * 参数:
     30           *    无
     31           *
     32           * 输出:
     33           *    无
     34           */

   \                                 In section .text, align 2, keep-with-next
     35          void LPLD_Flash_Init(void)
     36          {
     37            //检查Flash访问错误
     38            if (FTFL->FSTAT & FTFL_FSTAT_ACCERR_MASK)
   \                     LPLD_Flash_Init: (+1)
   \   00000000   0x....             LDR.N    R0,??DataTable2  ;; 0x40020000
   \   00000002   0x7800             LDRB     R0,[R0, #+0]
   \   00000004   0x0680             LSLS     R0,R0,#+26
   \   00000006   0xD506             BPL.N    ??LPLD_Flash_Init_0
     39            {
     40              FTFL->FSTAT |= FTFL_FSTAT_ACCERR_MASK;       //清除错误标志
   \   00000008   0x....             LDR.N    R0,??DataTable2  ;; 0x40020000
   \   0000000A   0x7800             LDRB     R0,[R0, #+0]
   \   0000000C   0xF050 0x0020      ORRS     R0,R0,#0x20
   \   00000010   0x....             LDR.N    R1,??DataTable2  ;; 0x40020000
   \   00000012   0x7008             STRB     R0,[R1, #+0]
   \   00000014   0xE014             B.N      ??LPLD_Flash_Init_1
     41            }
     42            //检查保护错误
     43            else if (FTFL->FSTAT & FTFL_FSTAT_FPVIOL_MASK)
   \                     ??LPLD_Flash_Init_0: (+1)
   \   00000016   0x....             LDR.N    R0,??DataTable2  ;; 0x40020000
   \   00000018   0x7800             LDRB     R0,[R0, #+0]
   \   0000001A   0x06C0             LSLS     R0,R0,#+27
   \   0000001C   0xD506             BPL.N    ??LPLD_Flash_Init_2
     44            {
     45              FTFL->FSTAT |= FTFL_FSTAT_FPVIOL_MASK;
   \   0000001E   0x....             LDR.N    R0,??DataTable2  ;; 0x40020000
   \   00000020   0x7800             LDRB     R0,[R0, #+0]
   \   00000022   0xF050 0x0010      ORRS     R0,R0,#0x10
   \   00000026   0x....             LDR.N    R1,??DataTable2  ;; 0x40020000
   \   00000028   0x7008             STRB     R0,[R1, #+0]
   \   0000002A   0xE009             B.N      ??LPLD_Flash_Init_1
     46            }
     47            //检查读冲突错误
     48            else if (FTFL->FSTAT & FTFL_FSTAT_RDCOLERR_MASK)
   \                     ??LPLD_Flash_Init_2: (+1)
   \   0000002C   0x....             LDR.N    R0,??DataTable2  ;; 0x40020000
   \   0000002E   0x7800             LDRB     R0,[R0, #+0]
   \   00000030   0x0640             LSLS     R0,R0,#+25
   \   00000032   0xD505             BPL.N    ??LPLD_Flash_Init_1
     49            {
     50              FTFL->FSTAT |= FTFL_FSTAT_RDCOLERR_MASK;
   \   00000034   0x....             LDR.N    R0,??DataTable2  ;; 0x40020000
   \   00000036   0x7800             LDRB     R0,[R0, #+0]
   \   00000038   0xF050 0x0040      ORRS     R0,R0,#0x40
   \   0000003C   0x....             LDR.N    R1,??DataTable2  ;; 0x40020000
   \   0000003E   0x7008             STRB     R0,[R1, #+0]
     51            }
     52            
     53            //禁用Flash模块的数据缓存
     54            FMC->PFB0CR &= ~FMC_PFB0CR_B0DCE_MASK;
   \                     ??LPLD_Flash_Init_1: (+1)
   \   00000040   0x....             LDR.N    R0,??DataTable2_1  ;; 0x4001f004
   \   00000042   0x6800             LDR      R0,[R0, #+0]
   \   00000044   0xF030 0x0010      BICS     R0,R0,#0x10
   \   00000048   0x....             LDR.N    R1,??DataTable2_1  ;; 0x4001f004
   \   0000004A   0x6008             STR      R0,[R1, #+0]
     55            FMC->PFB1CR &= ~FMC_PFB1CR_B1DCE_MASK;
   \   0000004C   0x....             LDR.N    R0,??DataTable2_2  ;; 0x4001f008
   \   0000004E   0x6800             LDR      R0,[R0, #+0]
   \   00000050   0xF030 0x0010      BICS     R0,R0,#0x10
   \   00000054   0x....             LDR.N    R1,??DataTable2_2  ;; 0x4001f008
   \   00000056   0x6008             STR      R0,[R1, #+0]
     56          } 
   \   00000058   0x4770             BX       LR               ;; return
     57          
     58          
     59          /*
     60           * LPLD_Flash_SectorErase
     61           * 擦除Flash扇区
     62           * 
     63           * 参数:
     64           *    FlashPtr--扇区地址指针，即扇区号乘以2048
     65           *
     66           * 输出:
     67           *    错误代码
     68           */

   \                                 In section .text, align 2, keep-with-next
     69          uint8 LPLD_Flash_SectorErase(uint32 FlashPtr)
     70          {
   \                     LPLD_Flash_SectorErase: (+1)
   \   00000000   0x0001             MOVS     R1,R0
     71            uint8 Return = FLASH_OK;
   \   00000002   0x2000             MOVS     R0,#+0
     72            
     73            //等待CCIF置1
     74            while (!(FTFL->FSTAT & FTFL_FSTAT_CCIF_MASK)){};
   \                     ??LPLD_Flash_SectorErase_0: (+1)
   \   00000004   0x....             LDR.N    R2,??DataTable2  ;; 0x40020000
   \   00000006   0x7812             LDRB     R2,[R2, #+0]
   \   00000008   0x0612             LSLS     R2,R2,#+24
   \   0000000A   0xD5FB             BPL.N    ??LPLD_Flash_SectorErase_0
     75            //写入命令道FCCOB寄存器
     76            FTFL->FCCOB0 = FLASH_CMD_ERSSCR;
   \   0000000C   0x2209             MOVS     R2,#+9
   \   0000000E   0x....             LDR.N    R3,??DataTable2_3  ;; 0x40020007
   \   00000010   0x701A             STRB     R2,[R3, #+0]
     77            FTFL->FCCOB1 = (uint8) (FlashPtr >> 16);
   \   00000012   0x0C0A             LSRS     R2,R1,#+16
   \   00000014   0x....             LDR.N    R3,??DataTable2_4  ;; 0x40020006
   \   00000016   0x701A             STRB     R2,[R3, #+0]
     78            FTFL->FCCOB2 = (uint8)((FlashPtr >> 8 ) & 0xFF);
   \   00000018   0x0A0A             LSRS     R2,R1,#+8
   \   0000001A   0x....             LDR.N    R3,??DataTable2_5  ;; 0x40020005
   \   0000001C   0x701A             STRB     R2,[R3, #+0]
     79            FTFL->FCCOB3 = (uint8)( FlashPtr & 0xFF);
   \   0000001E   0x....             LDR.N    R2,??DataTable2_6  ;; 0x40020004
   \   00000020   0x7011             STRB     R1,[R2, #+0]
     80            
     81            //执行命令
     82            FTFL->FSTAT |= FTFL_FSTAT_CCIF_MASK;    
   \   00000022   0x....             LDR.N    R2,??DataTable2  ;; 0x40020000
   \   00000024   0x7812             LDRB     R2,[R2, #+0]
   \   00000026   0xF052 0x0280      ORRS     R2,R2,#0x80
   \   0000002A   0x....             LDR.N    R3,??DataTable2  ;; 0x40020000
   \   0000002C   0x701A             STRB     R2,[R3, #+0]
     83            //等待命令完成
     84            while (!(FTFL->FSTAT & FTFL_FSTAT_CCIF_MASK)) {};
   \                     ??LPLD_Flash_SectorErase_1: (+1)
   \   0000002E   0x....             LDR.N    R2,??DataTable2  ;; 0x40020000
   \   00000030   0x7812             LDRB     R2,[R2, #+0]
   \   00000032   0x0612             LSLS     R2,R2,#+24
   \   00000034   0xD5FB             BPL.N    ??LPLD_Flash_SectorErase_1
     85            
     86            //检查Flash访问错误
     87            if (FTFL->FSTAT & FTFL_FSTAT_ACCERR_MASK)
   \   00000036   0x....             LDR.N    R2,??DataTable2  ;; 0x40020000
   \   00000038   0x7812             LDRB     R2,[R2, #+0]
   \   0000003A   0x0692             LSLS     R2,R2,#+26
   \   0000003C   0xD508             BPL.N    ??LPLD_Flash_SectorErase_2
     88            {
     89              FTFL->FSTAT |= FTFL_FSTAT_ACCERR_MASK;       //清除错误标志
   \   0000003E   0x....             LDR.N    R2,??DataTable2  ;; 0x40020000
   \   00000040   0x7812             LDRB     R2,[R2, #+0]
   \   00000042   0xF052 0x0220      ORRS     R2,R2,#0x20
   \   00000046   0x....             LDR.N    R3,??DataTable2  ;; 0x40020000
   \   00000048   0x701A             STRB     R2,[R3, #+0]
     90              Return |= FLASH_FACCERR;                    //更新返回值
   \   0000004A   0xF050 0x0001      ORRS     R0,R0,#0x1
   \   0000004E   0xE01F             B.N      ??LPLD_Flash_SectorErase_3
     91            }
     92            //检查Flash保护标志
     93            else if (FTFL->FSTAT & FTFL_FSTAT_FPVIOL_MASK)
   \                     ??LPLD_Flash_SectorErase_2: (+1)
   \   00000050   0x....             LDR.N    R2,??DataTable2  ;; 0x40020000
   \   00000052   0x7812             LDRB     R2,[R2, #+0]
   \   00000054   0x06D2             LSLS     R2,R2,#+27
   \   00000056   0xD508             BPL.N    ??LPLD_Flash_SectorErase_4
     94            {
     95              FTFL->FSTAT |= FTFL_FSTAT_FPVIOL_MASK;
   \   00000058   0x....             LDR.N    R2,??DataTable2  ;; 0x40020000
   \   0000005A   0x7812             LDRB     R2,[R2, #+0]
   \   0000005C   0xF052 0x0210      ORRS     R2,R2,#0x10
   \   00000060   0x....             LDR.N    R3,??DataTable2  ;; 0x40020000
   \   00000062   0x701A             STRB     R2,[R3, #+0]
     96              Return |= FLASH_FPVIOL;
   \   00000064   0xF050 0x0002      ORRS     R0,R0,#0x2
   \   00000068   0xE012             B.N      ??LPLD_Flash_SectorErase_3
     97            }
     98            //检查Flash读冲突错误
     99            else if (FTFL->FSTAT & FTFL_FSTAT_RDCOLERR_MASK)
   \                     ??LPLD_Flash_SectorErase_4: (+1)
   \   0000006A   0x....             LDR.N    R2,??DataTable2  ;; 0x40020000
   \   0000006C   0x7812             LDRB     R2,[R2, #+0]
   \   0000006E   0x0652             LSLS     R2,R2,#+25
   \   00000070   0xD508             BPL.N    ??LPLD_Flash_SectorErase_5
    100            {
    101              FTFL->FSTAT |= FTFL_FSTAT_RDCOLERR_MASK;
   \   00000072   0x....             LDR.N    R2,??DataTable2  ;; 0x40020000
   \   00000074   0x7812             LDRB     R2,[R2, #+0]
   \   00000076   0xF052 0x0240      ORRS     R2,R2,#0x40
   \   0000007A   0x....             LDR.N    R3,??DataTable2  ;; 0x40020000
   \   0000007C   0x701A             STRB     R2,[R3, #+0]
    102              Return |= FLASH_RDCOLERR;
   \   0000007E   0xF050 0x0008      ORRS     R0,R0,#0x8
   \   00000082   0xE005             B.N      ??LPLD_Flash_SectorErase_3
    103            }
    104            //检查MGSTAT0非可纠正错误
    105            else if (FTFL->FSTAT & FTFL_FSTAT_MGSTAT0_MASK)
   \                     ??LPLD_Flash_SectorErase_5: (+1)
   \   00000084   0x....             LDR.N    R2,??DataTable2  ;; 0x40020000
   \   00000086   0x7812             LDRB     R2,[R2, #+0]
   \   00000088   0x07D2             LSLS     R2,R2,#+31
   \   0000008A   0xD501             BPL.N    ??LPLD_Flash_SectorErase_3
    106            {
    107              Return |= FLASH_MGSTAT0;
   \   0000008C   0xF050 0x0004      ORRS     R0,R0,#0x4
    108            } 
    109            
    110            return  Return;
   \                     ??LPLD_Flash_SectorErase_3: (+1)
   \   00000090   0xB2C0             UXTB     R0,R0            ;; ZeroExt  R0,R0,#+24,#+24
   \   00000092   0x4770             BX       LR               ;; return
    111          }
    112          
    113          /*
    114           * LPLD_Flash_ByteProgram
    115           * 编程Flash
    116           * 
    117           * 参数:
    118           *    FlashStartAdd--Flash编程起始地址
    119           *    *DataSrcPtr--数据源指针
    120           *    NumberOfBytes--数据字节长度
    121           *
    122           * 输出:
    123           *    错误代码
    124           */

   \                                 In section .text, align 2, keep-with-next
    125          uint8 LPLD_Flash_ByteProgram(uint32 FlashStartAdd, uint32 *DataSrcPtr, uint32 NumberOfBytes)
    126          {
   \                     LPLD_Flash_ByteProgram: (+1)
   \   00000000   0xB470             PUSH     {R4-R6}
   \   00000002   0x0003             MOVS     R3,R0
    127            uint8 Return = FLASH_OK;
   \   00000004   0x2400             MOVS     R4,#+0
    128            
    129            uint32 size_buffer;
    130            
    131            if (NumberOfBytes == 0)
   \   00000006   0x2A00             CMP      R2,#+0
   \   00000008   0xD101             BNE.N    ??LPLD_Flash_ByteProgram_0
    132            {
    133              return FLASH_CONTENTERR;
   \   0000000A   0x2011             MOVS     R0,#+17
   \   0000000C   0xE060             B.N      ??LPLD_Flash_ByteProgram_1
    134            }
    135            else
    136            {
    137              size_buffer = (NumberOfBytes - 1)/4 + 1;
   \                     ??LPLD_Flash_ByteProgram_0: (+1)
   \   0000000E   0x1E50             SUBS     R0,R2,#+1
   \   00000010   0x0880             LSRS     R0,R0,#+2
   \   00000012   0x1C40             ADDS     R0,R0,#+1
   \   00000014   0x0005             MOVS     R5,R0
    138            }
    139            //等待直到CCIF设置
    140            while (!(FTFL->FSTAT & FTFL_FSTAT_CCIF_MASK)){};
   \                     ??LPLD_Flash_ByteProgram_2: (+1)
   \   00000016   0x....             LDR.N    R0,??DataTable2  ;; 0x40020000
   \   00000018   0x7800             LDRB     R0,[R0, #+0]
   \   0000001A   0x0600             LSLS     R0,R0,#+24
   \   0000001C   0xD5FB             BPL.N    ??LPLD_Flash_ByteProgram_2
    141          
    142            while ((size_buffer) && (Return == FLASH_OK))
   \                     ??LPLD_Flash_ByteProgram_3: (+1)
   \   0000001E   0x2D00             CMP      R5,#+0
   \   00000020   0xD054             BEQ.N    ??LPLD_Flash_ByteProgram_4
   \   00000022   0xB2E4             UXTB     R4,R4            ;; ZeroExt  R4,R4,#+24,#+24
   \   00000024   0x2C00             CMP      R4,#+0
   \   00000026   0xD151             BNE.N    ??LPLD_Flash_ByteProgram_4
    143            {
    144              //写FLASH命令到FCCOB
    145              FTFL->FCCOB0 = FLASH_CMD_PGM4;
   \   00000028   0x2006             MOVS     R0,#+6
   \   0000002A   0x....             LDR.N    R6,??DataTable2_3  ;; 0x40020007
   \   0000002C   0x7030             STRB     R0,[R6, #+0]
    146              FTFL->FCCOB1 = (uint8)(FlashStartAdd >> 16);
   \   0000002E   0x0C18             LSRS     R0,R3,#+16
   \   00000030   0x....             LDR.N    R6,??DataTable2_4  ;; 0x40020006
   \   00000032   0x7030             STRB     R0,[R6, #+0]
    147              FTFL->FCCOB2 = (uint8)((FlashStartAdd >> 8) & 0xFF);
   \   00000034   0x0A18             LSRS     R0,R3,#+8
   \   00000036   0x....             LDR.N    R6,??DataTable2_5  ;; 0x40020005
   \   00000038   0x7030             STRB     R0,[R6, #+0]
    148              FTFL->FCCOB3 = (uint8)(FlashStartAdd & 0xFF);
   \   0000003A   0x....             LDR.N    R0,??DataTable2_6  ;; 0x40020004
   \   0000003C   0x7003             STRB     R3,[R0, #+0]
    149              //如果K60设置成为小端格式，进行如下操作
    150              FTFL->FCCOB4 = (uint8)(*((uint8*)DataSrcPtr+3));
   \   0000003E   0x78C8             LDRB     R0,[R1, #+3]
   \   00000040   0x....             LDR.N    R6,??DataTable2_7  ;; 0x4002000b
   \   00000042   0x7030             STRB     R0,[R6, #+0]
    151              FTFL->FCCOB5 = (uint8)(*((uint8*)DataSrcPtr+2));
   \   00000044   0x7888             LDRB     R0,[R1, #+2]
   \   00000046   0x....             LDR.N    R6,??DataTable2_8  ;; 0x4002000a
   \   00000048   0x7030             STRB     R0,[R6, #+0]
    152              FTFL->FCCOB6 = (uint8)(*((uint8*)DataSrcPtr+1));
   \   0000004A   0x7848             LDRB     R0,[R1, #+1]
   \   0000004C   0x....             LDR.N    R6,??DataTable2_9  ;; 0x40020009
   \   0000004E   0x7030             STRB     R0,[R6, #+0]
    153              FTFL->FCCOB7 = (uint8)(*((uint8*)DataSrcPtr+0));
   \   00000050   0x7808             LDRB     R0,[R1, #+0]
   \   00000052   0x....             LDR.N    R6,??DataTable2_10  ;; 0x40020008
   \   00000054   0x7030             STRB     R0,[R6, #+0]
    154              //如果K60设置成为大端格式，进行如下操作
    155              //FTFL_FCCOB4 = (uint8)(*((uint_8*)DataSrcPtr+0));
    156              //FTFL_FCCOB5 = (uint8)(*((uint_8*)DataSrcPtr+1));
    157              //FTFL_FCCOB6 = (uint8)(*((uint_8*)DataSrcPtr+2));
    158              //FTFL_FCCOB7 = (uint8)(*((uint_8*)DataSrcPtr+3));
    159              //设置FLASH加载命令
    160              FTFL->FSTAT |= FTFL_FSTAT_CCIF_MASK;    
   \   00000056   0x....             LDR.N    R0,??DataTable2  ;; 0x40020000
   \   00000058   0x7800             LDRB     R0,[R0, #+0]
   \   0000005A   0xF050 0x0080      ORRS     R0,R0,#0x80
   \   0000005E   0x....             LDR.N    R6,??DataTable2  ;; 0x40020000
   \   00000060   0x7030             STRB     R0,[R6, #+0]
    161              //等待命令完成
    162              while (!(FTFL->FSTAT & FTFL_FSTAT_CCIF_MASK)) {};
   \                     ??LPLD_Flash_ByteProgram_5: (+1)
   \   00000062   0x....             LDR.N    R0,??DataTable2  ;; 0x40020000
   \   00000064   0x7800             LDRB     R0,[R0, #+0]
   \   00000066   0x0600             LSLS     R0,R0,#+24
   \   00000068   0xD5FB             BPL.N    ??LPLD_Flash_ByteProgram_5
    163              
    164              //检测FLASH访问错误
    165              if (FTFL->FSTAT & FTFL_FSTAT_ACCERR_MASK)
   \   0000006A   0x....             LDR.N    R0,??DataTable2  ;; 0x40020000
   \   0000006C   0x7800             LDRB     R0,[R0, #+0]
   \   0000006E   0x0680             LSLS     R0,R0,#+26
   \   00000070   0xD508             BPL.N    ??LPLD_Flash_ByteProgram_6
    166              {
    167                  
    168                  FTFL->FSTAT |= FTFL_FSTAT_ACCERR_MASK;
   \   00000072   0x....             LDR.N    R0,??DataTable2  ;; 0x40020000
   \   00000074   0x7800             LDRB     R0,[R0, #+0]
   \   00000076   0xF050 0x0020      ORRS     R0,R0,#0x20
   \   0000007A   0x....             LDR.N    R6,??DataTable2  ;; 0x40020000
   \   0000007C   0x7030             STRB     R0,[R6, #+0]
    169              
    170                  Return |= FLASH_FACCERR;
   \   0000007E   0xF054 0x0401      ORRS     R4,R4,#0x1
   \   00000082   0xE01F             B.N      ??LPLD_Flash_ByteProgram_7
    171              }
    172              //检测FLASH保护错误
    173              else if (FTFL->FSTAT & FTFL_FSTAT_FPVIOL_MASK)
   \                     ??LPLD_Flash_ByteProgram_6: (+1)
   \   00000084   0x....             LDR.N    R0,??DataTable2  ;; 0x40020000
   \   00000086   0x7800             LDRB     R0,[R0, #+0]
   \   00000088   0x06C0             LSLS     R0,R0,#+27
   \   0000008A   0xD508             BPL.N    ??LPLD_Flash_ByteProgram_8
    174              {
    175                  FTFL->FSTAT |= FTFL_FSTAT_FPVIOL_MASK;
   \   0000008C   0x....             LDR.N    R0,??DataTable2  ;; 0x40020000
   \   0000008E   0x7800             LDRB     R0,[R0, #+0]
   \   00000090   0xF050 0x0010      ORRS     R0,R0,#0x10
   \   00000094   0x....             LDR.N    R6,??DataTable2  ;; 0x40020000
   \   00000096   0x7030             STRB     R0,[R6, #+0]
    176              
    177                  Return |= FLASH_FPVIOL;
   \   00000098   0xF054 0x0402      ORRS     R4,R4,#0x2
   \   0000009C   0xE012             B.N      ??LPLD_Flash_ByteProgram_7
    178              }
    179              
    180              else if (FTFL->FSTAT & FTFL_FSTAT_RDCOLERR_MASK)
   \                     ??LPLD_Flash_ByteProgram_8: (+1)
   \   0000009E   0x....             LDR.N    R0,??DataTable2  ;; 0x40020000
   \   000000A0   0x7800             LDRB     R0,[R0, #+0]
   \   000000A2   0x0640             LSLS     R0,R0,#+25
   \   000000A4   0xD508             BPL.N    ??LPLD_Flash_ByteProgram_9
    181              {
    182                  FTFL->FSTAT |= FTFL_FSTAT_RDCOLERR_MASK;
   \   000000A6   0x....             LDR.N    R0,??DataTable2  ;; 0x40020000
   \   000000A8   0x7800             LDRB     R0,[R0, #+0]
   \   000000AA   0xF050 0x0040      ORRS     R0,R0,#0x40
   \   000000AE   0x....             LDR.N    R6,??DataTable2  ;; 0x40020000
   \   000000B0   0x7030             STRB     R0,[R6, #+0]
    183              
    184                  Return |= FLASH_RDCOLERR;
   \   000000B2   0xF054 0x0408      ORRS     R4,R4,#0x8
   \   000000B6   0xE005             B.N      ??LPLD_Flash_ByteProgram_7
    185              }
    186              else if (FTFL->FSTAT & FTFL_FSTAT_MGSTAT0_MASK)
   \                     ??LPLD_Flash_ByteProgram_9: (+1)
   \   000000B8   0x....             LDR.N    R0,??DataTable2  ;; 0x40020000
   \   000000BA   0x7800             LDRB     R0,[R0, #+0]
   \   000000BC   0x07C0             LSLS     R0,R0,#+31
   \   000000BE   0xD501             BPL.N    ??LPLD_Flash_ByteProgram_7
    187              {
    188                  Return |= FLASH_MGSTAT0;
   \   000000C0   0xF054 0x0404      ORRS     R4,R4,#0x4
    189              } 
    190              size_buffer --;
   \                     ??LPLD_Flash_ByteProgram_7: (+1)
   \   000000C4   0x1E6D             SUBS     R5,R5,#+1
    191              (uint32*)DataSrcPtr++;
   \   000000C6   0x1D09             ADDS     R1,R1,#+4
    192              FlashStartAdd +=4;
   \   000000C8   0x1D1B             ADDS     R3,R3,#+4
   \   000000CA   0xE7A8             B.N      ??LPLD_Flash_ByteProgram_3
    193            } 
    194            return  Return;
   \                     ??LPLD_Flash_ByteProgram_4: (+1)
   \   000000CC   0x0020             MOVS     R0,R4
   \   000000CE   0xB2C0             UXTB     R0,R0            ;; ZeroExt  R0,R0,#+24,#+24
   \                     ??LPLD_Flash_ByteProgram_1: (+1)
   \   000000D0   0xBC70             POP      {R4-R6}
   \   000000D2   0x4770             BX       LR               ;; return
    195          } 

   \                                 In section .text, align 4, keep-with-next
   \                     ??DataTable2:
   \   00000000   0x40020000         DC32     0x40020000

   \                                 In section .text, align 4, keep-with-next
   \                     ??DataTable2_1:
   \   00000000   0x4001F004         DC32     0x4001f004

   \                                 In section .text, align 4, keep-with-next
   \                     ??DataTable2_2:
   \   00000000   0x4001F008         DC32     0x4001f008

   \                                 In section .text, align 4, keep-with-next
   \                     ??DataTable2_3:
   \   00000000   0x40020007         DC32     0x40020007

   \                                 In section .text, align 4, keep-with-next
   \                     ??DataTable2_4:
   \   00000000   0x40020006         DC32     0x40020006

   \                                 In section .text, align 4, keep-with-next
   \                     ??DataTable2_5:
   \   00000000   0x40020005         DC32     0x40020005

   \                                 In section .text, align 4, keep-with-next
   \                     ??DataTable2_6:
   \   00000000   0x40020004         DC32     0x40020004

   \                                 In section .text, align 4, keep-with-next
   \                     ??DataTable2_7:
   \   00000000   0x4002000B         DC32     0x4002000b

   \                                 In section .text, align 4, keep-with-next
   \                     ??DataTable2_8:
   \   00000000   0x4002000A         DC32     0x4002000a

   \                                 In section .text, align 4, keep-with-next
   \                     ??DataTable2_9:
   \   00000000   0x40020009         DC32     0x40020009

   \                                 In section .text, align 4, keep-with-next
   \                     ??DataTable2_10:
   \   00000000   0x40020008         DC32     0x40020008

   Maximum stack usage in bytes:

   .cstack Function
   ------- --------
      12   LPLD_Flash_ByteProgram
       0   LPLD_Flash_Init
       0   LPLD_Flash_SectorErase


   Section sizes:

   Bytes  Function/Label
   -----  --------------
       4  ??DataTable2
       4  ??DataTable2_1
       4  ??DataTable2_10
       4  ??DataTable2_2
       4  ??DataTable2_3
       4  ??DataTable2_4
       4  ??DataTable2_5
       4  ??DataTable2_6
       4  ??DataTable2_7
       4  ??DataTable2_8
       4  ??DataTable2_9
     212  LPLD_Flash_ByteProgram
      90  LPLD_Flash_Init
     148  LPLD_Flash_SectorErase

 
 494 bytes in section .text
 
 494 bytes of CODE memory

Errors: none
Warnings: none
