###############################################################################
#
# IAR ANSI C/C++ Compiler V7.20.2.7424/W32 for ARM        14/Aug/2016  11:03:50
# Copyright 1999-2014 IAR Systems AB.
#
#    Cpu mode     =  thumb
#    Endian       =  little
#    Source file  =  
#        C:\百度云同步盘\比赛代码\LPLD_OSKinetis_V3\project\NXP_powerctl\app\main.c
#    Command line =  
#        C:\百度云同步盘\比赛代码\LPLD_OSKinetis_V3\project\NXP_powerctl\app\main.c
#        -D LPLD_K60 -lCN
#        C:\百度云同步盘\比赛代码\LPLD_OSKinetis_V3\project\NXP_powerctl\iar\FLASH\List\
#        -lB
#        C:\百度云同步盘\比赛代码\LPLD_OSKinetis_V3\project\NXP_powerctl\iar\FLASH\List\
#        -o
#        C:\百度云同步盘\比赛代码\LPLD_OSKinetis_V3\project\NXP_powerctl\iar\FLASH\Obj\
#        --no_cse --no_unroll --no_inline --no_code_motion --no_tbaa
#        --no_clustering --no_scheduling --debug --endian=little
#        --cpu=Cortex-M4 -e --fpu=None --dlib_config "C:\Program Files
#        (x86)\IAR Systems\Embedded Workbench
#        7.0\arm\INC\c\DLib_Config_Normal.h" -I
#        C:\百度云同步盘\比赛代码\LPLD_OSKinetis_V3\project\NXP_powerctl\iar\..\app\
#        -I
#        C:\百度云同步盘\比赛代码\LPLD_OSKinetis_V3\project\NXP_powerctl\iar\..\app\BSP\
#        -I
#        C:\百度云同步盘\比赛代码\LPLD_OSKinetis_V3\project\NXP_powerctl\iar\..\app\ITAC\
#        -I
#        C:\百度云同步盘\比赛代码\LPLD_OSKinetis_V3\project\NXP_powerctl\iar\..\app\CTL\
#        -I
#        C:\百度云同步盘\比赛代码\LPLD_OSKinetis_V3\project\NXP_powerctl\iar\..\..\..\lib\CPU\
#        -I
#        C:\百度云同步盘\比赛代码\LPLD_OSKinetis_V3\project\NXP_powerctl\iar\..\..\..\lib\common\
#        -I
#        C:\百度云同步盘\比赛代码\LPLD_OSKinetis_V3\project\NXP_powerctl\iar\..\..\..\lib\LPLD\
#        -I
#        C:\百度云同步盘\比赛代码\LPLD_OSKinetis_V3\project\NXP_powerctl\iar\..\..\..\lib\LPLD\HW\
#        -I
#        C:\百度云同步盘\比赛代码\LPLD_OSKinetis_V3\project\NXP_powerctl\iar\..\..\..\lib\LPLD\DEV\
#        -I
#        C:\百度云同步盘\比赛代码\LPLD_OSKinetis_V3\project\NXP_powerctl\iar\..\..\..\lib\uCOS-II\Ports\
#        -I
#        C:\百度云同步盘\比赛代码\LPLD_OSKinetis_V3\project\NXP_powerctl\iar\..\..\..\lib\uCOS-II\Source\
#        -I
#        C:\百度云同步盘\比赛代码\LPLD_OSKinetis_V3\project\NXP_powerctl\iar\..\..\..\lib\FatFs\
#        -I
#        C:\百度云同步盘\比赛代码\LPLD_OSKinetis_V3\project\NXP_powerctl\iar\..\..\..\lib\FatFs\option\
#        -I
#        C:\百度云同步盘\比赛代码\LPLD_OSKinetis_V3\project\NXP_powerctl\iar\..\..\..\lib\USB\common\
#        -I
#        C:\百度云同步盘\比赛代码\LPLD_OSKinetis_V3\project\NXP_powerctl\iar\..\..\..\lib\USB\driver\
#        -I
#        C:\百度云同步盘\比赛代码\LPLD_OSKinetis_V3\project\NXP_powerctl\iar\..\..\..\lib\USB\descriptor\
#        -I
#        C:\百度云同步盘\比赛代码\LPLD_OSKinetis_V3\project\NXP_powerctl\iar\..\..\..\lib\USB\class\
#        -On -I "C:\Program Files (x86)\IAR Systems\Embedded Workbench
#        7.0\arm\CMSIS\Include\" -D ARM_MATH_CM4
#    List file    =  
#        C:\百度云同步盘\比赛代码\LPLD_OSKinetis_V3\project\NXP_powerctl\iar\FLASH\List\main.lst
#    Object file  =  
#        C:\百度云同步盘\比赛代码\LPLD_OSKinetis_V3\project\NXP_powerctl\iar\FLASH\Obj\main.o
#
###############################################################################

C:\百度云同步盘\比赛代码\LPLD_OSKinetis_V3\project\NXP_powerctl\app\main.c
      1          //主函数部分
      2          //DDK 
      3          
      4          #include "include.h"
      5          

   \                                 In section .bss, align 1
      6          uint8 send_cnt = 0;
   \                     send_cnt:
   \   00000000                      DS8 1

   \                                 In section .bss, align 2
      7          uint16 timer_cnt = 0;
   \                     timer_cnt:
   \   00000000                      DS8 2

   \                                 In section .bss, align 2
      8          vuint16 temp = 0; 
   \                     temp:
   \   00000000                      DS8 2
      9          

   \                                 In section .text, align 4, keep-with-next
     10          void main (void)
     11          {
   \                     main: (+1)
   \   00000000   0xB580             PUSH     {R7,LR}
     12            sysinit();
   \   00000002   0x.... 0x....      BL       sysinit
     13            
     14            get_offset();
   \   00000006   0x.... 0x....      BL       get_offset
     15            
     16            bz_set(ready);    
   \   0000000A   0x2000             MOVS     R0,#+0
   \   0000000C   0x.... 0x....      BL       bz_set
     17            while(1)
     18            {
     19              bzled_work();
   \                     ??main_0: (+1)
   \   00000010   0x.... 0x....      BL       bzled_work
     20              
     21              //30ms发送一次示波器数据
     22              if ( send_cnt >= 10 )
   \   00000014   0x4804             LDR.N    R0,??main_1
   \   00000016   0x7800             LDRB     R0,[R0, #+0]
   \   00000018   0x280A             CMP      R0,#+10
   \   0000001A   0xDBF9             BLT.N    ??main_0
     23              {
     24                sendDataToScope();
   \   0000001C   0x.... 0x....      BL       sendDataToScope
     25                send_cnt = 0;
   \   00000020   0x2000             MOVS     R0,#+0
   \   00000022   0x4901             LDR.N    R1,??main_1
   \   00000024   0x7008             STRB     R0,[R1, #+0]
   \   00000026   0xE7F3             B.N      ??main_0
   \                     ??main_1:
   \   00000028   0x........         DC32     send_cnt
     26              }
     27              
     28            } 
     29          }
     30          

   Maximum stack usage in bytes:

   .cstack Function
   ------- --------
       8   main
         8   -> bz_set
         8   -> bzled_work
         8   -> get_offset
         8   -> sendDataToScope
         8   -> sysinit


   Section sizes:

   Bytes  Function/Label
   -----  --------------
      44  main
       1  send_cnt
       2  temp
       2  timer_cnt

 
  5 bytes in section .bss
 44 bytes in section .text
 
 44 bytes of CODE memory
  5 bytes of DATA memory

Errors: none
Warnings: none
