###############################################################################
#
# IAR ANSI C/C++ Compiler V7.20.2.7424/W32 for ARM        14/Aug/2016  11:03:51
# Copyright 1999-2014 IAR Systems AB.
#
#    Cpu mode     =  thumb
#    Endian       =  little
#    Source file  =  
#        C:\百度云同步盘\比赛代码\LPLD_OSKinetis_V3\project\NXP_powerctl\app\BSP\nvic.c
#    Command line =  
#        C:\百度云同步盘\比赛代码\LPLD_OSKinetis_V3\project\NXP_powerctl\app\BSP\nvic.c
#        -D LPLD_K60 -lCN
#        C:\百度云同步盘\比赛代码\LPLD_OSKinetis_V3\project\NXP_powerctl\iar\FLASH\List\
#        -lB
#        C:\百度云同步盘\比赛代码\LPLD_OSKinetis_V3\project\NXP_powerctl\iar\FLASH\List\
#        -o
#        C:\百度云同步盘\比赛代码\LPLD_OSKinetis_V3\project\NXP_powerctl\iar\FLASH\Obj\
#        --no_cse --no_unroll --no_inline --no_code_motion --no_tbaa
#        --no_clustering --no_scheduling --debug --endian=little
#        --cpu=Cortex-M4 -e --fpu=None --dlib_config "C:\Program Files
#        (x86)\IAR Systems\Embedded Workbench
#        7.0\arm\INC\c\DLib_Config_Normal.h" -I
#        C:\百度云同步盘\比赛代码\LPLD_OSKinetis_V3\project\NXP_powerctl\iar\..\app\
#        -I
#        C:\百度云同步盘\比赛代码\LPLD_OSKinetis_V3\project\NXP_powerctl\iar\..\app\BSP\
#        -I
#        C:\百度云同步盘\比赛代码\LPLD_OSKinetis_V3\project\NXP_powerctl\iar\..\app\ITAC\
#        -I
#        C:\百度云同步盘\比赛代码\LPLD_OSKinetis_V3\project\NXP_powerctl\iar\..\app\CTL\
#        -I
#        C:\百度云同步盘\比赛代码\LPLD_OSKinetis_V3\project\NXP_powerctl\iar\..\..\..\lib\CPU\
#        -I
#        C:\百度云同步盘\比赛代码\LPLD_OSKinetis_V3\project\NXP_powerctl\iar\..\..\..\lib\common\
#        -I
#        C:\百度云同步盘\比赛代码\LPLD_OSKinetis_V3\project\NXP_powerctl\iar\..\..\..\lib\LPLD\
#        -I
#        C:\百度云同步盘\比赛代码\LPLD_OSKinetis_V3\project\NXP_powerctl\iar\..\..\..\lib\LPLD\HW\
#        -I
#        C:\百度云同步盘\比赛代码\LPLD_OSKinetis_V3\project\NXP_powerctl\iar\..\..\..\lib\LPLD\DEV\
#        -I
#        C:\百度云同步盘\比赛代码\LPLD_OSKinetis_V3\project\NXP_powerctl\iar\..\..\..\lib\uCOS-II\Ports\
#        -I
#        C:\百度云同步盘\比赛代码\LPLD_OSKinetis_V3\project\NXP_powerctl\iar\..\..\..\lib\uCOS-II\Source\
#        -I
#        C:\百度云同步盘\比赛代码\LPLD_OSKinetis_V3\project\NXP_powerctl\iar\..\..\..\lib\FatFs\
#        -I
#        C:\百度云同步盘\比赛代码\LPLD_OSKinetis_V3\project\NXP_powerctl\iar\..\..\..\lib\FatFs\option\
#        -I
#        C:\百度云同步盘\比赛代码\LPLD_OSKinetis_V3\project\NXP_powerctl\iar\..\..\..\lib\USB\common\
#        -I
#        C:\百度云同步盘\比赛代码\LPLD_OSKinetis_V3\project\NXP_powerctl\iar\..\..\..\lib\USB\driver\
#        -I
#        C:\百度云同步盘\比赛代码\LPLD_OSKinetis_V3\project\NXP_powerctl\iar\..\..\..\lib\USB\descriptor\
#        -I
#        C:\百度云同步盘\比赛代码\LPLD_OSKinetis_V3\project\NXP_powerctl\iar\..\..\..\lib\USB\class\
#        -On -I "C:\Program Files (x86)\IAR Systems\Embedded Workbench
#        7.0\arm\CMSIS\Include\" -D ARM_MATH_CM4
#    List file    =  
#        C:\百度云同步盘\比赛代码\LPLD_OSKinetis_V3\project\NXP_powerctl\iar\FLASH\List\nvic.lst
#    Object file  =  
#        C:\百度云同步盘\比赛代码\LPLD_OSKinetis_V3\project\NXP_powerctl\iar\FLASH\Obj\nvic.o
#
###############################################################################

C:\百度云同步盘\比赛代码\LPLD_OSKinetis_V3\project\NXP_powerctl\app\BSP\nvic.c
      1          #include "include.h"
      2          

   \                                 In section .bss, align 4
      3          NVIC_InitTypeDef nvic_init_struct;
   \                     nvic_init_struct:
   \   00000000                      DS8 20
      4          

   \                                 In section .text, align 4, keep-with-next
      5          void NVIC_init()
      6          { 
   \                     NVIC_init: (+1)
   \   00000000   0xB580             PUSH     {R7,LR}
      7            //上位机的接收中断应该最高
      8            
      9            nvic_init_struct.NVIC_IRQChannel = PORTD_IRQn; //1ms调度，内部只有计数
   \   00000002   0x205A             MOVS     R0,#+90
   \   00000004   0x492F             LDR.N    R1,??NVIC_init_0
   \   00000006   0x7008             STRB     R0,[R1, #+0]
     10            nvic_init_struct.NVIC_IRQChannelGroupPriority = NVIC_PriorityGroup_3;
   \   00000008   0x2004             MOVS     R0,#+4
   \   0000000A   0x492E             LDR.N    R1,??NVIC_init_0
   \   0000000C   0x6048             STR      R0,[R1, #+4]
     11            nvic_init_struct.NVIC_IRQChannelPreemptionPriority = 0;
   \   0000000E   0x2000             MOVS     R0,#+0
   \   00000010   0x492C             LDR.N    R1,??NVIC_init_0
   \   00000012   0x6088             STR      R0,[R1, #+8]
     12            nvic_init_struct.NVIC_IRQChannelSubPriority = 0;  
   \   00000014   0x2000             MOVS     R0,#+0
   \   00000016   0x492B             LDR.N    R1,??NVIC_init_0
   \   00000018   0x60C8             STR      R0,[R1, #+12]
     13            nvic_init_struct.NVIC_IRQChannelEnable = TRUE;
   \   0000001A   0x2001             MOVS     R0,#+1
   \   0000001C   0x4929             LDR.N    R1,??NVIC_init_0
   \   0000001E   0x7408             STRB     R0,[R1, #+16]
     14            LPLD_NVIC_Init(nvic_init_struct);
   \   00000020   0x4928             LDR.N    R1,??NVIC_init_0
   \   00000022   0xB084             SUB      SP,SP,#+16
   \   00000024   0x4668             MOV      R0,SP
   \   00000026   0x2214             MOVS     R2,#+20
   \   00000028   0x.... 0x....      BL       __aeabi_memcpy4
   \   0000002C   0xBC0F             POP      {R0-R3}
   \   0000002E   0x.... 0x....      BL       LPLD_NVIC_Init
     15            
     16            nvic_init_struct.NVIC_IRQChannel = PORTE_IRQn; //1ms调度，内部只有计数
   \   00000032   0x205B             MOVS     R0,#+91
   \   00000034   0x4923             LDR.N    R1,??NVIC_init_0
   \   00000036   0x7008             STRB     R0,[R1, #+0]
     17            nvic_init_struct.NVIC_IRQChannelGroupPriority = NVIC_PriorityGroup_3;
   \   00000038   0x2004             MOVS     R0,#+4
   \   0000003A   0x4922             LDR.N    R1,??NVIC_init_0
   \   0000003C   0x6048             STR      R0,[R1, #+4]
     18            nvic_init_struct.NVIC_IRQChannelPreemptionPriority = 1;
   \   0000003E   0x2001             MOVS     R0,#+1
   \   00000040   0x4920             LDR.N    R1,??NVIC_init_0
   \   00000042   0x6088             STR      R0,[R1, #+8]
     19            nvic_init_struct.NVIC_IRQChannelSubPriority = 0;  
   \   00000044   0x2000             MOVS     R0,#+0
   \   00000046   0x491F             LDR.N    R1,??NVIC_init_0
   \   00000048   0x60C8             STR      R0,[R1, #+12]
     20            nvic_init_struct.NVIC_IRQChannelEnable = TRUE;
   \   0000004A   0x2001             MOVS     R0,#+1
   \   0000004C   0x491D             LDR.N    R1,??NVIC_init_0
   \   0000004E   0x7408             STRB     R0,[R1, #+16]
     21            LPLD_NVIC_Init(nvic_init_struct);
   \   00000050   0x491C             LDR.N    R1,??NVIC_init_0
   \   00000052   0xB084             SUB      SP,SP,#+16
   \   00000054   0x4668             MOV      R0,SP
   \   00000056   0x2214             MOVS     R2,#+20
   \   00000058   0x.... 0x....      BL       __aeabi_memcpy4
   \   0000005C   0xBC0F             POP      {R0-R3}
   \   0000005E   0x.... 0x....      BL       LPLD_NVIC_Init
     22            
     23            nvic_init_struct.NVIC_IRQChannel = UART5_RX_TX_IRQn;
   \   00000062   0x2037             MOVS     R0,#+55
   \   00000064   0x4917             LDR.N    R1,??NVIC_init_0
   \   00000066   0x7008             STRB     R0,[R1, #+0]
     24            nvic_init_struct.NVIC_IRQChannelGroupPriority = NVIC_PriorityGroup_3;
   \   00000068   0x2004             MOVS     R0,#+4
   \   0000006A   0x4916             LDR.N    R1,??NVIC_init_0
   \   0000006C   0x6048             STR      R0,[R1, #+4]
     25            nvic_init_struct.NVIC_IRQChannelPreemptionPriority = 2;
   \   0000006E   0x2002             MOVS     R0,#+2
   \   00000070   0x4914             LDR.N    R1,??NVIC_init_0
   \   00000072   0x6088             STR      R0,[R1, #+8]
     26            nvic_init_struct.NVIC_IRQChannelSubPriority = 0;  
   \   00000074   0x2000             MOVS     R0,#+0
   \   00000076   0x4913             LDR.N    R1,??NVIC_init_0
   \   00000078   0x60C8             STR      R0,[R1, #+12]
     27            nvic_init_struct.NVIC_IRQChannelEnable = TRUE;
   \   0000007A   0x2001             MOVS     R0,#+1
   \   0000007C   0x4911             LDR.N    R1,??NVIC_init_0
   \   0000007E   0x7408             STRB     R0,[R1, #+16]
     28            LPLD_NVIC_Init(nvic_init_struct);
   \   00000080   0x4910             LDR.N    R1,??NVIC_init_0
   \   00000082   0xB084             SUB      SP,SP,#+16
   \   00000084   0x4668             MOV      R0,SP
   \   00000086   0x2214             MOVS     R2,#+20
   \   00000088   0x.... 0x....      BL       __aeabi_memcpy4
   \   0000008C   0xBC0F             POP      {R0-R3}
   \   0000008E   0x.... 0x....      BL       LPLD_NVIC_Init
     29            
     30            nvic_init_struct.NVIC_IRQChannel = PIT0_IRQn; //1ms调度，内部只有计数
   \   00000092   0x2044             MOVS     R0,#+68
   \   00000094   0x490B             LDR.N    R1,??NVIC_init_0
   \   00000096   0x7008             STRB     R0,[R1, #+0]
     31            nvic_init_struct.NVIC_IRQChannelGroupPriority = NVIC_PriorityGroup_3;
   \   00000098   0x2004             MOVS     R0,#+4
   \   0000009A   0x490A             LDR.N    R1,??NVIC_init_0
   \   0000009C   0x6048             STR      R0,[R1, #+4]
     32            nvic_init_struct.NVIC_IRQChannelPreemptionPriority = 3;
   \   0000009E   0x2003             MOVS     R0,#+3
   \   000000A0   0x4908             LDR.N    R1,??NVIC_init_0
   \   000000A2   0x6088             STR      R0,[R1, #+8]
     33            nvic_init_struct.NVIC_IRQChannelSubPriority = 0;  
   \   000000A4   0x2000             MOVS     R0,#+0
   \   000000A6   0x4907             LDR.N    R1,??NVIC_init_0
   \   000000A8   0x60C8             STR      R0,[R1, #+12]
     34            nvic_init_struct.NVIC_IRQChannelEnable = TRUE;
   \   000000AA   0x2001             MOVS     R0,#+1
   \   000000AC   0x4905             LDR.N    R1,??NVIC_init_0
   \   000000AE   0x7408             STRB     R0,[R1, #+16]
     35            LPLD_NVIC_Init(nvic_init_struct);
   \   000000B0   0x4904             LDR.N    R1,??NVIC_init_0
   \   000000B2   0xB084             SUB      SP,SP,#+16
   \   000000B4   0x4668             MOV      R0,SP
   \   000000B6   0x2214             MOVS     R2,#+20
   \   000000B8   0x.... 0x....      BL       __aeabi_memcpy4
   \   000000BC   0xBC0F             POP      {R0-R3}
   \   000000BE   0x.... 0x....      BL       LPLD_NVIC_Init
     36            
     37            
     38          }
   \   000000C2   0xBD01             POP      {R0,PC}          ;; return
   \                     ??NVIC_init_0:
   \   000000C4   0x........         DC32     nvic_init_struct

   Maximum stack usage in bytes:

   .cstack Function
   ------- --------
      24   NVIC_init
         8   -> LPLD_NVIC_Init
        24   -> __aeabi_memcpy4


   Section sizes:

   Bytes  Function/Label
   -----  --------------
     200  NVIC_init
      20  nvic_init_struct

 
  20 bytes in section .bss
 200 bytes in section .text
 
 200 bytes of CODE memory
  20 bytes of DATA memory

Errors: none
Warnings: none
