###############################################################################
#
# IAR ANSI C/C++ Compiler V7.20.2.7424/W32 for ARM        14/Aug/2016  11:03:52
# Copyright 1999-2014 IAR Systems AB.
#
#    Cpu mode     =  thumb
#    Endian       =  little
#    Source file  =  
#        C:\百度云同步盘\比赛代码\LPLD_OSKinetis_V3\project\NXP_powerctl\app\BSP\PIT.c
#    Command line =  
#        C:\百度云同步盘\比赛代码\LPLD_OSKinetis_V3\project\NXP_powerctl\app\BSP\PIT.c
#        -D LPLD_K60 -lCN
#        C:\百度云同步盘\比赛代码\LPLD_OSKinetis_V3\project\NXP_powerctl\iar\FLASH\List\
#        -lB
#        C:\百度云同步盘\比赛代码\LPLD_OSKinetis_V3\project\NXP_powerctl\iar\FLASH\List\
#        -o
#        C:\百度云同步盘\比赛代码\LPLD_OSKinetis_V3\project\NXP_powerctl\iar\FLASH\Obj\
#        --no_cse --no_unroll --no_inline --no_code_motion --no_tbaa
#        --no_clustering --no_scheduling --debug --endian=little
#        --cpu=Cortex-M4 -e --fpu=None --dlib_config "C:\Program Files
#        (x86)\IAR Systems\Embedded Workbench
#        7.0\arm\INC\c\DLib_Config_Normal.h" -I
#        C:\百度云同步盘\比赛代码\LPLD_OSKinetis_V3\project\NXP_powerctl\iar\..\app\
#        -I
#        C:\百度云同步盘\比赛代码\LPLD_OSKinetis_V3\project\NXP_powerctl\iar\..\app\BSP\
#        -I
#        C:\百度云同步盘\比赛代码\LPLD_OSKinetis_V3\project\NXP_powerctl\iar\..\app\ITAC\
#        -I
#        C:\百度云同步盘\比赛代码\LPLD_OSKinetis_V3\project\NXP_powerctl\iar\..\app\CTL\
#        -I
#        C:\百度云同步盘\比赛代码\LPLD_OSKinetis_V3\project\NXP_powerctl\iar\..\..\..\lib\CPU\
#        -I
#        C:\百度云同步盘\比赛代码\LPLD_OSKinetis_V3\project\NXP_powerctl\iar\..\..\..\lib\common\
#        -I
#        C:\百度云同步盘\比赛代码\LPLD_OSKinetis_V3\project\NXP_powerctl\iar\..\..\..\lib\LPLD\
#        -I
#        C:\百度云同步盘\比赛代码\LPLD_OSKinetis_V3\project\NXP_powerctl\iar\..\..\..\lib\LPLD\HW\
#        -I
#        C:\百度云同步盘\比赛代码\LPLD_OSKinetis_V3\project\NXP_powerctl\iar\..\..\..\lib\LPLD\DEV\
#        -I
#        C:\百度云同步盘\比赛代码\LPLD_OSKinetis_V3\project\NXP_powerctl\iar\..\..\..\lib\uCOS-II\Ports\
#        -I
#        C:\百度云同步盘\比赛代码\LPLD_OSKinetis_V3\project\NXP_powerctl\iar\..\..\..\lib\uCOS-II\Source\
#        -I
#        C:\百度云同步盘\比赛代码\LPLD_OSKinetis_V3\project\NXP_powerctl\iar\..\..\..\lib\FatFs\
#        -I
#        C:\百度云同步盘\比赛代码\LPLD_OSKinetis_V3\project\NXP_powerctl\iar\..\..\..\lib\FatFs\option\
#        -I
#        C:\百度云同步盘\比赛代码\LPLD_OSKinetis_V3\project\NXP_powerctl\iar\..\..\..\lib\USB\common\
#        -I
#        C:\百度云同步盘\比赛代码\LPLD_OSKinetis_V3\project\NXP_powerctl\iar\..\..\..\lib\USB\driver\
#        -I
#        C:\百度云同步盘\比赛代码\LPLD_OSKinetis_V3\project\NXP_powerctl\iar\..\..\..\lib\USB\descriptor\
#        -I
#        C:\百度云同步盘\比赛代码\LPLD_OSKinetis_V3\project\NXP_powerctl\iar\..\..\..\lib\USB\class\
#        -On -I "C:\Program Files (x86)\IAR Systems\Embedded Workbench
#        7.0\arm\CMSIS\Include\" -D ARM_MATH_CM4
#    List file    =  
#        C:\百度云同步盘\比赛代码\LPLD_OSKinetis_V3\project\NXP_powerctl\iar\FLASH\List\PIT.lst
#    Object file  =  
#        C:\百度云同步盘\比赛代码\LPLD_OSKinetis_V3\project\NXP_powerctl\iar\FLASH\Obj\PIT.o
#
###############################################################################

C:\百度云同步盘\比赛代码\LPLD_OSKinetis_V3\project\NXP_powerctl\app\BSP\PIT.c
      1          #include "include.h"
      2          

   \                                 In section .bss, align 4
      3          PIT_InitTypeDef pit_init_struct;
   \                     pit_init_struct:
   \   00000000                      DS8 20
      4          
      5          //主系统时钟 //1MS 一次中断

   \                                 In section .text, align 4, keep-with-next
      6          void PIT0_init()
      7          {
   \                     PIT0_init: (+1)
   \   00000000   0xB580             PUSH     {R7,LR}
      8            pit_init_struct.PIT_Pitx = PIT0;
   \   00000002   0x2000             MOVS     R0,#+0
   \   00000004   0x490B             LDR.N    R1,??PIT0_init_0
   \   00000006   0x7008             STRB     R0,[R1, #+0]
      9            pit_init_struct.PIT_PeriodS = 0;
   \   00000008   0x2000             MOVS     R0,#+0
   \   0000000A   0x490A             LDR.N    R1,??PIT0_init_0
   \   0000000C   0x60C8             STR      R0,[R1, #+12]
     10            pit_init_struct.PIT_PeriodMs = 1;
   \   0000000E   0x2001             MOVS     R0,#+1
   \   00000010   0x4908             LDR.N    R1,??PIT0_init_0
   \   00000012   0x6088             STR      R0,[R1, #+8]
     11            pit_init_struct.PIT_PeriodUs = 0;     //定时周期
   \   00000014   0x2000             MOVS     R0,#+0
   \   00000016   0x4907             LDR.N    R1,??PIT0_init_0
   \   00000018   0x6048             STR      R0,[R1, #+4]
     12            pit_init_struct.PIT_Isr = CTL_isr;  //设置中断函数
   \   0000001A   0x4807             LDR.N    R0,??PIT0_init_0+0x4
   \   0000001C   0x4905             LDR.N    R1,??PIT0_init_0
   \   0000001E   0x6108             STR      R0,[R1, #+16]
     13           
     14            LPLD_PIT_Init(pit_init_struct);  //初始化PIT0
   \   00000020   0x4904             LDR.N    R1,??PIT0_init_0
   \   00000022   0xB084             SUB      SP,SP,#+16
   \   00000024   0x4668             MOV      R0,SP
   \   00000026   0x2214             MOVS     R2,#+20
   \   00000028   0x.... 0x....      BL       __aeabi_memcpy4
   \   0000002C   0xBC0F             POP      {R0-R3}
   \   0000002E   0x.... 0x....      BL       LPLD_PIT_Init
     15            
     16            //LPLD_PIT_EnableIrq(pit_init_struct);
     17          }
   \   00000032   0xBD01             POP      {R0,PC}          ;; return
   \                     ??PIT0_init_0:
   \   00000034   0x........         DC32     pit_init_struct
   \   00000038   0x........         DC32     CTL_isr
     18          
     19          
     20          

   Maximum stack usage in bytes:

   .cstack Function
   ------- --------
      24   PIT0_init
         8   -> LPLD_PIT_Init
        24   -> __aeabi_memcpy4


   Section sizes:

   Bytes  Function/Label
   -----  --------------
      60  PIT0_init
      20  pit_init_struct

 
 20 bytes in section .bss
 60 bytes in section .text
 
 60 bytes of CODE memory
 20 bytes of DATA memory

Errors: none
Warnings: none
