###############################################################################
#
# IAR ANSI C/C++ Compiler V7.20.2.7424/W32 for ARM        14/Aug/2016  11:03:53
# Copyright 1999-2014 IAR Systems AB.
#
#    Cpu mode     =  thumb
#    Endian       =  little
#    Source file  =  
#        C:\百度云同步盘\比赛代码\LPLD_OSKinetis_V3\project\NXP_powerctl\app\BSP\UART.c
#    Command line =  
#        C:\百度云同步盘\比赛代码\LPLD_OSKinetis_V3\project\NXP_powerctl\app\BSP\UART.c
#        -D LPLD_K60 -lCN
#        C:\百度云同步盘\比赛代码\LPLD_OSKinetis_V3\project\NXP_powerctl\iar\FLASH\List\
#        -lB
#        C:\百度云同步盘\比赛代码\LPLD_OSKinetis_V3\project\NXP_powerctl\iar\FLASH\List\
#        -o
#        C:\百度云同步盘\比赛代码\LPLD_OSKinetis_V3\project\NXP_powerctl\iar\FLASH\Obj\
#        --no_cse --no_unroll --no_inline --no_code_motion --no_tbaa
#        --no_clustering --no_scheduling --debug --endian=little
#        --cpu=Cortex-M4 -e --fpu=None --dlib_config "C:\Program Files
#        (x86)\IAR Systems\Embedded Workbench
#        7.0\arm\INC\c\DLib_Config_Normal.h" -I
#        C:\百度云同步盘\比赛代码\LPLD_OSKinetis_V3\project\NXP_powerctl\iar\..\app\
#        -I
#        C:\百度云同步盘\比赛代码\LPLD_OSKinetis_V3\project\NXP_powerctl\iar\..\app\BSP\
#        -I
#        C:\百度云同步盘\比赛代码\LPLD_OSKinetis_V3\project\NXP_powerctl\iar\..\app\ITAC\
#        -I
#        C:\百度云同步盘\比赛代码\LPLD_OSKinetis_V3\project\NXP_powerctl\iar\..\app\CTL\
#        -I
#        C:\百度云同步盘\比赛代码\LPLD_OSKinetis_V3\project\NXP_powerctl\iar\..\..\..\lib\CPU\
#        -I
#        C:\百度云同步盘\比赛代码\LPLD_OSKinetis_V3\project\NXP_powerctl\iar\..\..\..\lib\common\
#        -I
#        C:\百度云同步盘\比赛代码\LPLD_OSKinetis_V3\project\NXP_powerctl\iar\..\..\..\lib\LPLD\
#        -I
#        C:\百度云同步盘\比赛代码\LPLD_OSKinetis_V3\project\NXP_powerctl\iar\..\..\..\lib\LPLD\HW\
#        -I
#        C:\百度云同步盘\比赛代码\LPLD_OSKinetis_V3\project\NXP_powerctl\iar\..\..\..\lib\LPLD\DEV\
#        -I
#        C:\百度云同步盘\比赛代码\LPLD_OSKinetis_V3\project\NXP_powerctl\iar\..\..\..\lib\uCOS-II\Ports\
#        -I
#        C:\百度云同步盘\比赛代码\LPLD_OSKinetis_V3\project\NXP_powerctl\iar\..\..\..\lib\uCOS-II\Source\
#        -I
#        C:\百度云同步盘\比赛代码\LPLD_OSKinetis_V3\project\NXP_powerctl\iar\..\..\..\lib\FatFs\
#        -I
#        C:\百度云同步盘\比赛代码\LPLD_OSKinetis_V3\project\NXP_powerctl\iar\..\..\..\lib\FatFs\option\
#        -I
#        C:\百度云同步盘\比赛代码\LPLD_OSKinetis_V3\project\NXP_powerctl\iar\..\..\..\lib\USB\common\
#        -I
#        C:\百度云同步盘\比赛代码\LPLD_OSKinetis_V3\project\NXP_powerctl\iar\..\..\..\lib\USB\driver\
#        -I
#        C:\百度云同步盘\比赛代码\LPLD_OSKinetis_V3\project\NXP_powerctl\iar\..\..\..\lib\USB\descriptor\
#        -I
#        C:\百度云同步盘\比赛代码\LPLD_OSKinetis_V3\project\NXP_powerctl\iar\..\..\..\lib\USB\class\
#        -On -I "C:\Program Files (x86)\IAR Systems\Embedded Workbench
#        7.0\arm\CMSIS\Include\" -D ARM_MATH_CM4
#    List file    =  
#        C:\百度云同步盘\比赛代码\LPLD_OSKinetis_V3\project\NXP_powerctl\iar\FLASH\List\UART.lst
#    Object file  =  
#        C:\百度云同步盘\比赛代码\LPLD_OSKinetis_V3\project\NXP_powerctl\iar\FLASH\Obj\UART.o
#
###############################################################################

C:\百度云同步盘\比赛代码\LPLD_OSKinetis_V3\project\NXP_powerctl\app\BSP\UART.c
      1          #include "include.h"
      2          

   \                                 In section .bss, align 4
      3          UART_InitTypeDef uart_init_struct;
   \                     uart_init_struct:
   \   00000000                      DS8 20
      4          
      5          
      6          

   \                                 In section .text, align 4, keep-with-next
      7          void UART_init()
      8          {
   \                     UART_init: (+1)
   \   00000000   0xB580             PUSH     {R7,LR}
      9            uart_init_struct.UART_Uartx = UART5; //使用UARTx
   \   00000002   0x4813             LDR.N    R0,??UART_init_0  ;; 0x400eb000
   \   00000004   0x4913             LDR.N    R1,??UART_init_0+0x4
   \   00000006   0x6008             STR      R0,[R1, #+0]
     10            uart_init_struct.UART_BaudRate = 115200; //设置波特率(115200)
   \   00000008   0xF45F 0x30E1      MOVS     R0,#+115200
   \   0000000C   0x4911             LDR.N    R1,??UART_init_0+0x4
   \   0000000E   0x6048             STR      R0,[R1, #+4]
     11            uart_init_struct.UART_RxPin = PTE9;  //接收引脚为PTA15
   \   00000010   0x2085             MOVS     R0,#+133
   \   00000012   0x4910             LDR.N    R1,??UART_init_0+0x4
   \   00000014   0x7248             STRB     R0,[R1, #+9]
     12            uart_init_struct.UART_TxPin = PTE8;  //发送引脚为PTA14
   \   00000016   0x2084             MOVS     R0,#+132
   \   00000018   0x490E             LDR.N    R1,??UART_init_0+0x4
   \   0000001A   0x7208             STRB     R0,[R1, #+8]
     13            uart_init_struct.UART_RxIntEnable = TRUE;
   \   0000001C   0x2001             MOVS     R0,#+1
   \   0000001E   0x490D             LDR.N    R1,??UART_init_0+0x4
   \   00000020   0x7288             STRB     R0,[R1, #+10]
     14            uart_init_struct.UART_RxIsr = freecars_isr; //上位机接收
   \   00000022   0x480D             LDR.N    R0,??UART_init_0+0x8
   \   00000024   0x490B             LDR.N    R1,??UART_init_0+0x4
   \   00000026   0x60C8             STR      R0,[R1, #+12]
     15            //初始化UART
     16            LPLD_UART_Init(uart_init_struct);
   \   00000028   0x490A             LDR.N    R1,??UART_init_0+0x4
   \   0000002A   0xB084             SUB      SP,SP,#+16
   \   0000002C   0x4668             MOV      R0,SP
   \   0000002E   0x2214             MOVS     R2,#+20
   \   00000030   0x.... 0x....      BL       __aeabi_memcpy4
   \   00000034   0xBC0F             POP      {R0-R3}
   \   00000036   0x.... 0x....      BL       LPLD_UART_Init
     17            LPLD_UART_EnableIrq(uart_init_struct);
   \   0000003A   0x4906             LDR.N    R1,??UART_init_0+0x4
   \   0000003C   0xB084             SUB      SP,SP,#+16
   \   0000003E   0x4668             MOV      R0,SP
   \   00000040   0x2214             MOVS     R2,#+20
   \   00000042   0x.... 0x....      BL       __aeabi_memcpy4
   \   00000046   0xBC0F             POP      {R0-R3}
   \   00000048   0x.... 0x....      BL       LPLD_UART_EnableIrq
     18          }
   \   0000004C   0xBD01             POP      {R0,PC}          ;; return
   \   0000004E   0xBF00             Nop      
   \                     ??UART_init_0:
   \   00000050   0x400EB000         DC32     0x400eb000
   \   00000054   0x........         DC32     uart_init_struct
   \   00000058   0x........         DC32     freecars_isr
     19          

   Maximum stack usage in bytes:

   .cstack Function
   ------- --------
      24   UART_init
         8   -> LPLD_UART_EnableIrq
         8   -> LPLD_UART_Init
        24   -> __aeabi_memcpy4


   Section sizes:

   Bytes  Function/Label
   -----  --------------
      92  UART_init
      20  uart_init_struct

 
 20 bytes in section .bss
 92 bytes in section .text
 
 92 bytes of CODE memory
 20 bytes of DATA memory

Errors: none
Warnings: none
