###############################################################################
#
# IAR ANSI C/C++ Compiler V7.20.2.7424/W32 for ARM        06/Mar/2016  20:36:10
# Copyright 1999-2014 IAR Systems AB.
#
#    Cpu mode     =  thumb
#    Endian       =  little
#    Source file  =  
#        D:\LPLDV3.1\LPLD_OSKinetis_V3\project\freescale_cup(DMA)1.0\app\SENSOR\del_sensor.c
#    Command line =  
#        "D:\LPLDV3.1\LPLD_OSKinetis_V3\project\freescale_cup(DMA)1.0\app\SENSOR\del_sensor.c"
#        -D LPLD_K60 -D USE_K60DZ10 -lCN
#        "D:\LPLDV3.1\LPLD_OSKinetis_V3\project\freescale_cup(DMA)1.0\iar\RAM\List\"
#        -lB
#        "D:\LPLDV3.1\LPLD_OSKinetis_V3\project\freescale_cup(DMA)1.0\iar\RAM\List\"
#        -o
#        "D:\LPLDV3.1\LPLD_OSKinetis_V3\project\freescale_cup(DMA)1.0\iar\RAM\Obj\"
#        --no_cse --no_unroll --no_inline --no_code_motion --no_tbaa
#        --no_clustering --no_scheduling --debug --endian=little
#        --cpu=Cortex-M4 -e --fpu=None --dlib_config "C:\Program Files
#        (x86)\IAR Systems\Embedded Workbench
#        7.0\arm\INC\c\DLib_Config_Normal.h" -I
#        "D:\LPLDV3.1\LPLD_OSKinetis_V3\project\freescale_cup(DMA)1.0\iar\..\app\"
#        -I
#        "D:\LPLDV3.1\LPLD_OSKinetis_V3\project\freescale_cup(DMA)1.0\iar\..\app\MAIN\"
#        -I
#        "D:\LPLDV3.1\LPLD_OSKinetis_V3\project\freescale_cup(DMA)1.0\iar\..\app\BSP\"
#        -I
#        "D:\LPLDV3.1\LPLD_OSKinetis_V3\project\freescale_cup(DMA)1.0\iar\..\app\ITAC\"
#        -I
#        "D:\LPLDV3.1\LPLD_OSKinetis_V3\project\freescale_cup(DMA)1.0\iar\..\app\CTL\"
#        -I
#        "D:\LPLDV3.1\LPLD_OSKinetis_V3\project\freescale_cup(DMA)1.0\iar\..\app\SENSOR\"
#        -I
#        "D:\LPLDV3.1\LPLD_OSKinetis_V3\project\freescale_cup(DMA)1.0\iar\..\..\..\lib\CPU\"
#        -I
#        "D:\LPLDV3.1\LPLD_OSKinetis_V3\project\freescale_cup(DMA)1.0\iar\..\..\..\lib\common\"
#        -I
#        "D:\LPLDV3.1\LPLD_OSKinetis_V3\project\freescale_cup(DMA)1.0\iar\..\..\..\lib\LPLD\"
#        -I
#        "D:\LPLDV3.1\LPLD_OSKinetis_V3\project\freescale_cup(DMA)1.0\iar\..\..\..\lib\LPLD\HW\"
#        -I
#        "D:\LPLDV3.1\LPLD_OSKinetis_V3\project\freescale_cup(DMA)1.0\iar\..\..\..\lib\LPLD\DEV\"
#        -I
#        "D:\LPLDV3.1\LPLD_OSKinetis_V3\project\freescale_cup(DMA)1.0\iar\..\..\..\lib\LPLD\FUNC\"
#        -I
#        "D:\LPLDV3.1\LPLD_OSKinetis_V3\project\freescale_cup(DMA)1.0\iar\..\..\..\lib\uCOS-II\Ports\"
#        -I
#        "D:\LPLDV3.1\LPLD_OSKinetis_V3\project\freescale_cup(DMA)1.0\iar\..\..\..\lib\uCOS-II\Source\"
#        -I
#        "D:\LPLDV3.1\LPLD_OSKinetis_V3\project\freescale_cup(DMA)1.0\iar\..\..\..\lib\FatFs\"
#        -I
#        "D:\LPLDV3.1\LPLD_OSKinetis_V3\project\freescale_cup(DMA)1.0\iar\..\..\..\lib\FatFs\option\"
#        -I
#        "D:\LPLDV3.1\LPLD_OSKinetis_V3\project\freescale_cup(DMA)1.0\iar\..\..\..\lib\USB\common\"
#        -I
#        "D:\LPLDV3.1\LPLD_OSKinetis_V3\project\freescale_cup(DMA)1.0\iar\..\..\..\lib\USB\driver\"
#        -I
#        "D:\LPLDV3.1\LPLD_OSKinetis_V3\project\freescale_cup(DMA)1.0\iar\..\..\..\lib\USB\descriptor\"
#        -I
#        "D:\LPLDV3.1\LPLD_OSKinetis_V3\project\freescale_cup(DMA)1.0\iar\..\..\..\lib\USB\class\"
#        -On -I "C:\Program Files (x86)\IAR Systems\Embedded Workbench
#        7.0\arm\CMSIS\Include\" -D ARM_MATH_CM4
#    List file    =  
#        D:\LPLDV3.1\LPLD_OSKinetis_V3\project\freescale_cup(DMA)1.0\iar\RAM\List\del_sensor.lst
#    Object file  =  
#        D:\LPLDV3.1\LPLD_OSKinetis_V3\project\freescale_cup(DMA)1.0\iar\RAM\Obj\del_sensor.o
#
###############################################################################

D:\LPLDV3.1\LPLD_OSKinetis_V3\project\freescale_cup(DMA)1.0\app\SENSOR\del_sensor.c
      1          #include "include.h"
      2          
      3          

   \                                 In section .bss, align 4
      4          struct _line line;
   \                     line:
   \   00000000                      DS8 48


   Section sizes:

   Bytes  Function/Label
   -----  --------------
      48  line

 
 48 bytes in section .bss
 
 48 bytes of DATA memory

Errors: none
Warnings: none
