###############################################################################
#
# IAR ANSI C/C++ Compiler V7.20.2.7424/W32 for ARM        06/Mar/2016  20:36:11
# Copyright 1999-2014 IAR Systems AB.
#
#    Cpu mode     =  thumb
#    Endian       =  little
#    Source file  =  
#        D:\LPLDV3.1\LPLD_OSKinetis_V3\project\freescale_cup(DMA)1.0\app\CTL\dirctl.c
#    Command line =  
#        "D:\LPLDV3.1\LPLD_OSKinetis_V3\project\freescale_cup(DMA)1.0\app\CTL\dirctl.c"
#        -D LPLD_K60 -D USE_K60DZ10 -lCN
#        "D:\LPLDV3.1\LPLD_OSKinetis_V3\project\freescale_cup(DMA)1.0\iar\RAM\List\"
#        -lB
#        "D:\LPLDV3.1\LPLD_OSKinetis_V3\project\freescale_cup(DMA)1.0\iar\RAM\List\"
#        -o
#        "D:\LPLDV3.1\LPLD_OSKinetis_V3\project\freescale_cup(DMA)1.0\iar\RAM\Obj\"
#        --no_cse --no_unroll --no_inline --no_code_motion --no_tbaa
#        --no_clustering --no_scheduling --debug --endian=little
#        --cpu=Cortex-M4 -e --fpu=None --dlib_config "C:\Program Files
#        (x86)\IAR Systems\Embedded Workbench
#        7.0\arm\INC\c\DLib_Config_Normal.h" -I
#        "D:\LPLDV3.1\LPLD_OSKinetis_V3\project\freescale_cup(DMA)1.0\iar\..\app\"
#        -I
#        "D:\LPLDV3.1\LPLD_OSKinetis_V3\project\freescale_cup(DMA)1.0\iar\..\app\MAIN\"
#        -I
#        "D:\LPLDV3.1\LPLD_OSKinetis_V3\project\freescale_cup(DMA)1.0\iar\..\app\BSP\"
#        -I
#        "D:\LPLDV3.1\LPLD_OSKinetis_V3\project\freescale_cup(DMA)1.0\iar\..\app\ITAC\"
#        -I
#        "D:\LPLDV3.1\LPLD_OSKinetis_V3\project\freescale_cup(DMA)1.0\iar\..\app\CTL\"
#        -I
#        "D:\LPLDV3.1\LPLD_OSKinetis_V3\project\freescale_cup(DMA)1.0\iar\..\app\SENSOR\"
#        -I
#        "D:\LPLDV3.1\LPLD_OSKinetis_V3\project\freescale_cup(DMA)1.0\iar\..\..\..\lib\CPU\"
#        -I
#        "D:\LPLDV3.1\LPLD_OSKinetis_V3\project\freescale_cup(DMA)1.0\iar\..\..\..\lib\common\"
#        -I
#        "D:\LPLDV3.1\LPLD_OSKinetis_V3\project\freescale_cup(DMA)1.0\iar\..\..\..\lib\LPLD\"
#        -I
#        "D:\LPLDV3.1\LPLD_OSKinetis_V3\project\freescale_cup(DMA)1.0\iar\..\..\..\lib\LPLD\HW\"
#        -I
#        "D:\LPLDV3.1\LPLD_OSKinetis_V3\project\freescale_cup(DMA)1.0\iar\..\..\..\lib\LPLD\DEV\"
#        -I
#        "D:\LPLDV3.1\LPLD_OSKinetis_V3\project\freescale_cup(DMA)1.0\iar\..\..\..\lib\LPLD\FUNC\"
#        -I
#        "D:\LPLDV3.1\LPLD_OSKinetis_V3\project\freescale_cup(DMA)1.0\iar\..\..\..\lib\uCOS-II\Ports\"
#        -I
#        "D:\LPLDV3.1\LPLD_OSKinetis_V3\project\freescale_cup(DMA)1.0\iar\..\..\..\lib\uCOS-II\Source\"
#        -I
#        "D:\LPLDV3.1\LPLD_OSKinetis_V3\project\freescale_cup(DMA)1.0\iar\..\..\..\lib\FatFs\"
#        -I
#        "D:\LPLDV3.1\LPLD_OSKinetis_V3\project\freescale_cup(DMA)1.0\iar\..\..\..\lib\FatFs\option\"
#        -I
#        "D:\LPLDV3.1\LPLD_OSKinetis_V3\project\freescale_cup(DMA)1.0\iar\..\..\..\lib\USB\common\"
#        -I
#        "D:\LPLDV3.1\LPLD_OSKinetis_V3\project\freescale_cup(DMA)1.0\iar\..\..\..\lib\USB\driver\"
#        -I
#        "D:\LPLDV3.1\LPLD_OSKinetis_V3\project\freescale_cup(DMA)1.0\iar\..\..\..\lib\USB\descriptor\"
#        -I
#        "D:\LPLDV3.1\LPLD_OSKinetis_V3\project\freescale_cup(DMA)1.0\iar\..\..\..\lib\USB\class\"
#        -On -I "C:\Program Files (x86)\IAR Systems\Embedded Workbench
#        7.0\arm\CMSIS\Include\" -D ARM_MATH_CM4
#    List file    =  
#        D:\LPLDV3.1\LPLD_OSKinetis_V3\project\freescale_cup(DMA)1.0\iar\RAM\List\dirctl.lst
#    Object file  =  
#        D:\LPLDV3.1\LPLD_OSKinetis_V3\project\freescale_cup(DMA)1.0\iar\RAM\Obj\dirctl.o
#
###############################################################################

D:\LPLDV3.1\LPLD_OSKinetis_V3\project\freescale_cup(DMA)1.0\app\CTL\dirctl.c
      1          //舵机位置控制
      2          #include "include.h"
      3          
      4          //方向控制
      5          

   \                                 In section .text, align 4, keep-with-next
      6          void S3010_CTL()
      7          {
   \                     S3010_CTL: (+1)
   \   00000000   0xB580             PUSH     {R7,LR}
      8            ctl.S3010.error[1] = line.pos - 0;
   \   00000002   0x4823             LDR.N    R0,??S3010_CTL_0
   \   00000004   0xF990 0x002E      LDRSB    R0,[R0, #+46]
   \   00000008   0x.... 0x....      BL       __aeabi_i2f
   \   0000000C   0x4921             LDR.N    R1,??S3010_CTL_0+0x4
   \   0000000E   0x6208             STR      R0,[R1, #+32]
      9            ctl.S3010.result = ctl.S3010.Kp * ctl.S3010.error[1];
   \   00000010   0x4820             LDR.N    R0,??S3010_CTL_0+0x4
   \   00000012   0x6841             LDR      R1,[R0, #+4]
   \   00000014   0x481F             LDR.N    R0,??S3010_CTL_0+0x4
   \   00000016   0x6A00             LDR      R0,[R0, #+32]
   \   00000018   0x.... 0x....      BL       __aeabi_fmul
   \   0000001C   0x491D             LDR.N    R1,??S3010_CTL_0+0x4
   \   0000001E   0x6148             STR      R0,[R1, #+20]
     10            ctl.S3010.result += ctl.S3010.Kd * ( ctl.S3010.error[1] - ctl.S3010.error[0] );
   \   00000020   0x481C             LDR.N    R0,??S3010_CTL_0+0x4
   \   00000022   0x6A00             LDR      R0,[R0, #+32]
   \   00000024   0x491B             LDR.N    R1,??S3010_CTL_0+0x4
   \   00000026   0x69C9             LDR      R1,[R1, #+28]
   \   00000028   0x.... 0x....      BL       __aeabi_fsub
   \   0000002C   0x4919             LDR.N    R1,??S3010_CTL_0+0x4
   \   0000002E   0x68C9             LDR      R1,[R1, #+12]
   \   00000030   0x.... 0x....      BL       __aeabi_fmul
   \   00000034   0x4917             LDR.N    R1,??S3010_CTL_0+0x4
   \   00000036   0x6949             LDR      R1,[R1, #+20]
   \   00000038   0x.... 0x....      BL       __aeabi_fadd
   \   0000003C   0x4915             LDR.N    R1,??S3010_CTL_0+0x4
   \   0000003E   0x6148             STR      R0,[R1, #+20]
     11            
     12            ctl.S3010.error[0] = ctl.S3010.error[1];
   \   00000040   0x4814             LDR.N    R0,??S3010_CTL_0+0x4
   \   00000042   0x6A00             LDR      R0,[R0, #+32]
   \   00000044   0x4913             LDR.N    R1,??S3010_CTL_0+0x4
   \   00000046   0x61C8             STR      R0,[R1, #+28]
     13            
     14            ctl.S3010.result += 1520;
   \   00000048   0x4812             LDR.N    R0,??S3010_CTL_0+0x4
   \   0000004A   0x6941             LDR      R1,[R0, #+20]
   \   0000004C   0x4812             LDR.N    R0,??S3010_CTL_0+0x8  ;; 0x44be0000
   \   0000004E   0x.... 0x....      BL       __aeabi_fadd
   \   00000052   0x4910             LDR.N    R1,??S3010_CTL_0+0x4
   \   00000054   0x6148             STR      R0,[R1, #+20]
     15            if ( ctl.S3010.result > 1800 )
   \   00000056   0x480F             LDR.N    R0,??S3010_CTL_0+0x4
   \   00000058   0x6940             LDR      R0,[R0, #+20]
   \   0000005A   0x4910             LDR.N    R1,??S3010_CTL_0+0xC  ;; 0x44e10001
   \   0000005C   0x.... 0x....      BL       __aeabi_cfrcmple
   \   00000060   0xD802             BHI.N    ??S3010_CTL_1
     16            {
     17              ctl.S3010.result = 1800;
   \   00000062   0x480F             LDR.N    R0,??S3010_CTL_0+0x10  ;; 0x44e10000
   \   00000064   0x490B             LDR.N    R1,??S3010_CTL_0+0x4
   \   00000066   0x6148             STR      R0,[R1, #+20]
     18            }
     19            if ( ctl.S3010.result < 900 )
   \                     ??S3010_CTL_1: (+1)
   \   00000068   0x480A             LDR.N    R0,??S3010_CTL_0+0x4
   \   0000006A   0x6940             LDR      R0,[R0, #+20]
   \   0000006C   0x490D             LDR.N    R1,??S3010_CTL_0+0x14  ;; 0x44610000
   \   0000006E   0x.... 0x....      BL       __aeabi_cfcmple
   \   00000072   0xD202             BCS.N    ??S3010_CTL_2
     20            {
     21              ctl.S3010.result = 900;
   \   00000074   0x480B             LDR.N    R0,??S3010_CTL_0+0x14  ;; 0x44610000
   \   00000076   0x4907             LDR.N    R1,??S3010_CTL_0+0x4
   \   00000078   0x6148             STR      R0,[R1, #+20]
     22            }
     23            
     24            LPLD_FTM_PWM_ChangeDuty(FTM1, FTM_Ch0, (uint32) ctl.S3010.result ); ; //最后控制结果的输出
   \                     ??S3010_CTL_2: (+1)
   \   0000007A   0x4806             LDR.N    R0,??S3010_CTL_0+0x4
   \   0000007C   0x6940             LDR      R0,[R0, #+20]
   \   0000007E   0x.... 0x....      BL       __aeabi_f2uiz
   \   00000082   0x0002             MOVS     R2,R0
   \   00000084   0x2100             MOVS     R1,#+0
   \   00000086   0x4808             LDR.N    R0,??S3010_CTL_0+0x18  ;; 0x40039000
   \   00000088   0x.... 0x....      BL       LPLD_FTM_PWM_ChangeDuty
     25          }
   \   0000008C   0xBD01             POP      {R0,PC}          ;; return
   \   0000008E   0xBF00             Nop      
   \                     ??S3010_CTL_0:
   \   00000090   0x........         DC32     line
   \   00000094   0x........         DC32     ctl
   \   00000098   0x44BE0000         DC32     0x44be0000
   \   0000009C   0x44E10001         DC32     0x44e10001
   \   000000A0   0x44E10000         DC32     0x44e10000
   \   000000A4   0x44610000         DC32     0x44610000
   \   000000A8   0x40039000         DC32     0x40039000

   Maximum stack usage in bytes:

   .cstack Function
   ------- --------
       8   S3010_CTL
         8   -> LPLD_FTM_PWM_ChangeDuty
         8   -> __aeabi_f2uiz
         8   -> __aeabi_fadd
         8   -> __aeabi_fmul
         8   -> __aeabi_fsub
         8   -> __aeabi_i2f
         8 __aeabi_cfcmple
         8 __aeabi_cfrcmple


   Section sizes:

   Bytes  Function/Label
   -----  --------------
     172  S3010_CTL

 
 172 bytes in section .text
 
 172 bytes of CODE memory

Errors: none
Warnings: none
