###############################################################################
#
# IAR ANSI C/C++ Compiler V7.20.2.7424/W32 for ARM        06/Mar/2016  20:36:16
# Copyright 1999-2014 IAR Systems AB.
#
#    Cpu mode     =  thumb
#    Endian       =  little
#    Source file  =  D:\LPLDV3.1\LPLD_OSKinetis_V3\lib\LPLD\HW\HW_DMA.c
#    Command line =  
#        D:\LPLDV3.1\LPLD_OSKinetis_V3\lib\LPLD\HW\HW_DMA.c -D LPLD_K60 -D
#        USE_K60DZ10 -lCN
#        "D:\LPLDV3.1\LPLD_OSKinetis_V3\project\freescale_cup(DMA)1.0\iar\RAM\List\"
#        -lB
#        "D:\LPLDV3.1\LPLD_OSKinetis_V3\project\freescale_cup(DMA)1.0\iar\RAM\List\"
#        -o
#        "D:\LPLDV3.1\LPLD_OSKinetis_V3\project\freescale_cup(DMA)1.0\iar\RAM\Obj\"
#        --no_cse --no_unroll --no_inline --no_code_motion --no_tbaa
#        --no_clustering --no_scheduling --debug --endian=little
#        --cpu=Cortex-M4 -e --fpu=None --dlib_config "C:\Program Files
#        (x86)\IAR Systems\Embedded Workbench
#        7.0\arm\INC\c\DLib_Config_Normal.h" -I
#        "D:\LPLDV3.1\LPLD_OSKinetis_V3\project\freescale_cup(DMA)1.0\iar\..\app\"
#        -I
#        "D:\LPLDV3.1\LPLD_OSKinetis_V3\project\freescale_cup(DMA)1.0\iar\..\app\MAIN\"
#        -I
#        "D:\LPLDV3.1\LPLD_OSKinetis_V3\project\freescale_cup(DMA)1.0\iar\..\app\BSP\"
#        -I
#        "D:\LPLDV3.1\LPLD_OSKinetis_V3\project\freescale_cup(DMA)1.0\iar\..\app\ITAC\"
#        -I
#        "D:\LPLDV3.1\LPLD_OSKinetis_V3\project\freescale_cup(DMA)1.0\iar\..\app\CTL\"
#        -I
#        "D:\LPLDV3.1\LPLD_OSKinetis_V3\project\freescale_cup(DMA)1.0\iar\..\app\SENSOR\"
#        -I
#        "D:\LPLDV3.1\LPLD_OSKinetis_V3\project\freescale_cup(DMA)1.0\iar\..\..\..\lib\CPU\"
#        -I
#        "D:\LPLDV3.1\LPLD_OSKinetis_V3\project\freescale_cup(DMA)1.0\iar\..\..\..\lib\common\"
#        -I
#        "D:\LPLDV3.1\LPLD_OSKinetis_V3\project\freescale_cup(DMA)1.0\iar\..\..\..\lib\LPLD\"
#        -I
#        "D:\LPLDV3.1\LPLD_OSKinetis_V3\project\freescale_cup(DMA)1.0\iar\..\..\..\lib\LPLD\HW\"
#        -I
#        "D:\LPLDV3.1\LPLD_OSKinetis_V3\project\freescale_cup(DMA)1.0\iar\..\..\..\lib\LPLD\DEV\"
#        -I
#        "D:\LPLDV3.1\LPLD_OSKinetis_V3\project\freescale_cup(DMA)1.0\iar\..\..\..\lib\LPLD\FUNC\"
#        -I
#        "D:\LPLDV3.1\LPLD_OSKinetis_V3\project\freescale_cup(DMA)1.0\iar\..\..\..\lib\uCOS-II\Ports\"
#        -I
#        "D:\LPLDV3.1\LPLD_OSKinetis_V3\project\freescale_cup(DMA)1.0\iar\..\..\..\lib\uCOS-II\Source\"
#        -I
#        "D:\LPLDV3.1\LPLD_OSKinetis_V3\project\freescale_cup(DMA)1.0\iar\..\..\..\lib\FatFs\"
#        -I
#        "D:\LPLDV3.1\LPLD_OSKinetis_V3\project\freescale_cup(DMA)1.0\iar\..\..\..\lib\FatFs\option\"
#        -I
#        "D:\LPLDV3.1\LPLD_OSKinetis_V3\project\freescale_cup(DMA)1.0\iar\..\..\..\lib\USB\common\"
#        -I
#        "D:\LPLDV3.1\LPLD_OSKinetis_V3\project\freescale_cup(DMA)1.0\iar\..\..\..\lib\USB\driver\"
#        -I
#        "D:\LPLDV3.1\LPLD_OSKinetis_V3\project\freescale_cup(DMA)1.0\iar\..\..\..\lib\USB\descriptor\"
#        -I
#        "D:\LPLDV3.1\LPLD_OSKinetis_V3\project\freescale_cup(DMA)1.0\iar\..\..\..\lib\USB\class\"
#        -On -I "C:\Program Files (x86)\IAR Systems\Embedded Workbench
#        7.0\arm\CMSIS\Include\" -D ARM_MATH_CM4
#    List file    =  
#        D:\LPLDV3.1\LPLD_OSKinetis_V3\project\freescale_cup(DMA)1.0\iar\RAM\List\HW_DMA.lst
#    Object file  =  
#        D:\LPLDV3.1\LPLD_OSKinetis_V3\project\freescale_cup(DMA)1.0\iar\RAM\Obj\HW_DMA.o
#
###############################################################################

D:\LPLDV3.1\LPLD_OSKinetis_V3\lib\LPLD\HW\HW_DMA.c
      1          /**
      2           * @file HW_DMA.c
      3           * @version 3.0[By LPLD]
      4           * @date 2013-06-18
      5           * @brief DMA底层模块相关函数
      6           *
      7           * 更改建议:不建议修改
      8           *
      9           * 版权所有:北京拉普兰德电子技术有限公司
     10           * http://www.lpld.cn
     11           * mail:support@lpld.cn
     12           *
     13           * @par
     14           * 本代码由拉普兰德[LPLD]开发并维护，并向所有使用者开放源代码。
     15           * 开发者可以随意修使用或改源代码。但本段及以上注释应予以保留。
     16           * 不得更改或删除原版权所有者姓名，二次开发者可以加注二次版权所有者。
     17           * 但应在遵守此协议的基础上，开放源代码、不得出售代码本身。
     18           * 拉普兰德不负责由于使用本代码所带来的任何事故、法律责任或相关不良影响。
     19           * 拉普兰德无义务解释、说明本代码的具体原理、功能、实现方法。
     20           * 除非拉普兰德[LPLD]授权，开发者不得将本代码用于商业产品。
     21           */
     22          #include "common.h"

   \                                 In section .text, align 2, keep-with-next
   \   static __interwork __softfp void NVIC_EnableIRQ(IRQn_Type)
   \                     NVIC_EnableIRQ: (+1)
   \   00000000   0x2101             MOVS     R1,#+1
   \   00000002   0xF010 0x021F      ANDS     R2,R0,#0x1F
   \   00000006   0x4091             LSLS     R1,R1,R2
   \   00000008   0x.... 0x....      LDR.W    R2,??DataTable18  ;; 0xe000e100
   \   0000000C   0xB240             SXTB     R0,R0            ;; SignExt  R0,R0,#+24,#+24
   \   0000000E   0x0943             LSRS     R3,R0,#+5
   \   00000010   0xF842 0x1023      STR      R1,[R2, R3, LSL #+2]
   \   00000014   0x4770             BX       LR               ;; return

   \                                 In section .text, align 2, keep-with-next
   \   static __interwork __softfp void NVIC_DisableIRQ(IRQn_Type)
   \                     NVIC_DisableIRQ: (+1)
   \   00000000   0x2101             MOVS     R1,#+1
   \   00000002   0xF010 0x021F      ANDS     R2,R0,#0x1F
   \   00000006   0x4091             LSLS     R1,R1,R2
   \   00000008   0x.... 0x....      LDR.W    R2,??DataTable18_1  ;; 0xe000e180
   \   0000000C   0xB240             SXTB     R0,R0            ;; SignExt  R0,R0,#+24,#+24
   \   0000000E   0x0943             LSRS     R3,R0,#+5
   \   00000010   0xF842 0x1023      STR      R1,[R2, R3, LSL #+2]
   \   00000014   0x4770             BX       LR               ;; return
     23          #include "HW_DMA.h"
     24          
     25          #if defined(CPU_MK60DZ10) || defined(CPU_MK60D10) 
     26          //用户自定义中断服务函数数组

   \                                 In section .bss, align 4
     27          DMA_ISR_CALLBACK DMA_ISR[16];
   \                     DMA_ISR:
   \   00000000                      DS8 64
     28          #elif defined(CPU_MK60F12) || defined(CPU_MK60F15)
     29          DMA_ISR_CALLBACK DMA_ISR[32];
     30          #endif
     31          /*
     32           * LPLD_DMA_Init
     33           * 初始化eDMA模块
     34           * 
     35           * 参数:
     36           *    dma_init_struct--eDMA初始化结构体，
     37           *                        具体定义见DMA_InitTypeDef
     38           *
     39           * 输出:
     40           *    0--配置错误
     41           *    1--配置成功
     42           */

   \                                 In section .text, align 2, keep-with-next
     43          uint8 LPLD_DMA_Init(DMA_InitTypeDef dma_init_struct)
     44          {
   \                     LPLD_DMA_Init: (+1)
   \   00000000   0xB40F             PUSH     {R0-R3}
   \   00000002   0xE92D 0x4FF0      PUSH     {R4-R11,LR}
   \   00000006   0xB085             SUB      SP,SP,#+20
     45            uint8 chx = dma_init_struct.DMA_CHx;
   \   00000008   0xF89D 0x4038      LDRB     R4,[SP, #+56]
     46            uint8 req = dma_init_struct.DMA_Req;
   \   0000000C   0xF89D 0x5039      LDRB     R5,[SP, #+57]
     47            boolean periodic_trigg = dma_init_struct.DMA_PeriodicTriggerEnable;
   \   00000010   0xF89D 0x003A      LDRB     R0,[SP, #+58]
   \   00000014   0xF88D 0x0010      STRB     R0,[SP, #+16]
     48            uint16 major_cnt = dma_init_struct.DMA_MajorLoopCnt;
   \   00000018   0xF8BD 0x603C      LDRH     R6,[SP, #+60]
     49            uint32 minor_cnt = dma_init_struct.DMA_MinorByteCnt;
   \   0000001C   0x9810             LDR      R0,[SP, #+64]
   \   0000001E   0x9003             STR      R0,[SP, #+12]
     50            uint32 src_addr = dma_init_struct.DMA_SourceAddr;
   \   00000020   0x9F11             LDR      R7,[SP, #+68]
     51            uint8 src_dsize = dma_init_struct.DMA_SourceDataSize;
   \   00000022   0xF89D 0x8048      LDRB     R8,[SP, #+72]
     52            int16 src_addroffset = dma_init_struct.DMA_SourceAddrOffset;
   \   00000026   0xF9BD 0x004A      LDRSH    R0,[SP, #+74]
   \   0000002A   0xF8AD 0x0002      STRH     R0,[SP, #+2]
     53            int32 src_lastadj = dma_init_struct.DMA_LastSourceAddrAdj;
   \   0000002E   0x9813             LDR      R0,[SP, #+76]
   \   00000030   0x9002             STR      R0,[SP, #+8]
     54            uint32 dst_addr = dma_init_struct.DMA_DestAddr;
   \   00000032   0xF8DD 0x9050      LDR      R9,[SP, #+80]
     55            uint8 dst_dsize = dma_init_struct.DMA_DestDataSize;
   \   00000036   0xF89D 0xA054      LDRB     R10,[SP, #+84]
     56            int16 dst_addroffset = dma_init_struct.DMA_DestAddrOffset;
   \   0000003A   0xF9BD 0x0056      LDRSH    R0,[SP, #+86]
   \   0000003E   0xF8AD 0x0000      STRH     R0,[SP, #+0]
     57            int32 dst_lastadj = dma_init_struct.DMA_LastDestAddrAdj;
   \   00000042   0x9816             LDR      R0,[SP, #+88]
   \   00000044   0x9001             STR      R0,[SP, #+4]
     58            boolean auto_disable = dma_init_struct.DMA_AutoDisableReq;
   \   00000046   0xF89D 0xB05C      LDRB     R11,[SP, #+92]
     59            
     60            //参数检查
     61          #if defined(CPU_MK60DZ10) || defined(CPU_MK60D10) 
     62            ASSERT( chx <= DMA_CH15 );       //eDMA通道选择
   \   0000004A   0xB2E4             UXTB     R4,R4            ;; ZeroExt  R4,R4,#+24,#+24
   \   0000004C   0x2C10             CMP      R4,#+16
   \   0000004E   0xDB04             BLT.N    ??LPLD_DMA_Init_0
   \   00000050   0x213E             MOVS     R1,#+62
   \   00000052   0x.... 0x....      LDR.W    R0,??DataTable18_2
   \   00000056   0x.... 0x....      BL       assert_failed
     63          #elif defined(CPU_MK60F12) || defined(CPU_MK60F15)
     64            ASSERT( chx <= DMA_CH31 );       //eDMA通道选择
     65          #endif
     66            ASSERT( req <= DMA_MUX_63 );     //请求源选择
   \                     ??LPLD_DMA_Init_0: (+1)
   \   0000005A   0xB2ED             UXTB     R5,R5            ;; ZeroExt  R5,R5,#+24,#+24
   \   0000005C   0x2D40             CMP      R5,#+64
   \   0000005E   0xDB04             BLT.N    ??LPLD_DMA_Init_1
   \   00000060   0x2142             MOVS     R1,#+66
   \   00000062   0x.... 0x....      LDR.W    R0,??DataTable18_2
   \   00000066   0x.... 0x....      BL       assert_failed
     67            ASSERT( major_cnt <= 0x7FFF );   //主计数判断
   \                     ??LPLD_DMA_Init_1: (+1)
   \   0000006A   0xB2B6             UXTH     R6,R6            ;; ZeroExt  R6,R6,#+16,#+16
   \   0000006C   0xF5B6 0x4F00      CMP      R6,#+32768
   \   00000070   0xDB04             BLT.N    ??LPLD_DMA_Init_2
   \   00000072   0x2143             MOVS     R1,#+67
   \   00000074   0x.... 0x....      LDR.W    R0,??DataTable18_2
   \   00000078   0x.... 0x....      BL       assert_failed
     68            ASSERT( src_addr != NULL );      //源地址判断
   \                     ??LPLD_DMA_Init_2: (+1)
   \   0000007C   0x2F00             CMP      R7,#+0
   \   0000007E   0xD104             BNE.N    ??LPLD_DMA_Init_3
   \   00000080   0x2144             MOVS     R1,#+68
   \   00000082   0x.... 0x....      LDR.W    R0,??DataTable18_2
   \   00000086   0x.... 0x....      BL       assert_failed
     69            ASSERT( (src_dsize <= DMA_SRC_32BIT)||(src_dsize == DMA_SRC_16BYTE) );     //源数据传输大小判断
   \                     ??LPLD_DMA_Init_3: (+1)
   \   0000008A   0xFA5F 0xF888      UXTB     R8,R8            ;; ZeroExt  R8,R8,#+24,#+24
   \   0000008E   0xF1B8 0x0F03      CMP      R8,#+3
   \   00000092   0xDB09             BLT.N    ??LPLD_DMA_Init_4
   \   00000094   0xFA5F 0xF888      UXTB     R8,R8            ;; ZeroExt  R8,R8,#+24,#+24
   \   00000098   0xF1B8 0x0F04      CMP      R8,#+4
   \   0000009C   0xD004             BEQ.N    ??LPLD_DMA_Init_4
   \   0000009E   0x2145             MOVS     R1,#+69
   \   000000A0   0x.... 0x....      LDR.W    R0,??DataTable18_2
   \   000000A4   0x.... 0x....      BL       assert_failed
     70            ASSERT( dst_addr != NULL );      //目的地址判断
   \                     ??LPLD_DMA_Init_4: (+1)
   \   000000A8   0xF1B9 0x0F00      CMP      R9,#+0
   \   000000AC   0xD104             BNE.N    ??LPLD_DMA_Init_5
   \   000000AE   0x2146             MOVS     R1,#+70
   \   000000B0   0x.... 0x....      LDR.W    R0,??DataTable18_2
   \   000000B4   0x.... 0x....      BL       assert_failed
     71            ASSERT( (dst_dsize <= DMA_DST_32BIT)||(dst_dsize == DMA_DST_16BYTE) );     //目的数据传输大小判断
   \                     ??LPLD_DMA_Init_5: (+1)
   \   000000B8   0xFA5F 0xFA8A      UXTB     R10,R10          ;; ZeroExt  R10,R10,#+24,#+24
   \   000000BC   0xF1BA 0x0F03      CMP      R10,#+3
   \   000000C0   0xDB09             BLT.N    ??LPLD_DMA_Init_6
   \   000000C2   0xFA5F 0xFA8A      UXTB     R10,R10          ;; ZeroExt  R10,R10,#+24,#+24
   \   000000C6   0xF1BA 0x0F04      CMP      R10,#+4
   \   000000CA   0xD004             BEQ.N    ??LPLD_DMA_Init_6
   \   000000CC   0x2147             MOVS     R1,#+71
   \   000000CE   0x.... 0x....      LDR.W    R0,??DataTable18_2
   \   000000D2   0x.... 0x....      BL       assert_failed
     72           
     73          #if defined(CPU_MK60DZ10) || defined(CPU_MK60D10)   
     74            SIM->SCGC6 |= SIM_SCGC6_DMAMUX_MASK;  //打开DMA通道多路复用器时钟 
   \                     ??LPLD_DMA_Init_6: (+1)
   \   000000D6   0x.... 0x....      LDR.W    R0,??DataTable18_3  ;; 0x4004803c
   \   000000DA   0x6800             LDR      R0,[R0, #+0]
   \   000000DC   0xF050 0x0002      ORRS     R0,R0,#0x2
   \   000000E0   0x.... 0x....      LDR.W    R1,??DataTable18_3  ;; 0x4004803c
   \   000000E4   0x6008             STR      R0,[R1, #+0]
     75          #elif defined(CPU_MK60F12) || defined(CPU_MK60F15)
     76            SIM->SCGC6 |= SIM_SCGC6_DMAMUX0_MASK;  //打开DMA通道多路复用器时钟 
     77            SIM->SCGC6 |= SIM_SCGC6_DMAMUX1_MASK;  //打开DMA通道多路复用器时钟 
     78          #endif  
     79            SIM->SCGC7 |= SIM_SCGC7_DMA_MASK;     //打开DMA模块时钟
   \   000000E6   0x.... 0x....      LDR.W    R0,??DataTable18_4  ;; 0x40048040
   \   000000EA   0x6800             LDR      R0,[R0, #+0]
   \   000000EC   0xF050 0x0002      ORRS     R0,R0,#0x2
   \   000000F0   0x.... 0x....      LDR.W    R1,??DataTable18_4  ;; 0x40048040
   \   000000F4   0x6008             STR      R0,[R1, #+0]
     80            
     81            //关闭通道x硬件DMA请求 
     82            DMA0->ERQ &= ~(1<<chx);
   \   000000F6   0x.... 0x....      LDR.W    R0,??DataTable18_5  ;; 0x4000800c
   \   000000FA   0x6800             LDR      R0,[R0, #+0]
   \   000000FC   0x2101             MOVS     R1,#+1
   \   000000FE   0x40A1             LSLS     R1,R1,R4
   \   00000100   0x4388             BICS     R0,R0,R1
   \   00000102   0x.... 0x....      LDR.W    R1,??DataTable18_5  ;; 0x4000800c
   \   00000106   0x6008             STR      R0,[R1, #+0]
     83            
     84            //选择 通道x 配置外设的DMA源请求编号
     85          #if defined(CPU_MK60DZ10) || defined(CPU_MK60D10) 
     86            DMAMUX->CHCFG[chx] = DMAMUX_CHCFG_SOURCE(req);
   \   00000108   0xF015 0x003F      ANDS     R0,R5,#0x3F
   \   0000010C   0x.... 0x....      LDR.W    R1,??DataTable18_6  ;; 0x40021000
   \   00000110   0xB2E4             UXTB     R4,R4            ;; ZeroExt  R4,R4,#+24,#+24
   \   00000112   0x5460             STRB     R0,[R4, R1]
     87            //是否使能周期触发功能
     88            if(periodic_trigg == TRUE)
   \   00000114   0xF89D 0x0010      LDRB     R0,[SP, #+16]
   \   00000118   0x2801             CMP      R0,#+1
   \   0000011A   0xD10A             BNE.N    ??LPLD_DMA_Init_7
     89            {
     90              DMAMUX->CHCFG[chx] |= DMAMUX_CHCFG_TRIG_MASK;
   \   0000011C   0x.... 0x....      LDR.W    R0,??DataTable18_6  ;; 0x40021000
   \   00000120   0xB2E4             UXTB     R4,R4            ;; ZeroExt  R4,R4,#+24,#+24
   \   00000122   0x5C20             LDRB     R0,[R4, R0]
   \   00000124   0xF050 0x0040      ORRS     R0,R0,#0x40
   \   00000128   0x.... 0x....      LDR.W    R1,??DataTable18_6  ;; 0x40021000
   \   0000012C   0xB2E4             UXTB     R4,R4            ;; ZeroExt  R4,R4,#+24,#+24
   \   0000012E   0x5460             STRB     R0,[R4, R1]
   \   00000130   0xE009             B.N      ??LPLD_DMA_Init_8
     91            }
     92            else
     93            {
     94              DMAMUX->CHCFG[chx] &= ~(DMAMUX_CHCFG_TRIG_MASK);
   \                     ??LPLD_DMA_Init_7: (+1)
   \   00000132   0x.... 0x....      LDR.W    R0,??DataTable18_6  ;; 0x40021000
   \   00000136   0xB2E4             UXTB     R4,R4            ;; ZeroExt  R4,R4,#+24,#+24
   \   00000138   0x5C20             LDRB     R0,[R4, R0]
   \   0000013A   0xF010 0x00BF      ANDS     R0,R0,#0xBF
   \   0000013E   0x.... 0x....      LDR.W    R1,??DataTable18_6  ;; 0x40021000
   \   00000142   0xB2E4             UXTB     R4,R4            ;; ZeroExt  R4,R4,#+24,#+24
   \   00000144   0x5460             STRB     R0,[R4, R1]
     95            }
     96          #elif defined(CPU_MK60F12) || defined(CPU_MK60F15)
     97            if(chx < 16)
     98            {
     99              DMAMUX0->CHCFG[chx] = DMAMUX_CHCFG_SOURCE(req);
    100              //是否使能周期触发功能
    101              if(periodic_trigg == TRUE)
    102              {
    103                DMAMUX0->CHCFG[chx] |= DMAMUX_CHCFG_TRIG_MASK;
    104              }
    105              else
    106              {
    107                DMAMUX0->CHCFG[chx] &= ~(DMAMUX_CHCFG_TRIG_MASK);
    108              }
    109            }
    110            else // ch > 16
    111            {
    112              DMAMUX1->CHCFG[chx - 16] = DMAMUX_CHCFG_SOURCE(req);
    113              //是否使能周期触发功能
    114              if(periodic_trigg == TRUE)
    115              {
    116                DMAMUX1->CHCFG[chx - 16] |= DMAMUX_CHCFG_TRIG_MASK;
    117              }
    118              else
    119              {
    120                DMAMUX1->CHCFG[chx - 16] &= ~(DMAMUX_CHCFG_TRIG_MASK);
    121              }
    122            }
    123          #endif   
    124          
    125            
    126            
    127            //设置源地址   
    128            DMA0->TCD[chx].SADDR = DMA_SADDR_SADDR(src_addr);
   \                     ??LPLD_DMA_Init_8: (+1)
   \   00000146   0x.... 0x....      LDR.W    R0,??DataTable18_7  ;; 0x40009000
   \   0000014A   0xB2E4             UXTB     R4,R4            ;; ZeroExt  R4,R4,#+24,#+24
   \   0000014C   0x0161             LSLS     R1,R4,#+5
   \   0000014E   0x500F             STR      R7,[R1, R0]
    129            //在执行完针对源地址的操作之后，在源地址的基础上增加/减少偏移地址
    130            DMA0->TCD[chx].SOFF = DMA_SOFF_SOFF(src_addroffset);
   \   00000150   0xF8BD 0x0002      LDRH     R0,[SP, #+2]
   \   00000154   0xB2E4             UXTB     R4,R4            ;; ZeroExt  R4,R4,#+24,#+24
   \   00000156   0x0161             LSLS     R1,R4,#+5
   \   00000158   0xF101 0x4180      ADD      R1,R1,#+1073741824
   \   0000015C   0xF511 0x4110      ADDS     R1,R1,#+36864
   \   00000160   0x8088             STRH     R0,[R1, #+4]
    131            //设置源地址的传输大小
    132            DMA0->TCD[chx].ATTR = 0 | DMA_ATTR_SSIZE(src_dsize);
   \   00000162   0xFA5F 0xF888      UXTB     R8,R8            ;; ZeroExt  R8,R8,#+24,#+24
   \   00000166   0xEA5F 0x2008      LSLS     R0,R8,#+8
   \   0000016A   0xF410 0x60E0      ANDS     R0,R0,#0x700
   \   0000016E   0xB2E4             UXTB     R4,R4            ;; ZeroExt  R4,R4,#+24,#+24
   \   00000170   0x0161             LSLS     R1,R4,#+5
   \   00000172   0xF101 0x4180      ADD      R1,R1,#+1073741824
   \   00000176   0xF511 0x4110      ADDS     R1,R1,#+36864
   \   0000017A   0x80C8             STRH     R0,[R1, #+6]
    133            //主的计数次数（major iteration count）达到后，重新调整源地址
    134            DMA0->TCD[chx].SLAST = DMA_SLAST_SLAST(src_lastadj);
   \   0000017C   0x9802             LDR      R0,[SP, #+8]
   \   0000017E   0xB2E4             UXTB     R4,R4            ;; ZeroExt  R4,R4,#+24,#+24
   \   00000180   0x0161             LSLS     R1,R4,#+5
   \   00000182   0xF101 0x4180      ADD      R1,R1,#+1073741824
   \   00000186   0xF511 0x4110      ADDS     R1,R1,#+36864
   \   0000018A   0x60C8             STR      R0,[R1, #+12]
    135            
    136            //设置目的地址 
    137            DMA0->TCD[chx].DADDR = DMA_DADDR_DADDR(dst_addr);
   \   0000018C   0xB2E4             UXTB     R4,R4            ;; ZeroExt  R4,R4,#+24,#+24
   \   0000018E   0x0160             LSLS     R0,R4,#+5
   \   00000190   0xF100 0x4080      ADD      R0,R0,#+1073741824
   \   00000194   0xF510 0x4010      ADDS     R0,R0,#+36864
   \   00000198   0xF8C0 0x9010      STR      R9,[R0, #+16]
    138            //在执行完针对目的地址的操作之后，在目的地址的基础上增加/减少偏移地址
    139            DMA0->TCD[chx].DOFF = DMA_DOFF_DOFF(dst_addroffset);
   \   0000019C   0xF8BD 0x0000      LDRH     R0,[SP, #+0]
   \   000001A0   0xB2E4             UXTB     R4,R4            ;; ZeroExt  R4,R4,#+24,#+24
   \   000001A2   0x0161             LSLS     R1,R4,#+5
   \   000001A4   0xF101 0x4180      ADD      R1,R1,#+1073741824
   \   000001A8   0xF511 0x4110      ADDS     R1,R1,#+36864
   \   000001AC   0x8288             STRH     R0,[R1, #+20]
    140            //设置目的地址的传输宽度
    141            DMA0->TCD[chx].ATTR |= DMA_ATTR_DSIZE(dst_dsize);
   \   000001AE   0xB2E4             UXTB     R4,R4            ;; ZeroExt  R4,R4,#+24,#+24
   \   000001B0   0x0160             LSLS     R0,R4,#+5
   \   000001B2   0xF100 0x4080      ADD      R0,R0,#+1073741824
   \   000001B6   0xF510 0x4010      ADDS     R0,R0,#+36864
   \   000001BA   0x88C0             LDRH     R0,[R0, #+6]
   \   000001BC   0xFA5F 0xFA8A      UXTB     R10,R10          ;; ZeroExt  R10,R10,#+24,#+24
   \   000001C0   0xF01A 0x0107      ANDS     R1,R10,#0x7
   \   000001C4   0x4308             ORRS     R0,R1,R0
   \   000001C6   0xB2E4             UXTB     R4,R4            ;; ZeroExt  R4,R4,#+24,#+24
   \   000001C8   0x0161             LSLS     R1,R4,#+5
   \   000001CA   0xF101 0x4180      ADD      R1,R1,#+1073741824
   \   000001CE   0xF511 0x4110      ADDS     R1,R1,#+36864
   \   000001D2   0x80C8             STRH     R0,[R1, #+6]
    142            //主的计数次数（major iteration count）达到后，重新调整目的地址
    143            DMA0->TCD[chx].DLAST_SGA = DMA_DLAST_SGA_DLASTSGA(dst_lastadj);
   \   000001D4   0x9801             LDR      R0,[SP, #+4]
   \   000001D6   0xB2E4             UXTB     R4,R4            ;; ZeroExt  R4,R4,#+24,#+24
   \   000001D8   0x0161             LSLS     R1,R4,#+5
   \   000001DA   0xF101 0x4180      ADD      R1,R1,#+1073741824
   \   000001DE   0xF511 0x4110      ADDS     R1,R1,#+36864
   \   000001E2   0x6188             STR      R0,[R1, #+24]
    144            
    145            //默认为禁用通道链接功能，后续更新添加此功能
    146            if( 1 == 1)
    147            {
    148              //===============设置主计数器长度，循环次数====================================
    149              //设置主循环计数器 current major loop count
    150              DMA0->TCD[chx].CITER_ELINKNO = DMA_CITER_ELINKNO_CITER(major_cnt);
   \   000001E4   0x0470             LSLS     R0,R6,#+17       ;; ZeroExtS R0,R6,#+17,#+17
   \   000001E6   0x0C40             LSRS     R0,R0,#+17
   \   000001E8   0xB2E4             UXTB     R4,R4            ;; ZeroExt  R4,R4,#+24,#+24
   \   000001EA   0x0161             LSLS     R1,R4,#+5
   \   000001EC   0xF101 0x4180      ADD      R1,R1,#+1073741824
   \   000001F0   0xF511 0x4110      ADDS     R1,R1,#+36864
   \   000001F4   0x82C8             STRH     R0,[R1, #+22]
    151              //起始循环计数器，当主循环计数器为零的时候，将装载起始循环计数器的值
    152              DMA0->TCD[chx].BITER_ELINKNO = DMA_CITER_ELINKNO_CITER(major_cnt);
   \   000001F6   0x0470             LSLS     R0,R6,#+17       ;; ZeroExtS R0,R6,#+17,#+17
   \   000001F8   0x0C40             LSRS     R0,R0,#+17
   \   000001FA   0xB2E4             UXTB     R4,R4            ;; ZeroExt  R4,R4,#+24,#+24
   \   000001FC   0x0161             LSLS     R1,R4,#+5
   \   000001FE   0xF101 0x4180      ADD      R1,R1,#+1073741824
   \   00000202   0xF511 0x4110      ADDS     R1,R1,#+36864
   \   00000206   0x83C8             STRH     R0,[R1, #+30]
    153            }
    154            
    155            //默认为禁用次循环地址偏移功能，后续更新添加此功能
    156            if( 1 == 1)
    157            {
    158              //次循环一次传输字节的个数
    159              DMA0->TCD[chx].NBYTES_MLNO = DMA_NBYTES_MLNO_NBYTES(minor_cnt);
   \   00000208   0x9803             LDR      R0,[SP, #+12]
   \   0000020A   0xB2E4             UXTB     R4,R4            ;; ZeroExt  R4,R4,#+24,#+24
   \   0000020C   0x0161             LSLS     R1,R4,#+5
   \   0000020E   0xF101 0x4180      ADD      R1,R1,#+1073741824
   \   00000212   0xF511 0x4110      ADDS     R1,R1,#+36864
   \   00000216   0x6088             STR      R0,[R1, #+8]
    160            }
    161            
    162            //清空TCD控制寄存器     
    163            DMA0->TCD[chx].CSR = 0;
   \   00000218   0x2000             MOVS     R0,#+0
   \   0000021A   0xB2E4             UXTB     R4,R4            ;; ZeroExt  R4,R4,#+24,#+24
   \   0000021C   0x0161             LSLS     R1,R4,#+5
   \   0000021E   0xF101 0x4180      ADD      R1,R1,#+1073741824
   \   00000222   0xF511 0x4110      ADDS     R1,R1,#+36864
   \   00000226   0x8388             STRH     R0,[R1, #+28]
    164            
    165            //配置eDMA中断
    166            if((dma_init_struct.DMA_Isr != NULL) && 
    167               (dma_init_struct.DMA_MajorCompleteIntEnable == TRUE))
   \   00000228   0x9818             LDR      R0,[SP, #+96]
   \   0000022A   0x2800             CMP      R0,#+0
   \   0000022C   0xD018             BEQ.N    ??LPLD_DMA_Init_9
   \   0000022E   0xF89D 0x005D      LDRB     R0,[SP, #+93]
   \   00000232   0x2801             CMP      R0,#+1
   \   00000234   0xD114             BNE.N    ??LPLD_DMA_Init_9
    168            {
    169          
    170                 DMA0->TCD[chx].CSR |= DMA_CSR_INTMAJOR_MASK; //使能DMA 主循环计数器减到零 中断
   \   00000236   0xB2E4             UXTB     R4,R4            ;; ZeroExt  R4,R4,#+24,#+24
   \   00000238   0x0160             LSLS     R0,R4,#+5
   \   0000023A   0xF100 0x4080      ADD      R0,R0,#+1073741824
   \   0000023E   0xF510 0x4010      ADDS     R0,R0,#+36864
   \   00000242   0x8B80             LDRH     R0,[R0, #+28]
   \   00000244   0xF050 0x0002      ORRS     R0,R0,#0x2
   \   00000248   0xB2E4             UXTB     R4,R4            ;; ZeroExt  R4,R4,#+24,#+24
   \   0000024A   0x0161             LSLS     R1,R4,#+5
   \   0000024C   0xF101 0x4180      ADD      R1,R1,#+1073741824
   \   00000250   0xF511 0x4110      ADDS     R1,R1,#+36864
   \   00000254   0x8388             STRH     R0,[R1, #+28]
    171                 DMA_ISR[chx] = dma_init_struct.DMA_Isr;
   \   00000256   0x9818             LDR      R0,[SP, #+96]
   \   00000258   0x....             LDR.N    R1,??DataTable18_8
   \   0000025A   0xB2E4             UXTB     R4,R4            ;; ZeroExt  R4,R4,#+24,#+24
   \   0000025C   0xF841 0x0024      STR      R0,[R1, R4, LSL #+2]
    172            }
    173            if((dma_init_struct.DMA_Isr != NULL) && 
    174               (dma_init_struct.DMA_MajorHalfCompleteIntEnable == TRUE))
   \                     ??LPLD_DMA_Init_9: (+1)
   \   00000260   0x9818             LDR      R0,[SP, #+96]
   \   00000262   0x2800             CMP      R0,#+0
   \   00000264   0xD018             BEQ.N    ??LPLD_DMA_Init_10
   \   00000266   0xF89D 0x005E      LDRB     R0,[SP, #+94]
   \   0000026A   0x2801             CMP      R0,#+1
   \   0000026C   0xD114             BNE.N    ??LPLD_DMA_Init_10
    175            {
    176          
    177                 DMA0->TCD[chx].CSR |= DMA_CSR_INTHALF_MASK; //使能DMA 主循环计数器减到一半 中断
   \   0000026E   0xB2E4             UXTB     R4,R4            ;; ZeroExt  R4,R4,#+24,#+24
   \   00000270   0x0160             LSLS     R0,R4,#+5
   \   00000272   0xF100 0x4080      ADD      R0,R0,#+1073741824
   \   00000276   0xF510 0x4010      ADDS     R0,R0,#+36864
   \   0000027A   0x8B80             LDRH     R0,[R0, #+28]
   \   0000027C   0xF050 0x0004      ORRS     R0,R0,#0x4
   \   00000280   0xB2E4             UXTB     R4,R4            ;; ZeroExt  R4,R4,#+24,#+24
   \   00000282   0x0161             LSLS     R1,R4,#+5
   \   00000284   0xF101 0x4180      ADD      R1,R1,#+1073741824
   \   00000288   0xF511 0x4110      ADDS     R1,R1,#+36864
   \   0000028C   0x8388             STRH     R0,[R1, #+28]
    178                 DMA_ISR[chx] = dma_init_struct.DMA_Isr;
   \   0000028E   0x9818             LDR      R0,[SP, #+96]
   \   00000290   0x....             LDR.N    R1,??DataTable18_8
   \   00000292   0xB2E4             UXTB     R4,R4            ;; ZeroExt  R4,R4,#+24,#+24
   \   00000294   0xF841 0x0024      STR      R0,[R1, R4, LSL #+2]
    179            }
    180              
    181            if(auto_disable == TRUE)
   \                     ??LPLD_DMA_Init_10: (+1)
   \   00000298   0xFA5F 0xFB8B      UXTB     R11,R11          ;; ZeroExt  R11,R11,#+24,#+24
   \   0000029C   0xF1BB 0x0F01      CMP      R11,#+1
   \   000002A0   0xD110             BNE.N    ??LPLD_DMA_Init_11
    182            {
    183               DMA0->TCD[chx].CSR |= DMA_CSR_DREQ_MASK; //主循环计数器等于零后，自动关闭DMA 
   \   000002A2   0xB2E4             UXTB     R4,R4            ;; ZeroExt  R4,R4,#+24,#+24
   \   000002A4   0x0160             LSLS     R0,R4,#+5
   \   000002A6   0xF100 0x4080      ADD      R0,R0,#+1073741824
   \   000002AA   0xF510 0x4010      ADDS     R0,R0,#+36864
   \   000002AE   0x8B80             LDRH     R0,[R0, #+28]
   \   000002B0   0xF050 0x0008      ORRS     R0,R0,#0x8
   \   000002B4   0xB2E4             UXTB     R4,R4            ;; ZeroExt  R4,R4,#+24,#+24
   \   000002B6   0x0161             LSLS     R1,R4,#+5
   \   000002B8   0xF101 0x4180      ADD      R1,R1,#+1073741824
   \   000002BC   0xF511 0x4110      ADDS     R1,R1,#+36864
   \   000002C0   0x8388             STRH     R0,[R1, #+28]
   \   000002C2   0xE010             B.N      ??LPLD_DMA_Init_12
    184            }
    185            else
    186            {
    187               DMA0->TCD[chx].CSR &= ~(DMA_CSR_DREQ_MASK); //主循环计数器等于零后，不关闭DMA
   \                     ??LPLD_DMA_Init_11: (+1)
   \   000002C4   0xB2E4             UXTB     R4,R4            ;; ZeroExt  R4,R4,#+24,#+24
   \   000002C6   0x0160             LSLS     R0,R4,#+5
   \   000002C8   0xF100 0x4080      ADD      R0,R0,#+1073741824
   \   000002CC   0xF510 0x4010      ADDS     R0,R0,#+36864
   \   000002D0   0x8B80             LDRH     R0,[R0, #+28]
   \   000002D2   0xF64F 0x71F7      MOVW     R1,#+65527
   \   000002D6   0x4008             ANDS     R0,R1,R0
   \   000002D8   0xB2E4             UXTB     R4,R4            ;; ZeroExt  R4,R4,#+24,#+24
   \   000002DA   0x0161             LSLS     R1,R4,#+5
   \   000002DC   0xF101 0x4180      ADD      R1,R1,#+1073741824
   \   000002E0   0xF511 0x4110      ADDS     R1,R1,#+36864
   \   000002E4   0x8388             STRH     R0,[R1, #+28]
    188            } 
    189           
    190            //DMA通道使能
    191          #if defined(CPU_MK60DZ10) || defined(CPU_MK60D10)   
    192            DMAMUX->CHCFG[chx] |= DMAMUX_CHCFG_ENBL_MASK;
   \                     ??LPLD_DMA_Init_12: (+1)
   \   000002E6   0x....             LDR.N    R0,??DataTable18_6  ;; 0x40021000
   \   000002E8   0xB2E4             UXTB     R4,R4            ;; ZeroExt  R4,R4,#+24,#+24
   \   000002EA   0x5C20             LDRB     R0,[R4, R0]
   \   000002EC   0xF050 0x0080      ORRS     R0,R0,#0x80
   \   000002F0   0x....             LDR.N    R1,??DataTable18_6  ;; 0x40021000
   \   000002F2   0xB2E4             UXTB     R4,R4            ;; ZeroExt  R4,R4,#+24,#+24
   \   000002F4   0x5460             STRB     R0,[R4, R1]
    193          #elif defined(CPU_MK60F12) || defined(CPU_MK60F15)
    194            if(chx < 16)
    195            {
    196              DMAMUX0->CHCFG[chx] |= DMAMUX_CHCFG_ENBL_MASK;
    197            }
    198            else
    199            {
    200              DMAMUX1->CHCFG[chx - 16] |= DMAMUX_CHCFG_ENBL_MASK;
    201            }
    202          #endif
    203            return 1;
   \   000002F6   0x2001             MOVS     R0,#+1
   \   000002F8   0xB005             ADD      SP,SP,#+20
   \   000002FA   0xE8BD 0x0FF0      POP      {R4-R11}
   \   000002FE   0xF85D 0xFB14      LDR      PC,[SP], #+20    ;; return
    204          }
    205          
    206          /*
    207           * LPLD_DMA_EnableIrq
    208           * 使能eDMA中断
    209           * 
    210           * 参数:
    211           *    dma_init_struct--eDMA初始化结构体，
    212           *                        具体定义见DMA_InitTypeDef
    213           *
    214           * 输出:
    215           *    0--失败
    216           *    1--成功
    217           */

   \                                 In section .text, align 2, keep-with-next
    218          uint8 LPLD_DMA_EnableIrq(DMA_InitTypeDef dma_init_struct)
    219          {
   \                     LPLD_DMA_EnableIrq: (+1)
   \   00000000   0xB40F             PUSH     {R0-R3}
   \   00000002   0xB580             PUSH     {R7,LR}
    220          #if defined(CPU_MK60DZ10) || defined(CPU_MK60D10) 
    221            enable_irq((IRQn_Type)(dma_init_struct.DMA_CHx + DMA0_IRQn)); 
   \   00000004   0xF99D 0x0008      LDRSB    R0,[SP, #+8]
   \   00000008   0xB240             SXTB     R0,R0            ;; SignExt  R0,R0,#+24,#+24
   \   0000000A   0x.... 0x....      BL       NVIC_EnableIRQ
    222          #elif defined(CPU_MK60F12) || defined(CPU_MK60F15)
    223            if(dma_init_struct.DMA_CHx < 16)
    224            {
    225              enable_irq((IRQn_Type)(dma_init_struct.DMA_CHx + DMA0_DMA16_IRQn));
    226            }
    227            else // ch > 16
    228            {
    229              enable_irq((IRQn_Type)(dma_init_struct.DMA_CHx - 16 + DMA0_DMA16_IRQn));
    230            }
    231          #endif 
    232            return 1;
   \   0000000E   0x2001             MOVS     R0,#+1
   \   00000010   0xBC02             POP      {R1}
   \   00000012   0xF85D 0xFB14      LDR      PC,[SP], #+20    ;; return
    233          }
    234          
    235          /*
    236           * LPLD_DMA_DisableIrq
    237           * 禁用eDMA中断
    238           * 
    239           * 参数:
    240           *    dma_init_struct--eDMA初始化结构体，
    241           *                        具体定义见DMA_InitTypeDef
    242           *
    243           * 输出:
    244           *    0--失败
    245           *    1--成功
    246           */

   \                                 In section .text, align 2, keep-with-next
    247          uint8 LPLD_DMA_DisableIrq(DMA_InitTypeDef dma_init_struct)
    248          {
   \                     LPLD_DMA_DisableIrq: (+1)
   \   00000000   0xB40F             PUSH     {R0-R3}
   \   00000002   0xB580             PUSH     {R7,LR}
    249          #if defined(CPU_MK60DZ10) || defined(CPU_MK60D10) 
    250            disable_irq((IRQn_Type)(dma_init_struct.DMA_CHx + DMA0_IRQn)); 
   \   00000004   0xF99D 0x0008      LDRSB    R0,[SP, #+8]
   \   00000008   0xB240             SXTB     R0,R0            ;; SignExt  R0,R0,#+24,#+24
   \   0000000A   0x.... 0x....      BL       NVIC_DisableIRQ
    251          #elif defined(CPU_MK60F12) || defined(CPU_MK60F15)
    252            if(dma_init_struct.DMA_CHx < 16)
    253            {
    254              disable_irq((IRQn_Type)(dma_init_struct.DMA_CHx + DMA0_DMA16_IRQn));
    255            }
    256            else // ch > 16
    257            {
    258              disable_irq((IRQn_Type)(dma_init_struct.DMA_CHx - 16 + DMA0_DMA16_IRQn));
    259            }
    260          #endif 
    261            return 1;
   \   0000000E   0x2001             MOVS     R0,#+1
   \   00000010   0xBC02             POP      {R1}
   \   00000012   0xF85D 0xFB14      LDR      PC,[SP], #+20    ;; return
    262          }
    263          
    264          /*
    265           * LPLD_DMA_SoftwareStartService
    266           * DMA服务请求软件开始
    267           * 
    268           * 参数:
    269           *    dma_init_struct--eDMA初始化结构体，
    270           *                        具体定义见DMA_InitTypeDef
    271           *
    272           * 输出:
    273           *    无
    274           */

   \                                 In section .text, align 2, keep-with-next
    275          __INLINE void LPLD_DMA_SoftwareStartService(DMA_InitTypeDef dma_init_struct)
    276          {
   \                     LPLD_DMA_SoftwareStartService: (+1)
   \   00000000   0xB40F             PUSH     {R0-R3}
    277            DMA0->TCD[dma_init_struct.DMA_CHx].CSR |= DMA_CSR_START_MASK; 
   \   00000002   0xF89D 0x0000      LDRB     R0,[SP, #+0]
   \   00000006   0x0140             LSLS     R0,R0,#+5
   \   00000008   0xF100 0x4080      ADD      R0,R0,#+1073741824
   \   0000000C   0xF510 0x4010      ADDS     R0,R0,#+36864
   \   00000010   0x8B80             LDRH     R0,[R0, #+28]
   \   00000012   0xF050 0x0001      ORRS     R0,R0,#0x1
   \   00000016   0xF89D 0x1000      LDRB     R1,[SP, #+0]
   \   0000001A   0x0149             LSLS     R1,R1,#+5
   \   0000001C   0xF101 0x4180      ADD      R1,R1,#+1073741824
   \   00000020   0xF511 0x4110      ADDS     R1,R1,#+36864
   \   00000024   0x8388             STRH     R0,[R1, #+28]
    278          }
   \   00000026   0xB004             ADD      SP,SP,#+16
   \   00000028   0x4770             BX       LR               ;; return
    279          
    280          /*
    281           * eDMA中断处理函数
    282           * 与启动文件startup_K60.s中的中断向量表关联
    283           * 用户无需修改，程序自动进入对应通道中断函数
    284           */
    285          #if defined(CPU_MK60DZ10) || defined(CPU_MK60D10) 

   \                                 In section .text, align 2, keep-with-next
    286          void DMA0_IRQHandler(void)
    287          {
   \                     DMA0_IRQHandler: (+1)
   \   00000000   0xB580             PUSH     {R7,LR}
    288          #if (UCOS_II > 0u)
    289            OS_CPU_SR  cpu_sr = 0u;
    290            OS_ENTER_CRITICAL(); //告知系统此时已经进入了中断服务子函数
    291            OSIntEnter();
    292            OS_EXIT_CRITICAL();
    293          #endif  
    294            
    295            //调用用户自定义中断服务
    296            DMA_ISR[0]();
   \   00000002   0x....             LDR.N    R0,??DataTable18_8
   \   00000004   0x6800             LDR      R0,[R0, #+0]
   \   00000006   0x4780             BLX      R0
    297            //清除中断标志位
    298            DMA0->INT |= 0x1u<<0;
   \   00000008   0x....             LDR.N    R0,??DataTable18_9  ;; 0x40008024
   \   0000000A   0x6800             LDR      R0,[R0, #+0]
   \   0000000C   0xF050 0x0001      ORRS     R0,R0,#0x1
   \   00000010   0x....             LDR.N    R1,??DataTable18_9  ;; 0x40008024
   \   00000012   0x6008             STR      R0,[R1, #+0]
    299            
    300          #if (UCOS_II > 0u)
    301            OSIntExit();          //告知系统此时即将离开中断服务子函数
    302          #endif
    303          }
   \   00000014   0xBD01             POP      {R0,PC}          ;; return
    304          

   \                                 In section .text, align 2, keep-with-next
    305          void DMA1_IRQHandler(void)
    306          {
   \                     DMA1_IRQHandler: (+1)
   \   00000000   0xB580             PUSH     {R7,LR}
    307          #if (UCOS_II > 0u)
    308            OS_CPU_SR  cpu_sr = 0u;
    309            OS_ENTER_CRITICAL(); //告知系统此时已经进入了中断服务子函数
    310            OSIntEnter();
    311            OS_EXIT_CRITICAL();
    312          #endif  
    313            
    314            //调用用户自定义中断服务
    315            DMA_ISR[1]();
   \   00000002   0x....             LDR.N    R0,??DataTable18_8
   \   00000004   0x6840             LDR      R0,[R0, #+4]
   \   00000006   0x4780             BLX      R0
    316            //清除中断标志位
    317            DMA0->INT |= 0x1u<<1;
   \   00000008   0x....             LDR.N    R0,??DataTable18_9  ;; 0x40008024
   \   0000000A   0x6800             LDR      R0,[R0, #+0]
   \   0000000C   0xF050 0x0002      ORRS     R0,R0,#0x2
   \   00000010   0x....             LDR.N    R1,??DataTable18_9  ;; 0x40008024
   \   00000012   0x6008             STR      R0,[R1, #+0]
    318            
    319          #if (UCOS_II > 0u)
    320            OSIntExit();          //告知系统此时即将离开中断服务子函数
    321          #endif
    322          }
   \   00000014   0xBD01             POP      {R0,PC}          ;; return
    323          

   \                                 In section .text, align 2, keep-with-next
    324          void DMA2_IRQHandler(void)
    325          {
   \                     DMA2_IRQHandler: (+1)
   \   00000000   0xB580             PUSH     {R7,LR}
    326          #if (UCOS_II > 0u)
    327            OS_CPU_SR  cpu_sr = 0u;
    328            OS_ENTER_CRITICAL(); //告知系统此时已经进入了中断服务子函数
    329            OSIntEnter();
    330            OS_EXIT_CRITICAL();
    331          #endif  
    332            
    333            //调用用户自定义中断服务
    334            DMA_ISR[2]();
   \   00000002   0x....             LDR.N    R0,??DataTable18_8
   \   00000004   0x6880             LDR      R0,[R0, #+8]
   \   00000006   0x4780             BLX      R0
    335            //清除中断标志位
    336            DMA0->INT |= 0x1u<<2;
   \   00000008   0x....             LDR.N    R0,??DataTable18_9  ;; 0x40008024
   \   0000000A   0x6800             LDR      R0,[R0, #+0]
   \   0000000C   0xF050 0x0004      ORRS     R0,R0,#0x4
   \   00000010   0x....             LDR.N    R1,??DataTable18_9  ;; 0x40008024
   \   00000012   0x6008             STR      R0,[R1, #+0]
    337            
    338          #if (UCOS_II > 0u)
    339            OSIntExit();          //告知系统此时即将离开中断服务子函数
    340          #endif
    341          }
   \   00000014   0xBD01             POP      {R0,PC}          ;; return
    342          

   \                                 In section .text, align 2, keep-with-next
    343          void DMA3_IRQHandler(void)
    344          {
   \                     DMA3_IRQHandler: (+1)
   \   00000000   0xB580             PUSH     {R7,LR}
    345          #if (UCOS_II > 0u)
    346            OS_CPU_SR  cpu_sr = 0u;
    347            OS_ENTER_CRITICAL(); //告知系统此时已经进入了中断服务子函数
    348            OSIntEnter();
    349            OS_EXIT_CRITICAL();
    350          #endif  
    351            
    352            //调用用户自定义中断服务
    353            DMA_ISR[3]();
   \   00000002   0x....             LDR.N    R0,??DataTable18_8
   \   00000004   0x68C0             LDR      R0,[R0, #+12]
   \   00000006   0x4780             BLX      R0
    354            //清除中断标志位
    355            DMA0->INT |= 0x1u<<3;
   \   00000008   0x....             LDR.N    R0,??DataTable18_9  ;; 0x40008024
   \   0000000A   0x6800             LDR      R0,[R0, #+0]
   \   0000000C   0xF050 0x0008      ORRS     R0,R0,#0x8
   \   00000010   0x....             LDR.N    R1,??DataTable18_9  ;; 0x40008024
   \   00000012   0x6008             STR      R0,[R1, #+0]
    356            
    357          #if (UCOS_II > 0u)
    358            OSIntExit();          //告知系统此时即将离开中断服务子函数
    359          #endif
    360          }
   \   00000014   0xBD01             POP      {R0,PC}          ;; return
    361          

   \                                 In section .text, align 2, keep-with-next
    362          void DMA4_IRQHandler(void)
    363          {
   \                     DMA4_IRQHandler: (+1)
   \   00000000   0xB580             PUSH     {R7,LR}
    364          #if (UCOS_II > 0u)
    365            OS_CPU_SR  cpu_sr = 0u;
    366            OS_ENTER_CRITICAL(); //告知系统此时已经进入了中断服务子函数
    367            OSIntEnter();
    368            OS_EXIT_CRITICAL();
    369          #endif  
    370            
    371            //调用用户自定义中断服务
    372            DMA_ISR[4]();
   \   00000002   0x....             LDR.N    R0,??DataTable18_8
   \   00000004   0x6900             LDR      R0,[R0, #+16]
   \   00000006   0x4780             BLX      R0
    373            //清除中断标志位
    374            DMA0->INT |= 0x1u<<4;
   \   00000008   0x....             LDR.N    R0,??DataTable18_9  ;; 0x40008024
   \   0000000A   0x6800             LDR      R0,[R0, #+0]
   \   0000000C   0xF050 0x0010      ORRS     R0,R0,#0x10
   \   00000010   0x....             LDR.N    R1,??DataTable18_9  ;; 0x40008024
   \   00000012   0x6008             STR      R0,[R1, #+0]
    375            
    376          #if (UCOS_II > 0u)
    377            OSIntExit();          //告知系统此时即将离开中断服务子函数
    378          #endif
    379          }
   \   00000014   0xBD01             POP      {R0,PC}          ;; return
    380          

   \                                 In section .text, align 2, keep-with-next
    381          void DMA5_IRQHandler(void)
    382          {
   \                     DMA5_IRQHandler: (+1)
   \   00000000   0xB580             PUSH     {R7,LR}
    383          #if (UCOS_II > 0u)
    384            OS_CPU_SR  cpu_sr = 0u;
    385            OS_ENTER_CRITICAL(); //告知系统此时已经进入了中断服务子函数
    386            OSIntEnter();
    387            OS_EXIT_CRITICAL();
    388          #endif  
    389            
    390            //调用用户自定义中断服务
    391            DMA_ISR[5]();
   \   00000002   0x....             LDR.N    R0,??DataTable18_8
   \   00000004   0x6940             LDR      R0,[R0, #+20]
   \   00000006   0x4780             BLX      R0
    392            //清除中断标志位
    393            DMA0->INT |= 0x1u<<5;
   \   00000008   0x....             LDR.N    R0,??DataTable18_9  ;; 0x40008024
   \   0000000A   0x6800             LDR      R0,[R0, #+0]
   \   0000000C   0xF050 0x0020      ORRS     R0,R0,#0x20
   \   00000010   0x....             LDR.N    R1,??DataTable18_9  ;; 0x40008024
   \   00000012   0x6008             STR      R0,[R1, #+0]
    394            
    395          #if (UCOS_II > 0u)
    396            OSIntExit();          //告知系统此时即将离开中断服务子函数
    397          #endif
    398          }
   \   00000014   0xBD01             POP      {R0,PC}          ;; return
    399          

   \                                 In section .text, align 2, keep-with-next
    400          void DMA6_IRQHandler(void)
    401          {
   \                     DMA6_IRQHandler: (+1)
   \   00000000   0xB580             PUSH     {R7,LR}
    402          #if (UCOS_II > 0u)
    403            OS_CPU_SR  cpu_sr = 0u;
    404            OS_ENTER_CRITICAL(); //告知系统此时已经进入了中断服务子函数
    405            OSIntEnter();
    406            OS_EXIT_CRITICAL();
    407          #endif  
    408            
    409            //调用用户自定义中断服务
    410            DMA_ISR[6]();
   \   00000002   0x....             LDR.N    R0,??DataTable18_8
   \   00000004   0x6980             LDR      R0,[R0, #+24]
   \   00000006   0x4780             BLX      R0
    411            //清除中断标志位
    412            DMA0->INT |= 0x1u<<6;
   \   00000008   0x....             LDR.N    R0,??DataTable18_9  ;; 0x40008024
   \   0000000A   0x6800             LDR      R0,[R0, #+0]
   \   0000000C   0xF050 0x0040      ORRS     R0,R0,#0x40
   \   00000010   0x....             LDR.N    R1,??DataTable18_9  ;; 0x40008024
   \   00000012   0x6008             STR      R0,[R1, #+0]
    413            
    414          #if (UCOS_II > 0u)
    415            OSIntExit();          //告知系统此时即将离开中断服务子函数
    416          #endif
    417          }
   \   00000014   0xBD01             POP      {R0,PC}          ;; return
    418          

   \                                 In section .text, align 2, keep-with-next
    419          void DMA7_IRQHandler(void)
    420          {
   \                     DMA7_IRQHandler: (+1)
   \   00000000   0xB580             PUSH     {R7,LR}
    421          #if (UCOS_II > 0u)
    422            OS_CPU_SR  cpu_sr = 0u;
    423            OS_ENTER_CRITICAL(); //告知系统此时已经进入了中断服务子函数
    424            OSIntEnter();
    425            OS_EXIT_CRITICAL();
    426          #endif  
    427            
    428            //调用用户自定义中断服务
    429            DMA_ISR[7]();
   \   00000002   0x....             LDR.N    R0,??DataTable18_8
   \   00000004   0x69C0             LDR      R0,[R0, #+28]
   \   00000006   0x4780             BLX      R0
    430            //清除中断标志位
    431            DMA0->INT |= 0x1u<<7;
   \   00000008   0x....             LDR.N    R0,??DataTable18_9  ;; 0x40008024
   \   0000000A   0x6800             LDR      R0,[R0, #+0]
   \   0000000C   0xF050 0x0080      ORRS     R0,R0,#0x80
   \   00000010   0x....             LDR.N    R1,??DataTable18_9  ;; 0x40008024
   \   00000012   0x6008             STR      R0,[R1, #+0]
    432            
    433          #if (UCOS_II > 0u)
    434            OSIntExit();          //告知系统此时即将离开中断服务子函数
    435          #endif
    436          }
   \   00000014   0xBD01             POP      {R0,PC}          ;; return
    437          

   \                                 In section .text, align 2, keep-with-next
    438          void DMA8_IRQHandler(void)
    439          {
   \                     DMA8_IRQHandler: (+1)
   \   00000000   0xB580             PUSH     {R7,LR}
    440          #if (UCOS_II > 0u)
    441            OS_CPU_SR  cpu_sr = 0u;
    442            OS_ENTER_CRITICAL(); //告知系统此时已经进入了中断服务子函数
    443            OSIntEnter();
    444            OS_EXIT_CRITICAL();
    445          #endif  
    446            
    447            //调用用户自定义中断服务
    448            DMA_ISR[8]();
   \   00000002   0x....             LDR.N    R0,??DataTable18_8
   \   00000004   0x6A00             LDR      R0,[R0, #+32]
   \   00000006   0x4780             BLX      R0
    449            //清除中断标志位
    450            DMA0->INT |= 0x1u<<8;
   \   00000008   0x....             LDR.N    R0,??DataTable18_9  ;; 0x40008024
   \   0000000A   0x6800             LDR      R0,[R0, #+0]
   \   0000000C   0xF450 0x7080      ORRS     R0,R0,#0x100
   \   00000010   0x....             LDR.N    R1,??DataTable18_9  ;; 0x40008024
   \   00000012   0x6008             STR      R0,[R1, #+0]
    451            
    452          #if (UCOS_II > 0u)
    453            OSIntExit();          //告知系统此时即将离开中断服务子函数
    454          #endif
    455          }
   \   00000014   0xBD01             POP      {R0,PC}          ;; return
    456          

   \                                 In section .text, align 2, keep-with-next
    457          void DMA9_IRQHandler(void)
    458          {
   \                     DMA9_IRQHandler: (+1)
   \   00000000   0xB580             PUSH     {R7,LR}
    459          #if (UCOS_II > 0u)
    460            OS_CPU_SR  cpu_sr = 0u;
    461            OS_ENTER_CRITICAL(); //告知系统此时已经进入了中断服务子函数
    462            OSIntEnter();
    463            OS_EXIT_CRITICAL();
    464          #endif  
    465            
    466            //调用用户自定义中断服务
    467            DMA_ISR[9]();
   \   00000002   0x....             LDR.N    R0,??DataTable18_8
   \   00000004   0x6A40             LDR      R0,[R0, #+36]
   \   00000006   0x4780             BLX      R0
    468            //清除中断标志位
    469            DMA0->INT |= 0x1u<<9;
   \   00000008   0x....             LDR.N    R0,??DataTable18_9  ;; 0x40008024
   \   0000000A   0x6800             LDR      R0,[R0, #+0]
   \   0000000C   0xF450 0x7000      ORRS     R0,R0,#0x200
   \   00000010   0x....             LDR.N    R1,??DataTable18_9  ;; 0x40008024
   \   00000012   0x6008             STR      R0,[R1, #+0]
    470            
    471          #if (UCOS_II > 0u)
    472            OSIntExit();          //告知系统此时即将离开中断服务子函数
    473          #endif
    474          }
   \   00000014   0xBD01             POP      {R0,PC}          ;; return
    475          

   \                                 In section .text, align 2, keep-with-next
    476          void DMA10_IRQHandler(void)
    477          {
   \                     DMA10_IRQHandler: (+1)
   \   00000000   0xB580             PUSH     {R7,LR}
    478          #if (UCOS_II > 0u)
    479            OS_CPU_SR  cpu_sr = 0u;
    480            OS_ENTER_CRITICAL(); //告知系统此时已经进入了中断服务子函数
    481            OSIntEnter();
    482            OS_EXIT_CRITICAL();
    483          #endif  
    484            
    485            //调用用户自定义中断服务
    486            DMA_ISR[10]();
   \   00000002   0x....             LDR.N    R0,??DataTable18_8
   \   00000004   0x6A80             LDR      R0,[R0, #+40]
   \   00000006   0x4780             BLX      R0
    487            //清除中断标志位
    488            DMA0->INT |= 0x1u<10;
   \   00000008   0x....             LDR.N    R0,??DataTable18_9  ;; 0x40008024
   \   0000000A   0x6800             LDR      R0,[R0, #+0]
   \   0000000C   0xF050 0x0001      ORRS     R0,R0,#0x1
   \   00000010   0x....             LDR.N    R1,??DataTable18_9  ;; 0x40008024
   \   00000012   0x6008             STR      R0,[R1, #+0]
    489            
    490          #if (UCOS_II > 0u)
    491            OSIntExit();          //告知系统此时即将离开中断服务子函数
    492          #endif
    493          }
   \   00000014   0xBD01             POP      {R0,PC}          ;; return
    494          

   \                                 In section .text, align 2, keep-with-next
    495          void DMA11_IRQHandler(void)
    496          {
   \                     DMA11_IRQHandler: (+1)
   \   00000000   0xB580             PUSH     {R7,LR}
    497          #if (UCOS_II > 0u)
    498            OS_CPU_SR  cpu_sr = 0u;
    499            OS_ENTER_CRITICAL(); //告知系统此时已经进入了中断服务子函数
    500            OSIntEnter();
    501            OS_EXIT_CRITICAL();
    502          #endif  
    503            
    504            //调用用户自定义中断服务
    505            DMA_ISR[11]();
   \   00000002   0x....             LDR.N    R0,??DataTable18_8
   \   00000004   0x6AC0             LDR      R0,[R0, #+44]
   \   00000006   0x4780             BLX      R0
    506            //清除中断标志位
    507            DMA0->INT |= 0x1u<<11;
   \   00000008   0x....             LDR.N    R0,??DataTable18_9  ;; 0x40008024
   \   0000000A   0x6800             LDR      R0,[R0, #+0]
   \   0000000C   0xF450 0x6000      ORRS     R0,R0,#0x800
   \   00000010   0x....             LDR.N    R1,??DataTable18_9  ;; 0x40008024
   \   00000012   0x6008             STR      R0,[R1, #+0]
    508            
    509          #if (UCOS_II > 0u)
    510            OSIntExit();          //告知系统此时即将离开中断服务子函数
    511          #endif
    512          }
   \   00000014   0xBD01             POP      {R0,PC}          ;; return
    513          

   \                                 In section .text, align 2, keep-with-next
    514          void DMA12_IRQHandler(void)
    515          {
   \                     DMA12_IRQHandler: (+1)
   \   00000000   0xB580             PUSH     {R7,LR}
    516          #if (UCOS_II > 0u)
    517            OS_CPU_SR  cpu_sr = 0u;
    518            OS_ENTER_CRITICAL(); //告知系统此时已经进入了中断服务子函数
    519            OSIntEnter();
    520            OS_EXIT_CRITICAL();
    521          #endif  
    522            
    523            //调用用户自定义中断服务
    524            DMA_ISR[12]();
   \   00000002   0x....             LDR.N    R0,??DataTable18_8
   \   00000004   0x6B00             LDR      R0,[R0, #+48]
   \   00000006   0x4780             BLX      R0
    525            //清除中断标志位
    526            DMA0->INT |= 0x1u<<12;
   \   00000008   0x....             LDR.N    R0,??DataTable18_9  ;; 0x40008024
   \   0000000A   0x6800             LDR      R0,[R0, #+0]
   \   0000000C   0xF450 0x5080      ORRS     R0,R0,#0x1000
   \   00000010   0x....             LDR.N    R1,??DataTable18_9  ;; 0x40008024
   \   00000012   0x6008             STR      R0,[R1, #+0]
    527            
    528          #if (UCOS_II > 0u)
    529            OSIntExit();          //告知系统此时即将离开中断服务子函数
    530          #endif
    531          }
   \   00000014   0xBD01             POP      {R0,PC}          ;; return
    532          

   \                                 In section .text, align 2, keep-with-next
    533          void DMA13_IRQHandler(void)
    534          {
   \                     DMA13_IRQHandler: (+1)
   \   00000000   0xB580             PUSH     {R7,LR}
    535          #if (UCOS_II > 0u)
    536            OS_CPU_SR  cpu_sr = 0u;
    537            OS_ENTER_CRITICAL(); //告知系统此时已经进入了中断服务子函数
    538            OSIntEnter();
    539            OS_EXIT_CRITICAL();
    540          #endif  
    541            
    542            //调用用户自定义中断服务
    543            DMA_ISR[13]();
   \   00000002   0x....             LDR.N    R0,??DataTable18_8
   \   00000004   0x6B40             LDR      R0,[R0, #+52]
   \   00000006   0x4780             BLX      R0
    544            //清除中断标志位
    545            DMA0->INT |= 0x1u<<13;
   \   00000008   0x....             LDR.N    R0,??DataTable18_9  ;; 0x40008024
   \   0000000A   0x6800             LDR      R0,[R0, #+0]
   \   0000000C   0xF450 0x5000      ORRS     R0,R0,#0x2000
   \   00000010   0x....             LDR.N    R1,??DataTable18_9  ;; 0x40008024
   \   00000012   0x6008             STR      R0,[R1, #+0]
    546            
    547          #if (UCOS_II > 0u)
    548            OSIntExit();          //告知系统此时即将离开中断服务子函数
    549          #endif
    550          }
   \   00000014   0xBD01             POP      {R0,PC}          ;; return
    551          

   \                                 In section .text, align 2, keep-with-next
    552          void DMA14_IRQHandler(void)
    553          {
   \                     DMA14_IRQHandler: (+1)
   \   00000000   0xB580             PUSH     {R7,LR}
    554          #if (UCOS_II > 0u)
    555            OS_CPU_SR  cpu_sr = 0u;
    556            OS_ENTER_CRITICAL(); //告知系统此时已经进入了中断服务子函数
    557            OSIntEnter();
    558            OS_EXIT_CRITICAL();
    559          #endif  
    560            
    561            //调用用户自定义中断服务
    562            DMA_ISR[14]();
   \   00000002   0x....             LDR.N    R0,??DataTable18_8
   \   00000004   0x6B80             LDR      R0,[R0, #+56]
   \   00000006   0x4780             BLX      R0
    563            //清除中断标志位
    564            DMA0->INT |= 0x1u<<14;
   \   00000008   0x....             LDR.N    R0,??DataTable18_9  ;; 0x40008024
   \   0000000A   0x6800             LDR      R0,[R0, #+0]
   \   0000000C   0xF450 0x4080      ORRS     R0,R0,#0x4000
   \   00000010   0x....             LDR.N    R1,??DataTable18_9  ;; 0x40008024
   \   00000012   0x6008             STR      R0,[R1, #+0]
    565            
    566          #if (UCOS_II > 0u)
    567            OSIntExit();          //告知系统此时即将离开中断服务子函数
    568          #endif
    569          }
   \   00000014   0xBD01             POP      {R0,PC}          ;; return
    570          

   \                                 In section .text, align 2, keep-with-next
    571          void DMA15_IRQHandler(void)
    572          {
   \                     DMA15_IRQHandler: (+1)
   \   00000000   0xB580             PUSH     {R7,LR}
    573          #if (UCOS_II > 0u)
    574            OS_CPU_SR  cpu_sr = 0u;
    575            OS_ENTER_CRITICAL(); //告知系统此时已经进入了中断服务子函数
    576            OSIntEnter();
    577            OS_EXIT_CRITICAL();
    578          #endif  
    579            
    580            //调用用户自定义中断服务
    581            DMA_ISR[15]();
   \   00000002   0x....             LDR.N    R0,??DataTable18_8
   \   00000004   0x6BC0             LDR      R0,[R0, #+60]
   \   00000006   0x4780             BLX      R0
    582            //清除中断标志位
    583            DMA0->INT |= 0x1u<<15;
   \   00000008   0x....             LDR.N    R0,??DataTable18_9  ;; 0x40008024
   \   0000000A   0x6800             LDR      R0,[R0, #+0]
   \   0000000C   0xF450 0x4000      ORRS     R0,R0,#0x8000
   \   00000010   0x....             LDR.N    R1,??DataTable18_9  ;; 0x40008024
   \   00000012   0x6008             STR      R0,[R1, #+0]
    584            
    585          #if (UCOS_II > 0u)
    586            OSIntExit();          //告知系统此时即将离开中断服务子函数
    587          #endif
    588          }
   \   00000014   0xBD01             POP      {R0,PC}          ;; return

   \                                 In section .text, align 4, keep-with-next
   \                     ??DataTable18:
   \   00000000   0xE000E100         DC32     0xe000e100

   \                                 In section .text, align 4, keep-with-next
   \                     ??DataTable18_1:
   \   00000000   0xE000E180         DC32     0xe000e180

   \                                 In section .text, align 4, keep-with-next
   \                     ??DataTable18_2:
   \   00000000   0x........         DC32     ?_0

   \                                 In section .text, align 4, keep-with-next
   \                     ??DataTable18_3:
   \   00000000   0x4004803C         DC32     0x4004803c

   \                                 In section .text, align 4, keep-with-next
   \                     ??DataTable18_4:
   \   00000000   0x40048040         DC32     0x40048040

   \                                 In section .text, align 4, keep-with-next
   \                     ??DataTable18_5:
   \   00000000   0x4000800C         DC32     0x4000800c

   \                                 In section .text, align 4, keep-with-next
   \                     ??DataTable18_6:
   \   00000000   0x40021000         DC32     0x40021000

   \                                 In section .text, align 4, keep-with-next
   \                     ??DataTable18_7:
   \   00000000   0x40009000         DC32     0x40009000

   \                                 In section .text, align 4, keep-with-next
   \                     ??DataTable18_8:
   \   00000000   0x........         DC32     DMA_ISR

   \                                 In section .text, align 4, keep-with-next
   \                     ??DataTable18_9:
   \   00000000   0x40008024         DC32     0x40008024

   \                                 In section .rodata, align 4
   \                     ?_0:
   \   00000000   0x44 0x3A          DC8 44H, 3AH, 5CH, 4CH, 50H, 4CH, 44H, 56H
   \              0x5C 0x4C    
   \              0x50 0x4C    
   \              0x44 0x56    
   \   00000008   0x33 0x2E          DC8 33H, 2EH, 31H, 5CH, 4CH, 50H, 4CH, 44H
   \              0x31 0x5C    
   \              0x4C 0x50    
   \              0x4C 0x44    
   \   00000010   0x5F 0x4F          DC8 5FH, 4FH, 53H, 4BH, 69H, 6EH, 65H, 74H
   \              0x53 0x4B    
   \              0x69 0x6E    
   \              0x65 0x74    
   \   00000018   0x69 0x73          DC8 69H, 73H, 5FH, 56H, 33H, 5CH, 6CH, 69H
   \              0x5F 0x56    
   \              0x33 0x5C    
   \              0x6C 0x69    
   \   00000020   0x62 0x5C          DC8 62H, 5CH, 4CH, 50H, 4CH, 44H, 5CH, 48H
   \              0x4C 0x50    
   \              0x4C 0x44    
   \              0x5C 0x48    
   \   00000028   0x57 0x5C          DC8 57H, 5CH, 48H, 57H, 5FH, 44H, 4DH, 41H
   \              0x48 0x57    
   \              0x5F 0x44    
   \              0x4D 0x41    
   \   00000030   0x2E 0x63          DC8 2EH, 63H, 0
   \              0x00         
   \   00000033   0x00               DC8 0
    589          #elif defined(CPU_MK60F12) || defined(CPU_MK60F15)
    590          //DMA0 DMA16共用此Handler
    591          void DMA0_IRQHandler(void)
    592          {
    593          #if (UCOS_II > 0u)
    594            OS_CPU_SR  cpu_sr = 0u;
    595            OS_ENTER_CRITICAL(); //告知系统此时已经进入了中断服务子函数
    596            OSIntEnter();
    597            OS_EXIT_CRITICAL();
    598          #endif  
    599            
    600            if( DMA0->INT & 0x1u<<0)
    601            {
    602              //调用用户自定义中断服务
    603              DMA_ISR[0]();
    604              //清除中断标志位
    605              DMA0->INT |= 0x1u<<0;
    606            }
    607            else if(DMA0->INT & 0x1u<<16)
    608            {
    609              //调用用户自定义中断服务
    610              DMA_ISR[16]();
    611              //清除中断标志位
    612              DMA0->INT |= 0x1u<<16;
    613            }
    614            else
    615            {}
    616            
    617          #if (UCOS_II > 0u)
    618            OSIntExit();          //告知系统此时即将离开中断服务子函数
    619          #endif
    620          }
    621          //DMA1 DMA17共用此Handler
    622          void DMA1_IRQHandler(void)
    623          {
    624          #if (UCOS_II > 0u)
    625            OS_CPU_SR  cpu_sr = 0u;
    626            OS_ENTER_CRITICAL(); //告知系统此时已经进入了中断服务子函数
    627            OSIntEnter();
    628            OS_EXIT_CRITICAL();
    629          #endif  
    630            
    631            if( DMA0->INT & 0x1u<<1)
    632            {
    633              //调用用户自定义中断服务
    634              DMA_ISR[1]();
    635              //清除中断标志位
    636              DMA0->INT |= 0x1u<<1;
    637            }
    638            else if(DMA0->INT & 0x1u<<17)
    639            {
    640              //调用用户自定义中断服务
    641              DMA_ISR[17]();
    642              //清除中断标志位
    643              DMA0->INT |= 0x1u<<17;
    644            }
    645            else
    646            {}
    647            
    648          #if (UCOS_II > 0u)
    649            OSIntExit();          //告知系统此时即将离开中断服务子函数
    650          #endif
    651          }
    652          //DMA2 DMA18共用此Handler
    653          void DMA2_IRQHandler(void)
    654          {
    655          #if (UCOS_II > 0u)
    656            OS_CPU_SR  cpu_sr = 0u;
    657            OS_ENTER_CRITICAL(); //告知系统此时已经进入了中断服务子函数
    658            OSIntEnter();
    659            OS_EXIT_CRITICAL();
    660          #endif  
    661            
    662            if( DMA0->INT & 0x1u<<2)
    663            {
    664              //调用用户自定义中断服务
    665              DMA_ISR[2]();
    666              //清除中断标志位
    667              DMA0->INT |= 0x1u<<2;
    668            }
    669            else if(DMA0->INT & 0x1u<<18)
    670            {
    671              //调用用户自定义中断服务
    672              DMA_ISR[18]();
    673              //清除中断标志位
    674              DMA0->INT |= 0x1u<<18;
    675            }
    676            else
    677            {}
    678            
    679          #if (UCOS_II > 0u)
    680            OSIntExit();          //告知系统此时即将离开中断服务子函数
    681          #endif
    682          }
    683          //DMA3 DMA19共用此Handler
    684          void DMA3_IRQHandler(void)
    685          {
    686          #if (UCOS_II > 0u)
    687            OS_CPU_SR  cpu_sr = 0u;
    688            OS_ENTER_CRITICAL(); //告知系统此时已经进入了中断服务子函数
    689            OSIntEnter();
    690            OS_EXIT_CRITICAL();
    691          #endif  
    692            
    693            if( DMA0->INT & 0x1u<<3)
    694            {
    695              //调用用户自定义中断服务
    696              DMA_ISR[3]();
    697              //清除中断标志位
    698              DMA0->INT |= 0x1u<<3;
    699            }
    700            else if(DMA0->INT & 0x1u<<19)
    701            {
    702              //调用用户自定义中断服务
    703              DMA_ISR[19]();
    704              //清除中断标志位
    705              DMA0->INT |= 0x1u<<19;
    706            }
    707            else
    708            {}
    709            
    710          #if (UCOS_II > 0u)
    711            OSIntExit();          //告知系统此时即将离开中断服务子函数
    712          #endif
    713          }
    714          //DMA4 DMA20共用此Handler
    715          void DMA4_IRQHandler(void)
    716          {
    717          #if (UCOS_II > 0u)
    718            OS_CPU_SR  cpu_sr = 0u;
    719            OS_ENTER_CRITICAL(); //告知系统此时已经进入了中断服务子函数
    720            OSIntEnter();
    721            OS_EXIT_CRITICAL();
    722          #endif  
    723            
    724            if( DMA0->INT & 0x1u<<4)
    725            {
    726              //调用用户自定义中断服务
    727              DMA_ISR[4]();
    728              //清除中断标志位
    729              DMA0->INT |= 0x1u<<4;
    730            }
    731            else if(DMA0->INT & 0x1u<<20)
    732            {
    733              //调用用户自定义中断服务
    734              DMA_ISR[20]();
    735              //清除中断标志位
    736              DMA0->INT |= 0x1u<<20;
    737            }
    738            else
    739            {}
    740            
    741          #if (UCOS_II > 0u)
    742            OSIntExit();          //告知系统此时即将离开中断服务子函数
    743          #endif
    744          }
    745          //DMA5 DMA21共用此Handler
    746          void DMA5_IRQHandler(void)
    747          {
    748          #if (UCOS_II > 0u)
    749            OS_CPU_SR  cpu_sr = 0u;
    750            OS_ENTER_CRITICAL(); //告知系统此时已经进入了中断服务子函数
    751            OSIntEnter();
    752            OS_EXIT_CRITICAL();
    753          #endif  
    754            
    755            if( DMA0->INT & 0x1u<<5)
    756            {
    757              //调用用户自定义中断服务
    758              DMA_ISR[5]();
    759              //清除中断标志位
    760              DMA0->INT |= 0x1u<<5;
    761            }
    762            else if(DMA0->INT & 0x1u<<21)
    763            {
    764              //调用用户自定义中断服务
    765              DMA_ISR[21]();
    766              //清除中断标志位
    767              DMA0->INT |= 0x1u<<21;
    768            }
    769            else
    770            {}
    771            
    772          #if (UCOS_II > 0u)
    773            OSIntExit();          //告知系统此时即将离开中断服务子函数
    774          #endif
    775          }
    776          //DMA6 DMA22共用此Handler
    777          void DMA6_IRQHandler(void)
    778          {
    779          #if (UCOS_II > 0u)
    780            OS_CPU_SR  cpu_sr = 0u;
    781            OS_ENTER_CRITICAL(); //告知系统此时已经进入了中断服务子函数
    782            OSIntEnter();
    783            OS_EXIT_CRITICAL();
    784          #endif  
    785            
    786            if( DMA0->INT & 0x1u<<6)
    787            {
    788              //调用用户自定义中断服务
    789              DMA_ISR[6]();
    790              //清除中断标志位
    791              DMA0->INT |= 0x1u<<6;
    792            }
    793            else if(DMA0->INT & 0x1u<<22)
    794            {
    795              //调用用户自定义中断服务
    796              DMA_ISR[22]();
    797              //清除中断标志位
    798              DMA0->INT |= 0x1u<<22;
    799            }
    800            else
    801            {}
    802            
    803          #if (UCOS_II > 0u)
    804            OSIntExit();          //告知系统此时即将离开中断服务子函数
    805          #endif
    806          }
    807          //DMA7 DMA23共用此Handler
    808          void DMA7_IRQHandler(void)
    809          {
    810          #if (UCOS_II > 0u)
    811            OS_CPU_SR  cpu_sr = 0u;
    812            OS_ENTER_CRITICAL(); //告知系统此时已经进入了中断服务子函数
    813            OSIntEnter();
    814            OS_EXIT_CRITICAL();
    815          #endif  
    816            
    817            if( DMA0->INT & 0x1u<<7 )
    818            {
    819              //调用用户自定义中断服务
    820              DMA_ISR[7]();
    821              //清除中断标志位
    822              DMA0->INT |= 0x1u<<7;
    823            }
    824            else if( DMA0->INT & 0x1u<<23 )
    825            {
    826              //调用用户自定义中断服务
    827              DMA_ISR[23]();
    828              //清除中断标志位
    829              DMA0->INT |= 0x1u<<23;
    830            }
    831            else
    832            {}
    833            
    834          #if (UCOS_II > 0u)
    835            OSIntExit();          //告知系统此时即将离开中断服务子函数
    836          #endif
    837          }
    838          //DMA8 DMA24共用此Handler
    839          void DMA8_IRQHandler(void)
    840          {
    841          #if (UCOS_II > 0u)
    842            OS_CPU_SR  cpu_sr = 0u;
    843            OS_ENTER_CRITICAL(); //告知系统此时已经进入了中断服务子函数
    844            OSIntEnter();
    845            OS_EXIT_CRITICAL();
    846          #endif  
    847            
    848            if( DMA0->INT & 0x1u<<8 )
    849            {
    850              //调用用户自定义中断服务
    851              DMA_ISR[8]();
    852              //清除中断标志位
    853              DMA0->INT |= 0x1u<<8;
    854            }
    855            else if( DMA0->INT & 0x1u<<24 )
    856            {
    857              //调用用户自定义中断服务
    858              DMA_ISR[24]();
    859              //清除中断标志位
    860              DMA0->INT |= 0x1u<<24;
    861            }
    862            else
    863            {}
    864            
    865          #if (UCOS_II > 0u)
    866            OSIntExit();          //告知系统此时即将离开中断服务子函数
    867          #endif
    868          }
    869          //DMA9 DMA25共用此Handler
    870          void DMA9_IRQHandler(void)
    871          {
    872          #if (UCOS_II > 0u)
    873            OS_CPU_SR  cpu_sr = 0u;
    874            OS_ENTER_CRITICAL(); //告知系统此时已经进入了中断服务子函数
    875            OSIntEnter();
    876            OS_EXIT_CRITICAL();
    877          #endif  
    878            
    879            if( DMA0->INT & 0x1u<<9 )
    880            {
    881              //调用用户自定义中断服务
    882              DMA_ISR[9]();
    883              //清除中断标志位
    884              DMA0->INT |= 0x1u<<9;
    885            }
    886            else if( DMA0->INT & 0x1u<<25 )
    887            {
    888              //调用用户自定义中断服务
    889              DMA_ISR[25]();
    890              //清除中断标志位
    891              DMA0->INT |= 0x1u<<25;
    892            }
    893            else
    894            {}
    895            
    896          #if (UCOS_II > 0u)
    897            OSIntExit();          //告知系统此时即将离开中断服务子函数
    898          #endif
    899          }
    900          //DMA10 DMA26共用此Handler
    901          void DMA10_IRQHandler(void)
    902          {
    903          #if (UCOS_II > 0u)
    904            OS_CPU_SR  cpu_sr = 0u;
    905            OS_ENTER_CRITICAL(); //告知系统此时已经进入了中断服务子函数
    906            OSIntEnter();
    907            OS_EXIT_CRITICAL();
    908          #endif  
    909            
    910            if( DMA0->INT & 0x1u<<10 )
    911            {
    912              //调用用户自定义中断服务
    913              DMA_ISR[10]();
    914              //清除中断标志位
    915              DMA0->INT |= 0x1u<<10;
    916            }
    917            else if( DMA0->INT & 0x1u<<26 )
    918            {
    919              //调用用户自定义中断服务
    920              DMA_ISR[26]();
    921              //清除中断标志位
    922              DMA0->INT |= 0x1u<<26;
    923            }
    924            else
    925            {}
    926            
    927          #if (UCOS_II > 0u)
    928            OSIntExit();          //告知系统此时即将离开中断服务子函数
    929          #endif
    930          }
    931          //DMA11 DMA27共用此Handler
    932          void DMA11_IRQHandler(void)
    933          {
    934          #if (UCOS_II > 0u)
    935            OS_CPU_SR  cpu_sr = 0u;
    936            OS_ENTER_CRITICAL(); //告知系统此时已经进入了中断服务子函数
    937            OSIntEnter();
    938            OS_EXIT_CRITICAL();
    939          #endif  
    940            
    941            if( DMA0->INT & 0x1u<<11 )
    942            {
    943              //调用用户自定义中断服务
    944              DMA_ISR[11]();
    945              //清除中断标志位
    946              DMA0->INT |= 0x1u<<11;
    947            }
    948            else if( DMA0->INT & 0x1u<<27 )
    949            {
    950              //调用用户自定义中断服务
    951              DMA_ISR[27]();
    952              //清除中断标志位
    953              DMA0->INT |= 0x1u<<27;
    954            }
    955            else
    956            {}  
    957          #if (UCOS_II > 0u)
    958            OSIntExit();          //告知系统此时即将离开中断服务子函数
    959          #endif
    960          }
    961          //DMA12 DMA28共用此Handler
    962          void DMA12_IRQHandler(void)
    963          {
    964          #if (UCOS_II > 0u)
    965            OS_CPU_SR  cpu_sr = 0u;
    966            OS_ENTER_CRITICAL(); //告知系统此时已经进入了中断服务子函数
    967            OSIntEnter();
    968            OS_EXIT_CRITICAL();
    969          #endif  
    970            
    971            if( DMA0->INT & 0x1u<<12 )
    972            {
    973              //调用用户自定义中断服务
    974              DMA_ISR[12]();
    975              //清除中断标志位
    976              DMA0->INT |= 0x1u<<12;
    977            }
    978            else if( DMA0->INT & 0x1u<<28 )
    979            {
    980              //调用用户自定义中断服务
    981              DMA_ISR[28]();
    982              //清除中断标志位
    983              DMA0->INT |= 0x1u<<28;
    984            }
    985            else
    986            {}  
    987            
    988          #if (UCOS_II > 0u)
    989            OSIntExit();          //告知系统此时即将离开中断服务子函数
    990          #endif
    991          }
    992          //DMA13 DMA29共用此Handler
    993          void DMA13_IRQHandler(void)
    994          {
    995          #if (UCOS_II > 0u)
    996            OS_CPU_SR  cpu_sr = 0u;
    997            OS_ENTER_CRITICAL(); //告知系统此时已经进入了中断服务子函数
    998            OSIntEnter();
    999            OS_EXIT_CRITICAL();
   1000          #endif  
   1001            
   1002            if( DMA0->INT & 0x1u<<13 )
   1003            {
   1004              //调用用户自定义中断服务
   1005              DMA_ISR[13]();
   1006              //清除中断标志位
   1007              DMA0->INT |= 0x1u<<13;
   1008            }
   1009            else if( DMA0->INT & 0x1u<<29 )
   1010            {
   1011              //调用用户自定义中断服务
   1012              DMA_ISR[29]();
   1013              //清除中断标志位
   1014              DMA0->INT |= 0x1u<<29;
   1015            }
   1016            else
   1017            {}   
   1018            
   1019          #if (UCOS_II > 0u)
   1020            OSIntExit();          //告知系统此时即将离开中断服务子函数
   1021          #endif
   1022          }
   1023          //DMA14 DMA30共用此Handler
   1024          void DMA14_IRQHandler(void)
   1025          {
   1026          #if (UCOS_II > 0u)
   1027            OS_CPU_SR  cpu_sr = 0u;
   1028            OS_ENTER_CRITICAL(); //告知系统此时已经进入了中断服务子函数
   1029            OSIntEnter();
   1030            OS_EXIT_CRITICAL();
   1031          #endif  
   1032            
   1033            if( DMA0->INT & 0x1u<<14 )
   1034            {
   1035              //调用用户自定义中断服务
   1036              DMA_ISR[14]();
   1037              //清除中断标志位
   1038              DMA0->INT |= 0x1u<<14;
   1039            }
   1040            else if( DMA0->INT & 0x1u<<30 )
   1041            {
   1042              //调用用户自定义中断服务
   1043              DMA_ISR[30]();
   1044              //清除中断标志位
   1045              DMA0->INT |= 0x1u<<30;
   1046            }
   1047            else
   1048            {}   
   1049            
   1050          #if (UCOS_II > 0u)
   1051            OSIntExit();          //告知系统此时即将离开中断服务子函数
   1052          #endif
   1053          }
   1054          
   1055          //DMA15 DMA31共用此Handler
   1056          void DMA15_IRQHandler(void)
   1057          {
   1058          #if (UCOS_II > 0u)
   1059            OS_CPU_SR  cpu_sr = 0u;
   1060            OS_ENTER_CRITICAL(); //告知系统此时已经进入了中断服务子函数
   1061            OSIntEnter();
   1062            OS_EXIT_CRITICAL();
   1063          #endif  
   1064            
   1065            if( DMA0->INT & 0x1u<<15 )
   1066            {
   1067              //调用用户自定义中断服务
   1068              DMA_ISR[15]();
   1069              //清除中断标志位
   1070              DMA0->INT |= 0x1u<<15;
   1071            }
   1072            else if( DMA0->INT & 0x1u<<31 )
   1073            {
   1074              //调用用户自定义中断服务
   1075              DMA_ISR[31]();
   1076              //清除中断标志位
   1077              DMA0->INT |= 0x1u<<31;
   1078            }
   1079            else
   1080            {}
   1081            
   1082          #if (UCOS_II > 0u)
   1083            OSIntExit();          //告知系统此时即将离开中断服务子函数
   1084          #endif
   1085          }
   1086          #endif
   1087          
   1088          
   1089          
   1090          
   1091          
   1092          
   1093          
   1094          
   1095          
   1096          
   1097          
   1098          
   1099          
   1100          
   1101          

   Maximum stack usage in bytes:

   .cstack Function
   ------- --------
       8   DMA0_IRQHandler
         8   -- Indirect call
       8   DMA10_IRQHandler
         8   -- Indirect call
       8   DMA11_IRQHandler
         8   -- Indirect call
       8   DMA12_IRQHandler
         8   -- Indirect call
       8   DMA13_IRQHandler
         8   -- Indirect call
       8   DMA14_IRQHandler
         8   -- Indirect call
       8   DMA15_IRQHandler
         8   -- Indirect call
       8   DMA1_IRQHandler
         8   -- Indirect call
       8   DMA2_IRQHandler
         8   -- Indirect call
       8   DMA3_IRQHandler
         8   -- Indirect call
       8   DMA4_IRQHandler
         8   -- Indirect call
       8   DMA5_IRQHandler
         8   -- Indirect call
       8   DMA6_IRQHandler
         8   -- Indirect call
       8   DMA7_IRQHandler
         8   -- Indirect call
       8   DMA8_IRQHandler
         8   -- Indirect call
       8   DMA9_IRQHandler
         8   -- Indirect call
      24   LPLD_DMA_DisableIrq
        24   -> NVIC_DisableIRQ
      24   LPLD_DMA_EnableIrq
        24   -> NVIC_EnableIRQ
      72   LPLD_DMA_Init
        72   -> assert_failed
      16   LPLD_DMA_SoftwareStartService
       0   NVIC_DisableIRQ
       0   NVIC_EnableIRQ


   Section sizes:

   Bytes  Function/Label
   -----  --------------
       4  ??DataTable18
       4  ??DataTable18_1
       4  ??DataTable18_2
       4  ??DataTable18_3
       4  ??DataTable18_4
       4  ??DataTable18_5
       4  ??DataTable18_6
       4  ??DataTable18_7
       4  ??DataTable18_8
       4  ??DataTable18_9
      52  ?_0
      22  DMA0_IRQHandler
      22  DMA10_IRQHandler
      22  DMA11_IRQHandler
      22  DMA12_IRQHandler
      22  DMA13_IRQHandler
      22  DMA14_IRQHandler
      22  DMA15_IRQHandler
      22  DMA1_IRQHandler
      22  DMA2_IRQHandler
      22  DMA3_IRQHandler
      22  DMA4_IRQHandler
      22  DMA5_IRQHandler
      22  DMA6_IRQHandler
      22  DMA7_IRQHandler
      22  DMA8_IRQHandler
      22  DMA9_IRQHandler
      64  DMA_ISR
      22  LPLD_DMA_DisableIrq
      22  LPLD_DMA_EnableIrq
     770  LPLD_DMA_Init
      42  LPLD_DMA_SoftwareStartService
      22  NVIC_DisableIRQ
      22  NVIC_EnableIRQ

 
    64 bytes in section .bss
    52 bytes in section .rodata
 1 292 bytes in section .text
 
 1 292 bytes of CODE  memory
    52 bytes of CONST memory
    64 bytes of DATA  memory

Errors: none
Warnings: none
