###############################################################################
#
# IAR ANSI C/C++ Compiler V7.20.2.7424/W32 for ARM        06/Mar/2016  20:36:36
# Copyright 1999-2014 IAR Systems AB.
#
#    Cpu mode     =  thumb
#    Endian       =  little
#    Source file  =  
#        D:\LPLDV3.1\LPLD_OSKinetis_V3\project\freescale_cup(DMA)1.0\app\BSP\nvic.c
#    Command line =  
#        "D:\LPLDV3.1\LPLD_OSKinetis_V3\project\freescale_cup(DMA)1.0\app\BSP\nvic.c"
#        -D LPLD_K60 -D USE_K60DZ10 -lCN
#        "D:\LPLDV3.1\LPLD_OSKinetis_V3\project\freescale_cup(DMA)1.0\iar\RAM\List\"
#        -lB
#        "D:\LPLDV3.1\LPLD_OSKinetis_V3\project\freescale_cup(DMA)1.0\iar\RAM\List\"
#        -o
#        "D:\LPLDV3.1\LPLD_OSKinetis_V3\project\freescale_cup(DMA)1.0\iar\RAM\Obj\"
#        --no_cse --no_unroll --no_inline --no_code_motion --no_tbaa
#        --no_clustering --no_scheduling --debug --endian=little
#        --cpu=Cortex-M4 -e --fpu=None --dlib_config "C:\Program Files
#        (x86)\IAR Systems\Embedded Workbench
#        7.0\arm\INC\c\DLib_Config_Normal.h" -I
#        "D:\LPLDV3.1\LPLD_OSKinetis_V3\project\freescale_cup(DMA)1.0\iar\..\app\"
#        -I
#        "D:\LPLDV3.1\LPLD_OSKinetis_V3\project\freescale_cup(DMA)1.0\iar\..\app\MAIN\"
#        -I
#        "D:\LPLDV3.1\LPLD_OSKinetis_V3\project\freescale_cup(DMA)1.0\iar\..\app\BSP\"
#        -I
#        "D:\LPLDV3.1\LPLD_OSKinetis_V3\project\freescale_cup(DMA)1.0\iar\..\app\ITAC\"
#        -I
#        "D:\LPLDV3.1\LPLD_OSKinetis_V3\project\freescale_cup(DMA)1.0\iar\..\app\CTL\"
#        -I
#        "D:\LPLDV3.1\LPLD_OSKinetis_V3\project\freescale_cup(DMA)1.0\iar\..\app\SENSOR\"
#        -I
#        "D:\LPLDV3.1\LPLD_OSKinetis_V3\project\freescale_cup(DMA)1.0\iar\..\..\..\lib\CPU\"
#        -I
#        "D:\LPLDV3.1\LPLD_OSKinetis_V3\project\freescale_cup(DMA)1.0\iar\..\..\..\lib\common\"
#        -I
#        "D:\LPLDV3.1\LPLD_OSKinetis_V3\project\freescale_cup(DMA)1.0\iar\..\..\..\lib\LPLD\"
#        -I
#        "D:\LPLDV3.1\LPLD_OSKinetis_V3\project\freescale_cup(DMA)1.0\iar\..\..\..\lib\LPLD\HW\"
#        -I
#        "D:\LPLDV3.1\LPLD_OSKinetis_V3\project\freescale_cup(DMA)1.0\iar\..\..\..\lib\LPLD\DEV\"
#        -I
#        "D:\LPLDV3.1\LPLD_OSKinetis_V3\project\freescale_cup(DMA)1.0\iar\..\..\..\lib\LPLD\FUNC\"
#        -I
#        "D:\LPLDV3.1\LPLD_OSKinetis_V3\project\freescale_cup(DMA)1.0\iar\..\..\..\lib\uCOS-II\Ports\"
#        -I
#        "D:\LPLDV3.1\LPLD_OSKinetis_V3\project\freescale_cup(DMA)1.0\iar\..\..\..\lib\uCOS-II\Source\"
#        -I
#        "D:\LPLDV3.1\LPLD_OSKinetis_V3\project\freescale_cup(DMA)1.0\iar\..\..\..\lib\FatFs\"
#        -I
#        "D:\LPLDV3.1\LPLD_OSKinetis_V3\project\freescale_cup(DMA)1.0\iar\..\..\..\lib\FatFs\option\"
#        -I
#        "D:\LPLDV3.1\LPLD_OSKinetis_V3\project\freescale_cup(DMA)1.0\iar\..\..\..\lib\USB\common\"
#        -I
#        "D:\LPLDV3.1\LPLD_OSKinetis_V3\project\freescale_cup(DMA)1.0\iar\..\..\..\lib\USB\driver\"
#        -I
#        "D:\LPLDV3.1\LPLD_OSKinetis_V3\project\freescale_cup(DMA)1.0\iar\..\..\..\lib\USB\descriptor\"
#        -I
#        "D:\LPLDV3.1\LPLD_OSKinetis_V3\project\freescale_cup(DMA)1.0\iar\..\..\..\lib\USB\class\"
#        -On -I "C:\Program Files (x86)\IAR Systems\Embedded Workbench
#        7.0\arm\CMSIS\Include\" -D ARM_MATH_CM4
#    List file    =  
#        D:\LPLDV3.1\LPLD_OSKinetis_V3\project\freescale_cup(DMA)1.0\iar\RAM\List\nvic.lst
#    Object file  =  
#        D:\LPLDV3.1\LPLD_OSKinetis_V3\project\freescale_cup(DMA)1.0\iar\RAM\Obj\nvic.o
#
###############################################################################

D:\LPLDV3.1\LPLD_OSKinetis_V3\project\freescale_cup(DMA)1.0\app\BSP\nvic.c
      1          #include "include.h"
      2          

   \                                 In section .bss, align 4
      3          NVIC_InitTypeDef nvic_init_struct;
   \                     nvic_init_struct:
   \   00000000                      DS8 20
      4          

   \                                 In section .text, align 4, keep-with-next
      5          void NVIC_init()
      6          {
   \                     NVIC_init: (+1)
   \   00000000   0xB580             PUSH     {R7,LR}
      7            //上位机的接收中断应该最高
      8          #if USE_UART5
      9            nvic_init_struct.NVIC_IRQChannel = UART5_RX_TX_IRQn;
     10          #else
     11            nvic_init_struct.NVIC_IRQChannel = UART0_RX_TX_IRQn;
   \   00000002   0x202D             MOVS     R0,#+45
   \   00000004   0x4923             LDR.N    R1,??NVIC_init_0
   \   00000006   0x7008             STRB     R0,[R1, #+0]
     12          #endif
     13            nvic_init_struct.NVIC_IRQChannelGroupPriority = NVIC_PriorityGroup_3;
   \   00000008   0x2004             MOVS     R0,#+4
   \   0000000A   0x4922             LDR.N    R1,??NVIC_init_0
   \   0000000C   0x6048             STR      R0,[R1, #+4]
     14            nvic_init_struct.NVIC_IRQChannelPreemptionPriority = 0;
   \   0000000E   0x2000             MOVS     R0,#+0
   \   00000010   0x4920             LDR.N    R1,??NVIC_init_0
   \   00000012   0x6088             STR      R0,[R1, #+8]
     15            nvic_init_struct.NVIC_IRQChannelSubPriority = 0;  
   \   00000014   0x2000             MOVS     R0,#+0
   \   00000016   0x491F             LDR.N    R1,??NVIC_init_0
   \   00000018   0x60C8             STR      R0,[R1, #+12]
     16            nvic_init_struct.NVIC_IRQChannelEnable = TRUE;
   \   0000001A   0x2001             MOVS     R0,#+1
   \   0000001C   0x491D             LDR.N    R1,??NVIC_init_0
   \   0000001E   0x7408             STRB     R0,[R1, #+16]
     17            LPLD_NVIC_Init(nvic_init_struct);
   \   00000020   0x491C             LDR.N    R1,??NVIC_init_0
   \   00000022   0xB084             SUB      SP,SP,#+16
   \   00000024   0x4668             MOV      R0,SP
   \   00000026   0x2214             MOVS     R2,#+20
   \   00000028   0x.... 0x....      BL       __aeabi_memcpy4
   \   0000002C   0xBC0F             POP      {R0-R3}
   \   0000002E   0x.... 0x....      BL       LPLD_NVIC_Init
     18                
     19            nvic_init_struct.NVIC_IRQChannel = PIT0_IRQn; //1ms调度，内部只有计数
   \   00000032   0x2044             MOVS     R0,#+68
   \   00000034   0x4917             LDR.N    R1,??NVIC_init_0
   \   00000036   0x7008             STRB     R0,[R1, #+0]
     20            nvic_init_struct.NVIC_IRQChannelGroupPriority = NVIC_PriorityGroup_3;
   \   00000038   0x2004             MOVS     R0,#+4
   \   0000003A   0x4916             LDR.N    R1,??NVIC_init_0
   \   0000003C   0x6048             STR      R0,[R1, #+4]
     21            nvic_init_struct.NVIC_IRQChannelPreemptionPriority = 1;
   \   0000003E   0x2001             MOVS     R0,#+1
   \   00000040   0x4914             LDR.N    R1,??NVIC_init_0
   \   00000042   0x6088             STR      R0,[R1, #+8]
     22            nvic_init_struct.NVIC_IRQChannelSubPriority = 0;  
   \   00000044   0x2000             MOVS     R0,#+0
   \   00000046   0x4913             LDR.N    R1,??NVIC_init_0
   \   00000048   0x60C8             STR      R0,[R1, #+12]
     23            nvic_init_struct.NVIC_IRQChannelEnable = TRUE;
   \   0000004A   0x2001             MOVS     R0,#+1
   \   0000004C   0x4911             LDR.N    R1,??NVIC_init_0
   \   0000004E   0x7408             STRB     R0,[R1, #+16]
     24            LPLD_NVIC_Init(nvic_init_struct);
   \   00000050   0x4910             LDR.N    R1,??NVIC_init_0
   \   00000052   0xB084             SUB      SP,SP,#+16
   \   00000054   0x4668             MOV      R0,SP
   \   00000056   0x2214             MOVS     R2,#+20
   \   00000058   0x.... 0x....      BL       __aeabi_memcpy4
   \   0000005C   0xBC0F             POP      {R0-R3}
   \   0000005E   0x.... 0x....      BL       LPLD_NVIC_Init
     25            
     26            nvic_init_struct.NVIC_IRQChannel = PIT1_IRQn;//控制系统调度，理应包括CCD读取和PID_ctl
   \   00000062   0x2045             MOVS     R0,#+69
   \   00000064   0x490B             LDR.N    R1,??NVIC_init_0
   \   00000066   0x7008             STRB     R0,[R1, #+0]
     27            nvic_init_struct.NVIC_IRQChannelGroupPriority = NVIC_PriorityGroup_3;
   \   00000068   0x2004             MOVS     R0,#+4
   \   0000006A   0x490A             LDR.N    R1,??NVIC_init_0
   \   0000006C   0x6048             STR      R0,[R1, #+4]
     28            nvic_init_struct.NVIC_IRQChannelPreemptionPriority = 2;
   \   0000006E   0x2002             MOVS     R0,#+2
   \   00000070   0x4908             LDR.N    R1,??NVIC_init_0
   \   00000072   0x6088             STR      R0,[R1, #+8]
     29            nvic_init_struct.NVIC_IRQChannelSubPriority = 0;  
   \   00000074   0x2000             MOVS     R0,#+0
   \   00000076   0x4907             LDR.N    R1,??NVIC_init_0
   \   00000078   0x60C8             STR      R0,[R1, #+12]
     30            nvic_init_struct.NVIC_IRQChannelEnable = TRUE;
   \   0000007A   0x2001             MOVS     R0,#+1
   \   0000007C   0x4905             LDR.N    R1,??NVIC_init_0
   \   0000007E   0x7408             STRB     R0,[R1, #+16]
     31            LPLD_NVIC_Init(nvic_init_struct);
   \   00000080   0x4904             LDR.N    R1,??NVIC_init_0
   \   00000082   0xB084             SUB      SP,SP,#+16
   \   00000084   0x4668             MOV      R0,SP
   \   00000086   0x2214             MOVS     R2,#+20
   \   00000088   0x.... 0x....      BL       __aeabi_memcpy4
   \   0000008C   0xBC0F             POP      {R0-R3}
   \   0000008E   0x.... 0x....      BL       LPLD_NVIC_Init
     32            
     33            
     34          }
   \   00000092   0xBD01             POP      {R0,PC}          ;; return
   \                     ??NVIC_init_0:
   \   00000094   0x........         DC32     nvic_init_struct

   Maximum stack usage in bytes:

   .cstack Function
   ------- --------
      24   NVIC_init
         8   -> LPLD_NVIC_Init
        24   -> __aeabi_memcpy4


   Section sizes:

   Bytes  Function/Label
   -----  --------------
     152  NVIC_init
      20  nvic_init_struct

 
  20 bytes in section .bss
 152 bytes in section .text
 
 152 bytes of CODE memory
  20 bytes of DATA memory

Errors: none
Warnings: none
