###############################################################################
#
# IAR ANSI C/C++ Compiler V7.30.3.8024/W32 for ARM        16/Aug/2016  11:11:06
# Copyright 1999-2014 IAR Systems AB.
#
#    Cpu mode     =  thumb
#    Endian       =  little
#    Source file  =  
#        E:\飞思卡尔\新工程\LPLD_OSKinetis_V3\project\NXP_(golden_cyprinoid)
#        1.9\app\ITAC\bz_led.c
#    Command line =  
#        "E:\飞思卡尔\新工程\LPLD_OSKinetis_V3\project\NXP_(golden_cyprinoid)
#        1.9\app\ITAC\bz_led.c" -D LPLD_K60 -lCN
#        "E:\飞思卡尔\新工程\LPLD_OSKinetis_V3\project\NXP_(golden_cyprinoid)
#        1.9\iar\FLASH\List\" -lB
#        "E:\飞思卡尔\新工程\LPLD_OSKinetis_V3\project\NXP_(golden_cyprinoid)
#        1.9\iar\FLASH\List\" -o
#        "E:\飞思卡尔\新工程\LPLD_OSKinetis_V3\project\NXP_(golden_cyprinoid)
#        1.9\iar\FLASH\Obj\" --no_cse --no_unroll --no_inline --no_code_motion
#        --no_tbaa --no_clustering --no_scheduling --debug --endian=little
#        --cpu=Cortex-M4 -e --fpu=None --dlib_config
#        D:\IAR\arm\INC\c\DLib_Config_Normal.h -I
#        "E:\飞思卡尔\新工程\LPLD_OSKinetis_V3\project\NXP_(golden_cyprinoid)
#        1.9\iar\..\app\" -I
#        "E:\飞思卡尔\新工程\LPLD_OSKinetis_V3\project\NXP_(golden_cyprinoid)
#        1.9\iar\..\app\BSP\" -I
#        "E:\飞思卡尔\新工程\LPLD_OSKinetis_V3\project\NXP_(golden_cyprinoid)
#        1.9\iar\..\app\ITAC\" -I
#        "E:\飞思卡尔\新工程\LPLD_OSKinetis_V3\project\NXP_(golden_cyprinoid)
#        1.9\iar\..\app\CTL\" -I
#        "E:\飞思卡尔\新工程\LPLD_OSKinetis_V3\project\NXP_(golden_cyprinoid)
#        1.9\iar\..\app\MAIN\" -I
#        "E:\飞思卡尔\新工程\LPLD_OSKinetis_V3\project\NXP_(golden_cyprinoid)
#        1.9\iar\..\app\SENSOR\" -I
#        "E:\飞思卡尔\新工程\LPLD_OSKinetis_V3\project\NXP_(golden_cyprinoid)
#        1.9\iar\..\..\..\lib\CPU\" -I
#        "E:\飞思卡尔\新工程\LPLD_OSKinetis_V3\project\NXP_(golden_cyprinoid)
#        1.9\iar\..\..\..\lib\common\" -I
#        "E:\飞思卡尔\新工程\LPLD_OSKinetis_V3\project\NXP_(golden_cyprinoid)
#        1.9\iar\..\..\..\lib\LPLD\" -I
#        "E:\飞思卡尔\新工程\LPLD_OSKinetis_V3\project\NXP_(golden_cyprinoid)
#        1.9\iar\..\..\..\lib\LPLD\HW\" -I
#        "E:\飞思卡尔\新工程\LPLD_OSKinetis_V3\project\NXP_(golden_cyprinoid)
#        1.9\iar\..\..\..\lib\LPLD\DEV\" -I
#        "E:\飞思卡尔\新工程\LPLD_OSKinetis_V3\project\NXP_(golden_cyprinoid)
#        1.9\iar\..\..\..\lib\uCOS-II\Ports\" -I
#        "E:\飞思卡尔\新工程\LPLD_OSKinetis_V3\project\NXP_(golden_cyprinoid)
#        1.9\iar\..\..\..\lib\uCOS-II\Source\" -I
#        "E:\飞思卡尔\新工程\LPLD_OSKinetis_V3\project\NXP_(golden_cyprinoid)
#        1.9\iar\..\..\..\lib\FatFs\" -I
#        "E:\飞思卡尔\新工程\LPLD_OSKinetis_V3\project\NXP_(golden_cyprinoid)
#        1.9\iar\..\..\..\lib\FatFs\option\" -I
#        "E:\飞思卡尔\新工程\LPLD_OSKinetis_V3\project\NXP_(golden_cyprinoid)
#        1.9\iar\..\..\..\lib\USB\common\" -I
#        "E:\飞思卡尔\新工程\LPLD_OSKinetis_V3\project\NXP_(golden_cyprinoid)
#        1.9\iar\..\..\..\lib\USB\driver\" -I
#        "E:\飞思卡尔\新工程\LPLD_OSKinetis_V3\project\NXP_(golden_cyprinoid)
#        1.9\iar\..\..\..\lib\USB\descriptor\" -I
#        "E:\飞思卡尔\新工程\LPLD_OSKinetis_V3\project\NXP_(golden_cyprinoid)
#        1.9\iar\..\..\..\lib\USB\class\" -On -I D:\IAR\arm\CMSIS\Include\ -D
#        ARM_MATH_CM4
#    List file    =  
#        E:\飞思卡尔\新工程\LPLD_OSKinetis_V3\project\NXP_(golden_cyprinoid)
#        1.9\iar\FLASH\List\bz_led.lst
#    Object file  =  
#        E:\飞思卡尔\新工程\LPLD_OSKinetis_V3\project\NXP_(golden_cyprinoid)
#        1.9\iar\FLASH\Obj\bz_led.o
#
###############################################################################

E:\飞思卡尔\新工程\LPLD_OSKinetis_V3\project\NXP_(golden_cyprinoid) 1.9\app\ITAC\bz_led.c
      1          #include "include.h"
      2          
      3          

   \                                 In section .data, align 1
      4          enum _bz_style bz_style = norm;
   \                     bz_style:
   \   00000000   0x03               DC8 3

   \                                 In section .bss, align 2
      5          uint16 bz_cnt = 0;
   \                     bz_cnt:
   \   00000000                      DS8 2
      6          

   \                                 In section .text, align 2, keep-with-next
      7          void bz_init()
      8          {
   \                     bz_init: (+1)
   \   00000000   0xB500             PUSH     {LR}
   \   00000002   0xB087             SUB      SP,SP,#+28
      9            GPIO_InitTypeDef bzled_inittype;
     10            
     11            bzled_inittype.GPIO_PTx = PTE; // bz
   \   00000004   0x.... 0x....      LDR.W    R0,??DataTable8  ;; 0x400ff100
   \   00000008   0x9001             STR      R0,[SP, #+4]
     12            bzled_inittype.GPIO_Pins = GPIO_Pin10;
   \   0000000A   0xF44F 0x6080      MOV      R0,#+1024
   \   0000000E   0x9002             STR      R0,[SP, #+8]
     13            bzled_inittype.GPIO_Dir = DIR_OUTPUT;
   \   00000010   0x2001             MOVS     R0,#+1
   \   00000012   0xF88D 0x0010      STRB     R0,[SP, #+16]
     14            bzled_inittype.GPIO_Output = OUTPUT_H;
   \   00000016   0x2001             MOVS     R0,#+1
   \   00000018   0xF88D 0x0011      STRB     R0,[SP, #+17]
     15            bzled_inittype.GPIO_PinControl = IRQC_DIS | OUTPUT_OD_EN;
   \   0000001C   0x2020             MOVS     R0,#+32
   \   0000001E   0x9003             STR      R0,[SP, #+12]
     16            bzled_inittype.GPIO_Isr = NULL;
   \   00000020   0x2000             MOVS     R0,#+0
   \   00000022   0x9005             STR      R0,[SP, #+20]
     17            
     18            LPLD_GPIO_Init(bzled_inittype);
   \   00000024   0xA901             ADD      R1,SP,#+4
   \   00000026   0xB084             SUB      SP,SP,#+16
   \   00000028   0x4668             MOV      R0,SP
   \   0000002A   0x2214             MOVS     R2,#+20
   \   0000002C   0x.... 0x....      BL       __aeabi_memcpy4
   \   00000030   0xBC0F             POP      {R0-R3}
   \   00000032   0x.... 0x....      BL       LPLD_GPIO_Init
     19          }
   \   00000036   0xB007             ADD      SP,SP,#+28
   \   00000038   0xBD00             POP      {PC}             ;; return
     20          

   \                                 In section .text, align 2, keep-with-next
     21          void led_init()
     22          {
   \                     led_init: (+1)
   \   00000000   0xB500             PUSH     {LR}
   \   00000002   0xB087             SUB      SP,SP,#+28
     23            GPIO_InitTypeDef bzled_inittype;
     24            
     25            bzled_inittype.GPIO_PTx = PTE; //led 
   \   00000004   0x.... 0x....      LDR.W    R0,??DataTable8  ;; 0x400ff100
   \   00000008   0x9001             STR      R0,[SP, #+4]
     26            bzled_inittype.GPIO_Pins = GPIO_Pin11;
   \   0000000A   0xF44F 0x6000      MOV      R0,#+2048
   \   0000000E   0x9002             STR      R0,[SP, #+8]
     27            bzled_inittype.GPIO_Dir = DIR_OUTPUT;
   \   00000010   0x2001             MOVS     R0,#+1
   \   00000012   0xF88D 0x0010      STRB     R0,[SP, #+16]
     28            bzled_inittype.GPIO_Output = OUTPUT_H;
   \   00000016   0x2001             MOVS     R0,#+1
   \   00000018   0xF88D 0x0011      STRB     R0,[SP, #+17]
     29            bzled_inittype.GPIO_PinControl = IRQC_DIS;
   \   0000001C   0x2000             MOVS     R0,#+0
   \   0000001E   0x9003             STR      R0,[SP, #+12]
     30            bzled_inittype.GPIO_Isr = NULL;
   \   00000020   0x2000             MOVS     R0,#+0
   \   00000022   0x9005             STR      R0,[SP, #+20]
     31            
     32            LPLD_GPIO_Init(bzled_inittype);
   \   00000024   0xA901             ADD      R1,SP,#+4
   \   00000026   0xB084             SUB      SP,SP,#+16
   \   00000028   0x4668             MOV      R0,SP
   \   0000002A   0x2214             MOVS     R2,#+20
   \   0000002C   0x.... 0x....      BL       __aeabi_memcpy4
   \   00000030   0xBC0F             POP      {R0-R3}
   \   00000032   0x.... 0x....      BL       LPLD_GPIO_Init
     33          }
   \   00000036   0xB007             ADD      SP,SP,#+28
   \   00000038   0xBD00             POP      {PC}             ;; return
     34          
     35          
     36          

   \                                 In section .text, align 2, keep-with-next
     37          void bzled_work()
     38          {
   \                     bzled_work: (+1)
   \   00000000   0xB580             PUSH     {R7,LR}
     39            switch(bz_style)
   \   00000002   0x.... 0x....      LDR.W    R0,??DataTable8_1
   \   00000006   0x7800             LDRB     R0,[R0, #+0]
   \   00000008   0x2800             CMP      R0,#+0
   \   0000000A   0xD006             BEQ.N    ??bzled_work_0
   \   0000000C   0x2802             CMP      R0,#+2
   \   0000000E   0xD00A             BEQ.N    ??bzled_work_1
   \   00000010   0xD306             BCC.N    ??bzled_work_2
   \   00000012   0x2804             CMP      R0,#+4
   \   00000014   0xD00A             BEQ.N    ??bzled_work_3
   \   00000016   0xD30C             BCC.N    ??bzled_work_4
   \   00000018   0xE00D             B.N      ??bzled_work_5
     40            {
     41              case(ready): bz_ready();break;
   \                     ??bzled_work_0: (+1)
   \   0000001A   0x.... 0x....      BL       bz_ready
   \   0000001E   0xE00A             B.N      ??bzled_work_5
     42              case(datarec): bz_datarec();break;
   \                     ??bzled_work_2: (+1)
   \   00000020   0x.... 0x....      BL       bz_datarec
   \   00000024   0xE007             B.N      ??bzled_work_5
     43              case(warn):bz_warn(); break;
   \                     ??bzled_work_1: (+1)
   \   00000026   0x.... 0x....      BL       bz_warn
   \   0000002A   0xE004             B.N      ??bzled_work_5
     44              case(cross):bz_cross(); break;
   \                     ??bzled_work_3: (+1)
   \   0000002C   0x.... 0x....      BL       bz_cross
   \   00000030   0xE001             B.N      ??bzled_work_5
     45              case(norm):bz_norm(); break;
   \                     ??bzled_work_4: (+1)
   \   00000032   0x.... 0x....      BL       bz_norm
     46            }
     47          }
   \                     ??bzled_work_5: (+1)
   \   00000036   0xBD01             POP      {R0,PC}          ;; return
     48          

   \                                 In section .text, align 2, keep-with-next
     49          void bz_ready()
     50          {
   \                     bz_ready: (+1)
   \   00000000   0xB580             PUSH     {R7,LR}
     51            if ( bz_cnt < 100  )
   \   00000002   0x.... 0x....      LDR.W    R0,??DataTable8_2
   \   00000006   0x8800             LDRH     R0,[R0, #+0]
   \   00000008   0x2864             CMP      R0,#+100
   \   0000000A   0xDA0C             BGE.N    ??bz_ready_0
     52            {
     53              BZ_ON;
   \   0000000C   0x2201             MOVS     R2,#+1
   \   0000000E   0x210A             MOVS     R1,#+10
   \   00000010   0x.... 0x....      LDR.W    R0,??DataTable8  ;; 0x400ff100
   \   00000014   0x.... 0x....      BL       LPLD_GPIO_Output_b
     54              LED_ON;
   \   00000018   0x2200             MOVS     R2,#+0
   \   0000001A   0x210B             MOVS     R1,#+11
   \   0000001C   0x.... 0x....      LDR.W    R0,??DataTable8  ;; 0x400ff100
   \   00000020   0x.... 0x....      BL       LPLD_GPIO_Output_b
   \   00000024   0xE07F             B.N      ??bz_ready_1
     55            }
     56            else if ( bz_cnt <= 200 )
   \                     ??bz_ready_0: (+1)
   \   00000026   0x.... 0x....      LDR.W    R0,??DataTable8_2
   \   0000002A   0x8800             LDRH     R0,[R0, #+0]
   \   0000002C   0x28C9             CMP      R0,#+201
   \   0000002E   0xDA0C             BGE.N    ??bz_ready_2
     57            {
     58              BZ_OFF;
   \   00000030   0x2200             MOVS     R2,#+0
   \   00000032   0x210A             MOVS     R1,#+10
   \   00000034   0x.... 0x....      LDR.W    R0,??DataTable8  ;; 0x400ff100
   \   00000038   0x.... 0x....      BL       LPLD_GPIO_Output_b
     59              LED_OFF;
   \   0000003C   0x2201             MOVS     R2,#+1
   \   0000003E   0x210B             MOVS     R1,#+11
   \   00000040   0x.... 0x....      LDR.W    R0,??DataTable8  ;; 0x400ff100
   \   00000044   0x.... 0x....      BL       LPLD_GPIO_Output_b
   \   00000048   0xE06D             B.N      ??bz_ready_1
     60            }
     61            else if ( bz_cnt <= 300 )
   \                     ??bz_ready_2: (+1)
   \   0000004A   0x.... 0x....      LDR.W    R0,??DataTable8_2
   \   0000004E   0x8800             LDRH     R0,[R0, #+0]
   \   00000050   0xF5B0 0x7F96      CMP      R0,#+300
   \   00000054   0xDC0C             BGT.N    ??bz_ready_3
     62            {
     63              BZ_ON;
   \   00000056   0x2201             MOVS     R2,#+1
   \   00000058   0x210A             MOVS     R1,#+10
   \   0000005A   0x.... 0x....      LDR.W    R0,??DataTable8  ;; 0x400ff100
   \   0000005E   0x.... 0x....      BL       LPLD_GPIO_Output_b
     64              LED_ON;
   \   00000062   0x2200             MOVS     R2,#+0
   \   00000064   0x210B             MOVS     R1,#+11
   \   00000066   0x.... 0x....      LDR.W    R0,??DataTable8  ;; 0x400ff100
   \   0000006A   0x.... 0x....      BL       LPLD_GPIO_Output_b
   \   0000006E   0xE05A             B.N      ??bz_ready_1
     65            } 
     66            else if ( bz_cnt <= 400 )
   \                     ??bz_ready_3: (+1)
   \   00000070   0x.... 0x....      LDR.W    R0,??DataTable8_2
   \   00000074   0x8800             LDRH     R0,[R0, #+0]
   \   00000076   0xF5B0 0x7FC8      CMP      R0,#+400
   \   0000007A   0xDC0C             BGT.N    ??bz_ready_4
     67            {
     68              BZ_OFF;
   \   0000007C   0x2200             MOVS     R2,#+0
   \   0000007E   0x210A             MOVS     R1,#+10
   \   00000080   0x.... 0x....      LDR.W    R0,??DataTable8  ;; 0x400ff100
   \   00000084   0x.... 0x....      BL       LPLD_GPIO_Output_b
     69              LED_OFF;
   \   00000088   0x2201             MOVS     R2,#+1
   \   0000008A   0x210B             MOVS     R1,#+11
   \   0000008C   0x.... 0x....      LDR.W    R0,??DataTable8  ;; 0x400ff100
   \   00000090   0x.... 0x....      BL       LPLD_GPIO_Output_b
   \   00000094   0xE047             B.N      ??bz_ready_1
     70            }  
     71            else if ( bz_cnt <= 500 )
   \                     ??bz_ready_4: (+1)
   \   00000096   0x.... 0x....      LDR.W    R0,??DataTable8_2
   \   0000009A   0x8800             LDRH     R0,[R0, #+0]
   \   0000009C   0xF5B0 0x7FFA      CMP      R0,#+500
   \   000000A0   0xDC0C             BGT.N    ??bz_ready_5
     72            {
     73              BZ_ON;
   \   000000A2   0x2201             MOVS     R2,#+1
   \   000000A4   0x210A             MOVS     R1,#+10
   \   000000A6   0x.... 0x....      LDR.W    R0,??DataTable8  ;; 0x400ff100
   \   000000AA   0x.... 0x....      BL       LPLD_GPIO_Output_b
     74              LED_ON;
   \   000000AE   0x2200             MOVS     R2,#+0
   \   000000B0   0x210B             MOVS     R1,#+11
   \   000000B2   0x.... 0x....      LDR.W    R0,??DataTable8  ;; 0x400ff100
   \   000000B6   0x.... 0x....      BL       LPLD_GPIO_Output_b
   \   000000BA   0xE034             B.N      ??bz_ready_1
     75            } 
     76            else if ( bz_cnt <= 1000 )
   \                     ??bz_ready_5: (+1)
   \   000000BC   0x.... 0x....      LDR.W    R0,??DataTable8_2
   \   000000C0   0x8800             LDRH     R0,[R0, #+0]
   \   000000C2   0xF5B0 0x7F7A      CMP      R0,#+1000
   \   000000C6   0xDC0C             BGT.N    ??bz_ready_6
     77            {
     78              BZ_OFF;
   \   000000C8   0x2200             MOVS     R2,#+0
   \   000000CA   0x210A             MOVS     R1,#+10
   \   000000CC   0x.... 0x....      LDR.W    R0,??DataTable8  ;; 0x400ff100
   \   000000D0   0x.... 0x....      BL       LPLD_GPIO_Output_b
     79              LED_OFF;
   \   000000D4   0x2201             MOVS     R2,#+1
   \   000000D6   0x210B             MOVS     R1,#+11
   \   000000D8   0x.... 0x....      LDR.W    R0,??DataTable8  ;; 0x400ff100
   \   000000DC   0x.... 0x....      BL       LPLD_GPIO_Output_b
   \   000000E0   0xE021             B.N      ??bz_ready_1
     80            } 
     81            else if ( bz_cnt <= 1500 )
   \                     ??bz_ready_6: (+1)
   \   000000E2   0x.... 0x....      LDR.W    R0,??DataTable8_2
   \   000000E6   0x8800             LDRH     R0,[R0, #+0]
   \   000000E8   0xF240 0x51DD      MOVW     R1,#+1501
   \   000000EC   0x4288             CMP      R0,R1
   \   000000EE   0xDA0C             BGE.N    ??bz_ready_7
     82            {
     83              BZ_ON;
   \   000000F0   0x2201             MOVS     R2,#+1
   \   000000F2   0x210A             MOVS     R1,#+10
   \   000000F4   0x.... 0x....      LDR.W    R0,??DataTable8  ;; 0x400ff100
   \   000000F8   0x.... 0x....      BL       LPLD_GPIO_Output_b
     84              LED_ON;
   \   000000FC   0x2200             MOVS     R2,#+0
   \   000000FE   0x210B             MOVS     R1,#+11
   \   00000100   0x.... 0x....      LDR.W    R0,??DataTable8  ;; 0x400ff100
   \   00000104   0x.... 0x....      BL       LPLD_GPIO_Output_b
   \   00000108   0xE00D             B.N      ??bz_ready_1
     85            } 
     86            else 
     87            {
     88              BZ_OFF;
   \                     ??bz_ready_7: (+1)
   \   0000010A   0x2200             MOVS     R2,#+0
   \   0000010C   0x210A             MOVS     R1,#+10
   \   0000010E   0x.... 0x....      LDR.W    R0,??DataTable8  ;; 0x400ff100
   \   00000112   0x.... 0x....      BL       LPLD_GPIO_Output_b
     89              LED_OFF;
   \   00000116   0x2201             MOVS     R2,#+1
   \   00000118   0x210B             MOVS     R1,#+11
   \   0000011A   0x....             LDR.N    R0,??DataTable8  ;; 0x400ff100
   \   0000011C   0x.... 0x....      BL       LPLD_GPIO_Output_b
     90              bz_style = norm;
   \   00000120   0x2003             MOVS     R0,#+3
   \   00000122   0x....             LDR.N    R1,??DataTable8_1
   \   00000124   0x7008             STRB     R0,[R1, #+0]
     91            } 
     92            
     93          }
   \                     ??bz_ready_1: (+1)
   \   00000126   0xBD01             POP      {R0,PC}          ;; return
     94          

   \                                 In section .text, align 2, keep-with-next
     95          void bz_datarec()
     96          {
   \                     bz_datarec: (+1)
   \   00000000   0xB580             PUSH     {R7,LR}
     97            if ( bz_cnt < 50  )
   \   00000002   0x....             LDR.N    R0,??DataTable8_2
   \   00000004   0x8800             LDRH     R0,[R0, #+0]
   \   00000006   0x2832             CMP      R0,#+50
   \   00000008   0xDA0A             BGE.N    ??bz_datarec_0
     98            {
     99              BZ_ON;
   \   0000000A   0x2201             MOVS     R2,#+1
   \   0000000C   0x210A             MOVS     R1,#+10
   \   0000000E   0x....             LDR.N    R0,??DataTable8  ;; 0x400ff100
   \   00000010   0x.... 0x....      BL       LPLD_GPIO_Output_b
    100              LED_ON;
   \   00000014   0x2200             MOVS     R2,#+0
   \   00000016   0x210B             MOVS     R1,#+11
   \   00000018   0x....             LDR.N    R0,??DataTable8  ;; 0x400ff100
   \   0000001A   0x.... 0x....      BL       LPLD_GPIO_Output_b
   \   0000001E   0xE048             B.N      ??bz_datarec_1
    101            }
    102            else if ( bz_cnt <= 100 )
   \                     ??bz_datarec_0: (+1)
   \   00000020   0x....             LDR.N    R0,??DataTable8_2
   \   00000022   0x8800             LDRH     R0,[R0, #+0]
   \   00000024   0x2865             CMP      R0,#+101
   \   00000026   0xDA0A             BGE.N    ??bz_datarec_2
    103            {
    104              BZ_OFF;
   \   00000028   0x2200             MOVS     R2,#+0
   \   0000002A   0x210A             MOVS     R1,#+10
   \   0000002C   0x....             LDR.N    R0,??DataTable8  ;; 0x400ff100
   \   0000002E   0x.... 0x....      BL       LPLD_GPIO_Output_b
    105              LED_OFF;
   \   00000032   0x2201             MOVS     R2,#+1
   \   00000034   0x210B             MOVS     R1,#+11
   \   00000036   0x....             LDR.N    R0,??DataTable8  ;; 0x400ff100
   \   00000038   0x.... 0x....      BL       LPLD_GPIO_Output_b
   \   0000003C   0xE039             B.N      ??bz_datarec_1
    106            }
    107            else if ( bz_cnt < 150  )
   \                     ??bz_datarec_2: (+1)
   \   0000003E   0x....             LDR.N    R0,??DataTable8_2
   \   00000040   0x8800             LDRH     R0,[R0, #+0]
   \   00000042   0x2896             CMP      R0,#+150
   \   00000044   0xDA0A             BGE.N    ??bz_datarec_3
    108            {
    109              BZ_ON;
   \   00000046   0x2201             MOVS     R2,#+1
   \   00000048   0x210A             MOVS     R1,#+10
   \   0000004A   0x....             LDR.N    R0,??DataTable8  ;; 0x400ff100
   \   0000004C   0x.... 0x....      BL       LPLD_GPIO_Output_b
    110              LED_ON;
   \   00000050   0x2200             MOVS     R2,#+0
   \   00000052   0x210B             MOVS     R1,#+11
   \   00000054   0x....             LDR.N    R0,??DataTable8  ;; 0x400ff100
   \   00000056   0x.... 0x....      BL       LPLD_GPIO_Output_b
   \   0000005A   0xE02A             B.N      ??bz_datarec_1
    111            }
    112            else if ( bz_cnt <= 200 )
   \                     ??bz_datarec_3: (+1)
   \   0000005C   0x....             LDR.N    R0,??DataTable8_2
   \   0000005E   0x8800             LDRH     R0,[R0, #+0]
   \   00000060   0x28C9             CMP      R0,#+201
   \   00000062   0xDA0A             BGE.N    ??bz_datarec_4
    113            {
    114              BZ_OFF;
   \   00000064   0x2200             MOVS     R2,#+0
   \   00000066   0x210A             MOVS     R1,#+10
   \   00000068   0x....             LDR.N    R0,??DataTable8  ;; 0x400ff100
   \   0000006A   0x.... 0x....      BL       LPLD_GPIO_Output_b
    115              LED_OFF;
   \   0000006E   0x2201             MOVS     R2,#+1
   \   00000070   0x210B             MOVS     R1,#+11
   \   00000072   0x....             LDR.N    R0,??DataTable8  ;; 0x400ff100
   \   00000074   0x.... 0x....      BL       LPLD_GPIO_Output_b
   \   00000078   0xE01B             B.N      ??bz_datarec_1
    116            }
    117            else if ( bz_cnt < 250  )
   \                     ??bz_datarec_4: (+1)
   \   0000007A   0x....             LDR.N    R0,??DataTable8_2
   \   0000007C   0x8800             LDRH     R0,[R0, #+0]
   \   0000007E   0x28FA             CMP      R0,#+250
   \   00000080   0xDA0A             BGE.N    ??bz_datarec_5
    118            {
    119              BZ_ON;
   \   00000082   0x2201             MOVS     R2,#+1
   \   00000084   0x210A             MOVS     R1,#+10
   \   00000086   0x....             LDR.N    R0,??DataTable8  ;; 0x400ff100
   \   00000088   0x.... 0x....      BL       LPLD_GPIO_Output_b
    120              LED_ON;
   \   0000008C   0x2200             MOVS     R2,#+0
   \   0000008E   0x210B             MOVS     R1,#+11
   \   00000090   0x....             LDR.N    R0,??DataTable8  ;; 0x400ff100
   \   00000092   0x.... 0x....      BL       LPLD_GPIO_Output_b
   \   00000096   0xE00C             B.N      ??bz_datarec_1
    121            }
    122            else
    123            {
    124              BZ_OFF;
   \                     ??bz_datarec_5: (+1)
   \   00000098   0x2200             MOVS     R2,#+0
   \   0000009A   0x210A             MOVS     R1,#+10
   \   0000009C   0x....             LDR.N    R0,??DataTable8  ;; 0x400ff100
   \   0000009E   0x.... 0x....      BL       LPLD_GPIO_Output_b
    125              LED_OFF;
   \   000000A2   0x2201             MOVS     R2,#+1
   \   000000A4   0x210B             MOVS     R1,#+11
   \   000000A6   0x....             LDR.N    R0,??DataTable8  ;; 0x400ff100
   \   000000A8   0x.... 0x....      BL       LPLD_GPIO_Output_b
    126              bz_style = norm;
   \   000000AC   0x2003             MOVS     R0,#+3
   \   000000AE   0x....             LDR.N    R1,??DataTable8_1
   \   000000B0   0x7008             STRB     R0,[R1, #+0]
    127            }
    128            
    129          }
   \                     ??bz_datarec_1: (+1)
   \   000000B2   0xBD01             POP      {R0,PC}          ;; return
    130            

   \                                 In section .text, align 2, keep-with-next
    131          void bz_norm()
    132          {
    133          //  if ( bz_cnt < 100  )
    134          //  {
    135          //    BZ_ON;
    136          //    LED_ON;
    137          //  }
    138          //  else if ( bz_cnt <= 5000 )
    139          //  {
    140          //    BZ_OFF;
    141          //    LED_OFF;
    142          //    
    143          //  }
    144          //  else
    145          //  {
    146          //    bz_cnt = 0;
    147          //  }
    148          }
   \                     bz_norm: (+1)
   \   00000000   0x4770             BX       LR               ;; return
    149          

   \                                 In section .text, align 2, keep-with-next
    150          void bz_warn()
    151          {
   \                     bz_warn: (+1)
   \   00000000   0xB580             PUSH     {R7,LR}
    152            if ( bz_cnt < 500  )
   \   00000002   0x....             LDR.N    R0,??DataTable8_2
   \   00000004   0x8800             LDRH     R0,[R0, #+0]
   \   00000006   0xF5B0 0x7FFA      CMP      R0,#+500
   \   0000000A   0xDA0A             BGE.N    ??bz_warn_0
    153            {
    154              BZ_ON;
   \   0000000C   0x2201             MOVS     R2,#+1
   \   0000000E   0x210A             MOVS     R1,#+10
   \   00000010   0x....             LDR.N    R0,??DataTable8  ;; 0x400ff100
   \   00000012   0x.... 0x....      BL       LPLD_GPIO_Output_b
    155              LED_ON;
   \   00000016   0x2200             MOVS     R2,#+0
   \   00000018   0x210B             MOVS     R1,#+11
   \   0000001A   0x....             LDR.N    R0,??DataTable8  ;; 0x400ff100
   \   0000001C   0x.... 0x....      BL       LPLD_GPIO_Output_b
   \   00000020   0xE04E             B.N      ??bz_warn_1
    156            }
    157            else if ( bz_cnt <= 1000 )
   \                     ??bz_warn_0: (+1)
   \   00000022   0x....             LDR.N    R0,??DataTable8_2
   \   00000024   0x8800             LDRH     R0,[R0, #+0]
   \   00000026   0xF5B0 0x7F7A      CMP      R0,#+1000
   \   0000002A   0xDC0A             BGT.N    ??bz_warn_2
    158            {
    159              BZ_OFF;
   \   0000002C   0x2200             MOVS     R2,#+0
   \   0000002E   0x210A             MOVS     R1,#+10
   \   00000030   0x....             LDR.N    R0,??DataTable8  ;; 0x400ff100
   \   00000032   0x.... 0x....      BL       LPLD_GPIO_Output_b
    160              LED_OFF;
   \   00000036   0x2201             MOVS     R2,#+1
   \   00000038   0x210B             MOVS     R1,#+11
   \   0000003A   0x....             LDR.N    R0,??DataTable8  ;; 0x400ff100
   \   0000003C   0x.... 0x....      BL       LPLD_GPIO_Output_b
   \   00000040   0xE03E             B.N      ??bz_warn_1
    161            }
    162            else if ( bz_cnt < 1500  )
   \                     ??bz_warn_2: (+1)
   \   00000042   0x....             LDR.N    R0,??DataTable8_2
   \   00000044   0x8800             LDRH     R0,[R0, #+0]
   \   00000046   0xF240 0x51DC      MOVW     R1,#+1500
   \   0000004A   0x4288             CMP      R0,R1
   \   0000004C   0xDA0A             BGE.N    ??bz_warn_3
    163            {
    164              BZ_ON;
   \   0000004E   0x2201             MOVS     R2,#+1
   \   00000050   0x210A             MOVS     R1,#+10
   \   00000052   0x....             LDR.N    R0,??DataTable8  ;; 0x400ff100
   \   00000054   0x.... 0x....      BL       LPLD_GPIO_Output_b
    165              LED_ON;
   \   00000058   0x2200             MOVS     R2,#+0
   \   0000005A   0x210B             MOVS     R1,#+11
   \   0000005C   0x....             LDR.N    R0,??DataTable8  ;; 0x400ff100
   \   0000005E   0x.... 0x....      BL       LPLD_GPIO_Output_b
   \   00000062   0xE02D             B.N      ??bz_warn_1
    166            }
    167            else if ( bz_cnt <= 2000 )
   \                     ??bz_warn_3: (+1)
   \   00000064   0x....             LDR.N    R0,??DataTable8_2
   \   00000066   0x8800             LDRH     R0,[R0, #+0]
   \   00000068   0xF5B0 0x6FFA      CMP      R0,#+2000
   \   0000006C   0xDC0A             BGT.N    ??bz_warn_4
    168            {
    169              BZ_OFF;
   \   0000006E   0x2200             MOVS     R2,#+0
   \   00000070   0x210A             MOVS     R1,#+10
   \   00000072   0x....             LDR.N    R0,??DataTable8  ;; 0x400ff100
   \   00000074   0x.... 0x....      BL       LPLD_GPIO_Output_b
    170              LED_OFF;
   \   00000078   0x2201             MOVS     R2,#+1
   \   0000007A   0x210B             MOVS     R1,#+11
   \   0000007C   0x....             LDR.N    R0,??DataTable8  ;; 0x400ff100
   \   0000007E   0x.... 0x....      BL       LPLD_GPIO_Output_b
   \   00000082   0xE01D             B.N      ??bz_warn_1
    171            }
    172            else if ( bz_cnt < 2500  )
   \                     ??bz_warn_4: (+1)
   \   00000084   0x....             LDR.N    R0,??DataTable8_2
   \   00000086   0x8800             LDRH     R0,[R0, #+0]
   \   00000088   0xF640 0x11C4      MOVW     R1,#+2500
   \   0000008C   0x4288             CMP      R0,R1
   \   0000008E   0xDA0A             BGE.N    ??bz_warn_5
    173            {
    174              BZ_ON;
   \   00000090   0x2201             MOVS     R2,#+1
   \   00000092   0x210A             MOVS     R1,#+10
   \   00000094   0x....             LDR.N    R0,??DataTable8  ;; 0x400ff100
   \   00000096   0x.... 0x....      BL       LPLD_GPIO_Output_b
    175              LED_ON;
   \   0000009A   0x2200             MOVS     R2,#+0
   \   0000009C   0x210B             MOVS     R1,#+11
   \   0000009E   0x....             LDR.N    R0,??DataTable8  ;; 0x400ff100
   \   000000A0   0x.... 0x....      BL       LPLD_GPIO_Output_b
   \   000000A4   0xE00C             B.N      ??bz_warn_1
    176            }
    177            else 
    178            {
    179              BZ_OFF;
   \                     ??bz_warn_5: (+1)
   \   000000A6   0x2200             MOVS     R2,#+0
   \   000000A8   0x210A             MOVS     R1,#+10
   \   000000AA   0x....             LDR.N    R0,??DataTable8  ;; 0x400ff100
   \   000000AC   0x.... 0x....      BL       LPLD_GPIO_Output_b
    180              LED_OFF;
   \   000000B0   0x2201             MOVS     R2,#+1
   \   000000B2   0x210B             MOVS     R1,#+11
   \   000000B4   0x....             LDR.N    R0,??DataTable8  ;; 0x400ff100
   \   000000B6   0x.... 0x....      BL       LPLD_GPIO_Output_b
    181              bz_style = norm;
   \   000000BA   0x2003             MOVS     R0,#+3
   \   000000BC   0x....             LDR.N    R1,??DataTable8_1
   \   000000BE   0x7008             STRB     R0,[R1, #+0]
    182            }
    183          }
   \                     ??bz_warn_1: (+1)
   \   000000C0   0xBD01             POP      {R0,PC}          ;; return
    184          

   \                                 In section .text, align 2, keep-with-next
    185          void bz_fuzzyrec()
    186          {
   \                     bz_fuzzyrec: (+1)
   \   00000000   0xB580             PUSH     {R7,LR}
    187            if ( bz_cnt < 100  )
   \   00000002   0x....             LDR.N    R0,??DataTable8_2
   \   00000004   0x8800             LDRH     R0,[R0, #+0]
   \   00000006   0x2864             CMP      R0,#+100
   \   00000008   0xDA0A             BGE.N    ??bz_fuzzyrec_0
    188            {
    189              BZ_ON;
   \   0000000A   0x2201             MOVS     R2,#+1
   \   0000000C   0x210A             MOVS     R1,#+10
   \   0000000E   0x....             LDR.N    R0,??DataTable8  ;; 0x400ff100
   \   00000010   0x.... 0x....      BL       LPLD_GPIO_Output_b
    190              LED_ON;
   \   00000014   0x2200             MOVS     R2,#+0
   \   00000016   0x210B             MOVS     R1,#+11
   \   00000018   0x....             LDR.N    R0,??DataTable8  ;; 0x400ff100
   \   0000001A   0x.... 0x....      BL       LPLD_GPIO_Output_b
   \   0000001E   0xE04A             B.N      ??bz_fuzzyrec_1
    191            }
    192            else if ( bz_cnt <= 200 )
   \                     ??bz_fuzzyrec_0: (+1)
   \   00000020   0x....             LDR.N    R0,??DataTable8_2
   \   00000022   0x8800             LDRH     R0,[R0, #+0]
   \   00000024   0x28C9             CMP      R0,#+201
   \   00000026   0xDA0A             BGE.N    ??bz_fuzzyrec_2
    193            {
    194              BZ_OFF;
   \   00000028   0x2200             MOVS     R2,#+0
   \   0000002A   0x210A             MOVS     R1,#+10
   \   0000002C   0x....             LDR.N    R0,??DataTable8  ;; 0x400ff100
   \   0000002E   0x.... 0x....      BL       LPLD_GPIO_Output_b
    195              LED_OFF;
   \   00000032   0x2201             MOVS     R2,#+1
   \   00000034   0x210B             MOVS     R1,#+11
   \   00000036   0x....             LDR.N    R0,??DataTable8  ;; 0x400ff100
   \   00000038   0x.... 0x....      BL       LPLD_GPIO_Output_b
   \   0000003C   0xE03B             B.N      ??bz_fuzzyrec_1
    196            }
    197            else if ( bz_cnt < 250  )
   \                     ??bz_fuzzyrec_2: (+1)
   \   0000003E   0x....             LDR.N    R0,??DataTable8_2
   \   00000040   0x8800             LDRH     R0,[R0, #+0]
   \   00000042   0x28FA             CMP      R0,#+250
   \   00000044   0xDA0A             BGE.N    ??bz_fuzzyrec_3
    198            {
    199              BZ_ON;
   \   00000046   0x2201             MOVS     R2,#+1
   \   00000048   0x210A             MOVS     R1,#+10
   \   0000004A   0x....             LDR.N    R0,??DataTable8  ;; 0x400ff100
   \   0000004C   0x.... 0x....      BL       LPLD_GPIO_Output_b
    200              LED_ON;
   \   00000050   0x2200             MOVS     R2,#+0
   \   00000052   0x210B             MOVS     R1,#+11
   \   00000054   0x....             LDR.N    R0,??DataTable8  ;; 0x400ff100
   \   00000056   0x.... 0x....      BL       LPLD_GPIO_Output_b
   \   0000005A   0xE02C             B.N      ??bz_fuzzyrec_1
    201            }
    202            else if ( bz_cnt <= 300 )
   \                     ??bz_fuzzyrec_3: (+1)
   \   0000005C   0x....             LDR.N    R0,??DataTable8_2
   \   0000005E   0x8800             LDRH     R0,[R0, #+0]
   \   00000060   0xF5B0 0x7F96      CMP      R0,#+300
   \   00000064   0xDC0A             BGT.N    ??bz_fuzzyrec_4
    203            {
    204              BZ_OFF;
   \   00000066   0x2200             MOVS     R2,#+0
   \   00000068   0x210A             MOVS     R1,#+10
   \   0000006A   0x....             LDR.N    R0,??DataTable8  ;; 0x400ff100
   \   0000006C   0x.... 0x....      BL       LPLD_GPIO_Output_b
    205              LED_OFF;
   \   00000070   0x2201             MOVS     R2,#+1
   \   00000072   0x210B             MOVS     R1,#+11
   \   00000074   0x....             LDR.N    R0,??DataTable8  ;; 0x400ff100
   \   00000076   0x.... 0x....      BL       LPLD_GPIO_Output_b
   \   0000007A   0xE01C             B.N      ??bz_fuzzyrec_1
    206            }
    207            else if ( bz_cnt < 350  )
   \                     ??bz_fuzzyrec_4: (+1)
   \   0000007C   0x....             LDR.N    R0,??DataTable8_2
   \   0000007E   0x8800             LDRH     R0,[R0, #+0]
   \   00000080   0xF5B0 0x7FAF      CMP      R0,#+350
   \   00000084   0xDA0A             BGE.N    ??bz_fuzzyrec_5
    208            {
    209              BZ_ON;
   \   00000086   0x2201             MOVS     R2,#+1
   \   00000088   0x210A             MOVS     R1,#+10
   \   0000008A   0x....             LDR.N    R0,??DataTable8  ;; 0x400ff100
   \   0000008C   0x.... 0x....      BL       LPLD_GPIO_Output_b
    210              LED_ON;
   \   00000090   0x2200             MOVS     R2,#+0
   \   00000092   0x210B             MOVS     R1,#+11
   \   00000094   0x....             LDR.N    R0,??DataTable8  ;; 0x400ff100
   \   00000096   0x.... 0x....      BL       LPLD_GPIO_Output_b
   \   0000009A   0xE00C             B.N      ??bz_fuzzyrec_1
    211            }
    212            else
    213            {
    214              BZ_OFF;
   \                     ??bz_fuzzyrec_5: (+1)
   \   0000009C   0x2200             MOVS     R2,#+0
   \   0000009E   0x210A             MOVS     R1,#+10
   \   000000A0   0x....             LDR.N    R0,??DataTable8  ;; 0x400ff100
   \   000000A2   0x.... 0x....      BL       LPLD_GPIO_Output_b
    215              LED_OFF;
   \   000000A6   0x2201             MOVS     R2,#+1
   \   000000A8   0x210B             MOVS     R1,#+11
   \   000000AA   0x....             LDR.N    R0,??DataTable8  ;; 0x400ff100
   \   000000AC   0x.... 0x....      BL       LPLD_GPIO_Output_b
    216              bz_style = norm;
   \   000000B0   0x2003             MOVS     R0,#+3
   \   000000B2   0x....             LDR.N    R1,??DataTable8_1
   \   000000B4   0x7008             STRB     R0,[R1, #+0]
    217            }
    218            
    219          }
   \                     ??bz_fuzzyrec_1: (+1)
   \   000000B6   0xBD01             POP      {R0,PC}          ;; return
    220          
    221          

   \                                 In section .text, align 2, keep-with-next
    222          void bz_cross()
    223          {
   \                     bz_cross: (+1)
   \   00000000   0xB580             PUSH     {R7,LR}
    224            if ( bz_cnt < 30  )
   \   00000002   0x....             LDR.N    R0,??DataTable8_2
   \   00000004   0x8800             LDRH     R0,[R0, #+0]
   \   00000006   0x281E             CMP      R0,#+30
   \   00000008   0xDA0A             BGE.N    ??bz_cross_0
    225            {
    226              BZ_ON;
   \   0000000A   0x2201             MOVS     R2,#+1
   \   0000000C   0x210A             MOVS     R1,#+10
   \   0000000E   0x....             LDR.N    R0,??DataTable8  ;; 0x400ff100
   \   00000010   0x.... 0x....      BL       LPLD_GPIO_Output_b
    227              LED_ON;
   \   00000014   0x2200             MOVS     R2,#+0
   \   00000016   0x210B             MOVS     R1,#+11
   \   00000018   0x....             LDR.N    R0,??DataTable8  ;; 0x400ff100
   \   0000001A   0x.... 0x....      BL       LPLD_GPIO_Output_b
   \   0000001E   0xE048             B.N      ??bz_cross_1
    228            }
    229            else if ( bz_cnt <= 60 )
   \                     ??bz_cross_0: (+1)
   \   00000020   0x....             LDR.N    R0,??DataTable8_2
   \   00000022   0x8800             LDRH     R0,[R0, #+0]
   \   00000024   0x283D             CMP      R0,#+61
   \   00000026   0xDA0A             BGE.N    ??bz_cross_2
    230            {
    231              BZ_OFF;
   \   00000028   0x2200             MOVS     R2,#+0
   \   0000002A   0x210A             MOVS     R1,#+10
   \   0000002C   0x....             LDR.N    R0,??DataTable8  ;; 0x400ff100
   \   0000002E   0x.... 0x....      BL       LPLD_GPIO_Output_b
    232              LED_OFF;
   \   00000032   0x2201             MOVS     R2,#+1
   \   00000034   0x210B             MOVS     R1,#+11
   \   00000036   0x....             LDR.N    R0,??DataTable8  ;; 0x400ff100
   \   00000038   0x.... 0x....      BL       LPLD_GPIO_Output_b
   \   0000003C   0xE039             B.N      ??bz_cross_1
    233            }
    234            else if ( bz_cnt < 90  )
   \                     ??bz_cross_2: (+1)
   \   0000003E   0x....             LDR.N    R0,??DataTable8_2
   \   00000040   0x8800             LDRH     R0,[R0, #+0]
   \   00000042   0x285A             CMP      R0,#+90
   \   00000044   0xDA0A             BGE.N    ??bz_cross_3
    235            {
    236              BZ_ON;
   \   00000046   0x2201             MOVS     R2,#+1
   \   00000048   0x210A             MOVS     R1,#+10
   \   0000004A   0x....             LDR.N    R0,??DataTable8  ;; 0x400ff100
   \   0000004C   0x.... 0x....      BL       LPLD_GPIO_Output_b
    237              LED_ON;
   \   00000050   0x2200             MOVS     R2,#+0
   \   00000052   0x210B             MOVS     R1,#+11
   \   00000054   0x....             LDR.N    R0,??DataTable8  ;; 0x400ff100
   \   00000056   0x.... 0x....      BL       LPLD_GPIO_Output_b
   \   0000005A   0xE02A             B.N      ??bz_cross_1
    238            }
    239            else if ( bz_cnt <= 120 )
   \                     ??bz_cross_3: (+1)
   \   0000005C   0x....             LDR.N    R0,??DataTable8_2
   \   0000005E   0x8800             LDRH     R0,[R0, #+0]
   \   00000060   0x2879             CMP      R0,#+121
   \   00000062   0xDA0A             BGE.N    ??bz_cross_4
    240            {
    241              BZ_OFF;
   \   00000064   0x2200             MOVS     R2,#+0
   \   00000066   0x210A             MOVS     R1,#+10
   \   00000068   0x....             LDR.N    R0,??DataTable8  ;; 0x400ff100
   \   0000006A   0x.... 0x....      BL       LPLD_GPIO_Output_b
    242              LED_OFF;
   \   0000006E   0x2201             MOVS     R2,#+1
   \   00000070   0x210B             MOVS     R1,#+11
   \   00000072   0x....             LDR.N    R0,??DataTable8  ;; 0x400ff100
   \   00000074   0x.... 0x....      BL       LPLD_GPIO_Output_b
   \   00000078   0xE01B             B.N      ??bz_cross_1
    243            }
    244            else if ( bz_cnt < 170  )
   \                     ??bz_cross_4: (+1)
   \   0000007A   0x....             LDR.N    R0,??DataTable8_2
   \   0000007C   0x8800             LDRH     R0,[R0, #+0]
   \   0000007E   0x28AA             CMP      R0,#+170
   \   00000080   0xDA0A             BGE.N    ??bz_cross_5
    245            {
    246              BZ_ON;
   \   00000082   0x2201             MOVS     R2,#+1
   \   00000084   0x210A             MOVS     R1,#+10
   \   00000086   0x....             LDR.N    R0,??DataTable8  ;; 0x400ff100
   \   00000088   0x.... 0x....      BL       LPLD_GPIO_Output_b
    247              LED_ON;
   \   0000008C   0x2200             MOVS     R2,#+0
   \   0000008E   0x210B             MOVS     R1,#+11
   \   00000090   0x....             LDR.N    R0,??DataTable8  ;; 0x400ff100
   \   00000092   0x.... 0x....      BL       LPLD_GPIO_Output_b
   \   00000096   0xE00C             B.N      ??bz_cross_1
    248            }
    249            else
    250            {
    251              BZ_OFF;
   \                     ??bz_cross_5: (+1)
   \   00000098   0x2200             MOVS     R2,#+0
   \   0000009A   0x210A             MOVS     R1,#+10
   \   0000009C   0x....             LDR.N    R0,??DataTable8  ;; 0x400ff100
   \   0000009E   0x.... 0x....      BL       LPLD_GPIO_Output_b
    252              LED_OFF;
   \   000000A2   0x2201             MOVS     R2,#+1
   \   000000A4   0x210B             MOVS     R1,#+11
   \   000000A6   0x....             LDR.N    R0,??DataTable8  ;; 0x400ff100
   \   000000A8   0x.... 0x....      BL       LPLD_GPIO_Output_b
    253              bz_style = norm;
   \   000000AC   0x2003             MOVS     R0,#+3
   \   000000AE   0x....             LDR.N    R1,??DataTable8_1
   \   000000B0   0x7008             STRB     R0,[R1, #+0]
    254            }
    255            
    256          }
   \                     ??bz_cross_1: (+1)
   \   000000B2   0xBD01             POP      {R0,PC}          ;; return
    257          
    258          

   \                                 In section .text, align 2, keep-with-next
    259          void bz_set(enum _bz_style bz)
    260          {
    261            bz_cnt = 0;
   \                     bz_set: (+1)
   \   00000000   0x2100             MOVS     R1,#+0
   \   00000002   0x....             LDR.N    R2,??DataTable8_2
   \   00000004   0x8011             STRH     R1,[R2, #+0]
    262            bz_style = bz; 
   \   00000006   0x....             LDR.N    R1,??DataTable8_1
   \   00000008   0x7008             STRB     R0,[R1, #+0]
    263          }
   \   0000000A   0x4770             BX       LR               ;; return

   \                                 In section .text, align 4, keep-with-next
   \                     ??DataTable8:
   \   00000000   0x400FF100         DC32     0x400ff100

   \                                 In section .text, align 4, keep-with-next
   \                     ??DataTable8_1:
   \   00000000   0x........         DC32     bz_style

   \                                 In section .text, align 4, keep-with-next
   \                     ??DataTable8_2:
   \   00000000   0x........         DC32     bz_cnt

   Maximum stack usage in bytes:

   .cstack Function
   ------- --------
       8   bz_cross
         8   -> LPLD_GPIO_Output_b
       8   bz_datarec
         8   -> LPLD_GPIO_Output_b
       8   bz_fuzzyrec
         8   -> LPLD_GPIO_Output_b
      48   bz_init
        32   -> LPLD_GPIO_Init
        48   -> __aeabi_memcpy4
       0   bz_norm
       8   bz_ready
         8   -> LPLD_GPIO_Output_b
       0   bz_set
       8   bz_warn
         8   -> LPLD_GPIO_Output_b
       8   bzled_work
         8   -> bz_cross
         8   -> bz_datarec
         8   -> bz_norm
         8   -> bz_ready
         8   -> bz_warn
      48   led_init
        32   -> LPLD_GPIO_Init
        48   -> __aeabi_memcpy4


   Section sizes:

   Bytes  Function/Label
   -----  --------------
       4  ??DataTable8
       4  ??DataTable8_1
       4  ??DataTable8_2
       2  bz_cnt
     180  bz_cross
     180  bz_datarec
     184  bz_fuzzyrec
      58  bz_init
       2  bz_norm
     296  bz_ready
      12  bz_set
       1  bz_style
     194  bz_warn
      56  bzled_work
      58  led_init

 
     2 bytes in section .bss
     1 byte  in section .data
 1 232 bytes in section .text
 
 1 232 bytes of CODE memory
     3 bytes of DATA memory

Errors: none
Warnings: none
