###############################################################################
#
# IAR ANSI C/C++ Compiler V7.30.3.8024/W32 for ARM        16/Aug/2016  11:11:07
# Copyright 1999-2014 IAR Systems AB.
#
#    Cpu mode     =  thumb
#    Endian       =  little
#    Source file  =  
#        E:\飞思卡尔\新工程\LPLD_OSKinetis_V3\project\NXP_(golden_cyprinoid)
#        1.9\app\CTL\control.c
#    Command line =  
#        "E:\飞思卡尔\新工程\LPLD_OSKinetis_V3\project\NXP_(golden_cyprinoid)
#        1.9\app\CTL\control.c" -D LPLD_K60 -lCN
#        "E:\飞思卡尔\新工程\LPLD_OSKinetis_V3\project\NXP_(golden_cyprinoid)
#        1.9\iar\FLASH\List\" -lB
#        "E:\飞思卡尔\新工程\LPLD_OSKinetis_V3\project\NXP_(golden_cyprinoid)
#        1.9\iar\FLASH\List\" -o
#        "E:\飞思卡尔\新工程\LPLD_OSKinetis_V3\project\NXP_(golden_cyprinoid)
#        1.9\iar\FLASH\Obj\" --no_cse --no_unroll --no_inline --no_code_motion
#        --no_tbaa --no_clustering --no_scheduling --debug --endian=little
#        --cpu=Cortex-M4 -e --fpu=None --dlib_config
#        D:\IAR\arm\INC\c\DLib_Config_Normal.h -I
#        "E:\飞思卡尔\新工程\LPLD_OSKinetis_V3\project\NXP_(golden_cyprinoid)
#        1.9\iar\..\app\" -I
#        "E:\飞思卡尔\新工程\LPLD_OSKinetis_V3\project\NXP_(golden_cyprinoid)
#        1.9\iar\..\app\BSP\" -I
#        "E:\飞思卡尔\新工程\LPLD_OSKinetis_V3\project\NXP_(golden_cyprinoid)
#        1.9\iar\..\app\ITAC\" -I
#        "E:\飞思卡尔\新工程\LPLD_OSKinetis_V3\project\NXP_(golden_cyprinoid)
#        1.9\iar\..\app\CTL\" -I
#        "E:\飞思卡尔\新工程\LPLD_OSKinetis_V3\project\NXP_(golden_cyprinoid)
#        1.9\iar\..\app\MAIN\" -I
#        "E:\飞思卡尔\新工程\LPLD_OSKinetis_V3\project\NXP_(golden_cyprinoid)
#        1.9\iar\..\app\SENSOR\" -I
#        "E:\飞思卡尔\新工程\LPLD_OSKinetis_V3\project\NXP_(golden_cyprinoid)
#        1.9\iar\..\..\..\lib\CPU\" -I
#        "E:\飞思卡尔\新工程\LPLD_OSKinetis_V3\project\NXP_(golden_cyprinoid)
#        1.9\iar\..\..\..\lib\common\" -I
#        "E:\飞思卡尔\新工程\LPLD_OSKinetis_V3\project\NXP_(golden_cyprinoid)
#        1.9\iar\..\..\..\lib\LPLD\" -I
#        "E:\飞思卡尔\新工程\LPLD_OSKinetis_V3\project\NXP_(golden_cyprinoid)
#        1.9\iar\..\..\..\lib\LPLD\HW\" -I
#        "E:\飞思卡尔\新工程\LPLD_OSKinetis_V3\project\NXP_(golden_cyprinoid)
#        1.9\iar\..\..\..\lib\LPLD\DEV\" -I
#        "E:\飞思卡尔\新工程\LPLD_OSKinetis_V3\project\NXP_(golden_cyprinoid)
#        1.9\iar\..\..\..\lib\uCOS-II\Ports\" -I
#        "E:\飞思卡尔\新工程\LPLD_OSKinetis_V3\project\NXP_(golden_cyprinoid)
#        1.9\iar\..\..\..\lib\uCOS-II\Source\" -I
#        "E:\飞思卡尔\新工程\LPLD_OSKinetis_V3\project\NXP_(golden_cyprinoid)
#        1.9\iar\..\..\..\lib\FatFs\" -I
#        "E:\飞思卡尔\新工程\LPLD_OSKinetis_V3\project\NXP_(golden_cyprinoid)
#        1.9\iar\..\..\..\lib\FatFs\option\" -I
#        "E:\飞思卡尔\新工程\LPLD_OSKinetis_V3\project\NXP_(golden_cyprinoid)
#        1.9\iar\..\..\..\lib\USB\common\" -I
#        "E:\飞思卡尔\新工程\LPLD_OSKinetis_V3\project\NXP_(golden_cyprinoid)
#        1.9\iar\..\..\..\lib\USB\driver\" -I
#        "E:\飞思卡尔\新工程\LPLD_OSKinetis_V3\project\NXP_(golden_cyprinoid)
#        1.9\iar\..\..\..\lib\USB\descriptor\" -I
#        "E:\飞思卡尔\新工程\LPLD_OSKinetis_V3\project\NXP_(golden_cyprinoid)
#        1.9\iar\..\..\..\lib\USB\class\" -On -I D:\IAR\arm\CMSIS\Include\ -D
#        ARM_MATH_CM4
#    List file    =  
#        E:\飞思卡尔\新工程\LPLD_OSKinetis_V3\project\NXP_(golden_cyprinoid)
#        1.9\iar\FLASH\List\control.lst
#    Object file  =  
#        E:\飞思卡尔\新工程\LPLD_OSKinetis_V3\project\NXP_(golden_cyprinoid)
#        1.9\iar\FLASH\Obj\control.o
#
###############################################################################

E:\飞思卡尔\新工程\LPLD_OSKinetis_V3\project\NXP_(golden_cyprinoid) 1.9\app\CTL\control.c
      1          //控制部分通用代码
      2          #include "include.h"
      3          

   \                                 In section .bss, align 4
      4          struct _ctl ctl;
   \                     ctl:
   \   00000000                      DS8 200
      5          

   \                                 In section .text, align 2, keep-with-next
      6          void CTL_SEN_init()//控制参数初始化
      7          {
      8            ctl.S3010.Kp_S = 0.39;
   \                     CTL_SEN_init: (+1)
   \   00000000   0x....             LDR.N    R0,??DataTable1  ;; 0x3ec7ae14
   \   00000002   0x....             LDR.N    R1,??DataTable1_1
   \   00000004   0x6148             STR      R0,[R1, #+20]
      9            //  ctl.S3010.Kp_B = 0;
     10            //  
     11            ctl.S3010.Kd_S = 0.3;
   \   00000006   0x....             LDR.N    R0,??DataTable1_2  ;; 0x3e99999a
   \   00000008   0x....             LDR.N    R1,??DataTable1_1
   \   0000000A   0x6248             STR      R0,[R1, #+36]
     12            //  ctl.S3010.Kd_B = 0;
     13            
     14            ctl.motto.Kp_B = 0.75;
   \   0000000C   0xF05F 0x507D      MOVS     R0,#+1061158912
   \   00000010   0x....             LDR.N    R1,??DataTable1_1
   \   00000012   0xF8C1 0x0084      STR      R0,[R1, #+132]
     15            ctl.motto.Kd_B = 10;
   \   00000016   0x....             LDR.N    R0,??DataTable1_3  ;; 0x41200000
   \   00000018   0x....             LDR.N    R1,??DataTable1_1
   \   0000001A   0xF8C1 0x0094      STR      R0,[R1, #+148]
     16            ctl.motto.Kp_S = 0.4;
   \   0000001E   0x....             LDR.N    R0,??DataTable1_4  ;; 0x3ecccccd
   \   00000020   0x....             LDR.N    R1,??DataTable1_1
   \   00000022   0x6788             STR      R0,[R1, #+120]
     17            ctl.motto.Kd_S = 1.2;
   \   00000024   0x....             LDR.N    R0,??DataTable1_5  ;; 0x3f99999a
   \   00000026   0x....             LDR.N    R1,??DataTable1_1
   \   00000028   0xF8C1 0x0088      STR      R0,[R1, #+136]
     18            
     19            
     20            ctl.motto.v_error = 0;
   \   0000002C   0x2000             MOVS     R0,#+0
   \   0000002E   0x....             LDR.N    R1,??DataTable1_1
   \   00000030   0xF8A1 0x006A      STRH     R0,[R1, #+106]
     21            
     22            ctl.motto.v = 675;
   \   00000034   0xF240 0x20A3      MOVW     R0,#+675
   \   00000038   0x....             LDR.N    R1,??DataTable1_1
   \   0000003A   0xF8A1 0x0068      STRH     R0,[R1, #+104]
     23            
     24            ctl.motto.Kp = 2;
   \   0000003E   0xF05F 0x4080      MOVS     R0,#+1073741824
   \   00000042   0x....             LDR.N    R1,??DataTable1_1
   \   00000044   0x66C8             STR      R0,[R1, #+108]
     25            ctl.motto.Ki = 35;
   \   00000046   0x....             LDR.N    R0,??DataTable1_6  ;; 0x420c0000
   \   00000048   0x....             LDR.N    R1,??DataTable1_1
   \   0000004A   0x6708             STR      R0,[R1, #+112]
     26            
     27            ctl.motto.out = 0;
   \   0000004C   0x2000             MOVS     R0,#+0
   \   0000004E   0x....             LDR.N    R1,??DataTable1_1
   \   00000050   0xF8C1 0x00A0      STR      R0,[R1, #+160]
     28             
     29            line.pos = 0;
   \   00000054   0x2000             MOVS     R0,#+0
   \   00000056   0x....             LDR.N    R1,??DataTable1_7
   \   00000058   0x8148             STRH     R0,[R1, #+10]
     30            
     31            sensor.max[0] = 258;
   \   0000005A   0xF44F 0x7081      MOV      R0,#+258
   \   0000005E   0x....             LDR.N    R1,??DataTable1_8
   \   00000060   0xF8A1 0x004C      STRH     R0,[R1, #+76]
     32            sensor.max[1] = 253;  
   \   00000064   0x20FD             MOVS     R0,#+253
   \   00000066   0x....             LDR.N    R1,??DataTable1_8
   \   00000068   0xF8A1 0x004E      STRH     R0,[R1, #+78]
     33            sensor.max[2] = 252;  
   \   0000006C   0x20FC             MOVS     R0,#+252
   \   0000006E   0x....             LDR.N    R1,??DataTable1_8
   \   00000070   0xF8A1 0x0050      STRH     R0,[R1, #+80]
     34          
     35            sensor.min[0] = -273;
   \   00000074   0xF47F 0x7088      MVNS     R0,#+272
   \   00000078   0x....             LDR.N    R1,??DataTable1_8
   \   0000007A   0xF8A1 0x0052      STRH     R0,[R1, #+82]
     36            sensor.min[1] = -270;  //249
   \   0000007E   0x....             LDR.N    R0,??DataTable1_9  ;; 0xfffffef2
   \   00000080   0x....             LDR.N    R1,??DataTable1_8
   \   00000082   0xF8A1 0x0054      STRH     R0,[R1, #+84]
     37            sensor.min[2] = -282;
   \   00000086   0x....             LDR.N    R0,??DataTable1_10  ;; 0xfffffee6
   \   00000088   0x....             LDR.N    R1,??DataTable1_8
   \   0000008A   0xF8A1 0x0056      STRH     R0,[R1, #+86]
     38            
     39            ctl.motto.distance = 5000;
   \   0000008E   0xF241 0x3088      MOVW     R0,#+5000
   \   00000092   0x....             LDR.N    R1,??DataTable1_1
   \   00000094   0xF8A1 0x00B4      STRH     R0,[R1, #+180]
     40            GUI.para.endline_time = 15 ;
   \   00000098   0x200F             MOVS     R0,#+15
   \   0000009A   0x....             LDR.N    R1,??DataTable1_11
   \   0000009C   0x8088             STRH     R0,[R1, #+4]
     41            
     42          }
   \   0000009E   0x4770             BX       LR               ;; return
     43          
     44          

   \                                 In section .data, align 1
     45          boolean flag_bihuan = 1;
   \                     flag_bihuan:
   \   00000000   0x01               DC8 1

   \                                 In section .data, align 1
     46          boolean ramp_Enable = 1;
   \                     ramp_Enable:
   \   00000000   0x01               DC8 1

   \                                 In section .bss, align 1
     47          boolean flag_ramp;
   \                     flag_ramp:
   \   00000000                      DS8 1

   \                                 In section .data, align 1
     48          boolean cross_Enable = 1;
   \                     cross_Enable:
   \   00000000   0x01               DC8 1

   \                                 In section .bss, align 1
     49          boolean flag_cross;
   \                     flag_cross:
   \   00000000                      DS8 1
     50          
     51          
     52          //控制中断函数

   \                                 In section .text, align 2, keep-with-next
     53          void CTL_isr()//控制系统调度 //20ms
     54          {
   \                     CTL_isr: (+1)
   \   00000000   0xB580             PUSH     {R7,LR}
     55            //LPLD_GPIO_Output_b(PTD,1,0);
     56            static uint8 cnt = 0;
     57            
     58            cnt++;
   \   00000002   0x....             LDR.N    R0,??DataTable1_12
   \   00000004   0x7800             LDRB     R0,[R0, #+0]
   \   00000006   0x1C40             ADDS     R0,R0,#+1
   \   00000008   0x....             LDR.N    R1,??DataTable1_12
   \   0000000A   0x7008             STRB     R0,[R1, #+0]
     59            /*LDC_GETDATA*/
     60            
     61            
     62            LDC1614_read_meas();
   \   0000000C   0x.... 0x....      BL       LDC1614_read_meas
     63            
     64            sensor.data[0] = LDC_data[0] - 1589300;
   \   00000010   0x....             LDR.N    R0,??DataTable1_13
   \   00000012   0x6800             LDR      R0,[R0, #+0]
   \   00000014   0x....             LDR.N    R1,??DataTable1_14  ;; 0xffe7bfcc
   \   00000016   0x1808             ADDS     R0,R1,R0
   \   00000018   0x....             LDR.N    R1,??DataTable1_8
   \   0000001A   0x6348             STR      R0,[R1, #+52]
     65            sensor.data[0] /= 35;
   \   0000001C   0x....             LDR.N    R0,??DataTable1_8
   \   0000001E   0x6B40             LDR      R0,[R0, #+52]
   \   00000020   0x2123             MOVS     R1,#+35
   \   00000022   0xFB90 0xF0F1      SDIV     R0,R0,R1
   \   00000026   0x....             LDR.N    R1,??DataTable1_8
   \   00000028   0x6348             STR      R0,[R1, #+52]
     66            sensor.data[0] -= sensor.offset[0];
   \   0000002A   0x....             LDR.N    R0,??DataTable1_8
   \   0000002C   0x6B40             LDR      R0,[R0, #+52]
   \   0000002E   0x....             LDR.N    R1,??DataTable1_8
   \   00000030   0x6809             LDR      R1,[R1, #+0]
   \   00000032   0x1A40             SUBS     R0,R0,R1
   \   00000034   0x....             LDR.N    R1,??DataTable1_8
   \   00000036   0x6348             STR      R0,[R1, #+52]
     67            
     68            sensor.data[1] = LDC_data[1] - 1559900;
   \   00000038   0x....             LDR.N    R0,??DataTable1_13
   \   0000003A   0x6840             LDR      R0,[R0, #+4]
   \   0000003C   0x....             LDR.N    R1,??DataTable1_15  ;; 0xffe832a4
   \   0000003E   0x1808             ADDS     R0,R1,R0
   \   00000040   0x....             LDR.N    R1,??DataTable1_8
   \   00000042   0x6388             STR      R0,[R1, #+56]
     69            sensor.data[1] /= 35;
   \   00000044   0x....             LDR.N    R0,??DataTable1_8
   \   00000046   0x6B80             LDR      R0,[R0, #+56]
   \   00000048   0x2123             MOVS     R1,#+35
   \   0000004A   0xFB90 0xF0F1      SDIV     R0,R0,R1
   \   0000004E   0x....             LDR.N    R1,??DataTable1_8
   \   00000050   0x6388             STR      R0,[R1, #+56]
     70            sensor.data[1] -= sensor.offset[1];
   \   00000052   0x....             LDR.N    R0,??DataTable1_8
   \   00000054   0x6B80             LDR      R0,[R0, #+56]
   \   00000056   0x....             LDR.N    R1,??DataTable1_8
   \   00000058   0x6849             LDR      R1,[R1, #+4]
   \   0000005A   0x1A40             SUBS     R0,R0,R1
   \   0000005C   0x....             LDR.N    R1,??DataTable1_8
   \   0000005E   0x6388             STR      R0,[R1, #+56]
     71            
     72            sensor.data[3] = sensor.data[1] + 15;   //坡道时使用
   \   00000060   0x....             LDR.N    R0,??DataTable1_8
   \   00000062   0x6B80             LDR      R0,[R0, #+56]
   \   00000064   0x300F             ADDS     R0,R0,#+15
   \   00000066   0x....             LDR.N    R1,??DataTable1_8
   \   00000068   0x6408             STR      R0,[R1, #+64]
     73            if(sensor.data[3] < 1)
   \   0000006A   0x....             LDR.N    R0,??DataTable1_8
   \   0000006C   0x6C00             LDR      R0,[R0, #+64]
   \   0000006E   0x2801             CMP      R0,#+1
   \   00000070   0xDA02             BGE.N    ??CTL_isr_0
     74            {
     75              sensor.data[3] = 1;
   \   00000072   0x2001             MOVS     R0,#+1
   \   00000074   0x....             LDR.N    R1,??DataTable1_8
   \   00000076   0x6408             STR      R0,[R1, #+64]
     76            }
     77            
     78            sensor.data[2] = LDC_data[2] - 1570500;
   \                     ??CTL_isr_0: (+1)
   \   00000078   0x....             LDR.N    R0,??DataTable1_13
   \   0000007A   0x6880             LDR      R0,[R0, #+8]
   \   0000007C   0x....             LDR.N    R1,??DataTable1_16  ;; 0xffe8093c
   \   0000007E   0x1808             ADDS     R0,R1,R0
   \   00000080   0x....             LDR.N    R1,??DataTable1_8
   \   00000082   0x63C8             STR      R0,[R1, #+60]
     79            sensor.data[2] /= 35;
   \   00000084   0x....             LDR.N    R0,??DataTable1_8
   \   00000086   0x6BC0             LDR      R0,[R0, #+60]
   \   00000088   0x2123             MOVS     R1,#+35
   \   0000008A   0xFB90 0xF0F1      SDIV     R0,R0,R1
   \   0000008E   0x....             LDR.N    R1,??DataTable1_8
   \   00000090   0x63C8             STR      R0,[R1, #+60]
     80            sensor.data[2] -= sensor.offset[2];
   \   00000092   0x....             LDR.N    R0,??DataTable1_8
   \   00000094   0x6BC0             LDR      R0,[R0, #+60]
   \   00000096   0x....             LDR.N    R1,??DataTable1_8
   \   00000098   0x6889             LDR      R1,[R1, #+8]
   \   0000009A   0x1A40             SUBS     R0,R0,R1
   \   0000009C   0x....             LDR.N    R1,??DataTable1_8
   \   0000009E   0x63C8             STR      R0,[R1, #+60]
     81            
     82            
     83            temp = LDC_READ(0x08);  
   \   000000A0   0x2008             MOVS     R0,#+8
   \   000000A2   0x.... 0x....      BL       LDC_READ
   \   000000A6   0x....             LDR.N    R1,??DataTable1_17
   \   000000A8   0x8008             STRH     R0,[R1, #+0]
     84            if(LDC_data[0]==0 && LDC_data[1]==0 && LDC_data[2]==0)
   \   000000AA   0x....             LDR.N    R0,??DataTable1_13
   \   000000AC   0x6800             LDR      R0,[R0, #+0]
   \   000000AE   0x2800             CMP      R0,#+0
   \   000000B0   0xD118             BNE.N    ??CTL_isr_1
   \   000000B2   0x....             LDR.N    R0,??DataTable1_13
   \   000000B4   0x6840             LDR      R0,[R0, #+4]
   \   000000B6   0x2800             CMP      R0,#+0
   \   000000B8   0xD114             BNE.N    ??CTL_isr_1
   \   000000BA   0x....             LDR.N    R0,??DataTable1_13
   \   000000BC   0x6880             LDR      R0,[R0, #+8]
   \   000000BE   0x2800             CMP      R0,#+0
   \   000000C0   0xD110             BNE.N    ??CTL_isr_1
     85            {
     86              BZ_ON;
   \   000000C2   0x2201             MOVS     R2,#+1
   \   000000C4   0x210A             MOVS     R1,#+10
   \   000000C6   0x....             LDR.N    R0,??DataTable1_18  ;; 0x400ff100
   \   000000C8   0x.... 0x....      BL       LPLD_GPIO_Output_b
     87              ctl.motto.v = 300;
   \   000000CC   0xF44F 0x7096      MOV      R0,#+300
   \   000000D0   0x....             LDR.N    R1,??DataTable1_1
   \   000000D2   0xF8A1 0x0068      STRH     R0,[R1, #+104]
     88              LDC1614_init();
   \   000000D6   0x.... 0x....      BL       LDC1614_init
     89              LDC1614_start_meas();
   \   000000DA   0x.... 0x....      BL       LDC1614_start_meas
     90              LPLD_LPTMR_DelayMs(10);
   \   000000DE   0x200A             MOVS     R0,#+10
   \   000000E0   0x.... 0x....      BL       LPLD_LPTMR_DelayMs
     91            }
     92            
     93            push(13,temp);
   \                     ??CTL_isr_1: (+1)
   \   000000E4   0x....             LDR.N    R0,??DataTable1_17
   \   000000E6   0x8801             LDRH     R1,[R0, #+0]
   \   000000E8   0x200D             MOVS     R0,#+13
   \   000000EA   0x.... 0x....      BL       `push`
     94            
     95            if(cross_Enable == 1)     //十字
   \   000000EE   0x....             LDR.N    R0,??DataTable1_19
   \   000000F0   0x7800             LDRB     R0,[R0, #+0]
   \   000000F2   0x2801             CMP      R0,#+1
   \   000000F4   0xD10E             BNE.N    ??CTL_isr_2
     96            {
     97              if(sensor.data[0] > 35 && sensor.data[2] > 35)
   \   000000F6   0x....             LDR.N    R0,??DataTable1_8
   \   000000F8   0x6B40             LDR      R0,[R0, #+52]
   \   000000FA   0x2824             CMP      R0,#+36
   \   000000FC   0xDB07             BLT.N    ??CTL_isr_3
   \   000000FE   0x....             LDR.N    R0,??DataTable1_8
   \   00000100   0x6BC0             LDR      R0,[R0, #+60]
   \   00000102   0x2824             CMP      R0,#+36
   \   00000104   0xDB03             BLT.N    ??CTL_isr_3
     98                flag_cross = 1;
   \   00000106   0x2001             MOVS     R0,#+1
   \   00000108   0x....             LDR.N    R1,??DataTable1_20
   \   0000010A   0x7008             STRB     R0,[R1, #+0]
   \   0000010C   0xE002             B.N      ??CTL_isr_2
     99              
    100              else
    101              {
    102                flag_cross = 0;
   \                     ??CTL_isr_3: (+1)
   \   0000010E   0x2000             MOVS     R0,#+0
   \   00000110   0x....             LDR.N    R1,??DataTable1_20
   \   00000112   0x7008             STRB     R0,[R1, #+0]
    103              }
    104            }
    105            
    106            
    107            if(ramp_Enable == 1)
   \                     ??CTL_isr_2: (+1)
   \   00000114   0x....             LDR.N    R0,??DataTable1_21
   \   00000116   0x7800             LDRB     R0,[R0, #+0]
   \   00000118   0x2801             CMP      R0,#+1
   \   0000011A   0xD101             BNE.N    ??CTL_isr_4
    108            {
    109              ramp();
   \   0000011C   0x.... 0x....      BL       ramp
    110            }
    111            
    112          //  push(13,ramp_cnt);
    113            push(14,sensor.data[0] );
   \                     ??CTL_isr_4: (+1)
   \   00000120   0x....             LDR.N    R0,??DataTable1_8
   \   00000122   0x6B41             LDR      R1,[R0, #+52]
   \   00000124   0xB289             UXTH     R1,R1            ;; ZeroExt  R1,R1,#+16,#+16
   \   00000126   0x200E             MOVS     R0,#+14
   \   00000128   0x.... 0x....      BL       `push`
    114            push(15,sensor.data[3] );
   \   0000012C   0x....             LDR.N    R0,??DataTable1_8
   \   0000012E   0x6C01             LDR      R1,[R0, #+64]
   \   00000130   0xB289             UXTH     R1,R1            ;; ZeroExt  R1,R1,#+16,#+16
   \   00000132   0x200F             MOVS     R0,#+15
   \   00000134   0x.... 0x....      BL       `push`
    115            push(16,sensor.data[2] );
   \   00000138   0x....             LDR.N    R0,??DataTable1_8
   \   0000013A   0x6BC1             LDR      R1,[R0, #+60]
   \   0000013C   0xB289             UXTH     R1,R1            ;; ZeroExt  R1,R1,#+16,#+16
   \   0000013E   0x2010             MOVS     R0,#+16
   \   00000140   0x.... 0x....      BL       `push`
    116            
    117            if(1 == flag_ramp)
   \   00000144   0x....             LDR.N    R0,??DataTable1_22
   \   00000146   0x7800             LDRB     R0,[R0, #+0]
   \   00000148   0x2801             CMP      R0,#+1
   \   0000014A   0xD114             BNE.N    ??CTL_isr_5
    118            {
    119              //BZ_ON;
    120              
    121              line.flag_lose = 70; //坡道
   \   0000014C   0x2046             MOVS     R0,#+70
   \   0000014E   0x....             LDR.N    R1,??DataTable1_7
   \   00000150   0x7088             STRB     R0,[R1, #+2]
    122              if(sensor.data[3] > 25)
   \   00000152   0x....             LDR.N    R0,??DataTable1_8
   \   00000154   0x6C00             LDR      R0,[R0, #+64]
   \   00000156   0x281A             CMP      R0,#+26
   \   00000158   0xDB0F             BLT.N    ??CTL_isr_6
    123              {
    124                line.pos = 25*(sensor.data[2] - sensor.data[0])/sensor.data[3];
   \   0000015A   0x....             LDR.N    R0,??DataTable1_8
   \   0000015C   0x6BC0             LDR      R0,[R0, #+60]
   \   0000015E   0x....             LDR.N    R1,??DataTable1_8
   \   00000160   0x6B49             LDR      R1,[R1, #+52]
   \   00000162   0x1A40             SUBS     R0,R0,R1
   \   00000164   0x2119             MOVS     R1,#+25
   \   00000166   0x4348             MULS     R0,R1,R0
   \   00000168   0x....             LDR.N    R1,??DataTable1_8
   \   0000016A   0x6C09             LDR      R1,[R1, #+64]
   \   0000016C   0xFB90 0xF0F1      SDIV     R0,R0,R1
   \   00000170   0x....             LDR.N    R1,??DataTable1_7
   \   00000172   0x8148             STRH     R0,[R1, #+10]
   \   00000174   0xE001             B.N      ??CTL_isr_6
    125              }
    126              else
    127              {
    128                
    129              }
    130            }
    131            else
    132            {
    133              DateAnalyse();
   \                     ??CTL_isr_5: (+1)
   \   00000176   0x.... 0x....      BL       DateAnalyse
    134            }
    135            
    136            
    137            if(line.pos > 210)//偏差限幅
   \                     ??CTL_isr_6: (+1)
   \   0000017A   0x....             LDR.N    R0,??DataTable1_7
   \   0000017C   0xF9B0 0x000A      LDRSH    R0,[R0, #+10]
   \   00000180   0x28D3             CMP      R0,#+211
   \   00000182   0xDB03             BLT.N    ??CTL_isr_7
    138              line.pos = 210;
   \   00000184   0x20D2             MOVS     R0,#+210
   \   00000186   0x....             LDR.N    R1,??DataTable1_7
   \   00000188   0x8148             STRH     R0,[R1, #+10]
   \   0000018A   0xE009             B.N      ??CTL_isr_8
    139            else if (line.pos < -210)
   \                     ??CTL_isr_7: (+1)
   \   0000018C   0x....             LDR.N    R0,??DataTable1_7
   \   0000018E   0xF9B0 0x000A      LDRSH    R0,[R0, #+10]
   \   00000192   0xF110 0x0FD2      CMN      R0,#+210
   \   00000196   0xDA03             BGE.N    ??CTL_isr_8
    140              line.pos = -210;
   \   00000198   0xF07F 0x00D1      MVNS     R0,#+209
   \   0000019C   0x....             LDR.N    R1,??DataTable1_7
   \   0000019E   0x8148             STRH     R0,[R1, #+10]
    141            
    142            push(3,line.pos);  
   \                     ??CTL_isr_8: (+1)
   \   000001A0   0x....             LDR.N    R0,??DataTable1_7
   \   000001A2   0x8941             LDRH     R1,[R0, #+10]
   \   000001A4   0xB289             UXTH     R1,R1            ;; ZeroExt  R1,R1,#+16,#+16
   \   000001A6   0x2003             MOVS     R0,#+3
   \   000001A8   0x.... 0x....      BL       `push`
    143            
    144            if ( flag_stop == 0 ) //无急停标志
   \   000001AC   0x....             LDR.N    R0,??DataTable1_23
   \   000001AE   0x7800             LDRB     R0,[R0, #+0]
   \   000001B0   0x2800             CMP      R0,#+0
   \   000001B2   0xD11C             BNE.N    ??CTL_isr_9
    145            {
    146              S3010_CTL();
   \   000001B4   0x.... 0x....      BL       S3010_CTL
    147              
    148              //20ms中断区
    149              if ( cnt >= 4 )
   \   000001B8   0x....             LDR.N    R0,??DataTable1_12
   \   000001BA   0x7800             LDRB     R0,[R0, #+0]
   \   000001BC   0x2804             CMP      R0,#+4
   \   000001BE   0xDB0B             BLT.N    ??CTL_isr_10
    150              {
    151                cnt = 0;
   \   000001C0   0x2000             MOVS     R0,#+0
   \   000001C2   0x....             LDR.N    R1,??DataTable1_12
   \   000001C4   0x7008             STRB     R0,[R1, #+0]
    152                LPLD_FTM_PWM_ChangeDuty(FTM1, FTM_Ch0, (uint32) ctl.S3010.out ); 
   \   000001C6   0x....             LDR.N    R0,??DataTable1_1
   \   000001C8   0x6BC0             LDR      R0,[R0, #+60]
   \   000001CA   0x.... 0x....      BL       __aeabi_f2uiz
   \   000001CE   0x0002             MOVS     R2,R0
   \   000001D0   0x2100             MOVS     R1,#+0
   \   000001D2   0x....             LDR.N    R0,??DataTable1_24  ;; 0x40039000
   \   000001D4   0x.... 0x....      BL       LPLD_FTM_PWM_ChangeDuty
    153                
    154              }
    155              
    156              motto_getsped();//测速
   \                     ??CTL_isr_10: (+1)
   \   000001D8   0x.... 0x....      BL       motto_getsped
    157              
    158              if(1 == flag_bihuan)  //开环标志位
   \   000001DC   0x....             LDR.N    R0,??DataTable1_25
   \   000001DE   0x7800             LDRB     R0,[R0, #+0]
   \   000001E0   0x2801             CMP      R0,#+1
   \   000001E2   0xD101             BNE.N    ??CTL_isr_11
    159              {
    160                ctl_sped();//速度控制
   \   000001E4   0x.... 0x....      BL       ctl_sped
    161              }
    162              motto_set();//电机输出    
   \                     ??CTL_isr_11: (+1)
   \   000001E8   0x.... 0x....      BL       motto_set
   \   000001EC   0xE009             B.N      ??CTL_isr_12
    163              
    164            }
    165            else
    166            {
    167              LPLD_FTM_PWM_ChangeDuty(FTM0, FTM_Ch0, 0 );
   \                     ??CTL_isr_9: (+1)
   \   000001EE   0x2200             MOVS     R2,#+0
   \   000001F0   0x2100             MOVS     R1,#+0
   \   000001F2   0x....             LDR.N    R0,??DataTable1_26  ;; 0x40038000
   \   000001F4   0x.... 0x....      BL       LPLD_FTM_PWM_ChangeDuty
    168              LPLD_FTM_PWM_ChangeDuty(FTM0, FTM_Ch1, 0 );
   \   000001F8   0x2200             MOVS     R2,#+0
   \   000001FA   0x2101             MOVS     R1,#+1
   \   000001FC   0x....             LDR.N    R0,??DataTable1_26  ;; 0x40038000
   \   000001FE   0x.... 0x....      BL       LPLD_FTM_PWM_ChangeDuty
    169                  
    170            }
    171            //此处是代码冗余
    172            safty_check();
   \                     ??CTL_isr_12: (+1)
   \   00000202   0x.... 0x....      BL       safty_check
    173            
    174          // LPLD_GPIO_Output_b(PTD,1,1);
    175          
    176          }
   \   00000206   0xBD01             POP      {R0,PC}          ;; return

   \                                 In section .bss, align 1
   \                     ??cnt:
   \   00000000                      DS8 1

   \                                 In section .text, align 4, keep-with-next
   \                     ??DataTable1:
   \   00000000   0x3EC7AE14         DC32     0x3ec7ae14

   \                                 In section .text, align 4, keep-with-next
   \                     ??DataTable1_1:
   \   00000000   0x........         DC32     ctl

   \                                 In section .text, align 4, keep-with-next
   \                     ??DataTable1_2:
   \   00000000   0x3E99999A         DC32     0x3e99999a

   \                                 In section .text, align 4, keep-with-next
   \                     ??DataTable1_3:
   \   00000000   0x41200000         DC32     0x41200000

   \                                 In section .text, align 4, keep-with-next
   \                     ??DataTable1_4:
   \   00000000   0x3ECCCCCD         DC32     0x3ecccccd

   \                                 In section .text, align 4, keep-with-next
   \                     ??DataTable1_5:
   \   00000000   0x3F99999A         DC32     0x3f99999a

   \                                 In section .text, align 4, keep-with-next
   \                     ??DataTable1_6:
   \   00000000   0x420C0000         DC32     0x420c0000

   \                                 In section .text, align 4, keep-with-next
   \                     ??DataTable1_7:
   \   00000000   0x........         DC32     line

   \                                 In section .text, align 4, keep-with-next
   \                     ??DataTable1_8:
   \   00000000   0x........         DC32     sensor

   \                                 In section .text, align 4, keep-with-next
   \                     ??DataTable1_9:
   \   00000000   0xFFFFFEF2         DC32     0xfffffef2

   \                                 In section .text, align 4, keep-with-next
   \                     ??DataTable1_10:
   \   00000000   0xFFFFFEE6         DC32     0xfffffee6

   \                                 In section .text, align 4, keep-with-next
   \                     ??DataTable1_11:
   \   00000000   0x........         DC32     GUI

   \                                 In section .text, align 4, keep-with-next
   \                     ??DataTable1_12:
   \   00000000   0x........         DC32     ??cnt

   \                                 In section .text, align 4, keep-with-next
   \                     ??DataTable1_13:
   \   00000000   0x........         DC32     LDC_data

   \                                 In section .text, align 4, keep-with-next
   \                     ??DataTable1_14:
   \   00000000   0xFFE7BFCC         DC32     0xffe7bfcc

   \                                 In section .text, align 4, keep-with-next
   \                     ??DataTable1_15:
   \   00000000   0xFFE832A4         DC32     0xffe832a4

   \                                 In section .text, align 4, keep-with-next
   \                     ??DataTable1_16:
   \   00000000   0xFFE8093C         DC32     0xffe8093c

   \                                 In section .text, align 4, keep-with-next
   \                     ??DataTable1_17:
   \   00000000   0x........         DC32     temp

   \                                 In section .text, align 4, keep-with-next
   \                     ??DataTable1_18:
   \   00000000   0x400FF100         DC32     0x400ff100

   \                                 In section .text, align 4, keep-with-next
   \                     ??DataTable1_19:
   \   00000000   0x........         DC32     cross_Enable

   \                                 In section .text, align 4, keep-with-next
   \                     ??DataTable1_20:
   \   00000000   0x........         DC32     flag_cross

   \                                 In section .text, align 4, keep-with-next
   \                     ??DataTable1_21:
   \   00000000   0x........         DC32     ramp_Enable

   \                                 In section .text, align 4, keep-with-next
   \                     ??DataTable1_22:
   \   00000000   0x........         DC32     flag_ramp

   \                                 In section .text, align 4, keep-with-next
   \                     ??DataTable1_23:
   \   00000000   0x........         DC32     flag_stop

   \                                 In section .text, align 4, keep-with-next
   \                     ??DataTable1_24:
   \   00000000   0x40039000         DC32     0x40039000

   \                                 In section .text, align 4, keep-with-next
   \                     ??DataTable1_25:
   \   00000000   0x........         DC32     flag_bihuan

   \                                 In section .text, align 4, keep-with-next
   \                     ??DataTable1_26:
   \   00000000   0x40038000         DC32     0x40038000

   Maximum stack usage in bytes:

   .cstack Function
   ------- --------
       0   CTL_SEN_init
       8   CTL_isr
         8   -> DateAnalyse
         8   -> LDC1614_init
         8   -> LDC1614_read_meas
         8   -> LDC1614_start_meas
         8   -> LDC_READ
         8   -> LPLD_FTM_PWM_ChangeDuty
         8   -> LPLD_GPIO_Output_b
         8   -> LPLD_LPTMR_DelayMs
         8   -> S3010_CTL
         8   -> __aeabi_f2uiz
         8   -> ctl_sped
         8   -> motto_getsped
         8   -> motto_set
         8   -> push
         8   -> ramp
         8   -> safty_check


   Section sizes:

   Bytes  Function/Label
   -----  --------------
       4  ??DataTable1
       4  ??DataTable1_1
       4  ??DataTable1_10
       4  ??DataTable1_11
       4  ??DataTable1_12
       4  ??DataTable1_13
       4  ??DataTable1_14
       4  ??DataTable1_15
       4  ??DataTable1_16
       4  ??DataTable1_17
       4  ??DataTable1_18
       4  ??DataTable1_19
       4  ??DataTable1_2
       4  ??DataTable1_20
       4  ??DataTable1_21
       4  ??DataTable1_22
       4  ??DataTable1_23
       4  ??DataTable1_24
       4  ??DataTable1_25
       4  ??DataTable1_26
       4  ??DataTable1_3
       4  ??DataTable1_4
       4  ??DataTable1_5
       4  ??DataTable1_6
       4  ??DataTable1_7
       4  ??DataTable1_8
       4  ??DataTable1_9
     160  CTL_SEN_init
     520  CTL_isr
       1  cnt
       1  cross_Enable
     200  ctl
       1  flag_bihuan
       1  flag_cross
       1  flag_ramp
       1  ramp_Enable

 
 203 bytes in section .bss
   3 bytes in section .data
 788 bytes in section .text
 
 788 bytes of CODE memory
 206 bytes of DATA memory

Errors: none
Warnings: none
