###############################################################################
#
# IAR ANSI C/C++ Compiler V7.30.3.8024/W32 for ARM        16/Aug/2016  11:11:07
# Copyright 1999-2014 IAR Systems AB.
#
#    Cpu mode     =  thumb
#    Endian       =  little
#    Source file  =  
#        E:\飞思卡尔\新工程\LPLD_OSKinetis_V3\project\NXP_(golden_cyprinoid)
#        1.9\app\SENSOR\del_sensor.c
#    Command line =  
#        "E:\飞思卡尔\新工程\LPLD_OSKinetis_V3\project\NXP_(golden_cyprinoid)
#        1.9\app\SENSOR\del_sensor.c" -D LPLD_K60 -lCN
#        "E:\飞思卡尔\新工程\LPLD_OSKinetis_V3\project\NXP_(golden_cyprinoid)
#        1.9\iar\FLASH\List\" -lB
#        "E:\飞思卡尔\新工程\LPLD_OSKinetis_V3\project\NXP_(golden_cyprinoid)
#        1.9\iar\FLASH\List\" -o
#        "E:\飞思卡尔\新工程\LPLD_OSKinetis_V3\project\NXP_(golden_cyprinoid)
#        1.9\iar\FLASH\Obj\" --no_cse --no_unroll --no_inline --no_code_motion
#        --no_tbaa --no_clustering --no_scheduling --debug --endian=little
#        --cpu=Cortex-M4 -e --fpu=None --dlib_config
#        D:\IAR\arm\INC\c\DLib_Config_Normal.h -I
#        "E:\飞思卡尔\新工程\LPLD_OSKinetis_V3\project\NXP_(golden_cyprinoid)
#        1.9\iar\..\app\" -I
#        "E:\飞思卡尔\新工程\LPLD_OSKinetis_V3\project\NXP_(golden_cyprinoid)
#        1.9\iar\..\app\BSP\" -I
#        "E:\飞思卡尔\新工程\LPLD_OSKinetis_V3\project\NXP_(golden_cyprinoid)
#        1.9\iar\..\app\ITAC\" -I
#        "E:\飞思卡尔\新工程\LPLD_OSKinetis_V3\project\NXP_(golden_cyprinoid)
#        1.9\iar\..\app\CTL\" -I
#        "E:\飞思卡尔\新工程\LPLD_OSKinetis_V3\project\NXP_(golden_cyprinoid)
#        1.9\iar\..\app\MAIN\" -I
#        "E:\飞思卡尔\新工程\LPLD_OSKinetis_V3\project\NXP_(golden_cyprinoid)
#        1.9\iar\..\app\SENSOR\" -I
#        "E:\飞思卡尔\新工程\LPLD_OSKinetis_V3\project\NXP_(golden_cyprinoid)
#        1.9\iar\..\..\..\lib\CPU\" -I
#        "E:\飞思卡尔\新工程\LPLD_OSKinetis_V3\project\NXP_(golden_cyprinoid)
#        1.9\iar\..\..\..\lib\common\" -I
#        "E:\飞思卡尔\新工程\LPLD_OSKinetis_V3\project\NXP_(golden_cyprinoid)
#        1.9\iar\..\..\..\lib\LPLD\" -I
#        "E:\飞思卡尔\新工程\LPLD_OSKinetis_V3\project\NXP_(golden_cyprinoid)
#        1.9\iar\..\..\..\lib\LPLD\HW\" -I
#        "E:\飞思卡尔\新工程\LPLD_OSKinetis_V3\project\NXP_(golden_cyprinoid)
#        1.9\iar\..\..\..\lib\LPLD\DEV\" -I
#        "E:\飞思卡尔\新工程\LPLD_OSKinetis_V3\project\NXP_(golden_cyprinoid)
#        1.9\iar\..\..\..\lib\uCOS-II\Ports\" -I
#        "E:\飞思卡尔\新工程\LPLD_OSKinetis_V3\project\NXP_(golden_cyprinoid)
#        1.9\iar\..\..\..\lib\uCOS-II\Source\" -I
#        "E:\飞思卡尔\新工程\LPLD_OSKinetis_V3\project\NXP_(golden_cyprinoid)
#        1.9\iar\..\..\..\lib\FatFs\" -I
#        "E:\飞思卡尔\新工程\LPLD_OSKinetis_V3\project\NXP_(golden_cyprinoid)
#        1.9\iar\..\..\..\lib\FatFs\option\" -I
#        "E:\飞思卡尔\新工程\LPLD_OSKinetis_V3\project\NXP_(golden_cyprinoid)
#        1.9\iar\..\..\..\lib\USB\common\" -I
#        "E:\飞思卡尔\新工程\LPLD_OSKinetis_V3\project\NXP_(golden_cyprinoid)
#        1.9\iar\..\..\..\lib\USB\driver\" -I
#        "E:\飞思卡尔\新工程\LPLD_OSKinetis_V3\project\NXP_(golden_cyprinoid)
#        1.9\iar\..\..\..\lib\USB\descriptor\" -I
#        "E:\飞思卡尔\新工程\LPLD_OSKinetis_V3\project\NXP_(golden_cyprinoid)
#        1.9\iar\..\..\..\lib\USB\class\" -On -I D:\IAR\arm\CMSIS\Include\ -D
#        ARM_MATH_CM4
#    List file    =  
#        E:\飞思卡尔\新工程\LPLD_OSKinetis_V3\project\NXP_(golden_cyprinoid)
#        1.9\iar\FLASH\List\del_sensor.lst
#    Object file  =  
#        E:\飞思卡尔\新工程\LPLD_OSKinetis_V3\project\NXP_(golden_cyprinoid)
#        1.9\iar\FLASH\Obj\del_sensor.o
#
###############################################################################

E:\飞思卡尔\新工程\LPLD_OSKinetis_V3\project\NXP_(golden_cyprinoid) 1.9\app\SENSOR\del_sensor.c
      1          #include "include.h"
      2          
      3          //大线圈

   \                                 In section .bss, align 4
      4          struct _line line;
   \                     line:
   \   00000000                      DS8 12

   \                                 In section .bss, align 4
      5          struct _sensor sensor ;
   \                     sensor:
   \   00000000                      DS8 100
      6          
      7          

   \                                 In section .text, align 2, keep-with-next
      8          void sensor_isr()
      9          {
   \                     sensor_isr: (+1)
   \   00000000   0xB510             PUSH     {R4,LR}
     10            
     11            uint16 i = 0;
   \   00000002   0x2400             MOVS     R4,#+0
     12            sensor.max[0] = 0;
   \   00000004   0x2000             MOVS     R0,#+0
   \   00000006   0x.... 0x....      LDR.W    R1,??DataTable3
   \   0000000A   0xF8A1 0x004C      STRH     R0,[R1, #+76]
     13            sensor.max[1] = 0;  
   \   0000000E   0x2000             MOVS     R0,#+0
   \   00000010   0x.... 0x....      LDR.W    R1,??DataTable3
   \   00000014   0xF8A1 0x004E      STRH     R0,[R1, #+78]
     14            sensor.max[2] = 0;  
   \   00000018   0x2000             MOVS     R0,#+0
   \   0000001A   0x.... 0x....      LDR.W    R1,??DataTable3
   \   0000001E   0xF8A1 0x0050      STRH     R0,[R1, #+80]
     15            
     16            sensor.min[0] = 0;
   \   00000022   0x2000             MOVS     R0,#+0
   \   00000024   0x.... 0x....      LDR.W    R1,??DataTable3
   \   00000028   0xF8A1 0x0052      STRH     R0,[R1, #+82]
     17            sensor.min[1] = 0;  
   \   0000002C   0x2000             MOVS     R0,#+0
   \   0000002E   0x.... 0x....      LDR.W    R1,??DataTable3
   \   00000032   0xF8A1 0x0054      STRH     R0,[R1, #+84]
     18            sensor.min[2] = 0;
   \   00000036   0x2000             MOVS     R0,#+0
   \   00000038   0x.... 0x....      LDR.W    R1,??DataTable3
   \   0000003C   0xF8A1 0x0056      STRH     R0,[R1, #+86]
     19            
     20            
     21            for(i=0;i<150;i++)
   \   00000040   0x2000             MOVS     R0,#+0
   \   00000042   0x0004             MOVS     R4,R0
   \                     ??sensor_isr_0: (+1)
   \   00000044   0xB2A4             UXTH     R4,R4            ;; ZeroExt  R4,R4,#+16,#+16
   \   00000046   0x2C96             CMP      R4,#+150
   \   00000048   0xF280 0x8103      BGE.W    ??sensor_isr_1
     22            {
     23              LPLD_LPTMR_DelayMs(5);
   \   0000004C   0x2005             MOVS     R0,#+5
   \   0000004E   0x.... 0x....      BL       LPLD_LPTMR_DelayMs
     24              LDC1614_read_meas();
   \   00000052   0x.... 0x....      BL       LDC1614_read_meas
     25              
     26              sensor.data[0] = LDC_data[0] - 1589300;
   \   00000056   0x.... 0x....      LDR.W    R0,??DataTable3_1
   \   0000005A   0x6800             LDR      R0,[R0, #+0]
   \   0000005C   0x.... 0x....      LDR.W    R1,??DataTable3_2  ;; 0xffe7bfcc
   \   00000060   0x1808             ADDS     R0,R1,R0
   \   00000062   0x.... 0x....      LDR.W    R1,??DataTable3
   \   00000066   0x6348             STR      R0,[R1, #+52]
     27              sensor.data[0] /= 35;
   \   00000068   0x.... 0x....      LDR.W    R0,??DataTable3
   \   0000006C   0x6B40             LDR      R0,[R0, #+52]
   \   0000006E   0x2123             MOVS     R1,#+35
   \   00000070   0xFB90 0xF0F1      SDIV     R0,R0,R1
   \   00000074   0x.... 0x....      LDR.W    R1,??DataTable3
   \   00000078   0x6348             STR      R0,[R1, #+52]
     28              sensor.data[0] -= sensor.offset[0];
   \   0000007A   0x.... 0x....      LDR.W    R0,??DataTable3
   \   0000007E   0x6B40             LDR      R0,[R0, #+52]
   \   00000080   0x.... 0x....      LDR.W    R1,??DataTable3
   \   00000084   0x6809             LDR      R1,[R1, #+0]
   \   00000086   0x1A40             SUBS     R0,R0,R1
   \   00000088   0x.... 0x....      LDR.W    R1,??DataTable3
   \   0000008C   0x6348             STR      R0,[R1, #+52]
     29              
     30              sensor.data[1] = LDC_data[1] - 1559900;
   \   0000008E   0x.... 0x....      LDR.W    R0,??DataTable3_1
   \   00000092   0x6840             LDR      R0,[R0, #+4]
   \   00000094   0x.... 0x....      LDR.W    R1,??DataTable3_3  ;; 0xffe832a4
   \   00000098   0x1808             ADDS     R0,R1,R0
   \   0000009A   0x.... 0x....      LDR.W    R1,??DataTable3
   \   0000009E   0x6388             STR      R0,[R1, #+56]
     31              sensor.data[1] /= 35;
   \   000000A0   0x.... 0x....      LDR.W    R0,??DataTable3
   \   000000A4   0x6B80             LDR      R0,[R0, #+56]
   \   000000A6   0x2123             MOVS     R1,#+35
   \   000000A8   0xFB90 0xF0F1      SDIV     R0,R0,R1
   \   000000AC   0x.... 0x....      LDR.W    R1,??DataTable3
   \   000000B0   0x6388             STR      R0,[R1, #+56]
     32              sensor.data[1] -= sensor.offset[1];
   \   000000B2   0x.... 0x....      LDR.W    R0,??DataTable3
   \   000000B6   0x6B80             LDR      R0,[R0, #+56]
   \   000000B8   0x.... 0x....      LDR.W    R1,??DataTable3
   \   000000BC   0x6849             LDR      R1,[R1, #+4]
   \   000000BE   0x1A40             SUBS     R0,R0,R1
   \   000000C0   0x.... 0x....      LDR.W    R1,??DataTable3
   \   000000C4   0x6388             STR      R0,[R1, #+56]
     33              
     34              sensor.data[2] = LDC_data[2] - 1570500;
   \   000000C6   0x.... 0x....      LDR.W    R0,??DataTable3_1
   \   000000CA   0x6880             LDR      R0,[R0, #+8]
   \   000000CC   0x.... 0x....      LDR.W    R1,??DataTable3_4  ;; 0xffe8093c
   \   000000D0   0x1808             ADDS     R0,R1,R0
   \   000000D2   0x.... 0x....      LDR.W    R1,??DataTable3
   \   000000D6   0x63C8             STR      R0,[R1, #+60]
     35              sensor.data[2] /= 35;
   \   000000D8   0x.... 0x....      LDR.W    R0,??DataTable3
   \   000000DC   0x6BC0             LDR      R0,[R0, #+60]
   \   000000DE   0x2123             MOVS     R1,#+35
   \   000000E0   0xFB90 0xF0F1      SDIV     R0,R0,R1
   \   000000E4   0x.... 0x....      LDR.W    R1,??DataTable3
   \   000000E8   0x63C8             STR      R0,[R1, #+60]
     36              sensor.data[2] -= sensor.offset[2];
   \   000000EA   0x.... 0x....      LDR.W    R0,??DataTable3
   \   000000EE   0x6BC0             LDR      R0,[R0, #+60]
   \   000000F0   0x.... 0x....      LDR.W    R1,??DataTable3
   \   000000F4   0x6889             LDR      R1,[R1, #+8]
   \   000000F6   0x1A40             SUBS     R0,R0,R1
   \   000000F8   0x.... 0x....      LDR.W    R1,??DataTable3
   \   000000FC   0x63C8             STR      R0,[R1, #+60]
     37              
     38              
     39              sensor.search[0] = (int32)(sensor.data[1] - sensor.data[2] );
   \   000000FE   0x.... 0x....      LDR.W    R0,??DataTable3
   \   00000102   0x6B80             LDR      R0,[R0, #+56]
   \   00000104   0x.... 0x....      LDR.W    R1,??DataTable3
   \   00000108   0x6BC9             LDR      R1,[R1, #+60]
   \   0000010A   0x1A40             SUBS     R0,R0,R1
   \   0000010C   0x.... 0x....      LDR.W    R1,??DataTable3
   \   00000110   0x6288             STR      R0,[R1, #+40]
     40              
     41              sensor.search[1] = (int32)(sensor.data[1] - sensor.data[0] );
   \   00000112   0x.... 0x....      LDR.W    R0,??DataTable3
   \   00000116   0x6B80             LDR      R0,[R0, #+56]
   \   00000118   0x.... 0x....      LDR.W    R1,??DataTable3
   \   0000011C   0x6B49             LDR      R1,[R1, #+52]
   \   0000011E   0x1A40             SUBS     R0,R0,R1
   \   00000120   0x.... 0x....      LDR.W    R1,??DataTable3
   \   00000124   0x62C8             STR      R0,[R1, #+44]
     42              
     43              sensor.search[2] = (int32)(sensor.data[0] - sensor.data[2] );
   \   00000126   0x.... 0x....      LDR.W    R0,??DataTable3
   \   0000012A   0x6B40             LDR      R0,[R0, #+52]
   \   0000012C   0x.... 0x....      LDR.W    R1,??DataTable3
   \   00000130   0x6BC9             LDR      R1,[R1, #+60]
   \   00000132   0x1A40             SUBS     R0,R0,R1
   \   00000134   0x.... 0x....      LDR.W    R1,??DataTable3
   \   00000138   0x6308             STR      R0,[R1, #+48]
     44          
     45          //    if(sensor.search[0] > 200)
     46          //    LPLD_UART_PutChar(FreeCarsUARTPort,sensor.search[0] - 200);
     47          //    if(sensor.search[0] > 200)
     48          //    LPLD_UART_PutChar(FreeCarsUARTPort,sensor.search[1] - 200);
     49              
     50              if(sensor.search[0] > sensor.max[0] && sensor.search[0]  < 900)
   \   0000013A   0x.... 0x....      LDR.W    R0,??DataTable3
   \   0000013E   0xF9B0 0x004C      LDRSH    R0,[R0, #+76]
   \   00000142   0x.... 0x....      LDR.W    R1,??DataTable3
   \   00000146   0x6A89             LDR      R1,[R1, #+40]
   \   00000148   0x4288             CMP      R0,R1
   \   0000014A   0xDA0D             BGE.N    ??sensor_isr_2
   \   0000014C   0x.... 0x....      LDR.W    R0,??DataTable3
   \   00000150   0x6A80             LDR      R0,[R0, #+40]
   \   00000152   0xF5B0 0x7F61      CMP      R0,#+900
   \   00000156   0xDA07             BGE.N    ??sensor_isr_2
     51              {
     52                sensor.max[0] = sensor.search[0];
   \   00000158   0x.... 0x....      LDR.W    R0,??DataTable3
   \   0000015C   0x6A80             LDR      R0,[R0, #+40]
   \   0000015E   0x.... 0x....      LDR.W    R1,??DataTable3
   \   00000162   0xF8A1 0x004C      STRH     R0,[R1, #+76]
   \   00000166   0xE016             B.N      ??sensor_isr_3
     53                
     54              }
     55              else if(sensor.search[0] < sensor.min[0] && sensor.search[0] > -900)
   \                     ??sensor_isr_2: (+1)
   \   00000168   0x.... 0x....      LDR.W    R0,??DataTable3
   \   0000016C   0x6A80             LDR      R0,[R0, #+40]
   \   0000016E   0x.... 0x....      LDR.W    R1,??DataTable3
   \   00000172   0xF9B1 0x1052      LDRSH    R1,[R1, #+82]
   \   00000176   0x4288             CMP      R0,R1
   \   00000178   0xDA0D             BGE.N    ??sensor_isr_3
   \   0000017A   0x.... 0x....      LDR.W    R0,??DataTable3
   \   0000017E   0x6A80             LDR      R0,[R0, #+40]
   \   00000180   0x.... 0x....      LDR.W    R1,??DataTable3_5  ;; 0xfffffc7d
   \   00000184   0x4288             CMP      R0,R1
   \   00000186   0xDB06             BLT.N    ??sensor_isr_3
     56              {
     57                sensor.min[0] = sensor.search[0];
   \   00000188   0x.... 0x....      LDR.W    R0,??DataTable3
   \   0000018C   0x6A80             LDR      R0,[R0, #+40]
   \   0000018E   0x.... 0x....      LDR.W    R1,??DataTable3
   \   00000192   0xF8A1 0x0052      STRH     R0,[R1, #+82]
     58              }
     59              
     60              
     61              
     62              if(sensor.search[1] > sensor.max[1] && sensor.search[1]  < 900 )
   \                     ??sensor_isr_3: (+1)
   \   00000196   0x.... 0x....      LDR.W    R0,??DataTable3
   \   0000019A   0xF9B0 0x004E      LDRSH    R0,[R0, #+78]
   \   0000019E   0x.... 0x....      LDR.W    R1,??DataTable3
   \   000001A2   0x6AC9             LDR      R1,[R1, #+44]
   \   000001A4   0x4288             CMP      R0,R1
   \   000001A6   0xDA0D             BGE.N    ??sensor_isr_4
   \   000001A8   0x.... 0x....      LDR.W    R0,??DataTable3
   \   000001AC   0x6AC0             LDR      R0,[R0, #+44]
   \   000001AE   0xF5B0 0x7F61      CMP      R0,#+900
   \   000001B2   0xDA07             BGE.N    ??sensor_isr_4
     63              {
     64                sensor.max[1] = sensor.search[1];
   \   000001B4   0x.... 0x....      LDR.W    R0,??DataTable3
   \   000001B8   0x6AC0             LDR      R0,[R0, #+44]
   \   000001BA   0x.... 0x....      LDR.W    R1,??DataTable3
   \   000001BE   0xF8A1 0x004E      STRH     R0,[R1, #+78]
   \   000001C2   0xE016             B.N      ??sensor_isr_5
     65                
     66              }
     67              else if(sensor.search[1] < sensor.min[1] && sensor.search[1] > -900)
   \                     ??sensor_isr_4: (+1)
   \   000001C4   0x.... 0x....      LDR.W    R0,??DataTable3
   \   000001C8   0x6AC0             LDR      R0,[R0, #+44]
   \   000001CA   0x.... 0x....      LDR.W    R1,??DataTable3
   \   000001CE   0xF9B1 0x1054      LDRSH    R1,[R1, #+84]
   \   000001D2   0x4288             CMP      R0,R1
   \   000001D4   0xDA0D             BGE.N    ??sensor_isr_5
   \   000001D6   0x.... 0x....      LDR.W    R0,??DataTable3
   \   000001DA   0x6AC0             LDR      R0,[R0, #+44]
   \   000001DC   0x.... 0x....      LDR.W    R1,??DataTable3_5  ;; 0xfffffc7d
   \   000001E0   0x4288             CMP      R0,R1
   \   000001E2   0xDB06             BLT.N    ??sensor_isr_5
     68              {
     69                sensor.min[1] = sensor.search[1];
   \   000001E4   0x.... 0x....      LDR.W    R0,??DataTable3
   \   000001E8   0x6AC0             LDR      R0,[R0, #+44]
   \   000001EA   0x.... 0x....      LDR.W    R1,??DataTable3
   \   000001EE   0xF8A1 0x0054      STRH     R0,[R1, #+84]
     70              }
     71              
     72              
     73              if(sensor.search[2] > sensor.max[2] && sensor.search[2]  < 900)
   \                     ??sensor_isr_5: (+1)
   \   000001F2   0x.... 0x....      LDR.W    R0,??DataTable3
   \   000001F6   0xF9B0 0x0050      LDRSH    R0,[R0, #+80]
   \   000001FA   0x.... 0x....      LDR.W    R1,??DataTable3
   \   000001FE   0x6B09             LDR      R1,[R1, #+48]
   \   00000200   0x4288             CMP      R0,R1
   \   00000202   0xDA0D             BGE.N    ??sensor_isr_6
   \   00000204   0x.... 0x....      LDR.W    R0,??DataTable3
   \   00000208   0x6B00             LDR      R0,[R0, #+48]
   \   0000020A   0xF5B0 0x7F61      CMP      R0,#+900
   \   0000020E   0xDA07             BGE.N    ??sensor_isr_6
     74              {
     75                sensor.max[2] = sensor.search[2];
   \   00000210   0x.... 0x....      LDR.W    R0,??DataTable3
   \   00000214   0x6B00             LDR      R0,[R0, #+48]
   \   00000216   0x.... 0x....      LDR.W    R1,??DataTable3
   \   0000021A   0xF8A1 0x0050      STRH     R0,[R1, #+80]
   \   0000021E   0xE016             B.N      ??sensor_isr_7
     76                
     77              }
     78              else if(sensor.search[2] < sensor.min[2] && sensor.search[2] > -900)
   \                     ??sensor_isr_6: (+1)
   \   00000220   0x.... 0x....      LDR.W    R0,??DataTable3
   \   00000224   0x6B00             LDR      R0,[R0, #+48]
   \   00000226   0x.... 0x....      LDR.W    R1,??DataTable3
   \   0000022A   0xF9B1 0x1056      LDRSH    R1,[R1, #+86]
   \   0000022E   0x4288             CMP      R0,R1
   \   00000230   0xDA0D             BGE.N    ??sensor_isr_7
   \   00000232   0x.... 0x....      LDR.W    R0,??DataTable3
   \   00000236   0x6B00             LDR      R0,[R0, #+48]
   \   00000238   0x.... 0x....      LDR.W    R1,??DataTable3_5  ;; 0xfffffc7d
   \   0000023C   0x4288             CMP      R0,R1
   \   0000023E   0xDB06             BLT.N    ??sensor_isr_7
     79              {
     80                sensor.min[2] = sensor.search[2];
   \   00000240   0x.... 0x....      LDR.W    R0,??DataTable3
   \   00000244   0x6B00             LDR      R0,[R0, #+48]
   \   00000246   0x.... 0x....      LDR.W    R1,??DataTable3
   \   0000024A   0xF8A1 0x0056      STRH     R0,[R1, #+86]
     81              }
     82              
     83            }
   \                     ??sensor_isr_7: (+1)
   \   0000024E   0x1C64             ADDS     R4,R4,#+1
   \   00000250   0xE6F8             B.N      ??sensor_isr_0
     84            
     85            
     86            
     87            //BZ is not working here,
     88            BZ_ON;
   \                     ??sensor_isr_1: (+1)
   \   00000252   0x2201             MOVS     R2,#+1
   \   00000254   0x210A             MOVS     R1,#+10
   \   00000256   0x.... 0x....      LDR.W    R0,??DataTable3_6  ;; 0x400ff100
   \   0000025A   0x.... 0x....      BL       LPLD_GPIO_Output_b
     89            LED_ON;
   \   0000025E   0x2200             MOVS     R2,#+0
   \   00000260   0x210B             MOVS     R1,#+11
   \   00000262   0x.... 0x....      LDR.W    R0,??DataTable3_6  ;; 0x400ff100
   \   00000266   0x.... 0x....      BL       LPLD_GPIO_Output_b
     90            LPLD_LPTMR_DelayMs(50);
   \   0000026A   0x2032             MOVS     R0,#+50
   \   0000026C   0x.... 0x....      BL       LPLD_LPTMR_DelayMs
     91            BZ_OFF;
   \   00000270   0x2200             MOVS     R2,#+0
   \   00000272   0x210A             MOVS     R1,#+10
   \   00000274   0x.... 0x....      LDR.W    R0,??DataTable3_6  ;; 0x400ff100
   \   00000278   0x.... 0x....      BL       LPLD_GPIO_Output_b
     92            LED_OFF;
   \   0000027C   0x2201             MOVS     R2,#+1
   \   0000027E   0x210B             MOVS     R1,#+11
   \   00000280   0x.... 0x....      LDR.W    R0,??DataTable3_6  ;; 0x400ff100
   \   00000284   0x.... 0x....      BL       LPLD_GPIO_Output_b
     93            LPLD_LPTMR_DelayMs(100);
   \   00000288   0x2064             MOVS     R0,#+100
   \   0000028A   0x.... 0x....      BL       LPLD_LPTMR_DelayMs
     94            BZ_ON;
   \   0000028E   0x2201             MOVS     R2,#+1
   \   00000290   0x210A             MOVS     R1,#+10
   \   00000292   0x.... 0x....      LDR.W    R0,??DataTable3_6  ;; 0x400ff100
   \   00000296   0x.... 0x....      BL       LPLD_GPIO_Output_b
     95            LED_ON;
   \   0000029A   0x2200             MOVS     R2,#+0
   \   0000029C   0x210B             MOVS     R1,#+11
   \   0000029E   0x.... 0x....      LDR.W    R0,??DataTable3_6  ;; 0x400ff100
   \   000002A2   0x.... 0x....      BL       LPLD_GPIO_Output_b
     96            LPLD_LPTMR_DelayMs(50);
   \   000002A6   0x2032             MOVS     R0,#+50
   \   000002A8   0x.... 0x....      BL       LPLD_LPTMR_DelayMs
     97            BZ_OFF;
   \   000002AC   0x2200             MOVS     R2,#+0
   \   000002AE   0x210A             MOVS     R1,#+10
   \   000002B0   0x.... 0x....      LDR.W    R0,??DataTable3_6  ;; 0x400ff100
   \   000002B4   0x.... 0x....      BL       LPLD_GPIO_Output_b
     98            LED_OFF;
   \   000002B8   0x2201             MOVS     R2,#+1
   \   000002BA   0x210B             MOVS     R1,#+11
   \   000002BC   0x.... 0x....      LDR.W    R0,??DataTable3_6  ;; 0x400ff100
   \   000002C0   0x.... 0x....      BL       LPLD_GPIO_Output_b
     99            LPLD_LPTMR_DelayMs(100);
   \   000002C4   0x2064             MOVS     R0,#+100
   \   000002C6   0x.... 0x....      BL       LPLD_LPTMR_DelayMs
    100            BZ_ON;
   \   000002CA   0x2201             MOVS     R2,#+1
   \   000002CC   0x210A             MOVS     R1,#+10
   \   000002CE   0x.... 0x....      LDR.W    R0,??DataTable3_6  ;; 0x400ff100
   \   000002D2   0x.... 0x....      BL       LPLD_GPIO_Output_b
    101            LED_ON;
   \   000002D6   0x2200             MOVS     R2,#+0
   \   000002D8   0x210B             MOVS     R1,#+11
   \   000002DA   0x.... 0x....      LDR.W    R0,??DataTable3_6  ;; 0x400ff100
   \   000002DE   0x.... 0x....      BL       LPLD_GPIO_Output_b
    102            LPLD_LPTMR_DelayMs(50);
   \   000002E2   0x2032             MOVS     R0,#+50
   \   000002E4   0x.... 0x....      BL       LPLD_LPTMR_DelayMs
    103            BZ_OFF;
   \   000002E8   0x2200             MOVS     R2,#+0
   \   000002EA   0x210A             MOVS     R1,#+10
   \   000002EC   0x.... 0x....      LDR.W    R0,??DataTable3_6  ;; 0x400ff100
   \   000002F0   0x.... 0x....      BL       LPLD_GPIO_Output_b
    104            LED_OFF;
   \   000002F4   0x2201             MOVS     R2,#+1
   \   000002F6   0x210B             MOVS     R1,#+11
   \   000002F8   0x.... 0x....      LDR.W    R0,??DataTable3_6  ;; 0x400ff100
   \   000002FC   0x.... 0x....      BL       LPLD_GPIO_Output_b
    105            
    106            
    107          //  LPLD_UART_PutChar(FreeCarsUARTPort,110);
    108          //  LPLD_UART_PutChar(FreeCarsUARTPort,110);
    109          //  
    110          //  LPLD_UART_PutChar(FreeCarsUARTPort,sensor.max[0] - 200);
    111          //  LPLD_UART_PutChar(FreeCarsUARTPort,sensor.max[1] - 200);
    112          }
   \   00000300   0xBD10             POP      {R4,PC}          ;; return
    113          
    114          
    115          
    116          
    117          
    118          
    119          
    120          

   \                                 In section .text, align 2, keep-with-next
    121          void sensor_offset()//开机取偏差
    122          {
   \                     sensor_offset: (+1)
   \   00000000   0xB510             PUSH     {R4,LR}
    123            
    124            
    125            uint8 i;
    126            
    127            LDC1614_read_meas();
   \   00000002   0x.... 0x....      BL       LDC1614_read_meas
    128            LPLD_LPTMR_DelayMs(5);
   \   00000006   0x2005             MOVS     R0,#+5
   \   00000008   0x.... 0x....      BL       LPLD_LPTMR_DelayMs
    129            
    130            sensor.collect[0] = LDC_data[0];
   \   0000000C   0x.... 0x....      LDR.W    R0,??DataTable3_1
   \   00000010   0x6800             LDR      R0,[R0, #+0]
   \   00000012   0x.... 0x....      LDR.W    R1,??DataTable3
   \   00000016   0x61C8             STR      R0,[R1, #+28]
    131            sensor.collect[1] = LDC_data[1];
   \   00000018   0x.... 0x....      LDR.W    R0,??DataTable3_1
   \   0000001C   0x6840             LDR      R0,[R0, #+4]
   \   0000001E   0x.... 0x....      LDR.W    R1,??DataTable3
   \   00000022   0x6208             STR      R0,[R1, #+32]
    132            sensor.collect[2] = LDC_data[2];
   \   00000024   0x.... 0x....      LDR.W    R0,??DataTable3_1
   \   00000028   0x6880             LDR      R0,[R0, #+8]
   \   0000002A   0x.... 0x....      LDR.W    R1,??DataTable3
   \   0000002E   0x6248             STR      R0,[R1, #+36]
    133            
    134            for ( i = 0 ;i < 15; i++)
   \   00000030   0x2000             MOVS     R0,#+0
   \   00000032   0x0004             MOVS     R4,R0
   \                     ??sensor_offset_0: (+1)
   \   00000034   0xB2E4             UXTB     R4,R4            ;; ZeroExt  R4,R4,#+24,#+24
   \   00000036   0x2C0F             CMP      R4,#+15
   \   00000038   0xDA3F             BGE.N    ??sensor_offset_1
    135            {
    136              LDC1614_read_meas();
   \   0000003A   0x.... 0x....      BL       LDC1614_read_meas
    137              LPLD_LPTMR_DelayMs(5);
   \   0000003E   0x2005             MOVS     R0,#+5
   \   00000040   0x.... 0x....      BL       LPLD_LPTMR_DelayMs
    138              
    139              sensor.collect[0] += LDC_data[0];
   \   00000044   0x.... 0x....      LDR.W    R0,??DataTable3
   \   00000048   0x69C0             LDR      R0,[R0, #+28]
   \   0000004A   0x.... 0x....      LDR.W    R1,??DataTable3_1
   \   0000004E   0x6809             LDR      R1,[R1, #+0]
   \   00000050   0x1808             ADDS     R0,R1,R0
   \   00000052   0x.... 0x....      LDR.W    R1,??DataTable3
   \   00000056   0x61C8             STR      R0,[R1, #+28]
    140              sensor.collect[1] += LDC_data[1];
   \   00000058   0x.... 0x....      LDR.W    R0,??DataTable3
   \   0000005C   0x6A00             LDR      R0,[R0, #+32]
   \   0000005E   0x.... 0x....      LDR.W    R1,??DataTable3_1
   \   00000062   0x6849             LDR      R1,[R1, #+4]
   \   00000064   0x1808             ADDS     R0,R1,R0
   \   00000066   0x.... 0x....      LDR.W    R1,??DataTable3
   \   0000006A   0x6208             STR      R0,[R1, #+32]
    141              sensor.collect[2] += LDC_data[2];
   \   0000006C   0x.... 0x....      LDR.W    R0,??DataTable3
   \   00000070   0x6A40             LDR      R0,[R0, #+36]
   \   00000072   0x.... 0x....      LDR.W    R1,??DataTable3_1
   \   00000076   0x6889             LDR      R1,[R1, #+8]
   \   00000078   0x1808             ADDS     R0,R1,R0
   \   0000007A   0x.... 0x....      LDR.W    R1,??DataTable3
   \   0000007E   0x6248             STR      R0,[R1, #+36]
    142              
    143              sensor.collect[0] /= 2;
   \   00000080   0x.... 0x....      LDR.W    R0,??DataTable3
   \   00000084   0x69C0             LDR      R0,[R0, #+28]
   \   00000086   0x2102             MOVS     R1,#+2
   \   00000088   0xFB90 0xF0F1      SDIV     R0,R0,R1
   \   0000008C   0x.... 0x....      LDR.W    R1,??DataTable3
   \   00000090   0x61C8             STR      R0,[R1, #+28]
    144              sensor.collect[1] /= 2;
   \   00000092   0x.... 0x....      LDR.W    R0,??DataTable3
   \   00000096   0x6A00             LDR      R0,[R0, #+32]
   \   00000098   0x2102             MOVS     R1,#+2
   \   0000009A   0xFB90 0xF0F1      SDIV     R0,R0,R1
   \   0000009E   0x.... 0x....      LDR.W    R1,??DataTable3
   \   000000A2   0x6208             STR      R0,[R1, #+32]
    145              sensor.collect[2] /= 2;
   \   000000A4   0x.... 0x....      LDR.W    R0,??DataTable3
   \   000000A8   0x6A40             LDR      R0,[R0, #+36]
   \   000000AA   0x2102             MOVS     R1,#+2
   \   000000AC   0xFB90 0xF0F1      SDIV     R0,R0,R1
   \   000000B0   0x.... 0x....      LDR.W    R1,??DataTable3
   \   000000B4   0x6248             STR      R0,[R1, #+36]
    146            }
   \   000000B6   0x1C64             ADDS     R4,R4,#+1
   \   000000B8   0xE7BC             B.N      ??sensor_offset_0
    147            
    148            
    149            
    150            sensor.offset[0] = sensor.collect[0] - 1589300;
   \                     ??sensor_offset_1: (+1)
   \   000000BA   0x.... 0x....      LDR.W    R0,??DataTable3
   \   000000BE   0x69C0             LDR      R0,[R0, #+28]
   \   000000C0   0x.... 0x....      LDR.W    R1,??DataTable3_2  ;; 0xffe7bfcc
   \   000000C4   0x1808             ADDS     R0,R1,R0
   \   000000C6   0x.... 0x....      LDR.W    R1,??DataTable3
   \   000000CA   0x6008             STR      R0,[R1, #+0]
    151            sensor.offset[0] = sensor.offset[0] / 35;
   \   000000CC   0x.... 0x....      LDR.W    R0,??DataTable3
   \   000000D0   0x6800             LDR      R0,[R0, #+0]
   \   000000D2   0x2123             MOVS     R1,#+35
   \   000000D4   0xFB90 0xF0F1      SDIV     R0,R0,R1
   \   000000D8   0x.... 0x....      LDR.W    R1,??DataTable3
   \   000000DC   0x6008             STR      R0,[R1, #+0]
    152            
    153            sensor.offset[1] = sensor.collect[1] - 1559900;
   \   000000DE   0x.... 0x....      LDR.W    R0,??DataTable3
   \   000000E2   0x6A00             LDR      R0,[R0, #+32]
   \   000000E4   0x.... 0x....      LDR.W    R1,??DataTable3_3  ;; 0xffe832a4
   \   000000E8   0x1808             ADDS     R0,R1,R0
   \   000000EA   0x.... 0x....      LDR.W    R1,??DataTable3
   \   000000EE   0x6048             STR      R0,[R1, #+4]
    154            sensor.offset[1] = sensor.offset[1] / 35;
   \   000000F0   0x.... 0x....      LDR.W    R0,??DataTable3
   \   000000F4   0x6840             LDR      R0,[R0, #+4]
   \   000000F6   0x2123             MOVS     R1,#+35
   \   000000F8   0xFB90 0xF0F1      SDIV     R0,R0,R1
   \   000000FC   0x.... 0x....      LDR.W    R1,??DataTable3
   \   00000100   0x6048             STR      R0,[R1, #+4]
    155            
    156            
    157            sensor.offset[2] = sensor.collect[2] - 1570500;
   \   00000102   0x.... 0x....      LDR.W    R0,??DataTable3
   \   00000106   0x6A40             LDR      R0,[R0, #+36]
   \   00000108   0x.... 0x....      LDR.W    R1,??DataTable3_4  ;; 0xffe8093c
   \   0000010C   0x1808             ADDS     R0,R1,R0
   \   0000010E   0x.... 0x....      LDR.W    R1,??DataTable3
   \   00000112   0x6088             STR      R0,[R1, #+8]
    158            sensor.offset[2] = sensor.offset[2] / 35;
   \   00000114   0x.... 0x....      LDR.W    R0,??DataTable3
   \   00000118   0x6880             LDR      R0,[R0, #+8]
   \   0000011A   0x2123             MOVS     R1,#+35
   \   0000011C   0xFB90 0xF0F1      SDIV     R0,R0,R1
   \   00000120   0x.... 0x....      LDR.W    R1,??DataTable3
   \   00000124   0x6088             STR      R0,[R1, #+8]
    159            
    160          }
   \   00000126   0xBD10             POP      {R4,PC}          ;; return
    161          
    162          

   \                                 In section .bss, align 1
    163          uint8 ramp_cnt;
   \                     ramp_cnt:
   \   00000000                      DS8 1
    164          

   \                                 In section .text, align 2, keep-with-next
    165          void ramp()
    166          {
   \                     ramp: (+1)
   \   00000000   0xE92D 0x43F8      PUSH     {R3-R9,LR}
    167            uint8 i,j,k;
    168            uint16 temp_threshold;
    169            j = 0;
   \   00000004   0x2000             MOVS     R0,#+0
   \   00000006   0x0004             MOVS     R4,R0
    170            k = 0;
   \   00000008   0x2000             MOVS     R0,#+0
   \   0000000A   0x0005             MOVS     R5,R0
    171            for(i=5;i>0;i--)
   \   0000000C   0x2005             MOVS     R0,#+5
   \   0000000E   0x0006             MOVS     R6,R0
   \                     ??ramp_0: (+1)
   \   00000010   0xB2F6             UXTB     R6,R6            ;; ZeroExt  R6,R6,#+24,#+24
   \   00000012   0x2E00             CMP      R6,#+0
   \   00000014   0xD00F             BEQ.N    ??ramp_1
    172            {
    173              sensor.data_buff[i] = sensor.data_buff[i-1];
   \   00000016   0x.... 0x....      LDR.W    R0,??DataTable3
   \   0000001A   0xB2F6             UXTB     R6,R6            ;; ZeroExt  R6,R6,#+24,#+24
   \   0000001C   0xEB10 0x0046      ADDS     R0,R0,R6, LSL #+1
   \   00000020   0xF8B0 0x0056      LDRH     R0,[R0, #+86]
   \   00000024   0x.... 0x....      LDR.W    R1,??DataTable3
   \   00000028   0xB2F6             UXTB     R6,R6            ;; ZeroExt  R6,R6,#+24,#+24
   \   0000002A   0xEB11 0x0146      ADDS     R1,R1,R6, LSL #+1
   \   0000002E   0xF8A1 0x0058      STRH     R0,[R1, #+88]
    174            }
   \   00000032   0x1E76             SUBS     R6,R6,#+1
   \   00000034   0xE7EC             B.N      ??ramp_0
    175            
    176            
    177            if(sensor.data[2] - sensor.data[0]> 0)
   \                     ??ramp_1: (+1)
   \   00000036   0x.... 0x....      LDR.W    R0,??DataTable3
   \   0000003A   0x6BC0             LDR      R0,[R0, #+60]
   \   0000003C   0x.... 0x....      LDR.W    R1,??DataTable3
   \   00000040   0x6B49             LDR      R1,[R1, #+52]
   \   00000042   0x1A40             SUBS     R0,R0,R1
   \   00000044   0x2801             CMP      R0,#+1
   \   00000046   0xDB0F             BLT.N    ??ramp_2
    178              
    179              sensor.data_sum = sensor.data[3] + sensor.data[2] - sensor.data[0];
   \   00000048   0x.... 0x....      LDR.W    R0,??DataTable3
   \   0000004C   0x6C00             LDR      R0,[R0, #+64]
   \   0000004E   0x.... 0x....      LDR.W    R1,??DataTable3
   \   00000052   0x6BC9             LDR      R1,[R1, #+60]
   \   00000054   0x1808             ADDS     R0,R1,R0
   \   00000056   0x.... 0x....      LDR.W    R1,??DataTable3
   \   0000005A   0x6B49             LDR      R1,[R1, #+52]
   \   0000005C   0x1A40             SUBS     R0,R0,R1
   \   0000005E   0x.... 0x....      LDR.W    R1,??DataTable3
   \   00000062   0xF8A1 0x004A      STRH     R0,[R1, #+74]
   \   00000066   0xE00E             B.N      ??ramp_3
    180            else
    181              sensor.data_sum = sensor.data[3] + sensor.data[0] - sensor.data[2];
   \                     ??ramp_2: (+1)
   \   00000068   0x.... 0x....      LDR.W    R0,??DataTable3
   \   0000006C   0x6C00             LDR      R0,[R0, #+64]
   \   0000006E   0x.... 0x....      LDR.W    R1,??DataTable3
   \   00000072   0x6B49             LDR      R1,[R1, #+52]
   \   00000074   0x1808             ADDS     R0,R1,R0
   \   00000076   0x.... 0x....      LDR.W    R1,??DataTable3
   \   0000007A   0x6BC9             LDR      R1,[R1, #+60]
   \   0000007C   0x1A40             SUBS     R0,R0,R1
   \   0000007E   0x.... 0x....      LDR.W    R1,??DataTable3
   \   00000082   0xF8A1 0x004A      STRH     R0,[R1, #+74]
    182            
    183            sensor.data_buff[0] = sensor.data_sum;
   \                     ??ramp_3: (+1)
   \   00000086   0x.... 0x....      LDR.W    R0,??DataTable3
   \   0000008A   0xF8B0 0x004A      LDRH     R0,[R0, #+74]
   \   0000008E   0x.... 0x....      LDR.W    R1,??DataTable3
   \   00000092   0xF8A1 0x0058      STRH     R0,[R1, #+88]
    184            
    185            //  push(12,sensor.data_sum);
    186            
    187            temp_threshold = ((sensor.max[0] + sensor.max[1])/ 2 ) * 3;
   \   00000096   0x.... 0x....      LDR.W    R0,??DataTable3
   \   0000009A   0xF9B0 0x004C      LDRSH    R0,[R0, #+76]
   \   0000009E   0x.... 0x....      LDR.W    R1,??DataTable3
   \   000000A2   0xF9B1 0x104E      LDRSH    R1,[R1, #+78]
   \   000000A6   0x1808             ADDS     R0,R1,R0
   \   000000A8   0x2102             MOVS     R1,#+2
   \   000000AA   0xFB90 0xF0F1      SDIV     R0,R0,R1
   \   000000AE   0x2103             MOVS     R1,#+3
   \   000000B0   0xFB10 0xF001      SMULBB   R0,R0,R1
   \   000000B4   0x0007             MOVS     R7,R0
    188            
    189            if(sensor.data_buff[i] > temp_threshold && sensor.data_buff[i]<5000)
   \   000000B6   0xB2BF             UXTH     R7,R7            ;; ZeroExt  R7,R7,#+16,#+16
   \   000000B8   0x.... 0x....      LDR.W    R0,??DataTable3
   \   000000BC   0xB2F6             UXTB     R6,R6            ;; ZeroExt  R6,R6,#+24,#+24
   \   000000BE   0xEB10 0x0046      ADDS     R0,R0,R6, LSL #+1
   \   000000C2   0xF9B0 0x0058      LDRSH    R0,[R0, #+88]
   \   000000C6   0x4287             CMP      R7,R0
   \   000000C8   0xDA37             BGE.N    ??ramp_4
   \   000000CA   0x.... 0x....      LDR.W    R0,??DataTable3
   \   000000CE   0xB2F6             UXTB     R6,R6            ;; ZeroExt  R6,R6,#+24,#+24
   \   000000D0   0xEB10 0x0046      ADDS     R0,R0,R6, LSL #+1
   \   000000D4   0xF9B0 0x0058      LDRSH    R0,[R0, #+88]
   \   000000D8   0xF241 0x3188      MOVW     R1,#+5000
   \   000000DC   0x4288             CMP      R0,R1
   \   000000DE   0xDA2C             BGE.N    ??ramp_4
    190              for(i=0;i<6;i++)
   \   000000E0   0x2000             MOVS     R0,#+0
   \   000000E2   0x0006             MOVS     R6,R0
   \                     ??ramp_5: (+1)
   \   000000E4   0xB2F6             UXTB     R6,R6            ;; ZeroExt  R6,R6,#+24,#+24
   \   000000E6   0x2E06             CMP      R6,#+6
   \   000000E8   0xDA4B             BGE.N    ??ramp_6
    191              {
    192                if(sensor.data_buff[i] > (temp_threshold - 100)  && sensor.data[3] > (sensor.max[0] * 1.5))
   \   000000EA   0xB2BF             UXTH     R7,R7            ;; ZeroExt  R7,R7,#+16,#+16
   \   000000EC   0xF1B7 0x0064      SUBS     R0,R7,#+100
   \   000000F0   0x.... 0x....      LDR.W    R1,??DataTable3
   \   000000F4   0xB2F6             UXTB     R6,R6            ;; ZeroExt  R6,R6,#+24,#+24
   \   000000F6   0xEB11 0x0146      ADDS     R1,R1,R6, LSL #+1
   \   000000FA   0xF9B1 0x1058      LDRSH    R1,[R1, #+88]
   \   000000FE   0x4288             CMP      R0,R1
   \   00000100   0xDA19             BGE.N    ??ramp_7
   \   00000102   0x.... 0x....      LDR.W    R0,??DataTable3
   \   00000106   0x6C00             LDR      R0,[R0, #+64]
   \   00000108   0x.... 0x....      BL       __aeabi_i2d
   \   0000010C   0x0002             MOVS     R2,R0
   \   0000010E   0x000B             MOVS     R3,R1
   \   00000110   0x4690             MOV      R8,R2
   \   00000112   0x4699             MOV      R9,R3
   \   00000114   0x.... 0x....      LDR.W    R0,??DataTable3
   \   00000118   0xF9B0 0x004C      LDRSH    R0,[R0, #+76]
   \   0000011C   0x.... 0x....      BL       __aeabi_i2d
   \   00000120   0x2200             MOVS     R2,#+0
   \   00000122   0x.... 0x....      LDR.W    R3,??DataTable3_7  ;; 0x3ff80000
   \   00000126   0x.... 0x....      BL       __aeabi_dmul
   \   0000012A   0x4642             MOV      R2,R8
   \   0000012C   0x464B             MOV      R3,R9
   \   0000012E   0x.... 0x....      BL       __aeabi_cdcmple
   \   00000132   0xD200             BCS.N    ??ramp_7
    193                  j++;
   \   00000134   0x1C64             ADDS     R4,R4,#+1
    194              }
   \                     ??ramp_7: (+1)
   \   00000136   0x1C76             ADDS     R6,R6,#+1
   \   00000138   0xE7D4             B.N      ??ramp_5
    195            else if(sensor.data_buff[i] < sensor.max[0] + 80)
   \                     ??ramp_4: (+1)
   \   0000013A   0x.... 0x....      LDR.W    R0,??DataTable3
   \   0000013E   0xB2F6             UXTB     R6,R6            ;; ZeroExt  R6,R6,#+24,#+24
   \   00000140   0xEB10 0x0046      ADDS     R0,R0,R6, LSL #+1
   \   00000144   0xF9B0 0x0058      LDRSH    R0,[R0, #+88]
   \   00000148   0x.... 0x....      LDR.W    R1,??DataTable3
   \   0000014C   0xF9B1 0x104C      LDRSH    R1,[R1, #+76]
   \   00000150   0x3150             ADDS     R1,R1,#+80
   \   00000152   0x4288             CMP      R0,R1
   \   00000154   0xDA15             BGE.N    ??ramp_6
    196              for(i=0;i<6;i++)
   \   00000156   0x2000             MOVS     R0,#+0
   \   00000158   0x0006             MOVS     R6,R0
   \                     ??ramp_8: (+1)
   \   0000015A   0xB2F6             UXTB     R6,R6            ;; ZeroExt  R6,R6,#+24,#+24
   \   0000015C   0x2E06             CMP      R6,#+6
   \   0000015E   0xDA10             BGE.N    ??ramp_6
    197              {
    198                if(sensor.data_buff[i] < (sensor.max[0] + 180))
   \   00000160   0x.... 0x....      LDR.W    R0,??DataTable3
   \   00000164   0xB2F6             UXTB     R6,R6            ;; ZeroExt  R6,R6,#+24,#+24
   \   00000166   0xEB10 0x0046      ADDS     R0,R0,R6, LSL #+1
   \   0000016A   0xF9B0 0x0058      LDRSH    R0,[R0, #+88]
   \   0000016E   0x.... 0x....      LDR.W    R1,??DataTable3
   \   00000172   0xF9B1 0x104C      LDRSH    R1,[R1, #+76]
   \   00000176   0x31B4             ADDS     R1,R1,#+180
   \   00000178   0x4288             CMP      R0,R1
   \   0000017A   0xDA00             BGE.N    ??ramp_9
    199                  k++;
   \   0000017C   0x1C6D             ADDS     R5,R5,#+1
    200              }
   \                     ??ramp_9: (+1)
   \   0000017E   0x1C76             ADDS     R6,R6,#+1
   \   00000180   0xE7EB             B.N      ??ramp_8
    201            
    202            
    203            
    204            if(j>5)
   \                     ??ramp_6: (+1)
   \   00000182   0xB2E4             UXTB     R4,R4            ;; ZeroExt  R4,R4,#+24,#+24
   \   00000184   0x2C06             CMP      R4,#+6
   \   00000186   0xDB1C             BLT.N    ??ramp_10
    205            {
    206              flag_ramp = 1;
   \   00000188   0x2001             MOVS     R0,#+1
   \   0000018A   0x.... 0x....      LDR.W    R1,??DataTable3_8
   \   0000018E   0x7008             STRB     R0,[R1, #+0]
    207              BZ_ON;
   \   00000190   0x2201             MOVS     R2,#+1
   \   00000192   0x210A             MOVS     R1,#+10
   \   00000194   0x.... 0x....      LDR.W    R0,??DataTable3_6  ;; 0x400ff100
   \   00000198   0x.... 0x....      BL       LPLD_GPIO_Output_b
    208              
    209              if(ramp_cnt == 2)
   \   0000019C   0x.... 0x....      LDR.W    R0,??DataTable3_9
   \   000001A0   0x7800             LDRB     R0,[R0, #+0]
   \   000001A2   0x2802             CMP      R0,#+2
   \   000001A4   0xD104             BNE.N    ??ramp_11
    210                ramp_cnt = 3;  //下坡
   \   000001A6   0x2003             MOVS     R0,#+3
   \   000001A8   0x.... 0x....      LDR.W    R1,??DataTable3_9
   \   000001AC   0x7008             STRB     R0,[R1, #+0]
   \   000001AE   0xE008             B.N      ??ramp_10
    211              else if(ramp_cnt == 0)
   \                     ??ramp_11: (+1)
   \   000001B0   0x.... 0x....      LDR.W    R0,??DataTable3_9
   \   000001B4   0x7800             LDRB     R0,[R0, #+0]
   \   000001B6   0x2800             CMP      R0,#+0
   \   000001B8   0xD103             BNE.N    ??ramp_10
    212                ramp_cnt = 1;  //上坡
   \   000001BA   0x2001             MOVS     R0,#+1
   \   000001BC   0x.... 0x....      LDR.W    R1,??DataTable3_9
   \   000001C0   0x7008             STRB     R0,[R1, #+0]
    213            }
    214            
    215            if(flag_ramp == 1)
   \                     ??ramp_10: (+1)
   \   000001C2   0x.... 0x....      LDR.W    R0,??DataTable3_8
   \   000001C6   0x7800             LDRB     R0,[R0, #+0]
   \   000001C8   0x2801             CMP      R0,#+1
   \   000001CA   0xD128             BNE.N    ??ramp_12
    216            {
    217              if(k>5)
   \   000001CC   0xB2ED             UXTB     R5,R5            ;; ZeroExt  R5,R5,#+24,#+24
   \   000001CE   0x2D06             CMP      R5,#+6
   \   000001D0   0xDB25             BLT.N    ??ramp_12
    218              {
    219                if(ramp_cnt == 3)  //坡道正常完成
   \   000001D2   0x.... 0x....      LDR.W    R0,??DataTable3_9
   \   000001D6   0x7800             LDRB     R0,[R0, #+0]
   \   000001D8   0x2803             CMP      R0,#+3
   \   000001DA   0xD117             BNE.N    ??ramp_13
    220                {
    221                  flag_ramp = 0;
   \   000001DC   0x2000             MOVS     R0,#+0
   \   000001DE   0x.... 0x....      LDR.W    R1,??DataTable3_8
   \   000001E2   0x7008             STRB     R0,[R1, #+0]
    222                  BZ_OFF;
   \   000001E4   0x2200             MOVS     R2,#+0
   \   000001E6   0x210A             MOVS     R1,#+10
   \   000001E8   0x.... 0x....      LDR.W    R0,??DataTable3_6  ;; 0x400ff100
   \   000001EC   0x.... 0x....      BL       LPLD_GPIO_Output_b
    223                  ramp_cnt = 0;
   \   000001F0   0x2000             MOVS     R0,#+0
   \   000001F2   0x.... 0x....      LDR.W    R1,??DataTable3_9
   \   000001F6   0x7008             STRB     R0,[R1, #+0]
    224                  ctl.motto.ramp = 0;
   \   000001F8   0x2000             MOVS     R0,#+0
   \   000001FA   0x.... 0x....      LDR.W    R1,??DataTable3_10
   \   000001FE   0xF8C1 0x00B8      STR      R0,[R1, #+184]
    225                  ramp_Enable = 0;//坡道检测使能关闭，一定距离后开启
   \   00000202   0x2000             MOVS     R0,#+0
   \   00000204   0x.... 0x....      LDR.W    R1,??DataTable3_11
   \   00000208   0x7008             STRB     R0,[R1, #+0]
   \   0000020A   0xE008             B.N      ??ramp_12
    226                  
    227                }
    228                else if(ramp_cnt == 1)
   \                     ??ramp_13: (+1)
   \   0000020C   0x.... 0x....      LDR.W    R0,??DataTable3_9
   \   00000210   0x7800             LDRB     R0,[R0, #+0]
   \   00000212   0x2801             CMP      R0,#+1
   \   00000214   0xD103             BNE.N    ??ramp_12
    229                  ramp_cnt = 2;
   \   00000216   0x2002             MOVS     R0,#+2
   \   00000218   0x.... 0x....      LDR.W    R1,??DataTable3_9
   \   0000021C   0x7008             STRB     R0,[R1, #+0]
    230                
    231              }
    232            }
    233          }
   \                     ??ramp_12: (+1)
   \   0000021E   0xE8BD 0x83F1      POP      {R0,R4-R9,PC}    ;; return
    234          
    235          
    236          
    237          

   \                                 In section .text, align 2, keep-with-next
    238          void DateAnalyse()
    239          {
   \                     DateAnalyse: (+1)
   \   00000000   0xB5F8             PUSH     {R3-R7,LR}
    240            
    241            sensor.error[0]
    242              = (int32)(sensor.data[1] - sensor.data[2] );  //中间-左边
   \   00000002   0x.... 0x....      LDR.W    R0,??DataTable3
   \   00000006   0x6B80             LDR      R0,[R0, #+56]
   \   00000008   0x.... 0x....      LDR.W    R1,??DataTable3
   \   0000000C   0x6BC9             LDR      R1,[R1, #+60]
   \   0000000E   0x1A40             SUBS     R0,R0,R1
   \   00000010   0x.... 0x....      LDR.W    R1,??DataTable3
   \   00000014   0xF8A1 0x0044      STRH     R0,[R1, #+68]
    243            
    244            sensor.error[1]
    245              = (int32)(sensor.data[1] - sensor.data[0] ); //中间-右边
   \   00000018   0x.... 0x....      LDR.W    R0,??DataTable3
   \   0000001C   0x6B80             LDR      R0,[R0, #+56]
   \   0000001E   0x.... 0x....      LDR.W    R1,??DataTable3
   \   00000022   0x6B49             LDR      R1,[R1, #+52]
   \   00000024   0x1A40             SUBS     R0,R0,R1
   \   00000026   0x.... 0x....      LDR.W    R1,??DataTable3
   \   0000002A   0xF8A1 0x0046      STRH     R0,[R1, #+70]
    246            
    247            sensor.error[2]
    248              = (int32)(sensor.data[0] - sensor.data[2] );  //右边-左边
   \   0000002E   0x.... 0x....      LDR.W    R0,??DataTable3
   \   00000032   0x6B40             LDR      R0,[R0, #+52]
   \   00000034   0x.... 0x....      LDR.W    R1,??DataTable3
   \   00000038   0x6BC9             LDR      R1,[R1, #+60]
   \   0000003A   0x1A40             SUBS     R0,R0,R1
   \   0000003C   0x.... 0x....      LDR.W    R1,??DataTable3
   \   00000040   0xF8A1 0x0048      STRH     R0,[R1, #+72]
    249            
    250            
    251            
    252          //  push(14,sensor.error[0]);
    253          //  push(15,sensor.error[1]);
    254          //  push(16,sensor.error[2]);
    255            
    256            
    257            
    258            //拟合限幅
    259            if(sensor.error[0] > 0)
   \   00000044   0x.... 0x....      LDR.W    R0,??DataTable3
   \   00000048   0xF9B0 0x0044      LDRSH    R0,[R0, #+68]
   \   0000004C   0x2801             CMP      R0,#+1
   \   0000004E   0xDB1F             BLT.N    ??DateAnalyse_0
    260            {
    261              sensor.error[0] = (int16)(sensor.error[0] * 258.0 / sensor.max[0] );
   \   00000050   0x.... 0x....      LDR.W    R0,??DataTable3
   \   00000054   0xF9B0 0x0044      LDRSH    R0,[R0, #+68]
   \   00000058   0x.... 0x....      BL       __aeabi_i2d
   \   0000005C   0x2200             MOVS     R2,#+0
   \   0000005E   0x.... 0x....      LDR.W    R3,??DataTable3_12  ;; 0x40702000
   \   00000062   0x.... 0x....      BL       __aeabi_dmul
   \   00000066   0x0004             MOVS     R4,R0
   \   00000068   0x000D             MOVS     R5,R1
   \   0000006A   0x.... 0x....      LDR.W    R0,??DataTable3
   \   0000006E   0xF9B0 0x004C      LDRSH    R0,[R0, #+76]
   \   00000072   0x.... 0x....      BL       __aeabi_i2d
   \   00000076   0x0002             MOVS     R2,R0
   \   00000078   0x000B             MOVS     R3,R1
   \   0000007A   0x0020             MOVS     R0,R4
   \   0000007C   0x0029             MOVS     R1,R5
   \   0000007E   0x.... 0x....      BL       __aeabi_ddiv
   \   00000082   0x.... 0x....      BL       __aeabi_d2iz
   \   00000086   0x.... 0x....      LDR.W    R1,??DataTable3
   \   0000008A   0xF8A1 0x0044      STRH     R0,[R1, #+68]
   \   0000008E   0xE01E             B.N      ??DateAnalyse_1
    262              
    263            }
    264            
    265            else
    266            {
    267              sensor.error[0] = (int16)(sensor.error[0] * (-273.0) / sensor.min[0] );
   \                     ??DateAnalyse_0: (+1)
   \   00000090   0x.... 0x....      LDR.W    R0,??DataTable3
   \   00000094   0xF9B0 0x0044      LDRSH    R0,[R0, #+68]
   \   00000098   0x.... 0x....      BL       __aeabi_i2d
   \   0000009C   0x2200             MOVS     R2,#+0
   \   0000009E   0x.... 0x....      LDR.W    R3,??DataTable3_13  ;; 0xc0711000
   \   000000A2   0x.... 0x....      BL       __aeabi_dmul
   \   000000A6   0x0004             MOVS     R4,R0
   \   000000A8   0x000D             MOVS     R5,R1
   \   000000AA   0x.... 0x....      LDR.W    R0,??DataTable3
   \   000000AE   0xF9B0 0x0052      LDRSH    R0,[R0, #+82]
   \   000000B2   0x.... 0x....      BL       __aeabi_i2d
   \   000000B6   0x0002             MOVS     R2,R0
   \   000000B8   0x000B             MOVS     R3,R1
   \   000000BA   0x0020             MOVS     R0,R4
   \   000000BC   0x0029             MOVS     R1,R5
   \   000000BE   0x.... 0x....      BL       __aeabi_ddiv
   \   000000C2   0x.... 0x....      BL       __aeabi_d2iz
   \   000000C6   0x.... 0x....      LDR.W    R1,??DataTable3
   \   000000CA   0xF8A1 0x0044      STRH     R0,[R1, #+68]
    268            }
    269            
    270            
    271            
    272            
    273            if(sensor.error[1] > 0)
   \                     ??DateAnalyse_1: (+1)
   \   000000CE   0x.... 0x....      LDR.W    R0,??DataTable3
   \   000000D2   0xF9B0 0x0046      LDRSH    R0,[R0, #+70]
   \   000000D6   0x2801             CMP      R0,#+1
   \   000000D8   0xDB1F             BLT.N    ??DateAnalyse_2
    274            {
    275              sensor.error[1] = (int16)(sensor.error[1] * 253.0 / sensor.max[1] );
   \   000000DA   0x.... 0x....      LDR.W    R0,??DataTable3
   \   000000DE   0xF9B0 0x0046      LDRSH    R0,[R0, #+70]
   \   000000E2   0x.... 0x....      BL       __aeabi_i2d
   \   000000E6   0x2200             MOVS     R2,#+0
   \   000000E8   0x.... 0x....      LDR.W    R3,??DataTable3_14  ;; 0x406fa000
   \   000000EC   0x.... 0x....      BL       __aeabi_dmul
   \   000000F0   0x0004             MOVS     R4,R0
   \   000000F2   0x000D             MOVS     R5,R1
   \   000000F4   0x.... 0x....      LDR.W    R0,??DataTable3
   \   000000F8   0xF9B0 0x004E      LDRSH    R0,[R0, #+78]
   \   000000FC   0x.... 0x....      BL       __aeabi_i2d
   \   00000100   0x0002             MOVS     R2,R0
   \   00000102   0x000B             MOVS     R3,R1
   \   00000104   0x0020             MOVS     R0,R4
   \   00000106   0x0029             MOVS     R1,R5
   \   00000108   0x.... 0x....      BL       __aeabi_ddiv
   \   0000010C   0x.... 0x....      BL       __aeabi_d2iz
   \   00000110   0x.... 0x....      LDR.W    R1,??DataTable3
   \   00000114   0xF8A1 0x0046      STRH     R0,[R1, #+70]
   \   00000118   0xE01E             B.N      ??DateAnalyse_3
    276              
    277              
    278            }
    279            
    280            else
    281            {
    282              sensor.error[1] = (int16)(sensor.error[1] * (-270.0) / sensor.min[1] );
   \                     ??DateAnalyse_2: (+1)
   \   0000011A   0x.... 0x....      LDR.W    R0,??DataTable3
   \   0000011E   0xF9B0 0x0046      LDRSH    R0,[R0, #+70]
   \   00000122   0x.... 0x....      BL       __aeabi_i2d
   \   00000126   0x2200             MOVS     R2,#+0
   \   00000128   0x.... 0x....      LDR.W    R3,??DataTable3_15  ;; 0xc070e000
   \   0000012C   0x.... 0x....      BL       __aeabi_dmul
   \   00000130   0x0004             MOVS     R4,R0
   \   00000132   0x000D             MOVS     R5,R1
   \   00000134   0x.... 0x....      LDR.W    R0,??DataTable3
   \   00000138   0xF9B0 0x0054      LDRSH    R0,[R0, #+84]
   \   0000013C   0x.... 0x....      BL       __aeabi_i2d
   \   00000140   0x0002             MOVS     R2,R0
   \   00000142   0x000B             MOVS     R3,R1
   \   00000144   0x0020             MOVS     R0,R4
   \   00000146   0x0029             MOVS     R1,R5
   \   00000148   0x.... 0x....      BL       __aeabi_ddiv
   \   0000014C   0x.... 0x....      BL       __aeabi_d2iz
   \   00000150   0x.... 0x....      LDR.W    R1,??DataTable3
   \   00000154   0xF8A1 0x0046      STRH     R0,[R1, #+70]
    283            }
    284            
    285            
    286            
    287            
    288            
    289            if(sensor.error[2] > 0)
   \                     ??DateAnalyse_3: (+1)
   \   00000158   0x.... 0x....      LDR.W    R0,??DataTable3
   \   0000015C   0xF9B0 0x0048      LDRSH    R0,[R0, #+72]
   \   00000160   0x2801             CMP      R0,#+1
   \   00000162   0xDB1F             BLT.N    ??DateAnalyse_4
    290            {
    291              sensor.error[2] = (int16)(sensor.error[2] * 252.0 / sensor.max[2] );
   \   00000164   0x.... 0x....      LDR.W    R0,??DataTable3
   \   00000168   0xF9B0 0x0048      LDRSH    R0,[R0, #+72]
   \   0000016C   0x.... 0x....      BL       __aeabi_i2d
   \   00000170   0x2200             MOVS     R2,#+0
   \   00000172   0x.... 0x....      LDR.W    R3,??DataTable3_16  ;; 0x406f8000
   \   00000176   0x.... 0x....      BL       __aeabi_dmul
   \   0000017A   0x0004             MOVS     R4,R0
   \   0000017C   0x000D             MOVS     R5,R1
   \   0000017E   0x.... 0x....      LDR.W    R0,??DataTable3
   \   00000182   0xF9B0 0x0050      LDRSH    R0,[R0, #+80]
   \   00000186   0x.... 0x....      BL       __aeabi_i2d
   \   0000018A   0x0002             MOVS     R2,R0
   \   0000018C   0x000B             MOVS     R3,R1
   \   0000018E   0x0020             MOVS     R0,R4
   \   00000190   0x0029             MOVS     R1,R5
   \   00000192   0x.... 0x....      BL       __aeabi_ddiv
   \   00000196   0x.... 0x....      BL       __aeabi_d2iz
   \   0000019A   0x.... 0x....      LDR.W    R1,??DataTable3
   \   0000019E   0xF8A1 0x0048      STRH     R0,[R1, #+72]
   \   000001A2   0xE01E             B.N      ??DateAnalyse_5
    292              
    293            }
    294            
    295            else
    296            {
    297              sensor.error[2] = (int16)(sensor.error[2] * (-282.0) / sensor.min[2] );
   \                     ??DateAnalyse_4: (+1)
   \   000001A4   0x.... 0x....      LDR.W    R0,??DataTable3
   \   000001A8   0xF9B0 0x0048      LDRSH    R0,[R0, #+72]
   \   000001AC   0x.... 0x....      BL       __aeabi_i2d
   \   000001B0   0x2200             MOVS     R2,#+0
   \   000001B2   0x.... 0x....      LDR.W    R3,??DataTable3_17  ;; 0xc071a000
   \   000001B6   0x.... 0x....      BL       __aeabi_dmul
   \   000001BA   0x0004             MOVS     R4,R0
   \   000001BC   0x000D             MOVS     R5,R1
   \   000001BE   0x.... 0x....      LDR.W    R0,??DataTable3
   \   000001C2   0xF9B0 0x0056      LDRSH    R0,[R0, #+86]
   \   000001C6   0x.... 0x....      BL       __aeabi_i2d
   \   000001CA   0x0002             MOVS     R2,R0
   \   000001CC   0x000B             MOVS     R3,R1
   \   000001CE   0x0020             MOVS     R0,R4
   \   000001D0   0x0029             MOVS     R1,R5
   \   000001D2   0x.... 0x....      BL       __aeabi_ddiv
   \   000001D6   0x.... 0x....      BL       __aeabi_d2iz
   \   000001DA   0x.... 0x....      LDR.W    R1,??DataTable3
   \   000001DE   0xF8A1 0x0048      STRH     R0,[R1, #+72]
    298            }
    299            
    300          
    301            push(0,sensor.error[0]);
   \                     ??DateAnalyse_5: (+1)
   \   000001E2   0x.... 0x....      LDR.W    R0,??DataTable3
   \   000001E6   0xF8B0 0x1044      LDRH     R1,[R0, #+68]
   \   000001EA   0xB289             UXTH     R1,R1            ;; ZeroExt  R1,R1,#+16,#+16
   \   000001EC   0x2000             MOVS     R0,#+0
   \   000001EE   0x.... 0x....      BL       `push`
    302            push(1,sensor.error[1]);
   \   000001F2   0x.... 0x....      LDR.W    R0,??DataTable3
   \   000001F6   0xF8B0 0x1046      LDRH     R1,[R0, #+70]
   \   000001FA   0xB289             UXTH     R1,R1            ;; ZeroExt  R1,R1,#+16,#+16
   \   000001FC   0x2001             MOVS     R0,#+1
   \   000001FE   0x.... 0x....      BL       `push`
    303            push(2,sensor.error[2]);
   \   00000202   0x.... 0x....      LDR.W    R0,??DataTable3
   \   00000206   0xF8B0 0x1048      LDRH     R1,[R0, #+72]
   \   0000020A   0xB289             UXTH     R1,R1            ;; ZeroExt  R1,R1,#+16,#+16
   \   0000020C   0x2002             MOVS     R0,#+2
   \   0000020E   0x.... 0x....      BL       `push`
    304            
    305            
    306            
    307            
    308            //完全丢线
    309            if(sensor.error[0] < 10 && sensor.error[0] > -10 && sensor.error[1] < 10 && sensor.error[1] > -10
    310               && (line.flag_road == 2||line.flag_road == 3))
   \   00000212   0x.... 0x....      LDR.W    R0,??DataTable3
   \   00000216   0xF9B0 0x0044      LDRSH    R0,[R0, #+68]
   \   0000021A   0x280A             CMP      R0,#+10
   \   0000021C   0xDA24             BGE.N    ??DateAnalyse_6
   \   0000021E   0x.... 0x....      LDR.W    R0,??DataTable3
   \   00000222   0xF9B0 0x0044      LDRSH    R0,[R0, #+68]
   \   00000226   0xF110 0x0F09      CMN      R0,#+9
   \   0000022A   0xDB1D             BLT.N    ??DateAnalyse_6
   \   0000022C   0x.... 0x....      LDR.W    R0,??DataTable3
   \   00000230   0xF9B0 0x0046      LDRSH    R0,[R0, #+70]
   \   00000234   0x280A             CMP      R0,#+10
   \   00000236   0xDA17             BGE.N    ??DateAnalyse_6
   \   00000238   0x.... 0x....      LDR.W    R0,??DataTable3
   \   0000023C   0xF9B0 0x0046      LDRSH    R0,[R0, #+70]
   \   00000240   0xF110 0x0F09      CMN      R0,#+9
   \   00000244   0xDB10             BLT.N    ??DateAnalyse_6
   \   00000246   0x.... 0x....      LDR.W    R0,??DataTable3_18
   \   0000024A   0xF990 0x0000      LDRSB    R0,[R0, #+0]
   \   0000024E   0x2802             CMP      R0,#+2
   \   00000250   0xD005             BEQ.N    ??DateAnalyse_7
   \   00000252   0x.... 0x....      LDR.W    R0,??DataTable3_18
   \   00000256   0xF990 0x0000      LDRSB    R0,[R0, #+0]
   \   0000025A   0x2803             CMP      R0,#+3
   \   0000025C   0xD104             BNE.N    ??DateAnalyse_6
    311              
    312            {
    313              line.flag_lose = 0;//完全丢线
   \                     ??DateAnalyse_7: (+1)
   \   0000025E   0x2000             MOVS     R0,#+0
   \   00000260   0x.... 0x....      LDR.W    R1,??DataTable3_18
   \   00000264   0x7088             STRB     R0,[R1, #+2]
   \   00000266   0xE18B             B.N      ??DateAnalyse_8
    314            }
    315            
    316            
    317            
    318            //210--105
    319            else if( sensor.error[1] <=  6  && sensor.error[2] < -5 && (line.flag_road == 0||line.flag_road == 2))
   \                     ??DateAnalyse_6: (+1)
   \   00000268   0x.... 0x....      LDR.W    R0,??DataTable3
   \   0000026C   0xF9B0 0x0046      LDRSH    R0,[R0, #+70]
   \   00000270   0x2807             CMP      R0,#+7
   \   00000272   0xDA3D             BGE.N    ??DateAnalyse_9
   \   00000274   0x.... 0x....      LDR.W    R0,??DataTable3
   \   00000278   0xF9B0 0x0048      LDRSH    R0,[R0, #+72]
   \   0000027C   0xF110 0x0F05      CMN      R0,#+5
   \   00000280   0xDA36             BGE.N    ??DateAnalyse_9
   \   00000282   0x.... 0x....      LDR.W    R0,??DataTable3_18
   \   00000286   0xF990 0x0000      LDRSB    R0,[R0, #+0]
   \   0000028A   0x2800             CMP      R0,#+0
   \   0000028C   0xD005             BEQ.N    ??DateAnalyse_10
   \   0000028E   0x.... 0x....      LDR.W    R0,??DataTable3_18
   \   00000292   0xF990 0x0000      LDRSB    R0,[R0, #+0]
   \   00000296   0x2802             CMP      R0,#+2
   \   00000298   0xD12A             BNE.N    ??DateAnalyse_9
    320            {
    321              line.flag_road = 2;
   \                     ??DateAnalyse_10: (+1)
   \   0000029A   0x2002             MOVS     R0,#+2
   \   0000029C   0x.... 0x....      LDR.W    R1,??DataTable3_18
   \   000002A0   0x7008             STRB     R0,[R1, #+0]
    322              line.flag_lose = 10; //210--105
   \   000002A2   0x200A             MOVS     R0,#+10
   \   000002A4   0x.... 0x....      LDR.W    R1,??DataTable3_18
   \   000002A8   0x7088             STRB     R0,[R1, #+2]
    323              
    324              line.pos = (int16)( 0.3549  * sensor.error[0] + 208.76);
   \   000002AA   0x.... 0x....      LDR.W    R0,??DataTable3
   \   000002AE   0xF9B0 0x0044      LDRSH    R0,[R0, #+68]
   \   000002B2   0x.... 0x....      BL       __aeabi_i2d
   \   000002B6   0x.... 0x....      LDR.W    R2,??DataTable3_19  ;; 0x7d566cf4
   \   000002BA   0x.... 0x....      LDR.W    R3,??DataTable3_20  ;; 0x3fd6b6ae
   \   000002BE   0x.... 0x....      BL       __aeabi_dmul
   \   000002C2   0x.... 0x....      LDR.W    R2,??DataTable3_21  ;; 0xeb851eb8
   \   000002C6   0x.... 0x....      LDR.W    R3,??DataTable3_22  ;; 0x406a1851
   \   000002CA   0x.... 0x....      BL       __aeabi_dadd
   \   000002CE   0x.... 0x....      BL       __aeabi_d2iz
   \   000002D2   0x.... 0x....      LDR.W    R1,??DataTable3_18
   \   000002D6   0x8148             STRH     R0,[R1, #+10]
    325              
    326              if (line.pos < 105)
   \   000002D8   0x.... 0x....      LDR.W    R0,??DataTable3_18
   \   000002DC   0xF9B0 0x000A      LDRSH    R0,[R0, #+10]
   \   000002E0   0x2869             CMP      R0,#+105
   \   000002E2   0xF280 0x814D      BGE.W    ??DateAnalyse_8
    327              {
    328                line.pos = 105;
   \   000002E6   0x2069             MOVS     R0,#+105
   \   000002E8   0x.... 0x....      LDR.W    R1,??DataTable3_18
   \   000002EC   0x8148             STRH     R0,[R1, #+10]
   \   000002EE   0xE147             B.N      ??DateAnalyse_8
    329              }
    330              
    331            }
    332            
    333            
    334            
    335            
    336            //105--0  
    337            else if(sensor.error[1] > 6 && sensor.error[2] < 0 
    338                    && (line.flag_road == 0||line.flag_road == 1 || line.flag_road == 2))
   \                     ??DateAnalyse_9: (+1)
   \   000002F0   0x....             LDR.N    R0,??DataTable3
   \   000002F2   0xF9B0 0x0046      LDRSH    R0,[R0, #+70]
   \   000002F6   0x2807             CMP      R0,#+7
   \   000002F8   0xF2C0 0x8082      BLT.W    ??DateAnalyse_11
   \   000002FC   0x....             LDR.N    R0,??DataTable3
   \   000002FE   0xF9B0 0x0048      LDRSH    R0,[R0, #+72]
   \   00000302   0x2800             CMP      R0,#+0
   \   00000304   0xD57C             BPL.N    ??DateAnalyse_11
   \   00000306   0x.... 0x....      LDR.W    R0,??DataTable3_18
   \   0000030A   0xF990 0x0000      LDRSB    R0,[R0, #+0]
   \   0000030E   0x2800             CMP      R0,#+0
   \   00000310   0xD00B             BEQ.N    ??DateAnalyse_12
   \   00000312   0x.... 0x....      LDR.W    R0,??DataTable3_18
   \   00000316   0xF990 0x0000      LDRSB    R0,[R0, #+0]
   \   0000031A   0x2801             CMP      R0,#+1
   \   0000031C   0xD005             BEQ.N    ??DateAnalyse_12
   \   0000031E   0x.... 0x....      LDR.W    R0,??DataTable3_18
   \   00000322   0xF990 0x0000      LDRSB    R0,[R0, #+0]
   \   00000326   0x2802             CMP      R0,#+2
   \   00000328   0xD16A             BNE.N    ??DateAnalyse_11
    339              
    340            {
    341              line.flag_road = 0;
   \                     ??DateAnalyse_12: (+1)
   \   0000032A   0x2000             MOVS     R0,#+0
   \   0000032C   0x....             LDR.N    R1,??DataTable3_18
   \   0000032E   0x7008             STRB     R0,[R1, #+0]
    342              line.flag_lose = 20;//105--0 
   \   00000330   0x2014             MOVS     R0,#+20
   \   00000332   0x....             LDR.N    R1,??DataTable3_18
   \   00000334   0x7088             STRB     R0,[R1, #+2]
    343              
    344              line.pos = (int16)( -0.0000007 * sensor.error[0] * sensor.error[0] * sensor.error[0]
    345                                 + 0.00002 * sensor.error[0]* sensor.error[0]
    346                                   - 0.1388 * sensor.error[0]
    347                                     + 50.151);
   \   00000336   0x....             LDR.N    R0,??DataTable3
   \   00000338   0xF9B0 0x0044      LDRSH    R0,[R0, #+68]
   \   0000033C   0x.... 0x....      BL       __aeabi_i2d
   \   00000340   0x....             LDR.N    R2,??DataTable3_23  ;; 0x4765195f
   \   00000342   0x....             LDR.N    R3,??DataTable3_24  ;; 0xbea77cf4
   \   00000344   0x.... 0x....      BL       __aeabi_dmul
   \   00000348   0x0004             MOVS     R4,R0
   \   0000034A   0x000D             MOVS     R5,R1
   \   0000034C   0x....             LDR.N    R0,??DataTable3
   \   0000034E   0xF9B0 0x0044      LDRSH    R0,[R0, #+68]
   \   00000352   0x.... 0x....      BL       __aeabi_i2d
   \   00000356   0x0022             MOVS     R2,R4
   \   00000358   0x002B             MOVS     R3,R5
   \   0000035A   0x.... 0x....      BL       __aeabi_dmul
   \   0000035E   0x0004             MOVS     R4,R0
   \   00000360   0x000D             MOVS     R5,R1
   \   00000362   0x....             LDR.N    R0,??DataTable3
   \   00000364   0xF9B0 0x0044      LDRSH    R0,[R0, #+68]
   \   00000368   0x.... 0x....      BL       __aeabi_i2d
   \   0000036C   0x0022             MOVS     R2,R4
   \   0000036E   0x002B             MOVS     R3,R5
   \   00000370   0x.... 0x....      BL       __aeabi_dmul
   \   00000374   0x0004             MOVS     R4,R0
   \   00000376   0x000D             MOVS     R5,R1
   \   00000378   0x....             LDR.N    R0,??DataTable3
   \   0000037A   0xF9B0 0x0044      LDRSH    R0,[R0, #+68]
   \   0000037E   0x.... 0x....      BL       __aeabi_i2d
   \   00000382   0x....             LDR.N    R2,??DataTable3_25  ;; 0x88e368f1
   \   00000384   0x....             LDR.N    R3,??DataTable3_26  ;; 0x3ef4f8b5
   \   00000386   0x.... 0x....      BL       __aeabi_dmul
   \   0000038A   0x0006             MOVS     R6,R0
   \   0000038C   0x000F             MOVS     R7,R1
   \   0000038E   0x....             LDR.N    R0,??DataTable3
   \   00000390   0xF9B0 0x0044      LDRSH    R0,[R0, #+68]
   \   00000394   0x.... 0x....      BL       __aeabi_i2d
   \   00000398   0x0032             MOVS     R2,R6
   \   0000039A   0x003B             MOVS     R3,R7
   \   0000039C   0x.... 0x....      BL       __aeabi_dmul
   \   000003A0   0x0022             MOVS     R2,R4
   \   000003A2   0x002B             MOVS     R3,R5
   \   000003A4   0x.... 0x....      BL       __aeabi_dadd
   \   000003A8   0x0004             MOVS     R4,R0
   \   000003AA   0x000D             MOVS     R5,R1
   \   000003AC   0x....             LDR.N    R0,??DataTable3
   \   000003AE   0xF9B0 0x0044      LDRSH    R0,[R0, #+68]
   \   000003B2   0x.... 0x....      BL       __aeabi_i2d
   \   000003B6   0x....             LDR.N    R2,??DataTable3_27  ;; 0xca57a787
   \   000003B8   0x....             LDR.N    R3,??DataTable3_28  ;; 0x3fc1c432
   \   000003BA   0x.... 0x....      BL       __aeabi_dmul
   \   000003BE   0x0002             MOVS     R2,R0
   \   000003C0   0x000B             MOVS     R3,R1
   \   000003C2   0x0020             MOVS     R0,R4
   \   000003C4   0x0029             MOVS     R1,R5
   \   000003C6   0x.... 0x....      BL       __aeabi_dsub
   \   000003CA   0x....             LDR.N    R2,??DataTable3_29  ;; 0xf7ced917
   \   000003CC   0x....             LDR.N    R3,??DataTable3_30  ;; 0x40491353
   \   000003CE   0x.... 0x....      BL       __aeabi_dadd
   \   000003D2   0x.... 0x....      BL       __aeabi_d2iz
   \   000003D6   0x....             LDR.N    R1,??DataTable3_18
   \   000003D8   0x8148             STRH     R0,[R1, #+10]
    348              if (line.pos > 105)   //限幅
   \   000003DA   0x....             LDR.N    R0,??DataTable3_18
   \   000003DC   0xF9B0 0x000A      LDRSH    R0,[R0, #+10]
   \   000003E0   0x286A             CMP      R0,#+106
   \   000003E2   0xDB03             BLT.N    ??DateAnalyse_13
    349              {
    350                line.pos = 105;
   \   000003E4   0x2069             MOVS     R0,#+105
   \   000003E6   0x....             LDR.N    R1,??DataTable3_18
   \   000003E8   0x8148             STRH     R0,[R1, #+10]
   \   000003EA   0xE0C9             B.N      ??DateAnalyse_8
    351              }
    352              
    353              else if (line.pos < 0)
   \                     ??DateAnalyse_13: (+1)
   \   000003EC   0x....             LDR.N    R0,??DataTable3_18
   \   000003EE   0xF9B0 0x000A      LDRSH    R0,[R0, #+10]
   \   000003F2   0x2800             CMP      R0,#+0
   \   000003F4   0xF140 0x80C4      BPL.W    ??DateAnalyse_8
    354              {
    355                line.pos = 0;
   \   000003F8   0x2000             MOVS     R0,#+0
   \   000003FA   0x....             LDR.N    R1,??DataTable3_18
   \   000003FC   0x8148             STRH     R0,[R1, #+10]
   \   000003FE   0xE0BF             B.N      ??DateAnalyse_8
    356              }
    357                      
    358            }
    359            
    360            
    361            
    362            
    363            //0-- -105
    364            else if(sensor.error[0] > 6  && sensor.error[2] >= 0
    365                    && (line.flag_road == 0||line.flag_road == 1 || line.flag_road == 3))
   \                     ??DateAnalyse_11: (+1)
   \   00000400   0x....             LDR.N    R0,??DataTable3
   \   00000402   0xF9B0 0x0044      LDRSH    R0,[R0, #+68]
   \   00000406   0x2807             CMP      R0,#+7
   \   00000408   0xDB7D             BLT.N    ??DateAnalyse_14
   \   0000040A   0x....             LDR.N    R0,??DataTable3
   \   0000040C   0xF9B0 0x0048      LDRSH    R0,[R0, #+72]
   \   00000410   0x2800             CMP      R0,#+0
   \   00000412   0xD478             BMI.N    ??DateAnalyse_14
   \   00000414   0x....             LDR.N    R0,??DataTable3_18
   \   00000416   0xF990 0x0000      LDRSB    R0,[R0, #+0]
   \   0000041A   0x2800             CMP      R0,#+0
   \   0000041C   0xD009             BEQ.N    ??DateAnalyse_15
   \   0000041E   0x....             LDR.N    R0,??DataTable3_18
   \   00000420   0xF990 0x0000      LDRSB    R0,[R0, #+0]
   \   00000424   0x2801             CMP      R0,#+1
   \   00000426   0xD004             BEQ.N    ??DateAnalyse_15
   \   00000428   0x....             LDR.N    R0,??DataTable3_18
   \   0000042A   0xF990 0x0000      LDRSB    R0,[R0, #+0]
   \   0000042E   0x2803             CMP      R0,#+3
   \   00000430   0xD169             BNE.N    ??DateAnalyse_14
    366            {
    367              
    368              line.flag_road = 1;
   \                     ??DateAnalyse_15: (+1)
   \   00000432   0x2001             MOVS     R0,#+1
   \   00000434   0x....             LDR.N    R1,??DataTable3_18
   \   00000436   0x7008             STRB     R0,[R1, #+0]
    369              line.flag_lose = 30; //0-- -105
   \   00000438   0x201E             MOVS     R0,#+30
   \   0000043A   0x....             LDR.N    R1,??DataTable3_18
   \   0000043C   0x7088             STRB     R0,[R1, #+2]
    370              
    371              line.pos = (int16)( 
    372                                 0.000001 * sensor.error[1]  * sensor.error[1] * sensor.error[1]
    373                                   + 0.00004 * sensor.error[1]  *sensor.error[1]
    374                                     + 0.1466 * sensor.error[1]  
    375                                       - 59.245 );
   \   0000043E   0x....             LDR.N    R0,??DataTable3
   \   00000440   0xF9B0 0x0046      LDRSH    R0,[R0, #+70]
   \   00000444   0x.... 0x....      BL       __aeabi_i2d
   \   00000448   0x....             LDR.N    R2,??DataTable3_31  ;; 0xa0b5ed8d
   \   0000044A   0x....             LDR.N    R3,??DataTable3_32  ;; 0x3eb0c6f7
   \   0000044C   0x.... 0x....      BL       __aeabi_dmul
   \   00000450   0x0004             MOVS     R4,R0
   \   00000452   0x000D             MOVS     R5,R1
   \   00000454   0x....             LDR.N    R0,??DataTable3
   \   00000456   0xF9B0 0x0046      LDRSH    R0,[R0, #+70]
   \   0000045A   0x.... 0x....      BL       __aeabi_i2d
   \   0000045E   0x0022             MOVS     R2,R4
   \   00000460   0x002B             MOVS     R3,R5
   \   00000462   0x.... 0x....      BL       __aeabi_dmul
   \   00000466   0x0004             MOVS     R4,R0
   \   00000468   0x000D             MOVS     R5,R1
   \   0000046A   0x....             LDR.N    R0,??DataTable3
   \   0000046C   0xF9B0 0x0046      LDRSH    R0,[R0, #+70]
   \   00000470   0x.... 0x....      BL       __aeabi_i2d
   \   00000474   0x0022             MOVS     R2,R4
   \   00000476   0x002B             MOVS     R3,R5
   \   00000478   0x.... 0x....      BL       __aeabi_dmul
   \   0000047C   0x0004             MOVS     R4,R0
   \   0000047E   0x000D             MOVS     R5,R1
   \   00000480   0x....             LDR.N    R0,??DataTable3
   \   00000482   0xF9B0 0x0046      LDRSH    R0,[R0, #+70]
   \   00000486   0x.... 0x....      BL       __aeabi_i2d
   \   0000048A   0x....             LDR.N    R2,??DataTable3_25  ;; 0x88e368f1
   \   0000048C   0x....             LDR.N    R3,??DataTable3_33  ;; 0x3f04f8b5
   \   0000048E   0x.... 0x....      BL       __aeabi_dmul
   \   00000492   0x0006             MOVS     R6,R0
   \   00000494   0x000F             MOVS     R7,R1
   \   00000496   0x....             LDR.N    R0,??DataTable3
   \   00000498   0xF9B0 0x0046      LDRSH    R0,[R0, #+70]
   \   0000049C   0x.... 0x....      BL       __aeabi_i2d
   \   000004A0   0x0032             MOVS     R2,R6
   \   000004A2   0x003B             MOVS     R3,R7
   \   000004A4   0x.... 0x....      BL       __aeabi_dmul
   \   000004A8   0x0022             MOVS     R2,R4
   \   000004AA   0x002B             MOVS     R3,R5
   \   000004AC   0x.... 0x....      BL       __aeabi_dadd
   \   000004B0   0x0004             MOVS     R4,R0
   \   000004B2   0x000D             MOVS     R5,R1
   \   000004B4   0x....             LDR.N    R0,??DataTable3
   \   000004B6   0xF9B0 0x0046      LDRSH    R0,[R0, #+70]
   \   000004BA   0x.... 0x....      BL       __aeabi_i2d
   \   000004BE   0x....             LDR.N    R2,??DataTable3_34  ;; 0xeecbfb16
   \   000004C0   0x....             LDR.N    R3,??DataTable3_35  ;; 0x3fc2c3c9
   \   000004C2   0x.... 0x....      BL       __aeabi_dmul
   \   000004C6   0x0022             MOVS     R2,R4
   \   000004C8   0x002B             MOVS     R3,R5
   \   000004CA   0x.... 0x....      BL       __aeabi_dadd
   \   000004CE   0x....             LDR.N    R2,??DataTable3_36  ;; 0x28f5c28f
   \   000004D0   0x....             LDR.N    R3,??DataTable3_37  ;; 0xc04d9f5c
   \   000004D2   0x.... 0x....      BL       __aeabi_dadd
   \   000004D6   0x.... 0x....      BL       __aeabi_d2iz
   \   000004DA   0x....             LDR.N    R1,??DataTable3_18
   \   000004DC   0x8148             STRH     R0,[R1, #+10]
    376              if (line.pos > 0)   //限幅
   \   000004DE   0x....             LDR.N    R0,??DataTable3_18
   \   000004E0   0xF9B0 0x000A      LDRSH    R0,[R0, #+10]
   \   000004E4   0x2801             CMP      R0,#+1
   \   000004E6   0xDB03             BLT.N    ??DateAnalyse_16
    377              {
    378                line.pos = 0;
   \   000004E8   0x2000             MOVS     R0,#+0
   \   000004EA   0x....             LDR.N    R1,??DataTable3_18
   \   000004EC   0x8148             STRH     R0,[R1, #+10]
   \   000004EE   0xE047             B.N      ??DateAnalyse_8
    379              }
    380              else if (line.pos < -105)
   \                     ??DateAnalyse_16: (+1)
   \   000004F0   0x....             LDR.N    R0,??DataTable3_18
   \   000004F2   0xF9B0 0x000A      LDRSH    R0,[R0, #+10]
   \   000004F6   0xF110 0x0F69      CMN      R0,#+105
   \   000004FA   0xDA41             BGE.N    ??DateAnalyse_8
    381              {
    382                line.pos = -105;
   \   000004FC   0xF07F 0x0068      MVNS     R0,#+104
   \   00000500   0x....             LDR.N    R1,??DataTable3_18
   \   00000502   0x8148             STRH     R0,[R1, #+10]
   \   00000504   0xE03C             B.N      ??DateAnalyse_8
    383              }
    384                  
    385            }
    386            
    387            
    388            
    389            //-105 --  -210
    390            else if(sensor.error[0] <= 6  && sensor.error[2] > 1 && (line.flag_road == 1||line.flag_road == 3))
   \                     ??DateAnalyse_14: (+1)
   \   00000506   0x....             LDR.N    R0,??DataTable3
   \   00000508   0xF9B0 0x0044      LDRSH    R0,[R0, #+68]
   \   0000050C   0x2807             CMP      R0,#+7
   \   0000050E   0xDA30             BGE.N    ??DateAnalyse_17
   \   00000510   0x....             LDR.N    R0,??DataTable3
   \   00000512   0xF9B0 0x0048      LDRSH    R0,[R0, #+72]
   \   00000516   0x2802             CMP      R0,#+2
   \   00000518   0xDB2B             BLT.N    ??DateAnalyse_17
   \   0000051A   0x....             LDR.N    R0,??DataTable3_18
   \   0000051C   0xF990 0x0000      LDRSB    R0,[R0, #+0]
   \   00000520   0x2801             CMP      R0,#+1
   \   00000522   0xD004             BEQ.N    ??DateAnalyse_18
   \   00000524   0x....             LDR.N    R0,??DataTable3_18
   \   00000526   0xF990 0x0000      LDRSB    R0,[R0, #+0]
   \   0000052A   0x2803             CMP      R0,#+3
   \   0000052C   0xD121             BNE.N    ??DateAnalyse_17
    391              
    392            {
    393              line.flag_road = 3;
   \                     ??DateAnalyse_18: (+1)
   \   0000052E   0x2003             MOVS     R0,#+3
   \   00000530   0x....             LDR.N    R1,??DataTable3_18
   \   00000532   0x7008             STRB     R0,[R1, #+0]
    394              line.flag_lose = 40;//-105 --  -210
   \   00000534   0x2028             MOVS     R0,#+40
   \   00000536   0x....             LDR.N    R1,??DataTable3_18
   \   00000538   0x7088             STRB     R0,[R1, #+2]
    395              
    396              
    397              line.pos = (int16)(  -0.3649 * sensor.error[1] - 208.76);
   \   0000053A   0x....             LDR.N    R0,??DataTable3
   \   0000053C   0xF9B0 0x0046      LDRSH    R0,[R0, #+70]
   \   00000540   0x.... 0x....      BL       __aeabi_i2d
   \   00000544   0x....             LDR.N    R2,??DataTable3_38  ;; 0x8793dd98
   \   00000546   0x....             LDR.N    R3,??DataTable3_39  ;; 0xbfd75a85
   \   00000548   0x.... 0x....      BL       __aeabi_dmul
   \   0000054C   0x....             LDR.N    R2,??DataTable3_21  ;; 0xeb851eb8
   \   0000054E   0x....             LDR.N    R3,??DataTable3_40  ;; 0xc06a1851
   \   00000550   0x.... 0x....      BL       __aeabi_dadd
   \   00000554   0x.... 0x....      BL       __aeabi_d2iz
   \   00000558   0x....             LDR.N    R1,??DataTable3_18
   \   0000055A   0x8148             STRH     R0,[R1, #+10]
    398              
    399              if (line.pos > -105)     //限幅
   \   0000055C   0x....             LDR.N    R0,??DataTable3_18
   \   0000055E   0xF9B0 0x000A      LDRSH    R0,[R0, #+10]
   \   00000562   0xF110 0x0F68      CMN      R0,#+104
   \   00000566   0xDB0B             BLT.N    ??DateAnalyse_8
    400              {
    401                line.pos = -105;
   \   00000568   0xF07F 0x0068      MVNS     R0,#+104
   \   0000056C   0x....             LDR.N    R1,??DataTable3_18
   \   0000056E   0x8148             STRH     R0,[R1, #+10]
   \   00000570   0xE006             B.N      ??DateAnalyse_8
    402              }
    403              
    404            }
    405            
    406            
    407            
    408            else
    409            {
    410              line.flag_lose = 50;  //error
   \                     ??DateAnalyse_17: (+1)
   \   00000572   0x2032             MOVS     R0,#+50
   \   00000574   0x....             LDR.N    R1,??DataTable3_18
   \   00000576   0x7088             STRB     R0,[R1, #+2]
    411              line.pos = line.pos_last; 
   \   00000578   0x....             LDR.N    R0,??DataTable3_18
   \   0000057A   0x8900             LDRH     R0,[R0, #+8]
   \   0000057C   0x....             LDR.N    R1,??DataTable3_18
   \   0000057E   0x8148             STRH     R0,[R1, #+10]
    412              
    413              //bz_set(cross);
    414            }
    415            
    416            if(flag_cross == 1)   //尝试处理十字
   \                     ??DateAnalyse_8: (+1)
   \   00000580   0x....             LDR.N    R0,??DataTable3_41
   \   00000582   0x7800             LDRB     R0,[R0, #+0]
   \   00000584   0x2801             CMP      R0,#+1
   \   00000586   0xD11D             BNE.N    ??DateAnalyse_19
    417            {
    418          //    bz_set(cross);
    419               line.flag_lose = 60; //十字
   \   00000588   0x203C             MOVS     R0,#+60
   \   0000058A   0x....             LDR.N    R1,??DataTable3_18
   \   0000058C   0x7088             STRB     R0,[R1, #+2]
    420               
    421               line.flag_road = line.flag_road_last;//十字不改变道路类型
   \   0000058E   0x....             LDR.N    R0,??DataTable3_18
   \   00000590   0x7840             LDRB     R0,[R0, #+1]
   \   00000592   0x....             LDR.N    R1,??DataTable3_18
   \   00000594   0x7008             STRB     R0,[R1, #+0]
    422               
    423              if(line.pos_last - line.pos > 20 || line.pos_last - line.pos < -20)
   \   00000596   0x....             LDR.N    R0,??DataTable3_18
   \   00000598   0xF9B0 0x0008      LDRSH    R0,[R0, #+8]
   \   0000059C   0x....             LDR.N    R1,??DataTable3_18
   \   0000059E   0xF9B1 0x100A      LDRSH    R1,[R1, #+10]
   \   000005A2   0x1A40             SUBS     R0,R0,R1
   \   000005A4   0x2815             CMP      R0,#+21
   \   000005A6   0xDA09             BGE.N    ??DateAnalyse_20
   \   000005A8   0x....             LDR.N    R0,??DataTable3_18
   \   000005AA   0xF9B0 0x0008      LDRSH    R0,[R0, #+8]
   \   000005AE   0x....             LDR.N    R1,??DataTable3_18
   \   000005B0   0xF9B1 0x100A      LDRSH    R1,[R1, #+10]
   \   000005B4   0x1A40             SUBS     R0,R0,R1
   \   000005B6   0xF110 0x0F14      CMN      R0,#+20
   \   000005BA   0xDA03             BGE.N    ??DateAnalyse_19
    424                line.pos = line.pos_last;
   \                     ??DateAnalyse_20: (+1)
   \   000005BC   0x....             LDR.N    R0,??DataTable3_18
   \   000005BE   0x8900             LDRH     R0,[R0, #+8]
   \   000005C0   0x....             LDR.N    R1,??DataTable3_18
   \   000005C2   0x8148             STRH     R0,[R1, #+10]
    425            }
    426            
    427            
    428            line.pos_last = line.pos; 
   \                     ??DateAnalyse_19: (+1)
   \   000005C4   0x....             LDR.N    R0,??DataTable3_18
   \   000005C6   0x8940             LDRH     R0,[R0, #+10]
   \   000005C8   0x....             LDR.N    R1,??DataTable3_18
   \   000005CA   0x8108             STRH     R0,[R1, #+8]
    429            line.flag_road_last = line.flag_road;
   \   000005CC   0x....             LDR.N    R0,??DataTable3_18
   \   000005CE   0x7800             LDRB     R0,[R0, #+0]
   \   000005D0   0x....             LDR.N    R1,??DataTable3_18
   \   000005D2   0x7048             STRB     R0,[R1, #+1]
    430            
    431            push(8,line.flag_lose);
   \   000005D4   0x....             LDR.N    R0,??DataTable3_18
   \   000005D6   0xF990 0x1002      LDRSB    R1,[R0, #+2]
   \   000005DA   0xB289             UXTH     R1,R1            ;; ZeroExt  R1,R1,#+16,#+16
   \   000005DC   0x2008             MOVS     R0,#+8
   \   000005DE   0x.... 0x....      BL       `push`
    432            push(9,line.flag_road);
   \   000005E2   0x....             LDR.N    R0,??DataTable3_18
   \   000005E4   0xF990 0x1000      LDRSB    R1,[R0, #+0]
   \   000005E8   0xB289             UXTH     R1,R1            ;; ZeroExt  R1,R1,#+16,#+16
   \   000005EA   0x2009             MOVS     R0,#+9
   \   000005EC   0x.... 0x....      BL       `push`
    433            push(10,line.pos_d);
   \   000005F0   0x....             LDR.N    R0,??DataTable3_18
   \   000005F2   0x88C1             LDRH     R1,[R0, #+6]
   \   000005F4   0xB289             UXTH     R1,R1            ;; ZeroExt  R1,R1,#+16,#+16
   \   000005F6   0x200A             MOVS     R0,#+10
   \   000005F8   0x.... 0x....      BL       `push`
    434          
    435            
    436          }
   \   000005FC   0xBDF1             POP      {R0,R4-R7,PC}    ;; return

   \                                 In section .text, align 4, keep-with-next
   \                     ??DataTable3:
   \   00000000   0x........         DC32     sensor

   \                                 In section .text, align 4, keep-with-next
   \                     ??DataTable3_1:
   \   00000000   0x........         DC32     LDC_data

   \                                 In section .text, align 4, keep-with-next
   \                     ??DataTable3_2:
   \   00000000   0xFFE7BFCC         DC32     0xffe7bfcc

   \                                 In section .text, align 4, keep-with-next
   \                     ??DataTable3_3:
   \   00000000   0xFFE832A4         DC32     0xffe832a4

   \                                 In section .text, align 4, keep-with-next
   \                     ??DataTable3_4:
   \   00000000   0xFFE8093C         DC32     0xffe8093c

   \                                 In section .text, align 4, keep-with-next
   \                     ??DataTable3_5:
   \   00000000   0xFFFFFC7D         DC32     0xfffffc7d

   \                                 In section .text, align 4, keep-with-next
   \                     ??DataTable3_6:
   \   00000000   0x400FF100         DC32     0x400ff100

   \                                 In section .text, align 4, keep-with-next
   \                     ??DataTable3_7:
   \   00000000   0x3FF80000         DC32     0x3ff80000

   \                                 In section .text, align 4, keep-with-next
   \                     ??DataTable3_8:
   \   00000000   0x........         DC32     flag_ramp

   \                                 In section .text, align 4, keep-with-next
   \                     ??DataTable3_9:
   \   00000000   0x........         DC32     ramp_cnt

   \                                 In section .text, align 4, keep-with-next
   \                     ??DataTable3_10:
   \   00000000   0x........         DC32     ctl

   \                                 In section .text, align 4, keep-with-next
   \                     ??DataTable3_11:
   \   00000000   0x........         DC32     ramp_Enable

   \                                 In section .text, align 4, keep-with-next
   \                     ??DataTable3_12:
   \   00000000   0x40702000         DC32     0x40702000

   \                                 In section .text, align 4, keep-with-next
   \                     ??DataTable3_13:
   \   00000000   0xC0711000         DC32     0xc0711000

   \                                 In section .text, align 4, keep-with-next
   \                     ??DataTable3_14:
   \   00000000   0x406FA000         DC32     0x406fa000

   \                                 In section .text, align 4, keep-with-next
   \                     ??DataTable3_15:
   \   00000000   0xC070E000         DC32     0xc070e000

   \                                 In section .text, align 4, keep-with-next
   \                     ??DataTable3_16:
   \   00000000   0x406F8000         DC32     0x406f8000

   \                                 In section .text, align 4, keep-with-next
   \                     ??DataTable3_17:
   \   00000000   0xC071A000         DC32     0xc071a000

   \                                 In section .text, align 4, keep-with-next
   \                     ??DataTable3_18:
   \   00000000   0x........         DC32     line

   \                                 In section .text, align 4, keep-with-next
   \                     ??DataTable3_19:
   \   00000000   0x7D566CF4         DC32     0x7d566cf4

   \                                 In section .text, align 4, keep-with-next
   \                     ??DataTable3_20:
   \   00000000   0x3FD6B6AE         DC32     0x3fd6b6ae

   \                                 In section .text, align 4, keep-with-next
   \                     ??DataTable3_21:
   \   00000000   0xEB851EB8         DC32     0xeb851eb8

   \                                 In section .text, align 4, keep-with-next
   \                     ??DataTable3_22:
   \   00000000   0x406A1851         DC32     0x406a1851

   \                                 In section .text, align 4, keep-with-next
   \                     ??DataTable3_23:
   \   00000000   0x4765195F         DC32     0x4765195f

   \                                 In section .text, align 4, keep-with-next
   \                     ??DataTable3_24:
   \   00000000   0xBEA77CF4         DC32     0xbea77cf4

   \                                 In section .text, align 4, keep-with-next
   \                     ??DataTable3_25:
   \   00000000   0x88E368F1         DC32     0x88e368f1

   \                                 In section .text, align 4, keep-with-next
   \                     ??DataTable3_26:
   \   00000000   0x3EF4F8B5         DC32     0x3ef4f8b5

   \                                 In section .text, align 4, keep-with-next
   \                     ??DataTable3_27:
   \   00000000   0xCA57A787         DC32     0xca57a787

   \                                 In section .text, align 4, keep-with-next
   \                     ??DataTable3_28:
   \   00000000   0x3FC1C432         DC32     0x3fc1c432

   \                                 In section .text, align 4, keep-with-next
   \                     ??DataTable3_29:
   \   00000000   0xF7CED917         DC32     0xf7ced917

   \                                 In section .text, align 4, keep-with-next
   \                     ??DataTable3_30:
   \   00000000   0x40491353         DC32     0x40491353

   \                                 In section .text, align 4, keep-with-next
   \                     ??DataTable3_31:
   \   00000000   0xA0B5ED8D         DC32     0xa0b5ed8d

   \                                 In section .text, align 4, keep-with-next
   \                     ??DataTable3_32:
   \   00000000   0x3EB0C6F7         DC32     0x3eb0c6f7

   \                                 In section .text, align 4, keep-with-next
   \                     ??DataTable3_33:
   \   00000000   0x3F04F8B5         DC32     0x3f04f8b5

   \                                 In section .text, align 4, keep-with-next
   \                     ??DataTable3_34:
   \   00000000   0xEECBFB16         DC32     0xeecbfb16

   \                                 In section .text, align 4, keep-with-next
   \                     ??DataTable3_35:
   \   00000000   0x3FC2C3C9         DC32     0x3fc2c3c9

   \                                 In section .text, align 4, keep-with-next
   \                     ??DataTable3_36:
   \   00000000   0x28F5C28F         DC32     0x28f5c28f

   \                                 In section .text, align 4, keep-with-next
   \                     ??DataTable3_37:
   \   00000000   0xC04D9F5C         DC32     0xc04d9f5c

   \                                 In section .text, align 4, keep-with-next
   \                     ??DataTable3_38:
   \   00000000   0x8793DD98         DC32     0x8793dd98

   \                                 In section .text, align 4, keep-with-next
   \                     ??DataTable3_39:
   \   00000000   0xBFD75A85         DC32     0xbfd75a85

   \                                 In section .text, align 4, keep-with-next
   \                     ??DataTable3_40:
   \   00000000   0xC06A1851         DC32     0xc06a1851

   \                                 In section .text, align 4, keep-with-next
   \                     ??DataTable3_41:
   \   00000000   0x........         DC32     flag_cross

   Maximum stack usage in bytes:

   .cstack Function
   ------- --------
      24   DateAnalyse
        24   -> __aeabi_d2iz
        24   -> __aeabi_dadd
        24   -> __aeabi_ddiv
        24   -> __aeabi_dmul
        24   -> __aeabi_dsub
        24   -> __aeabi_i2d
        24   -> push
      32   ramp
        32   -> LPLD_GPIO_Output_b
        32   -> __aeabi_dmul
        32   -> __aeabi_i2d
        32 __aeabi_cdcmple
       8   sensor_isr
         8   -> LDC1614_read_meas
         8   -> LPLD_GPIO_Output_b
         8   -> LPLD_LPTMR_DelayMs
       8   sensor_offset
         8   -> LDC1614_read_meas
         8   -> LPLD_LPTMR_DelayMs


   Section sizes:

   Bytes  Function/Label
   -----  --------------
       4  ??DataTable3
       4  ??DataTable3_1
       4  ??DataTable3_10
       4  ??DataTable3_11
       4  ??DataTable3_12
       4  ??DataTable3_13
       4  ??DataTable3_14
       4  ??DataTable3_15
       4  ??DataTable3_16
       4  ??DataTable3_17
       4  ??DataTable3_18
       4  ??DataTable3_19
       4  ??DataTable3_2
       4  ??DataTable3_20
       4  ??DataTable3_21
       4  ??DataTable3_22
       4  ??DataTable3_23
       4  ??DataTable3_24
       4  ??DataTable3_25
       4  ??DataTable3_26
       4  ??DataTable3_27
       4  ??DataTable3_28
       4  ??DataTable3_29
       4  ??DataTable3_3
       4  ??DataTable3_30
       4  ??DataTable3_31
       4  ??DataTable3_32
       4  ??DataTable3_33
       4  ??DataTable3_34
       4  ??DataTable3_35
       4  ??DataTable3_36
       4  ??DataTable3_37
       4  ??DataTable3_38
       4  ??DataTable3_39
       4  ??DataTable3_4
       4  ??DataTable3_40
       4  ??DataTable3_41
       4  ??DataTable3_5
       4  ??DataTable3_6
       4  ??DataTable3_7
       4  ??DataTable3_8
       4  ??DataTable3_9
    1534  DateAnalyse
      12  line
     546  ramp
       1  ramp_cnt
     100  sensor
     770  sensor_isr
     296  sensor_offset

 
   113 bytes in section .bss
 3 314 bytes in section .text
 
 3 314 bytes of CODE memory
   113 bytes of DATA memory

Errors: none
Warnings: none
