###############################################################################
#
# IAR ANSI C/C++ Compiler V7.30.3.8024/W32 for ARM        16/Aug/2016  11:11:08
# Copyright 1999-2014 IAR Systems AB.
#
#    Cpu mode     =  thumb
#    Endian       =  little
#    Source file  =  
#        E:\飞思卡尔\新工程\LPLD_OSKinetis_V3\project\NXP_(golden_cyprinoid)
#        1.9\app\CTL\dirctl.c
#    Command line =  
#        "E:\飞思卡尔\新工程\LPLD_OSKinetis_V3\project\NXP_(golden_cyprinoid)
#        1.9\app\CTL\dirctl.c" -D LPLD_K60 -lCN
#        "E:\飞思卡尔\新工程\LPLD_OSKinetis_V3\project\NXP_(golden_cyprinoid)
#        1.9\iar\FLASH\List\" -lB
#        "E:\飞思卡尔\新工程\LPLD_OSKinetis_V3\project\NXP_(golden_cyprinoid)
#        1.9\iar\FLASH\List\" -o
#        "E:\飞思卡尔\新工程\LPLD_OSKinetis_V3\project\NXP_(golden_cyprinoid)
#        1.9\iar\FLASH\Obj\" --no_cse --no_unroll --no_inline --no_code_motion
#        --no_tbaa --no_clustering --no_scheduling --debug --endian=little
#        --cpu=Cortex-M4 -e --fpu=None --dlib_config
#        D:\IAR\arm\INC\c\DLib_Config_Normal.h -I
#        "E:\飞思卡尔\新工程\LPLD_OSKinetis_V3\project\NXP_(golden_cyprinoid)
#        1.9\iar\..\app\" -I
#        "E:\飞思卡尔\新工程\LPLD_OSKinetis_V3\project\NXP_(golden_cyprinoid)
#        1.9\iar\..\app\BSP\" -I
#        "E:\飞思卡尔\新工程\LPLD_OSKinetis_V3\project\NXP_(golden_cyprinoid)
#        1.9\iar\..\app\ITAC\" -I
#        "E:\飞思卡尔\新工程\LPLD_OSKinetis_V3\project\NXP_(golden_cyprinoid)
#        1.9\iar\..\app\CTL\" -I
#        "E:\飞思卡尔\新工程\LPLD_OSKinetis_V3\project\NXP_(golden_cyprinoid)
#        1.9\iar\..\app\MAIN\" -I
#        "E:\飞思卡尔\新工程\LPLD_OSKinetis_V3\project\NXP_(golden_cyprinoid)
#        1.9\iar\..\app\SENSOR\" -I
#        "E:\飞思卡尔\新工程\LPLD_OSKinetis_V3\project\NXP_(golden_cyprinoid)
#        1.9\iar\..\..\..\lib\CPU\" -I
#        "E:\飞思卡尔\新工程\LPLD_OSKinetis_V3\project\NXP_(golden_cyprinoid)
#        1.9\iar\..\..\..\lib\common\" -I
#        "E:\飞思卡尔\新工程\LPLD_OSKinetis_V3\project\NXP_(golden_cyprinoid)
#        1.9\iar\..\..\..\lib\LPLD\" -I
#        "E:\飞思卡尔\新工程\LPLD_OSKinetis_V3\project\NXP_(golden_cyprinoid)
#        1.9\iar\..\..\..\lib\LPLD\HW\" -I
#        "E:\飞思卡尔\新工程\LPLD_OSKinetis_V3\project\NXP_(golden_cyprinoid)
#        1.9\iar\..\..\..\lib\LPLD\DEV\" -I
#        "E:\飞思卡尔\新工程\LPLD_OSKinetis_V3\project\NXP_(golden_cyprinoid)
#        1.9\iar\..\..\..\lib\uCOS-II\Ports\" -I
#        "E:\飞思卡尔\新工程\LPLD_OSKinetis_V3\project\NXP_(golden_cyprinoid)
#        1.9\iar\..\..\..\lib\uCOS-II\Source\" -I
#        "E:\飞思卡尔\新工程\LPLD_OSKinetis_V3\project\NXP_(golden_cyprinoid)
#        1.9\iar\..\..\..\lib\FatFs\" -I
#        "E:\飞思卡尔\新工程\LPLD_OSKinetis_V3\project\NXP_(golden_cyprinoid)
#        1.9\iar\..\..\..\lib\FatFs\option\" -I
#        "E:\飞思卡尔\新工程\LPLD_OSKinetis_V3\project\NXP_(golden_cyprinoid)
#        1.9\iar\..\..\..\lib\USB\common\" -I
#        "E:\飞思卡尔\新工程\LPLD_OSKinetis_V3\project\NXP_(golden_cyprinoid)
#        1.9\iar\..\..\..\lib\USB\driver\" -I
#        "E:\飞思卡尔\新工程\LPLD_OSKinetis_V3\project\NXP_(golden_cyprinoid)
#        1.9\iar\..\..\..\lib\USB\descriptor\" -I
#        "E:\飞思卡尔\新工程\LPLD_OSKinetis_V3\project\NXP_(golden_cyprinoid)
#        1.9\iar\..\..\..\lib\USB\class\" -On -I D:\IAR\arm\CMSIS\Include\ -D
#        ARM_MATH_CM4
#    List file    =  
#        E:\飞思卡尔\新工程\LPLD_OSKinetis_V3\project\NXP_(golden_cyprinoid)
#        1.9\iar\FLASH\List\dirctl.lst
#    Object file  =  
#        E:\飞思卡尔\新工程\LPLD_OSKinetis_V3\project\NXP_(golden_cyprinoid)
#        1.9\iar\FLASH\Obj\dirctl.o
#
###############################################################################

E:\飞思卡尔\新工程\LPLD_OSKinetis_V3\project\NXP_(golden_cyprinoid) 1.9\app\CTL\dirctl.c
      1          //舵机位置控制
      2          #include "include.h"
      3          
      4          //方向控制
      5          
      6          

   \                                 In section .text, align 2, keep-with-next
      7          void S3010_CTL()
      8          {
   \                     S3010_CTL: (+1)
   \   00000000   0xE92D 0x4370      PUSH     {R4-R6,R8,R9,LR}
      9            int i;
     10            if(ctl.motto.v > 375 && 1 == flag_bihuan)
   \   00000004   0x....             LDR.N    R0,??DataTable0
   \   00000006   0xF9B0 0x0068      LDRSH    R0,[R0, #+104]
   \   0000000A   0xF5B0 0x7FBC      CMP      R0,#+376
   \   0000000E   0xDB48             BLT.N    ??S3010_CTL_0
   \   00000010   0x....             LDR.N    R0,??DataTable0_1
   \   00000012   0x7800             LDRB     R0,[R0, #+0]
   \   00000014   0x2801             CMP      R0,#+1
   \   00000016   0xD144             BNE.N    ??S3010_CTL_0
     11            {
     12              if(line.pos > 140 || line.pos < -140)     //大偏差
   \   00000018   0x....             LDR.N    R0,??DataTable0_2
   \   0000001A   0xF9B0 0x000A      LDRSH    R0,[R0, #+10]
   \   0000001E   0x288D             CMP      R0,#+141
   \   00000020   0xDA05             BGE.N    ??S3010_CTL_1
   \   00000022   0x....             LDR.N    R0,??DataTable0_2
   \   00000024   0xF9B0 0x000A      LDRSH    R0,[R0, #+10]
   \   00000028   0xF110 0x0F8C      CMN      R0,#+140
   \   0000002C   0xDA08             BGE.N    ??S3010_CTL_2
     13              {
     14                ctl.S3010.Kp = ctl.S3010.Kp_B;
   \                     ??S3010_CTL_1: (+1)
   \   0000002E   0x....             LDR.N    R0,??DataTable0
   \   00000030   0x6A00             LDR      R0,[R0, #+32]
   \   00000032   0x....             LDR.N    R1,??DataTable0
   \   00000034   0x6088             STR      R0,[R1, #+8]
     15                ctl.S3010.Kd = ctl.S3010.Kd_B;
   \   00000036   0x....             LDR.N    R0,??DataTable0
   \   00000038   0x6B00             LDR      R0,[R0, #+48]
   \   0000003A   0x....             LDR.N    R1,??DataTable0
   \   0000003C   0x6108             STR      R0,[R1, #+16]
   \   0000003E   0xE038             B.N      ??S3010_CTL_3
     16              }
     17              else if(line.pos > 85 || line.pos < -85)     //大偏差
   \                     ??S3010_CTL_2: (+1)
   \   00000040   0x....             LDR.N    R0,??DataTable0_2
   \   00000042   0xF9B0 0x000A      LDRSH    R0,[R0, #+10]
   \   00000046   0x2856             CMP      R0,#+86
   \   00000048   0xDA05             BGE.N    ??S3010_CTL_4
   \   0000004A   0x....             LDR.N    R0,??DataTable0_2
   \   0000004C   0xF9B0 0x000A      LDRSH    R0,[R0, #+10]
   \   00000050   0xF110 0x0F55      CMN      R0,#+85
   \   00000054   0xDA08             BGE.N    ??S3010_CTL_5
     18              {
     19                ctl.S3010.Kp = ctl.S3010.Kp_M2;
   \                     ??S3010_CTL_4: (+1)
   \   00000056   0x....             LDR.N    R0,??DataTable0
   \   00000058   0x69C0             LDR      R0,[R0, #+28]
   \   0000005A   0x....             LDR.N    R1,??DataTable0
   \   0000005C   0x6088             STR      R0,[R1, #+8]
     20                ctl.S3010.Kd = ctl.S3010.Kp_M2;
   \   0000005E   0x....             LDR.N    R0,??DataTable0
   \   00000060   0x69C0             LDR      R0,[R0, #+28]
   \   00000062   0x....             LDR.N    R1,??DataTable0
   \   00000064   0x6108             STR      R0,[R1, #+16]
   \   00000066   0xE024             B.N      ??S3010_CTL_3
     21              }
     22              else if(line.pos > 35 || line.pos < -35)  //中偏差
   \                     ??S3010_CTL_5: (+1)
   \   00000068   0x....             LDR.N    R0,??DataTable0_2
   \   0000006A   0xF9B0 0x000A      LDRSH    R0,[R0, #+10]
   \   0000006E   0x2824             CMP      R0,#+36
   \   00000070   0xDA05             BGE.N    ??S3010_CTL_6
   \   00000072   0x....             LDR.N    R0,??DataTable0_2
   \   00000074   0xF9B0 0x000A      LDRSH    R0,[R0, #+10]
   \   00000078   0xF110 0x0F23      CMN      R0,#+35
   \   0000007C   0xDA08             BGE.N    ??S3010_CTL_7
     23              {
     24                ctl.S3010.Kp = ctl.S3010.Kp_M1;
   \                     ??S3010_CTL_6: (+1)
   \   0000007E   0x....             LDR.N    R0,??DataTable0
   \   00000080   0x6980             LDR      R0,[R0, #+24]
   \   00000082   0x....             LDR.N    R1,??DataTable0
   \   00000084   0x6088             STR      R0,[R1, #+8]
     25                ctl.S3010.Kd = ctl.S3010.Kd_M1;
   \   00000086   0x....             LDR.N    R0,??DataTable0
   \   00000088   0x6A80             LDR      R0,[R0, #+40]
   \   0000008A   0x....             LDR.N    R1,??DataTable0
   \   0000008C   0x6108             STR      R0,[R1, #+16]
   \   0000008E   0xE010             B.N      ??S3010_CTL_3
     26              }
     27              else                                       //小偏差
     28              {
     29                ctl.S3010.Kp = ctl.S3010.Kp_S;
   \                     ??S3010_CTL_7: (+1)
   \   00000090   0x....             LDR.N    R0,??DataTable0
   \   00000092   0x6940             LDR      R0,[R0, #+20]
   \   00000094   0x....             LDR.N    R1,??DataTable0
   \   00000096   0x6088             STR      R0,[R1, #+8]
     30                ctl.S3010.Kd = ctl.S3010.Kd_S;
   \   00000098   0x....             LDR.N    R0,??DataTable0
   \   0000009A   0x6A40             LDR      R0,[R0, #+36]
   \   0000009C   0x....             LDR.N    R1,??DataTable0
   \   0000009E   0x6108             STR      R0,[R1, #+16]
   \   000000A0   0xE007             B.N      ??S3010_CTL_3
     31              }
     32              
     33            }
     34            
     35            else
     36            {
     37              ctl.S3010.Kp = ctl.S3010.Kp_S;
   \                     ??S3010_CTL_0: (+1)
   \   000000A2   0x....             LDR.N    R0,??DataTable0
   \   000000A4   0x6940             LDR      R0,[R0, #+20]
   \   000000A6   0x....             LDR.N    R1,??DataTable0
   \   000000A8   0x6088             STR      R0,[R1, #+8]
     38              ctl.S3010.Kd = ctl.S3010.Kd_S;
   \   000000AA   0x....             LDR.N    R0,??DataTable0
   \   000000AC   0x6A40             LDR      R0,[R0, #+36]
   \   000000AE   0x....             LDR.N    R1,??DataTable0
   \   000000B0   0x6108             STR      R0,[R1, #+16]
     39            }
     40            
     41            
     42            
     43            ctl.S3010.error[0] = line.pos ;
   \                     ??S3010_CTL_3: (+1)
   \   000000B2   0x....             LDR.N    R0,??DataTable0_2
   \   000000B4   0xF9B0 0x000A      LDRSH    R0,[R0, #+10]
   \   000000B8   0x.... 0x....      BL       __aeabi_i2f
   \   000000BC   0x....             LDR.N    R1,??DataTable0
   \   000000BE   0x6408             STR      R0,[R1, #+64]
     44            
     45            ctl.S3010.result[0] = ctl.S3010.Kp * ctl.S3010.error[0];
   \   000000C0   0x....             LDR.N    R0,??DataTable0
   \   000000C2   0x6881             LDR      R1,[R0, #+8]
   \   000000C4   0x....             LDR.N    R0,??DataTable0
   \   000000C6   0x6C00             LDR      R0,[R0, #+64]
   \   000000C8   0x.... 0x....      BL       __aeabi_fmul
   \   000000CC   0x....             LDR.N    R1,??DataTable0
   \   000000CE   0x6348             STR      R0,[R1, #+52]
     46            
     47            
     48            
     49            ctl.S3010.KD[0] = ctl.S3010.error[0] - ctl.S3010.error[1];
   \   000000D0   0x....             LDR.N    R0,??DataTable0
   \   000000D2   0x6C00             LDR      R0,[R0, #+64]
   \   000000D4   0x....             LDR.N    R1,??DataTable0
   \   000000D6   0x6C49             LDR      R1,[R1, #+68]
   \   000000D8   0x.... 0x....      BL       __aeabi_fsub
   \   000000DC   0x....             LDR.N    R1,??DataTable0
   \   000000DE   0x6588             STR      R0,[R1, #+88]
     50            
     51            for(i=0;i<3;i++)
   \   000000E0   0x2000             MOVS     R0,#+0
   \   000000E2   0x0006             MOVS     R6,R0
   \                     ??S3010_CTL_8: (+1)
   \   000000E4   0x2E03             CMP      R6,#+3
   \   000000E6   0xDA2A             BGE.N    ??S3010_CTL_9
     52            {
     53              ctl.S3010.KD[i] = ctl.S3010.error[i] - ctl.S3010.error[i+1];
   \   000000E8   0x....             LDR.N    R0,??DataTable0
   \   000000EA   0xEB10 0x0086      ADDS     R0,R0,R6, LSL #+2
   \   000000EE   0x6C00             LDR      R0,[R0, #+64]
   \   000000F0   0x....             LDR.N    R1,??DataTable0
   \   000000F2   0xEB11 0x0186      ADDS     R1,R1,R6, LSL #+2
   \   000000F6   0x6C49             LDR      R1,[R1, #+68]
   \   000000F8   0x.... 0x....      BL       __aeabi_fsub
   \   000000FC   0x....             LDR.N    R1,??DataTable0
   \   000000FE   0xEB11 0x0186      ADDS     R1,R1,R6, LSL #+2
   \   00000102   0x6588             STR      R0,[R1, #+88]
     54              
     55              if(ctl.S3010.KD[i] > 20)
   \   00000104   0x....             LDR.N    R0,??DataTable0
   \   00000106   0xEB10 0x0086      ADDS     R0,R0,R6, LSL #+2
   \   0000010A   0x6D80             LDR      R0,[R0, #+88]
   \   0000010C   0x....             LDR.N    R1,??DataTable0_3  ;; 0x41a00001
   \   0000010E   0x.... 0x....      BL       __aeabi_cfrcmple
   \   00000112   0xD805             BHI.N    ??S3010_CTL_10
     56              {
     57                ctl.S3010.KD[i] = 20;
   \   00000114   0x....             LDR.N    R0,??DataTable0_4  ;; 0x41a00000
   \   00000116   0x....             LDR.N    R1,??DataTable0
   \   00000118   0xEB11 0x0186      ADDS     R1,R1,R6, LSL #+2
   \   0000011C   0x6588             STR      R0,[R1, #+88]
   \   0000011E   0xE00C             B.N      ??S3010_CTL_11
     58              }
     59              else if(ctl.S3010.KD[i] < -20)
   \                     ??S3010_CTL_10: (+1)
   \   00000120   0x....             LDR.N    R0,??DataTable0
   \   00000122   0xEB10 0x0086      ADDS     R0,R0,R6, LSL #+2
   \   00000126   0x6D80             LDR      R0,[R0, #+88]
   \   00000128   0x....             LDR.N    R1,??DataTable0_5  ;; 0xc1a00000
   \   0000012A   0x.... 0x....      BL       __aeabi_cfcmple
   \   0000012E   0xD204             BCS.N    ??S3010_CTL_11
     60              {
     61                ctl.S3010.KD[i] = -20;
   \   00000130   0x....             LDR.N    R0,??DataTable0_5  ;; 0xc1a00000
   \   00000132   0x....             LDR.N    R1,??DataTable0
   \   00000134   0xEB11 0x0186      ADDS     R1,R1,R6, LSL #+2
   \   00000138   0x6588             STR      R0,[R1, #+88]
     62              }
     63            }
   \                     ??S3010_CTL_11: (+1)
   \   0000013A   0x1C76             ADDS     R6,R6,#+1
   \   0000013C   0xE7D2             B.N      ??S3010_CTL_8
     64          
     65            ctl.S3010.result[1] = ctl.S3010.Kd * (0.6*(float)(ctl.S3010.KD[0])+0.2*(float)(ctl.S3010.KD[0])+0.2*(float)(ctl.S3010.KD[0]));
   \                     ??S3010_CTL_9: (+1)
   \   0000013E   0x....             LDR.N    R0,??DataTable0
   \   00000140   0x6900             LDR      R0,[R0, #+16]
   \   00000142   0x.... 0x....      BL       __aeabi_f2d
   \   00000146   0x4680             MOV      R8,R0
   \   00000148   0x4689             MOV      R9,R1
   \   0000014A   0x....             LDR.N    R0,??DataTable0
   \   0000014C   0x6D80             LDR      R0,[R0, #+88]
   \   0000014E   0x.... 0x....      BL       __aeabi_f2d
   \   00000152   0xF05F 0x3233      MOVS     R2,#+858993459
   \   00000156   0x....             LDR.N    R3,??DataTable0_6  ;; 0x3fe33333
   \   00000158   0x.... 0x....      BL       __aeabi_dmul
   \   0000015C   0x0004             MOVS     R4,R0
   \   0000015E   0x000D             MOVS     R5,R1
   \   00000160   0x....             LDR.N    R0,??DataTable0
   \   00000162   0x6D80             LDR      R0,[R0, #+88]
   \   00000164   0x.... 0x....      BL       __aeabi_f2d
   \   00000168   0x....             LDR.N    R2,??DataTable0_7  ;; 0x9999999a
   \   0000016A   0x....             LDR.N    R3,??DataTable0_8  ;; 0x3fc99999
   \   0000016C   0x.... 0x....      BL       __aeabi_dmul
   \   00000170   0x0022             MOVS     R2,R4
   \   00000172   0x002B             MOVS     R3,R5
   \   00000174   0x.... 0x....      BL       __aeabi_dadd
   \   00000178   0x0004             MOVS     R4,R0
   \   0000017A   0x000D             MOVS     R5,R1
   \   0000017C   0x....             LDR.N    R0,??DataTable0
   \   0000017E   0x6D80             LDR      R0,[R0, #+88]
   \   00000180   0x.... 0x....      BL       __aeabi_f2d
   \   00000184   0x....             LDR.N    R2,??DataTable0_7  ;; 0x9999999a
   \   00000186   0x....             LDR.N    R3,??DataTable0_8  ;; 0x3fc99999
   \   00000188   0x.... 0x....      BL       __aeabi_dmul
   \   0000018C   0x0022             MOVS     R2,R4
   \   0000018E   0x002B             MOVS     R3,R5
   \   00000190   0x.... 0x....      BL       __aeabi_dadd
   \   00000194   0x4642             MOV      R2,R8
   \   00000196   0x464B             MOV      R3,R9
   \   00000198   0x.... 0x....      BL       __aeabi_dmul
   \   0000019C   0x.... 0x....      BL       __aeabi_d2f
   \   000001A0   0x....             LDR.N    R1,??DataTable0
   \   000001A2   0x6388             STR      R0,[R1, #+56]
     66            ctl.S3010.result[0] += ctl.S3010.result[1];
   \   000001A4   0x....             LDR.N    R0,??DataTable0
   \   000001A6   0x6B41             LDR      R1,[R0, #+52]
   \   000001A8   0x....             LDR.N    R0,??DataTable0
   \   000001AA   0x6B80             LDR      R0,[R0, #+56]
   \   000001AC   0x.... 0x....      BL       __aeabi_fadd
   \   000001B0   0x....             LDR.N    R1,??DataTable0
   \   000001B2   0x6348             STR      R0,[R1, #+52]
     67            
     68            
     69            ctl.S3010.error[3]= ctl.S3010.error[2];
   \   000001B4   0x....             LDR.N    R0,??DataTable0
   \   000001B6   0x6C80             LDR      R0,[R0, #+72]
   \   000001B8   0x....             LDR.N    R1,??DataTable0
   \   000001BA   0x64C8             STR      R0,[R1, #+76]
     70            ctl.S3010.error[2]= ctl.S3010.error[1];
   \   000001BC   0x....             LDR.N    R0,??DataTable0
   \   000001BE   0x6C40             LDR      R0,[R0, #+68]
   \   000001C0   0x....             LDR.N    R1,??DataTable0
   \   000001C2   0x6488             STR      R0,[R1, #+72]
     71            ctl.S3010.error[1]= ctl.S3010.error[0];
   \   000001C4   0x....             LDR.N    R0,??DataTable0
   \   000001C6   0x6C00             LDR      R0,[R0, #+64]
   \   000001C8   0x....             LDR.N    R1,??DataTable0
   \   000001CA   0x6448             STR      R0,[R1, #+68]
     72            
     73            
     74            ctl.S3010.out = ctl.S3010.result[0] + 750;
   \   000001CC   0x....             LDR.N    R0,??DataTable0
   \   000001CE   0x6B41             LDR      R1,[R0, #+52]
   \   000001D0   0x....             LDR.N    R0,??DataTable0_9  ;; 0x443b8000
   \   000001D2   0x.... 0x....      BL       __aeabi_fadd
   \   000001D6   0x....             LDR.N    R1,??DataTable0
   \   000001D8   0x63C8             STR      R0,[R1, #+60]
     75            if ( ctl.S3010.out > 839 )
   \   000001DA   0x....             LDR.N    R0,??DataTable0
   \   000001DC   0x6BC0             LDR      R0,[R0, #+60]
   \   000001DE   0x....             LDR.N    R1,??DataTable0_10  ;; 0x4451c001
   \   000001E0   0x.... 0x....      BL       __aeabi_cfrcmple
   \   000001E4   0xD802             BHI.N    ??S3010_CTL_12
     76            {
     77              ctl.S3010.out = 839;
   \   000001E6   0x....             LDR.N    R0,??DataTable0_11  ;; 0x4451c000
   \   000001E8   0x....             LDR.N    R1,??DataTable0
   \   000001EA   0x63C8             STR      R0,[R1, #+60]
     78            }
     79            if ( ctl.S3010.out < 661)
   \                     ??S3010_CTL_12: (+1)
   \   000001EC   0x....             LDR.N    R0,??DataTable0
   \   000001EE   0x6BC0             LDR      R0,[R0, #+60]
   \   000001F0   0x....             LDR.N    R1,??DataTable0_12  ;; 0x44254000
   \   000001F2   0x.... 0x....      BL       __aeabi_cfcmple
   \   000001F6   0xD202             BCS.N    ??S3010_CTL_13
     80            {
     81              ctl.S3010.out = 661;
   \   000001F8   0x....             LDR.N    R0,??DataTable0_12  ;; 0x44254000
   \   000001FA   0x....             LDR.N    R1,??DataTable0
   \   000001FC   0x63C8             STR      R0,[R1, #+60]
     82            }
     83            
     84            
     85            //最后控制结果的输出
     86            push(7,(ctl.S3010.out - 750 ));
   \                     ??S3010_CTL_13: (+1)
   \   000001FE   0x....             LDR.N    R0,??DataTable0
   \   00000200   0x6BC1             LDR      R1,[R0, #+60]
   \   00000202   0x....             LDR.N    R0,??DataTable0_13  ;; 0xc43b8000
   \   00000204   0x.... 0x....      BL       __aeabi_fadd
   \   00000208   0x.... 0x....      BL       __aeabi_f2iz
   \   0000020C   0x0001             MOVS     R1,R0
   \   0000020E   0xB289             UXTH     R1,R1            ;; ZeroExt  R1,R1,#+16,#+16
   \   00000210   0x2007             MOVS     R0,#+7
   \   00000212   0x.... 0x....      BL       `push`
     87          //  push(12,ctl.S3010.result[1]);
     88            
     89          }
   \   00000216   0xE8BD 0x8370      POP      {R4-R6,R8,R9,PC}  ;; return
     90          
     91          
     92          

   \                                 In section .text, align 2, keep-with-next
     93          int16 abs(float A)
     94          
     95          {
   \                     abs: (+1)
   \   00000000   0xB538             PUSH     {R3-R5,LR}
   \   00000002   0x0004             MOVS     R4,R0
     96            int16 B;
     97            if(A >= 0)
   \   00000004   0x0020             MOVS     R0,R4
   \   00000006   0x2100             MOVS     R1,#+0
   \   00000008   0x.... 0x....      BL       __aeabi_cfrcmple
   \   0000000C   0xD804             BHI.N    ??abs_0
     98              B = A;
   \   0000000E   0x0020             MOVS     R0,R4
   \   00000010   0x.... 0x....      BL       __aeabi_f2iz
   \   00000014   0x0005             MOVS     R5,R0
   \   00000016   0xE005             B.N      ??abs_1
     99            else
    100              B = -A;
   \                     ??abs_0: (+1)
   \   00000018   0x0020             MOVS     R0,R4
   \   0000001A   0xF090 0x4000      EORS     R0,R0,#0x80000000
   \   0000001E   0x.... 0x....      BL       __aeabi_f2iz
   \   00000022   0x0005             MOVS     R5,R0
    101            
    102            return B;
   \                     ??abs_1: (+1)
   \   00000024   0x0028             MOVS     R0,R5
   \   00000026   0xB200             SXTH     R0,R0            ;; SignExt  R0,R0,#+16,#+16
   \   00000028   0xBD32             POP      {R1,R4,R5,PC}    ;; return
    103          }

   \                                 In section .text, align 4, keep-with-next
   \                     ??DataTable0:
   \   00000000   0x........         DC32     ctl

   \                                 In section .text, align 4, keep-with-next
   \                     ??DataTable0_1:
   \   00000000   0x........         DC32     flag_bihuan

   \                                 In section .text, align 4, keep-with-next
   \                     ??DataTable0_2:
   \   00000000   0x........         DC32     line

   \                                 In section .text, align 4, keep-with-next
   \                     ??DataTable0_3:
   \   00000000   0x41A00001         DC32     0x41a00001

   \                                 In section .text, align 4, keep-with-next
   \                     ??DataTable0_4:
   \   00000000   0x41A00000         DC32     0x41a00000

   \                                 In section .text, align 4, keep-with-next
   \                     ??DataTable0_5:
   \   00000000   0xC1A00000         DC32     0xc1a00000

   \                                 In section .text, align 4, keep-with-next
   \                     ??DataTable0_6:
   \   00000000   0x3FE33333         DC32     0x3fe33333

   \                                 In section .text, align 4, keep-with-next
   \                     ??DataTable0_7:
   \   00000000   0x9999999A         DC32     0x9999999a

   \                                 In section .text, align 4, keep-with-next
   \                     ??DataTable0_8:
   \   00000000   0x3FC99999         DC32     0x3fc99999

   \                                 In section .text, align 4, keep-with-next
   \                     ??DataTable0_9:
   \   00000000   0x443B8000         DC32     0x443b8000

   \                                 In section .text, align 4, keep-with-next
   \                     ??DataTable0_10:
   \   00000000   0x4451C001         DC32     0x4451c001

   \                                 In section .text, align 4, keep-with-next
   \                     ??DataTable0_11:
   \   00000000   0x4451C000         DC32     0x4451c000

   \                                 In section .text, align 4, keep-with-next
   \                     ??DataTable0_12:
   \   00000000   0x44254000         DC32     0x44254000

   \                                 In section .text, align 4, keep-with-next
   \                     ??DataTable0_13:
   \   00000000   0xC43B8000         DC32     0xc43b8000

   Maximum stack usage in bytes:

   .cstack Function
   ------- --------
      24   S3010_CTL
        24   -> __aeabi_d2f
        24   -> __aeabi_dadd
        24   -> __aeabi_dmul
        24   -> __aeabi_f2d
        24   -> __aeabi_f2iz
        24   -> __aeabi_fadd
        24   -> __aeabi_fmul
        24   -> __aeabi_fsub
        24   -> __aeabi_i2f
        24   -> push
        24 __aeabi_cfcmple
        24 __aeabi_cfrcmple
      16   abs
        16   -> __aeabi_f2iz
        16 __aeabi_cfrcmple


   Section sizes:

   Bytes  Function/Label
   -----  --------------
       4  ??DataTable0
       4  ??DataTable0_1
       4  ??DataTable0_10
       4  ??DataTable0_11
       4  ??DataTable0_12
       4  ??DataTable0_13
       4  ??DataTable0_2
       4  ??DataTable0_3
       4  ??DataTable0_4
       4  ??DataTable0_5
       4  ??DataTable0_6
       4  ??DataTable0_7
       4  ??DataTable0_8
       4  ??DataTable0_9
     538  S3010_CTL
      42  abs

 
 636 bytes in section .text
 
 636 bytes of CODE memory

Errors: none
Warnings: 3
