###############################################################################
#
# IAR ANSI C/C++ Compiler V7.20.2.7424/W32 for ARM        13/Mar/2016  16:39:05
# Copyright 1999-2014 IAR Systems AB.
#
#    Cpu mode     =  thumb
#    Endian       =  little
#    Source file  =  
#        D:\LPLDV3.1\LPLD_OSKinetis_V3\project\freescale_cup3.0(LDC10)\app\ITAC\bz_led.c
#    Command line =  
#        "D:\LPLDV3.1\LPLD_OSKinetis_V3\project\freescale_cup3.0(LDC10)\app\ITAC\bz_led.c"
#        -D LPLD_K60 -D USE_K60DZ10 -lCN
#        "D:\LPLDV3.1\LPLD_OSKinetis_V3\project\freescale_cup3.0(LDC10)\iar\FLASH\List\"
#        -lB
#        "D:\LPLDV3.1\LPLD_OSKinetis_V3\project\freescale_cup3.0(LDC10)\iar\FLASH\List\"
#        -o
#        "D:\LPLDV3.1\LPLD_OSKinetis_V3\project\freescale_cup3.0(LDC10)\iar\FLASH\Obj\"
#        --no_cse --no_unroll --no_inline --no_code_motion --no_tbaa
#        --no_clustering --no_scheduling --debug --endian=little
#        --cpu=Cortex-M4 -e --fpu=None --dlib_config "C:\Program Files
#        (x86)\IAR Systems\Embedded Workbench
#        7.0\arm\INC\c\DLib_Config_Normal.h" -I
#        "D:\LPLDV3.1\LPLD_OSKinetis_V3\project\freescale_cup3.0(LDC10)\iar\..\app\"
#        -I
#        "D:\LPLDV3.1\LPLD_OSKinetis_V3\project\freescale_cup3.0(LDC10)\iar\..\app\MAIN\"
#        -I
#        "D:\LPLDV3.1\LPLD_OSKinetis_V3\project\freescale_cup3.0(LDC10)\iar\..\app\BSP\"
#        -I
#        "D:\LPLDV3.1\LPLD_OSKinetis_V3\project\freescale_cup3.0(LDC10)\iar\..\app\CTL\"
#        -I
#        "D:\LPLDV3.1\LPLD_OSKinetis_V3\project\freescale_cup3.0(LDC10)\iar\..\app\sensor\"
#        -I
#        "D:\LPLDV3.1\LPLD_OSKinetis_V3\project\freescale_cup3.0(LDC10)\iar\..\app\ITAC\"
#        -I
#        "D:\LPLDV3.1\LPLD_OSKinetis_V3\project\freescale_cup3.0(LDC10)\iar\..\..\..\lib\CPU\"
#        -I
#        "D:\LPLDV3.1\LPLD_OSKinetis_V3\project\freescale_cup3.0(LDC10)\iar\..\..\..\lib\common\"
#        -I
#        "D:\LPLDV3.1\LPLD_OSKinetis_V3\project\freescale_cup3.0(LDC10)\iar\..\..\..\lib\LPLD\"
#        -I
#        "D:\LPLDV3.1\LPLD_OSKinetis_V3\project\freescale_cup3.0(LDC10)\iar\..\..\..\lib\LPLD\HW\"
#        -I
#        "D:\LPLDV3.1\LPLD_OSKinetis_V3\project\freescale_cup3.0(LDC10)\iar\..\..\..\lib\LPLD\DEV\"
#        -I
#        "D:\LPLDV3.1\LPLD_OSKinetis_V3\project\freescale_cup3.0(LDC10)\iar\..\..\..\lib\LPLD\FUNC\"
#        -I
#        "D:\LPLDV3.1\LPLD_OSKinetis_V3\project\freescale_cup3.0(LDC10)\iar\..\..\..\lib\uCOS-II\Ports\"
#        -I
#        "D:\LPLDV3.1\LPLD_OSKinetis_V3\project\freescale_cup3.0(LDC10)\iar\..\..\..\lib\uCOS-II\Source\"
#        -I
#        "D:\LPLDV3.1\LPLD_OSKinetis_V3\project\freescale_cup3.0(LDC10)\iar\..\..\..\lib\FatFs\"
#        -I
#        "D:\LPLDV3.1\LPLD_OSKinetis_V3\project\freescale_cup3.0(LDC10)\iar\..\..\..\lib\FatFs\option\"
#        -I
#        "D:\LPLDV3.1\LPLD_OSKinetis_V3\project\freescale_cup3.0(LDC10)\iar\..\..\..\lib\USB\common\"
#        -I
#        "D:\LPLDV3.1\LPLD_OSKinetis_V3\project\freescale_cup3.0(LDC10)\iar\..\..\..\lib\USB\driver\"
#        -I
#        "D:\LPLDV3.1\LPLD_OSKinetis_V3\project\freescale_cup3.0(LDC10)\iar\..\..\..\lib\USB\descriptor\"
#        -I
#        "D:\LPLDV3.1\LPLD_OSKinetis_V3\project\freescale_cup3.0(LDC10)\iar\..\..\..\lib\USB\class\"
#        -On -I "C:\Program Files (x86)\IAR Systems\Embedded Workbench
#        7.0\arm\CMSIS\Include\" -D ARM_MATH_CM4
#    List file    =  
#        D:\LPLDV3.1\LPLD_OSKinetis_V3\project\freescale_cup3.0(LDC10)\iar\FLASH\List\bz_led.lst
#    Object file  =  
#        D:\LPLDV3.1\LPLD_OSKinetis_V3\project\freescale_cup3.0(LDC10)\iar\FLASH\Obj\bz_led.o
#
###############################################################################

D:\LPLDV3.1\LPLD_OSKinetis_V3\project\freescale_cup3.0(LDC10)\app\ITAC\bz_led.c
      1          #include "include.h"
      2          
      3          

   \                                 In section .data, align 1
      4          enum _bz_style bz_style = norm;
   \                     bz_style:
   \   00000000   0x03               DC8 3

   \                                 In section .bss, align 2
      5          uint16 bz_cnt = 0;
   \                     bz_cnt:
   \   00000000                      DS8 2
      6          

   \                                 In section .text, align 2, keep-with-next
      7          void bzled_init()
      8          {
   \                     bzled_init: (+1)
   \   00000000   0xB500             PUSH     {LR}
   \   00000002   0xB087             SUB      SP,SP,#+28
      9            GPIO_InitTypeDef bzled_inittype;
     10            
     11            bzled_inittype.GPIO_PTx = PTC; //led bz
   \   00000004   0x.... 0x....      LDR.W    R0,??DataTable7  ;; 0x400ff080
   \   00000008   0x9001             STR      R0,[SP, #+4]
     12            bzled_inittype.GPIO_Pins = GPIO_Pin6 | GPIO_Pin7;
   \   0000000A   0x20C0             MOVS     R0,#+192
   \   0000000C   0x9002             STR      R0,[SP, #+8]
     13            bzled_inittype.GPIO_Dir = DIR_OUTPUT;
   \   0000000E   0x2001             MOVS     R0,#+1
   \   00000010   0xF88D 0x0010      STRB     R0,[SP, #+16]
     14            bzled_inittype.GPIO_Output = OUTPUT_H;
   \   00000014   0x2001             MOVS     R0,#+1
   \   00000016   0xF88D 0x0011      STRB     R0,[SP, #+17]
     15            bzled_inittype.GPIO_PinControl = IRQC_DIS;
   \   0000001A   0x2000             MOVS     R0,#+0
   \   0000001C   0x9003             STR      R0,[SP, #+12]
     16            bzled_inittype.GPIO_Isr = NULL;
   \   0000001E   0x2000             MOVS     R0,#+0
   \   00000020   0x9005             STR      R0,[SP, #+20]
     17            
     18            LPLD_GPIO_Init(bzled_inittype);
   \   00000022   0xA901             ADD      R1,SP,#+4
   \   00000024   0xB084             SUB      SP,SP,#+16
   \   00000026   0x4668             MOV      R0,SP
   \   00000028   0x2214             MOVS     R2,#+20
   \   0000002A   0x.... 0x....      BL       __aeabi_memcpy4
   \   0000002E   0xBC0F             POP      {R0-R3}
   \   00000030   0x.... 0x....      BL       LPLD_GPIO_Init
     19          }
   \   00000034   0xB007             ADD      SP,SP,#+28
   \   00000036   0xBD00             POP      {PC}             ;; return
     20          

   \                                 In section .text, align 2, keep-with-next
     21          void bzled_work()
     22          {
   \                     bzled_work: (+1)
   \   00000000   0xB580             PUSH     {R7,LR}
     23            switch(bz_style)
   \   00000002   0x.... 0x....      LDR.W    R0,??DataTable7_1
   \   00000006   0x7800             LDRB     R0,[R0, #+0]
   \   00000008   0x2800             CMP      R0,#+0
   \   0000000A   0xD005             BEQ.N    ??bzled_work_0
   \   0000000C   0x2802             CMP      R0,#+2
   \   0000000E   0xD009             BEQ.N    ??bzled_work_1
   \   00000010   0xD305             BCC.N    ??bzled_work_2
   \   00000012   0x2803             CMP      R0,#+3
   \   00000014   0xD009             BEQ.N    ??bzled_work_3
   \   00000016   0xE00A             B.N      ??bzled_work_4
     24            {
     25              case(ready): bz_ready();break;
   \                     ??bzled_work_0: (+1)
   \   00000018   0x.... 0x....      BL       bz_ready
   \   0000001C   0xE007             B.N      ??bzled_work_4
     26              case(datarec): bz_datarec();break;
   \                     ??bzled_work_2: (+1)
   \   0000001E   0x.... 0x....      BL       bz_datarec
   \   00000022   0xE004             B.N      ??bzled_work_4
     27              case(warn):bz_warn(); break;
   \                     ??bzled_work_1: (+1)
   \   00000024   0x.... 0x....      BL       bz_warn
   \   00000028   0xE001             B.N      ??bzled_work_4
     28              case(norm):bz_norm(); break;
   \                     ??bzled_work_3: (+1)
   \   0000002A   0x.... 0x....      BL       bz_norm
     29            }
     30          }
   \                     ??bzled_work_4: (+1)
   \   0000002E   0xBD01             POP      {R0,PC}          ;; return
     31          

   \                                 In section .text, align 2, keep-with-next
     32          void bz_ready()
     33          {
   \                     bz_ready: (+1)
   \   00000000   0xB580             PUSH     {R7,LR}
     34            if ( bz_cnt < 100  )
   \   00000002   0x.... 0x....      LDR.W    R0,??DataTable7_2
   \   00000006   0x8800             LDRH     R0,[R0, #+0]
   \   00000008   0x2864             CMP      R0,#+100
   \   0000000A   0xDA0C             BGE.N    ??bz_ready_0
     35            {
     36              BZ_ON;
   \   0000000C   0x2200             MOVS     R2,#+0
   \   0000000E   0x2107             MOVS     R1,#+7
   \   00000010   0x.... 0x....      LDR.W    R0,??DataTable7  ;; 0x400ff080
   \   00000014   0x.... 0x....      BL       LPLD_GPIO_Output_b
     37              LED_ON;
   \   00000018   0x2200             MOVS     R2,#+0
   \   0000001A   0x2106             MOVS     R1,#+6
   \   0000001C   0x.... 0x....      LDR.W    R0,??DataTable7  ;; 0x400ff080
   \   00000020   0x.... 0x....      BL       LPLD_GPIO_Output_b
   \   00000024   0xE076             B.N      ??bz_ready_1
     38            }
     39            else if ( bz_cnt <= 200 )
   \                     ??bz_ready_0: (+1)
   \   00000026   0x.... 0x....      LDR.W    R0,??DataTable7_2
   \   0000002A   0x8800             LDRH     R0,[R0, #+0]
   \   0000002C   0x28C9             CMP      R0,#+201
   \   0000002E   0xDA0C             BGE.N    ??bz_ready_2
     40            {
     41              BZ_OFF;
   \   00000030   0x2201             MOVS     R2,#+1
   \   00000032   0x2107             MOVS     R1,#+7
   \   00000034   0x.... 0x....      LDR.W    R0,??DataTable7  ;; 0x400ff080
   \   00000038   0x.... 0x....      BL       LPLD_GPIO_Output_b
     42              LED_OFF;
   \   0000003C   0x2201             MOVS     R2,#+1
   \   0000003E   0x2106             MOVS     R1,#+6
   \   00000040   0x.... 0x....      LDR.W    R0,??DataTable7  ;; 0x400ff080
   \   00000044   0x.... 0x....      BL       LPLD_GPIO_Output_b
   \   00000048   0xE064             B.N      ??bz_ready_1
     43            }
     44            else if ( bz_cnt <= 300 )
   \                     ??bz_ready_2: (+1)
   \   0000004A   0x.... 0x....      LDR.W    R0,??DataTable7_2
   \   0000004E   0x8800             LDRH     R0,[R0, #+0]
   \   00000050   0xF5B0 0x7F96      CMP      R0,#+300
   \   00000054   0xDC0C             BGT.N    ??bz_ready_3
     45            {
     46              BZ_ON;
   \   00000056   0x2200             MOVS     R2,#+0
   \   00000058   0x2107             MOVS     R1,#+7
   \   0000005A   0x.... 0x....      LDR.W    R0,??DataTable7  ;; 0x400ff080
   \   0000005E   0x.... 0x....      BL       LPLD_GPIO_Output_b
     47              LED_ON;
   \   00000062   0x2200             MOVS     R2,#+0
   \   00000064   0x2106             MOVS     R1,#+6
   \   00000066   0x.... 0x....      LDR.W    R0,??DataTable7  ;; 0x400ff080
   \   0000006A   0x.... 0x....      BL       LPLD_GPIO_Output_b
   \   0000006E   0xE051             B.N      ??bz_ready_1
     48            } 
     49            else if ( bz_cnt <= 400 )
   \                     ??bz_ready_3: (+1)
   \   00000070   0x.... 0x....      LDR.W    R0,??DataTable7_2
   \   00000074   0x8800             LDRH     R0,[R0, #+0]
   \   00000076   0xF5B0 0x7FC8      CMP      R0,#+400
   \   0000007A   0xDC0C             BGT.N    ??bz_ready_4
     50            {
     51              BZ_OFF;
   \   0000007C   0x2201             MOVS     R2,#+1
   \   0000007E   0x2107             MOVS     R1,#+7
   \   00000080   0x.... 0x....      LDR.W    R0,??DataTable7  ;; 0x400ff080
   \   00000084   0x.... 0x....      BL       LPLD_GPIO_Output_b
     52              LED_OFF;
   \   00000088   0x2201             MOVS     R2,#+1
   \   0000008A   0x2106             MOVS     R1,#+6
   \   0000008C   0x.... 0x....      LDR.W    R0,??DataTable7  ;; 0x400ff080
   \   00000090   0x.... 0x....      BL       LPLD_GPIO_Output_b
   \   00000094   0xE03E             B.N      ??bz_ready_1
     53            }  
     54            else if ( bz_cnt <= 500 )
   \                     ??bz_ready_4: (+1)
   \   00000096   0x.... 0x....      LDR.W    R0,??DataTable7_2
   \   0000009A   0x8800             LDRH     R0,[R0, #+0]
   \   0000009C   0xF5B0 0x7FFA      CMP      R0,#+500
   \   000000A0   0xDC0A             BGT.N    ??bz_ready_5
     55            {
     56              BZ_ON;
   \   000000A2   0x2200             MOVS     R2,#+0
   \   000000A4   0x2107             MOVS     R1,#+7
   \   000000A6   0x....             LDR.N    R0,??DataTable7  ;; 0x400ff080
   \   000000A8   0x.... 0x....      BL       LPLD_GPIO_Output_b
     57              LED_ON;
   \   000000AC   0x2200             MOVS     R2,#+0
   \   000000AE   0x2106             MOVS     R1,#+6
   \   000000B0   0x....             LDR.N    R0,??DataTable7  ;; 0x400ff080
   \   000000B2   0x.... 0x....      BL       LPLD_GPIO_Output_b
   \   000000B6   0xE02D             B.N      ??bz_ready_1
     58            } 
     59            else if ( bz_cnt <= 1000 )
   \                     ??bz_ready_5: (+1)
   \   000000B8   0x....             LDR.N    R0,??DataTable7_2
   \   000000BA   0x8800             LDRH     R0,[R0, #+0]
   \   000000BC   0xF5B0 0x7F7A      CMP      R0,#+1000
   \   000000C0   0xDC0A             BGT.N    ??bz_ready_6
     60            {
     61              BZ_OFF;
   \   000000C2   0x2201             MOVS     R2,#+1
   \   000000C4   0x2107             MOVS     R1,#+7
   \   000000C6   0x....             LDR.N    R0,??DataTable7  ;; 0x400ff080
   \   000000C8   0x.... 0x....      BL       LPLD_GPIO_Output_b
     62              LED_OFF;
   \   000000CC   0x2201             MOVS     R2,#+1
   \   000000CE   0x2106             MOVS     R1,#+6
   \   000000D0   0x....             LDR.N    R0,??DataTable7  ;; 0x400ff080
   \   000000D2   0x.... 0x....      BL       LPLD_GPIO_Output_b
   \   000000D6   0xE01D             B.N      ??bz_ready_1
     63            } 
     64            else if ( bz_cnt <= 1500 )
   \                     ??bz_ready_6: (+1)
   \   000000D8   0x....             LDR.N    R0,??DataTable7_2
   \   000000DA   0x8800             LDRH     R0,[R0, #+0]
   \   000000DC   0xF240 0x51DD      MOVW     R1,#+1501
   \   000000E0   0x4288             CMP      R0,R1
   \   000000E2   0xDA0A             BGE.N    ??bz_ready_7
     65            {
     66              BZ_ON;
   \   000000E4   0x2200             MOVS     R2,#+0
   \   000000E6   0x2107             MOVS     R1,#+7
   \   000000E8   0x....             LDR.N    R0,??DataTable7  ;; 0x400ff080
   \   000000EA   0x.... 0x....      BL       LPLD_GPIO_Output_b
     67              LED_ON;
   \   000000EE   0x2200             MOVS     R2,#+0
   \   000000F0   0x2106             MOVS     R1,#+6
   \   000000F2   0x....             LDR.N    R0,??DataTable7  ;; 0x400ff080
   \   000000F4   0x.... 0x....      BL       LPLD_GPIO_Output_b
   \   000000F8   0xE00C             B.N      ??bz_ready_1
     68            } 
     69            else 
     70            {
     71              BZ_OFF;
   \                     ??bz_ready_7: (+1)
   \   000000FA   0x2201             MOVS     R2,#+1
   \   000000FC   0x2107             MOVS     R1,#+7
   \   000000FE   0x....             LDR.N    R0,??DataTable7  ;; 0x400ff080
   \   00000100   0x.... 0x....      BL       LPLD_GPIO_Output_b
     72              LED_OFF;
   \   00000104   0x2201             MOVS     R2,#+1
   \   00000106   0x2106             MOVS     R1,#+6
   \   00000108   0x....             LDR.N    R0,??DataTable7  ;; 0x400ff080
   \   0000010A   0x.... 0x....      BL       LPLD_GPIO_Output_b
     73              bz_style = norm;
   \   0000010E   0x2003             MOVS     R0,#+3
   \   00000110   0x....             LDR.N    R1,??DataTable7_1
   \   00000112   0x7008             STRB     R0,[R1, #+0]
     74            } 
     75            
     76          }
   \                     ??bz_ready_1: (+1)
   \   00000114   0xBD01             POP      {R0,PC}          ;; return
     77          

   \                                 In section .text, align 2, keep-with-next
     78          void bz_datarec()
     79          {
   \                     bz_datarec: (+1)
   \   00000000   0xB580             PUSH     {R7,LR}
     80            if ( bz_cnt < 50  )
   \   00000002   0x....             LDR.N    R0,??DataTable7_2
   \   00000004   0x8800             LDRH     R0,[R0, #+0]
   \   00000006   0x2832             CMP      R0,#+50
   \   00000008   0xDA0A             BGE.N    ??bz_datarec_0
     81            {
     82              BZ_ON;
   \   0000000A   0x2200             MOVS     R2,#+0
   \   0000000C   0x2107             MOVS     R1,#+7
   \   0000000E   0x....             LDR.N    R0,??DataTable7  ;; 0x400ff080
   \   00000010   0x.... 0x....      BL       LPLD_GPIO_Output_b
     83              LED_ON;
   \   00000014   0x2200             MOVS     R2,#+0
   \   00000016   0x2106             MOVS     R1,#+6
   \   00000018   0x....             LDR.N    R0,??DataTable7  ;; 0x400ff080
   \   0000001A   0x.... 0x....      BL       LPLD_GPIO_Output_b
   \   0000001E   0xE048             B.N      ??bz_datarec_1
     84            }
     85            else if ( bz_cnt <= 100 )
   \                     ??bz_datarec_0: (+1)
   \   00000020   0x....             LDR.N    R0,??DataTable7_2
   \   00000022   0x8800             LDRH     R0,[R0, #+0]
   \   00000024   0x2865             CMP      R0,#+101
   \   00000026   0xDA0A             BGE.N    ??bz_datarec_2
     86            {
     87              BZ_OFF;
   \   00000028   0x2201             MOVS     R2,#+1
   \   0000002A   0x2107             MOVS     R1,#+7
   \   0000002C   0x....             LDR.N    R0,??DataTable7  ;; 0x400ff080
   \   0000002E   0x.... 0x....      BL       LPLD_GPIO_Output_b
     88              LED_OFF;
   \   00000032   0x2201             MOVS     R2,#+1
   \   00000034   0x2106             MOVS     R1,#+6
   \   00000036   0x....             LDR.N    R0,??DataTable7  ;; 0x400ff080
   \   00000038   0x.... 0x....      BL       LPLD_GPIO_Output_b
   \   0000003C   0xE039             B.N      ??bz_datarec_1
     89            }
     90            else if ( bz_cnt < 150  )
   \                     ??bz_datarec_2: (+1)
   \   0000003E   0x....             LDR.N    R0,??DataTable7_2
   \   00000040   0x8800             LDRH     R0,[R0, #+0]
   \   00000042   0x2896             CMP      R0,#+150
   \   00000044   0xDA0A             BGE.N    ??bz_datarec_3
     91            {
     92              BZ_ON;
   \   00000046   0x2200             MOVS     R2,#+0
   \   00000048   0x2107             MOVS     R1,#+7
   \   0000004A   0x....             LDR.N    R0,??DataTable7  ;; 0x400ff080
   \   0000004C   0x.... 0x....      BL       LPLD_GPIO_Output_b
     93              LED_ON;
   \   00000050   0x2200             MOVS     R2,#+0
   \   00000052   0x2106             MOVS     R1,#+6
   \   00000054   0x....             LDR.N    R0,??DataTable7  ;; 0x400ff080
   \   00000056   0x.... 0x....      BL       LPLD_GPIO_Output_b
   \   0000005A   0xE02A             B.N      ??bz_datarec_1
     94            }
     95            else if ( bz_cnt <= 200 )
   \                     ??bz_datarec_3: (+1)
   \   0000005C   0x....             LDR.N    R0,??DataTable7_2
   \   0000005E   0x8800             LDRH     R0,[R0, #+0]
   \   00000060   0x28C9             CMP      R0,#+201
   \   00000062   0xDA0A             BGE.N    ??bz_datarec_4
     96            {
     97              BZ_OFF;
   \   00000064   0x2201             MOVS     R2,#+1
   \   00000066   0x2107             MOVS     R1,#+7
   \   00000068   0x....             LDR.N    R0,??DataTable7  ;; 0x400ff080
   \   0000006A   0x.... 0x....      BL       LPLD_GPIO_Output_b
     98              LED_OFF;
   \   0000006E   0x2201             MOVS     R2,#+1
   \   00000070   0x2106             MOVS     R1,#+6
   \   00000072   0x....             LDR.N    R0,??DataTable7  ;; 0x400ff080
   \   00000074   0x.... 0x....      BL       LPLD_GPIO_Output_b
   \   00000078   0xE01B             B.N      ??bz_datarec_1
     99            }
    100            else if ( bz_cnt < 250  )
   \                     ??bz_datarec_4: (+1)
   \   0000007A   0x....             LDR.N    R0,??DataTable7_2
   \   0000007C   0x8800             LDRH     R0,[R0, #+0]
   \   0000007E   0x28FA             CMP      R0,#+250
   \   00000080   0xDA0A             BGE.N    ??bz_datarec_5
    101            {
    102              BZ_ON;
   \   00000082   0x2200             MOVS     R2,#+0
   \   00000084   0x2107             MOVS     R1,#+7
   \   00000086   0x....             LDR.N    R0,??DataTable7  ;; 0x400ff080
   \   00000088   0x.... 0x....      BL       LPLD_GPIO_Output_b
    103              LED_ON;
   \   0000008C   0x2200             MOVS     R2,#+0
   \   0000008E   0x2106             MOVS     R1,#+6
   \   00000090   0x....             LDR.N    R0,??DataTable7  ;; 0x400ff080
   \   00000092   0x.... 0x....      BL       LPLD_GPIO_Output_b
   \   00000096   0xE00C             B.N      ??bz_datarec_1
    104            }
    105            else
    106            {
    107              BZ_OFF;
   \                     ??bz_datarec_5: (+1)
   \   00000098   0x2201             MOVS     R2,#+1
   \   0000009A   0x2107             MOVS     R1,#+7
   \   0000009C   0x....             LDR.N    R0,??DataTable7  ;; 0x400ff080
   \   0000009E   0x.... 0x....      BL       LPLD_GPIO_Output_b
    108              LED_OFF;
   \   000000A2   0x2201             MOVS     R2,#+1
   \   000000A4   0x2106             MOVS     R1,#+6
   \   000000A6   0x....             LDR.N    R0,??DataTable7  ;; 0x400ff080
   \   000000A8   0x.... 0x....      BL       LPLD_GPIO_Output_b
    109              bz_style = norm;
   \   000000AC   0x2003             MOVS     R0,#+3
   \   000000AE   0x....             LDR.N    R1,??DataTable7_1
   \   000000B0   0x7008             STRB     R0,[R1, #+0]
    110            }
    111            
    112          }
   \                     ??bz_datarec_1: (+1)
   \   000000B2   0xBD01             POP      {R0,PC}          ;; return
    113            

   \                                 In section .text, align 2, keep-with-next
    114          void bz_norm()
    115          {
   \                     bz_norm: (+1)
   \   00000000   0xB580             PUSH     {R7,LR}
    116            if ( bz_cnt < 100  )
   \   00000002   0x....             LDR.N    R0,??DataTable7_2
   \   00000004   0x8800             LDRH     R0,[R0, #+0]
   \   00000006   0x2864             CMP      R0,#+100
   \   00000008   0xDA0A             BGE.N    ??bz_norm_0
    117            {
    118              BZ_ON;
   \   0000000A   0x2200             MOVS     R2,#+0
   \   0000000C   0x2107             MOVS     R1,#+7
   \   0000000E   0x....             LDR.N    R0,??DataTable7  ;; 0x400ff080
   \   00000010   0x.... 0x....      BL       LPLD_GPIO_Output_b
    119              LED_ON;
   \   00000014   0x2200             MOVS     R2,#+0
   \   00000016   0x2106             MOVS     R1,#+6
   \   00000018   0x....             LDR.N    R0,??DataTable7  ;; 0x400ff080
   \   0000001A   0x.... 0x....      BL       LPLD_GPIO_Output_b
   \   0000001E   0xE013             B.N      ??bz_norm_1
    120            }
    121            else if ( bz_cnt <= 5000 )
   \                     ??bz_norm_0: (+1)
   \   00000020   0x....             LDR.N    R0,??DataTable7_2
   \   00000022   0x8800             LDRH     R0,[R0, #+0]
   \   00000024   0xF241 0x3189      MOVW     R1,#+5001
   \   00000028   0x4288             CMP      R0,R1
   \   0000002A   0xDA0A             BGE.N    ??bz_norm_2
    122            {
    123              BZ_OFF;
   \   0000002C   0x2201             MOVS     R2,#+1
   \   0000002E   0x2107             MOVS     R1,#+7
   \   00000030   0x....             LDR.N    R0,??DataTable7  ;; 0x400ff080
   \   00000032   0x.... 0x....      BL       LPLD_GPIO_Output_b
    124              LED_OFF;
   \   00000036   0x2201             MOVS     R2,#+1
   \   00000038   0x2106             MOVS     R1,#+6
   \   0000003A   0x....             LDR.N    R0,??DataTable7  ;; 0x400ff080
   \   0000003C   0x.... 0x....      BL       LPLD_GPIO_Output_b
   \   00000040   0xE002             B.N      ??bz_norm_1
    125              
    126            }
    127            else
    128            {
    129              bz_cnt = 0;
   \                     ??bz_norm_2: (+1)
   \   00000042   0x2000             MOVS     R0,#+0
   \   00000044   0x....             LDR.N    R1,??DataTable7_2
   \   00000046   0x8008             STRH     R0,[R1, #+0]
    130            }
    131          }
   \                     ??bz_norm_1: (+1)
   \   00000048   0xBD01             POP      {R0,PC}          ;; return
    132          

   \                                 In section .text, align 2, keep-with-next
    133          void bz_warn()
    134          {
   \                     bz_warn: (+1)
   \   00000000   0xB580             PUSH     {R7,LR}
    135            if ( bz_cnt < 500  )
   \   00000002   0x....             LDR.N    R0,??DataTable7_2
   \   00000004   0x8800             LDRH     R0,[R0, #+0]
   \   00000006   0xF5B0 0x7FFA      CMP      R0,#+500
   \   0000000A   0xDA0A             BGE.N    ??bz_warn_0
    136            {
    137              BZ_ON;
   \   0000000C   0x2200             MOVS     R2,#+0
   \   0000000E   0x2107             MOVS     R1,#+7
   \   00000010   0x....             LDR.N    R0,??DataTable7  ;; 0x400ff080
   \   00000012   0x.... 0x....      BL       LPLD_GPIO_Output_b
    138              LED_ON;
   \   00000016   0x2200             MOVS     R2,#+0
   \   00000018   0x2106             MOVS     R1,#+6
   \   0000001A   0x....             LDR.N    R0,??DataTable7  ;; 0x400ff080
   \   0000001C   0x.... 0x....      BL       LPLD_GPIO_Output_b
   \   00000020   0xE04E             B.N      ??bz_warn_1
    139            }
    140            else if ( bz_cnt <= 1000 )
   \                     ??bz_warn_0: (+1)
   \   00000022   0x....             LDR.N    R0,??DataTable7_2
   \   00000024   0x8800             LDRH     R0,[R0, #+0]
   \   00000026   0xF5B0 0x7F7A      CMP      R0,#+1000
   \   0000002A   0xDC0A             BGT.N    ??bz_warn_2
    141            {
    142              BZ_OFF;
   \   0000002C   0x2201             MOVS     R2,#+1
   \   0000002E   0x2107             MOVS     R1,#+7
   \   00000030   0x....             LDR.N    R0,??DataTable7  ;; 0x400ff080
   \   00000032   0x.... 0x....      BL       LPLD_GPIO_Output_b
    143              LED_OFF;
   \   00000036   0x2201             MOVS     R2,#+1
   \   00000038   0x2106             MOVS     R1,#+6
   \   0000003A   0x....             LDR.N    R0,??DataTable7  ;; 0x400ff080
   \   0000003C   0x.... 0x....      BL       LPLD_GPIO_Output_b
   \   00000040   0xE03E             B.N      ??bz_warn_1
    144            }
    145            else if ( bz_cnt < 1500  )
   \                     ??bz_warn_2: (+1)
   \   00000042   0x....             LDR.N    R0,??DataTable7_2
   \   00000044   0x8800             LDRH     R0,[R0, #+0]
   \   00000046   0xF240 0x51DC      MOVW     R1,#+1500
   \   0000004A   0x4288             CMP      R0,R1
   \   0000004C   0xDA0A             BGE.N    ??bz_warn_3
    146            {
    147              BZ_ON;
   \   0000004E   0x2200             MOVS     R2,#+0
   \   00000050   0x2107             MOVS     R1,#+7
   \   00000052   0x....             LDR.N    R0,??DataTable7  ;; 0x400ff080
   \   00000054   0x.... 0x....      BL       LPLD_GPIO_Output_b
    148              LED_ON;
   \   00000058   0x2200             MOVS     R2,#+0
   \   0000005A   0x2106             MOVS     R1,#+6
   \   0000005C   0x....             LDR.N    R0,??DataTable7  ;; 0x400ff080
   \   0000005E   0x.... 0x....      BL       LPLD_GPIO_Output_b
   \   00000062   0xE02D             B.N      ??bz_warn_1
    149            }
    150            else if ( bz_cnt <= 2000 )
   \                     ??bz_warn_3: (+1)
   \   00000064   0x....             LDR.N    R0,??DataTable7_2
   \   00000066   0x8800             LDRH     R0,[R0, #+0]
   \   00000068   0xF5B0 0x6FFA      CMP      R0,#+2000
   \   0000006C   0xDC0A             BGT.N    ??bz_warn_4
    151            {
    152              BZ_OFF;
   \   0000006E   0x2201             MOVS     R2,#+1
   \   00000070   0x2107             MOVS     R1,#+7
   \   00000072   0x....             LDR.N    R0,??DataTable7  ;; 0x400ff080
   \   00000074   0x.... 0x....      BL       LPLD_GPIO_Output_b
    153              LED_OFF;
   \   00000078   0x2201             MOVS     R2,#+1
   \   0000007A   0x2106             MOVS     R1,#+6
   \   0000007C   0x....             LDR.N    R0,??DataTable7  ;; 0x400ff080
   \   0000007E   0x.... 0x....      BL       LPLD_GPIO_Output_b
   \   00000082   0xE01D             B.N      ??bz_warn_1
    154            }
    155            else if ( bz_cnt < 2500  )
   \                     ??bz_warn_4: (+1)
   \   00000084   0x....             LDR.N    R0,??DataTable7_2
   \   00000086   0x8800             LDRH     R0,[R0, #+0]
   \   00000088   0xF640 0x11C4      MOVW     R1,#+2500
   \   0000008C   0x4288             CMP      R0,R1
   \   0000008E   0xDA0A             BGE.N    ??bz_warn_5
    156            {
    157              BZ_ON;
   \   00000090   0x2200             MOVS     R2,#+0
   \   00000092   0x2107             MOVS     R1,#+7
   \   00000094   0x....             LDR.N    R0,??DataTable7  ;; 0x400ff080
   \   00000096   0x.... 0x....      BL       LPLD_GPIO_Output_b
    158              LED_ON;
   \   0000009A   0x2200             MOVS     R2,#+0
   \   0000009C   0x2106             MOVS     R1,#+6
   \   0000009E   0x....             LDR.N    R0,??DataTable7  ;; 0x400ff080
   \   000000A0   0x.... 0x....      BL       LPLD_GPIO_Output_b
   \   000000A4   0xE00C             B.N      ??bz_warn_1
    159            }
    160            else 
    161            {
    162              BZ_OFF;
   \                     ??bz_warn_5: (+1)
   \   000000A6   0x2201             MOVS     R2,#+1
   \   000000A8   0x2107             MOVS     R1,#+7
   \   000000AA   0x....             LDR.N    R0,??DataTable7  ;; 0x400ff080
   \   000000AC   0x.... 0x....      BL       LPLD_GPIO_Output_b
    163              LED_OFF;
   \   000000B0   0x2201             MOVS     R2,#+1
   \   000000B2   0x2106             MOVS     R1,#+6
   \   000000B4   0x....             LDR.N    R0,??DataTable7  ;; 0x400ff080
   \   000000B6   0x.... 0x....      BL       LPLD_GPIO_Output_b
    164              bz_style = norm;
   \   000000BA   0x2003             MOVS     R0,#+3
   \   000000BC   0x....             LDR.N    R1,??DataTable7_1
   \   000000BE   0x7008             STRB     R0,[R1, #+0]
    165            }
    166          }
   \                     ??bz_warn_1: (+1)
   \   000000C0   0xBD01             POP      {R0,PC}          ;; return
    167          

   \                                 In section .text, align 2, keep-with-next
    168          void bz_fuzzyrec()
    169          {
   \                     bz_fuzzyrec: (+1)
   \   00000000   0xB580             PUSH     {R7,LR}
    170            if ( bz_cnt < 100  )
   \   00000002   0x....             LDR.N    R0,??DataTable7_2
   \   00000004   0x8800             LDRH     R0,[R0, #+0]
   \   00000006   0x2864             CMP      R0,#+100
   \   00000008   0xDA0A             BGE.N    ??bz_fuzzyrec_0
    171            {
    172              BZ_ON;
   \   0000000A   0x2200             MOVS     R2,#+0
   \   0000000C   0x2107             MOVS     R1,#+7
   \   0000000E   0x....             LDR.N    R0,??DataTable7  ;; 0x400ff080
   \   00000010   0x.... 0x....      BL       LPLD_GPIO_Output_b
    173              LED_ON;
   \   00000014   0x2200             MOVS     R2,#+0
   \   00000016   0x2106             MOVS     R1,#+6
   \   00000018   0x....             LDR.N    R0,??DataTable7  ;; 0x400ff080
   \   0000001A   0x.... 0x....      BL       LPLD_GPIO_Output_b
   \   0000001E   0xE04A             B.N      ??bz_fuzzyrec_1
    174            }
    175            else if ( bz_cnt <= 200 )
   \                     ??bz_fuzzyrec_0: (+1)
   \   00000020   0x....             LDR.N    R0,??DataTable7_2
   \   00000022   0x8800             LDRH     R0,[R0, #+0]
   \   00000024   0x28C9             CMP      R0,#+201
   \   00000026   0xDA0A             BGE.N    ??bz_fuzzyrec_2
    176            {
    177              BZ_OFF;
   \   00000028   0x2201             MOVS     R2,#+1
   \   0000002A   0x2107             MOVS     R1,#+7
   \   0000002C   0x....             LDR.N    R0,??DataTable7  ;; 0x400ff080
   \   0000002E   0x.... 0x....      BL       LPLD_GPIO_Output_b
    178              LED_OFF;
   \   00000032   0x2201             MOVS     R2,#+1
   \   00000034   0x2106             MOVS     R1,#+6
   \   00000036   0x....             LDR.N    R0,??DataTable7  ;; 0x400ff080
   \   00000038   0x.... 0x....      BL       LPLD_GPIO_Output_b
   \   0000003C   0xE03B             B.N      ??bz_fuzzyrec_1
    179            }
    180            else if ( bz_cnt < 250  )
   \                     ??bz_fuzzyrec_2: (+1)
   \   0000003E   0x....             LDR.N    R0,??DataTable7_2
   \   00000040   0x8800             LDRH     R0,[R0, #+0]
   \   00000042   0x28FA             CMP      R0,#+250
   \   00000044   0xDA0A             BGE.N    ??bz_fuzzyrec_3
    181            {
    182              BZ_ON;
   \   00000046   0x2200             MOVS     R2,#+0
   \   00000048   0x2107             MOVS     R1,#+7
   \   0000004A   0x....             LDR.N    R0,??DataTable7  ;; 0x400ff080
   \   0000004C   0x.... 0x....      BL       LPLD_GPIO_Output_b
    183              LED_ON;
   \   00000050   0x2200             MOVS     R2,#+0
   \   00000052   0x2106             MOVS     R1,#+6
   \   00000054   0x....             LDR.N    R0,??DataTable7  ;; 0x400ff080
   \   00000056   0x.... 0x....      BL       LPLD_GPIO_Output_b
   \   0000005A   0xE02C             B.N      ??bz_fuzzyrec_1
    184            }
    185            else if ( bz_cnt <= 300 )
   \                     ??bz_fuzzyrec_3: (+1)
   \   0000005C   0x....             LDR.N    R0,??DataTable7_2
   \   0000005E   0x8800             LDRH     R0,[R0, #+0]
   \   00000060   0xF5B0 0x7F96      CMP      R0,#+300
   \   00000064   0xDC0A             BGT.N    ??bz_fuzzyrec_4
    186            {
    187              BZ_OFF;
   \   00000066   0x2201             MOVS     R2,#+1
   \   00000068   0x2107             MOVS     R1,#+7
   \   0000006A   0x....             LDR.N    R0,??DataTable7  ;; 0x400ff080
   \   0000006C   0x.... 0x....      BL       LPLD_GPIO_Output_b
    188              LED_OFF;
   \   00000070   0x2201             MOVS     R2,#+1
   \   00000072   0x2106             MOVS     R1,#+6
   \   00000074   0x....             LDR.N    R0,??DataTable7  ;; 0x400ff080
   \   00000076   0x.... 0x....      BL       LPLD_GPIO_Output_b
   \   0000007A   0xE01C             B.N      ??bz_fuzzyrec_1
    189            }
    190            else if ( bz_cnt < 350  )
   \                     ??bz_fuzzyrec_4: (+1)
   \   0000007C   0x....             LDR.N    R0,??DataTable7_2
   \   0000007E   0x8800             LDRH     R0,[R0, #+0]
   \   00000080   0xF5B0 0x7FAF      CMP      R0,#+350
   \   00000084   0xDA0A             BGE.N    ??bz_fuzzyrec_5
    191            {
    192              BZ_ON;
   \   00000086   0x2200             MOVS     R2,#+0
   \   00000088   0x2107             MOVS     R1,#+7
   \   0000008A   0x....             LDR.N    R0,??DataTable7  ;; 0x400ff080
   \   0000008C   0x.... 0x....      BL       LPLD_GPIO_Output_b
    193              LED_ON;
   \   00000090   0x2200             MOVS     R2,#+0
   \   00000092   0x2106             MOVS     R1,#+6
   \   00000094   0x....             LDR.N    R0,??DataTable7  ;; 0x400ff080
   \   00000096   0x.... 0x....      BL       LPLD_GPIO_Output_b
   \   0000009A   0xE00C             B.N      ??bz_fuzzyrec_1
    194            }
    195            else
    196            {
    197              BZ_OFF;
   \                     ??bz_fuzzyrec_5: (+1)
   \   0000009C   0x2201             MOVS     R2,#+1
   \   0000009E   0x2107             MOVS     R1,#+7
   \   000000A0   0x....             LDR.N    R0,??DataTable7  ;; 0x400ff080
   \   000000A2   0x.... 0x....      BL       LPLD_GPIO_Output_b
    198              LED_OFF;
   \   000000A6   0x2201             MOVS     R2,#+1
   \   000000A8   0x2106             MOVS     R1,#+6
   \   000000AA   0x....             LDR.N    R0,??DataTable7  ;; 0x400ff080
   \   000000AC   0x.... 0x....      BL       LPLD_GPIO_Output_b
    199              bz_style = norm;
   \   000000B0   0x2003             MOVS     R0,#+3
   \   000000B2   0x....             LDR.N    R1,??DataTable7_1
   \   000000B4   0x7008             STRB     R0,[R1, #+0]
    200            }
    201            
    202          }
   \                     ??bz_fuzzyrec_1: (+1)
   \   000000B6   0xBD01             POP      {R0,PC}          ;; return
    203          

   \                                 In section .text, align 2, keep-with-next
    204          void bz_set(enum _bz_style bz)
    205          {
    206            bz_cnt = 0;
   \                     bz_set: (+1)
   \   00000000   0x2100             MOVS     R1,#+0
   \   00000002   0x....             LDR.N    R2,??DataTable7_2
   \   00000004   0x8011             STRH     R1,[R2, #+0]
    207            bz_style = bz; 
   \   00000006   0x....             LDR.N    R1,??DataTable7_1
   \   00000008   0x7008             STRB     R0,[R1, #+0]
    208          }
   \   0000000A   0x4770             BX       LR               ;; return

   \                                 In section .text, align 4, keep-with-next
   \                     ??DataTable7:
   \   00000000   0x400FF080         DC32     0x400ff080

   \                                 In section .text, align 4, keep-with-next
   \                     ??DataTable7_1:
   \   00000000   0x........         DC32     bz_style

   \                                 In section .text, align 4, keep-with-next
   \                     ??DataTable7_2:
   \   00000000   0x........         DC32     bz_cnt

   Maximum stack usage in bytes:

   .cstack Function
   ------- --------
       8   bz_datarec
         8   -> LPLD_GPIO_Output_b
       8   bz_fuzzyrec
         8   -> LPLD_GPIO_Output_b
       8   bz_norm
         8   -> LPLD_GPIO_Output_b
       8   bz_ready
         8   -> LPLD_GPIO_Output_b
       0   bz_set
       8   bz_warn
         8   -> LPLD_GPIO_Output_b
      48   bzled_init
        32   -> LPLD_GPIO_Init
        48   -> __aeabi_memcpy4
       8   bzled_work
         8   -> bz_datarec
         8   -> bz_norm
         8   -> bz_ready
         8   -> bz_warn


   Section sizes:

   Bytes  Function/Label
   -----  --------------
       4  ??DataTable7
       4  ??DataTable7_1
       4  ??DataTable7_2
       2  bz_cnt
     180  bz_datarec
     184  bz_fuzzyrec
      74  bz_norm
     278  bz_ready
      12  bz_set
       1  bz_style
     194  bz_warn
      56  bzled_init
      48  bzled_work

 
     2 bytes in section .bss
     1 byte  in section .data
 1 038 bytes in section .text
 
 1 038 bytes of CODE memory
     3 bytes of DATA memory

Errors: none
Warnings: none
