###############################################################################
#
# IAR ANSI C/C++ Compiler V7.20.2.7424/W32 for ARM        13/Mar/2016  16:39:07
# Copyright 1999-2014 IAR Systems AB.
#
#    Cpu mode     =  thumb
#    Endian       =  little
#    Source file  =  
#        D:\LPLDV3.1\LPLD_OSKinetis_V3\project\freescale_cup3.0(LDC10)\app\CTL\debug.c
#    Command line =  
#        "D:\LPLDV3.1\LPLD_OSKinetis_V3\project\freescale_cup3.0(LDC10)\app\CTL\debug.c"
#        -D LPLD_K60 -D USE_K60DZ10 -lCN
#        "D:\LPLDV3.1\LPLD_OSKinetis_V3\project\freescale_cup3.0(LDC10)\iar\FLASH\List\"
#        -lB
#        "D:\LPLDV3.1\LPLD_OSKinetis_V3\project\freescale_cup3.0(LDC10)\iar\FLASH\List\"
#        -o
#        "D:\LPLDV3.1\LPLD_OSKinetis_V3\project\freescale_cup3.0(LDC10)\iar\FLASH\Obj\"
#        --no_cse --no_unroll --no_inline --no_code_motion --no_tbaa
#        --no_clustering --no_scheduling --debug --endian=little
#        --cpu=Cortex-M4 -e --fpu=None --dlib_config "C:\Program Files
#        (x86)\IAR Systems\Embedded Workbench
#        7.0\arm\INC\c\DLib_Config_Normal.h" -I
#        "D:\LPLDV3.1\LPLD_OSKinetis_V3\project\freescale_cup3.0(LDC10)\iar\..\app\"
#        -I
#        "D:\LPLDV3.1\LPLD_OSKinetis_V3\project\freescale_cup3.0(LDC10)\iar\..\app\MAIN\"
#        -I
#        "D:\LPLDV3.1\LPLD_OSKinetis_V3\project\freescale_cup3.0(LDC10)\iar\..\app\BSP\"
#        -I
#        "D:\LPLDV3.1\LPLD_OSKinetis_V3\project\freescale_cup3.0(LDC10)\iar\..\app\CTL\"
#        -I
#        "D:\LPLDV3.1\LPLD_OSKinetis_V3\project\freescale_cup3.0(LDC10)\iar\..\app\sensor\"
#        -I
#        "D:\LPLDV3.1\LPLD_OSKinetis_V3\project\freescale_cup3.0(LDC10)\iar\..\app\ITAC\"
#        -I
#        "D:\LPLDV3.1\LPLD_OSKinetis_V3\project\freescale_cup3.0(LDC10)\iar\..\..\..\lib\CPU\"
#        -I
#        "D:\LPLDV3.1\LPLD_OSKinetis_V3\project\freescale_cup3.0(LDC10)\iar\..\..\..\lib\common\"
#        -I
#        "D:\LPLDV3.1\LPLD_OSKinetis_V3\project\freescale_cup3.0(LDC10)\iar\..\..\..\lib\LPLD\"
#        -I
#        "D:\LPLDV3.1\LPLD_OSKinetis_V3\project\freescale_cup3.0(LDC10)\iar\..\..\..\lib\LPLD\HW\"
#        -I
#        "D:\LPLDV3.1\LPLD_OSKinetis_V3\project\freescale_cup3.0(LDC10)\iar\..\..\..\lib\LPLD\DEV\"
#        -I
#        "D:\LPLDV3.1\LPLD_OSKinetis_V3\project\freescale_cup3.0(LDC10)\iar\..\..\..\lib\LPLD\FUNC\"
#        -I
#        "D:\LPLDV3.1\LPLD_OSKinetis_V3\project\freescale_cup3.0(LDC10)\iar\..\..\..\lib\uCOS-II\Ports\"
#        -I
#        "D:\LPLDV3.1\LPLD_OSKinetis_V3\project\freescale_cup3.0(LDC10)\iar\..\..\..\lib\uCOS-II\Source\"
#        -I
#        "D:\LPLDV3.1\LPLD_OSKinetis_V3\project\freescale_cup3.0(LDC10)\iar\..\..\..\lib\FatFs\"
#        -I
#        "D:\LPLDV3.1\LPLD_OSKinetis_V3\project\freescale_cup3.0(LDC10)\iar\..\..\..\lib\FatFs\option\"
#        -I
#        "D:\LPLDV3.1\LPLD_OSKinetis_V3\project\freescale_cup3.0(LDC10)\iar\..\..\..\lib\USB\common\"
#        -I
#        "D:\LPLDV3.1\LPLD_OSKinetis_V3\project\freescale_cup3.0(LDC10)\iar\..\..\..\lib\USB\driver\"
#        -I
#        "D:\LPLDV3.1\LPLD_OSKinetis_V3\project\freescale_cup3.0(LDC10)\iar\..\..\..\lib\USB\descriptor\"
#        -I
#        "D:\LPLDV3.1\LPLD_OSKinetis_V3\project\freescale_cup3.0(LDC10)\iar\..\..\..\lib\USB\class\"
#        -On -I "C:\Program Files (x86)\IAR Systems\Embedded Workbench
#        7.0\arm\CMSIS\Include\" -D ARM_MATH_CM4
#    List file    =  
#        D:\LPLDV3.1\LPLD_OSKinetis_V3\project\freescale_cup3.0(LDC10)\iar\FLASH\List\debug.lst
#    Object file  =  
#        D:\LPLDV3.1\LPLD_OSKinetis_V3\project\freescale_cup3.0(LDC10)\iar\FLASH\Obj\debug.o
#
###############################################################################

D:\LPLDV3.1\LPLD_OSKinetis_V3\project\freescale_cup3.0(LDC10)\app\CTL\debug.c
      1          //辅助调试代码
      2          #include "include.h"
      3          

   \                                 In section .data, align 1
      4          uint8 dec_sec = 1; //定时跑的时间
   \                     dec_sec:
   \   00000000   0x01               DC8 1
      5          

   \                                 In section .bss, align 4
      6          PIT_InitTypeDef debugpit_init_struct;
   \                     debugpit_init_struct:
   \   00000000                      DS8 20
      7          
      8          //定时时间到，停车

   \                                 In section .text, align 2, keep-with-next
      9          void debug_end()
     10          {
   \                     debug_end: (+1)
   \   00000000   0xB580             PUSH     {R7,LR}
     11            flag_stop = 1;
   \   00000002   0x2001             MOVS     R0,#+1
   \   00000004   0x....             LDR.N    R1,??DataTable2
   \   00000006   0x7008             STRB     R0,[R1, #+0]
     12            LPLD_PIT_Deinit( debugpit_init_struct );
   \   00000008   0x....             LDR.N    R1,??DataTable2_1
   \   0000000A   0xB084             SUB      SP,SP,#+16
   \   0000000C   0x4668             MOV      R0,SP
   \   0000000E   0x2214             MOVS     R2,#+20
   \   00000010   0x.... 0x....      BL       __aeabi_memcpy4
   \   00000014   0xBC0F             POP      {R0-R3}
   \   00000016   0x.... 0x....      BL       LPLD_PIT_Deinit
     13          }
   \   0000001A   0xBD01             POP      {R0,PC}          ;; return
     14          
     15          //设定定时时间

   \                                 In section .text, align 2, keep-with-next
     16          void timer_debug()
     17          {
   \                     timer_debug: (+1)
   \   00000000   0xB580             PUSH     {R7,LR}
     18            debugpit_init_struct.PIT_Pitx = PIT3;
   \   00000002   0x2003             MOVS     R0,#+3
   \   00000004   0x....             LDR.N    R1,??DataTable2_1
   \   00000006   0x7008             STRB     R0,[R1, #+0]
     19            debugpit_init_struct.PIT_PeriodS = dec_sec;
   \   00000008   0x....             LDR.N    R0,??DataTable2_2
   \   0000000A   0x7800             LDRB     R0,[R0, #+0]
   \   0000000C   0x....             LDR.N    R1,??DataTable2_1
   \   0000000E   0x60C8             STR      R0,[R1, #+12]
     20            debugpit_init_struct.PIT_PeriodMs = 0;
   \   00000010   0x2000             MOVS     R0,#+0
   \   00000012   0x....             LDR.N    R1,??DataTable2_1
   \   00000014   0x6088             STR      R0,[R1, #+8]
     21            debugpit_init_struct.PIT_PeriodUs = 0;     
   \   00000016   0x2000             MOVS     R0,#+0
   \   00000018   0x....             LDR.N    R1,??DataTable2_1
   \   0000001A   0x6048             STR      R0,[R1, #+4]
     22            debugpit_init_struct.PIT_Isr = debug_end;  
   \   0000001C   0x....             LDR.N    R0,??DataTable2_3
   \   0000001E   0x....             LDR.N    R1,??DataTable2_1
   \   00000020   0x6108             STR      R0,[R1, #+16]
     23           
     24            LPLD_PIT_Init(debugpit_init_struct);  //初始化PIT0
   \   00000022   0x....             LDR.N    R1,??DataTable2_1
   \   00000024   0xB084             SUB      SP,SP,#+16
   \   00000026   0x4668             MOV      R0,SP
   \   00000028   0x2214             MOVS     R2,#+20
   \   0000002A   0x.... 0x....      BL       __aeabi_memcpy4
   \   0000002E   0xBC0F             POP      {R0-R3}
   \   00000030   0x.... 0x....      BL       LPLD_PIT_Init
     25            
     26            LPLD_PIT_EnableIrq(debugpit_init_struct);
   \   00000034   0x....             LDR.N    R1,??DataTable2_1
   \   00000036   0xB084             SUB      SP,SP,#+16
   \   00000038   0x4668             MOV      R0,SP
   \   0000003A   0x2214             MOVS     R2,#+20
   \   0000003C   0x.... 0x....      BL       __aeabi_memcpy4
   \   00000040   0xBC0F             POP      {R0-R3}
   \   00000042   0x.... 0x....      BL       LPLD_PIT_EnableIrq
     27          
     28            flag_stop = 0;
   \   00000046   0x2000             MOVS     R0,#+0
   \   00000048   0x....             LDR.N    R1,??DataTable2
   \   0000004A   0x7008             STRB     R0,[R1, #+0]
     29          }
   \   0000004C   0xBD01             POP      {R0,PC}          ;; return
     30          
     31          //安全程序， 保证车辆安全
     32          

   \                                 In section .data, align 1
     33          uint8 flag_stop = 1; //急停标志位
   \                     flag_stop:
   \   00000000   0x01               DC8 1
     34          

   \                                 In section .text, align 2, keep-with-next
     35          void safty_check() //安全检查
     36          {
   \                     safty_check: (+1)
   \   00000000   0xB580             PUSH     {R7,LR}
     37            if ( flag_stop == 1 )
   \   00000002   0x....             LDR.N    R0,??DataTable2
   \   00000004   0x7800             LDRB     R0,[R0, #+0]
   \   00000006   0x2801             CMP      R0,#+1
   \   00000008   0xD10F             BNE.N    ??safty_check_0
     38            {
     39              LPLD_FTM_PWM_ChangeDuty(FTM0, FTM_Ch0, 0);
   \   0000000A   0x2200             MOVS     R2,#+0
   \   0000000C   0x2100             MOVS     R1,#+0
   \   0000000E   0x....             LDR.N    R0,??DataTable2_4  ;; 0x40038000
   \   00000010   0x.... 0x....      BL       LPLD_FTM_PWM_ChangeDuty
     40              LPLD_FTM_PWM_ChangeDuty(FTM0, FTM_Ch1, 0);
   \   00000014   0x2200             MOVS     R2,#+0
   \   00000016   0x2101             MOVS     R1,#+1
   \   00000018   0x....             LDR.N    R0,??DataTable2_4  ;; 0x40038000
   \   0000001A   0x.... 0x....      BL       LPLD_FTM_PWM_ChangeDuty
     41             
     42              LPLD_FTM_PWM_ChangeDuty(FTM1, FTM_Ch0, 1543 );
   \   0000001E   0xF240 0x6207      MOVW     R2,#+1543
   \   00000022   0x2100             MOVS     R1,#+0
   \   00000024   0x....             LDR.N    R0,??DataTable2_5  ;; 0x40039000
   \   00000026   0x.... 0x....      BL       LPLD_FTM_PWM_ChangeDuty
     43            }
     44          }
   \                     ??safty_check_0: (+1)
   \   0000002A   0xBD01             POP      {R0,PC}          ;; return

   \                                 In section .text, align 4, keep-with-next
   \                     ??DataTable2:
   \   00000000   0x........         DC32     flag_stop

   \                                 In section .text, align 4, keep-with-next
   \                     ??DataTable2_1:
   \   00000000   0x........         DC32     debugpit_init_struct

   \                                 In section .text, align 4, keep-with-next
   \                     ??DataTable2_2:
   \   00000000   0x........         DC32     dec_sec

   \                                 In section .text, align 4, keep-with-next
   \                     ??DataTable2_3:
   \   00000000   0x........         DC32     debug_end

   \                                 In section .text, align 4, keep-with-next
   \                     ??DataTable2_4:
   \   00000000   0x40038000         DC32     0x40038000

   \                                 In section .text, align 4, keep-with-next
   \                     ??DataTable2_5:
   \   00000000   0x40039000         DC32     0x40039000

   Maximum stack usage in bytes:

   .cstack Function
   ------- --------
      24   debug_end
         8   -> LPLD_PIT_Deinit
        24   -> __aeabi_memcpy4
       8   safty_check
         8   -> LPLD_FTM_PWM_ChangeDuty
      24   timer_debug
         8   -> LPLD_PIT_EnableIrq
         8   -> LPLD_PIT_Init
        24   -> __aeabi_memcpy4


   Section sizes:

   Bytes  Function/Label
   -----  --------------
       4  ??DataTable2
       4  ??DataTable2_1
       4  ??DataTable2_2
       4  ??DataTable2_3
       4  ??DataTable2_4
       4  ??DataTable2_5
      28  debug_end
      20  debugpit_init_struct
       1  dec_sec
       1  flag_stop
      44  safty_check
      78  timer_debug

 
  20 bytes in section .bss
   2 bytes in section .data
 174 bytes in section .text
 
 174 bytes of CODE memory
  22 bytes of DATA memory

Errors: none
Warnings: none
