###############################################################################
#
# IAR ANSI C/C++ Compiler V7.20.2.7424/W32 for ARM        13/Mar/2016  16:39:10
# Copyright 1999-2014 IAR Systems AB.
#
#    Cpu mode     =  thumb
#    Endian       =  little
#    Source file  =  
#        D:\LPLDV3.1\LPLD_OSKinetis_V3\project\freescale_cup3.0(LDC10)\app\CTL\dirctl.c
#    Command line =  
#        "D:\LPLDV3.1\LPLD_OSKinetis_V3\project\freescale_cup3.0(LDC10)\app\CTL\dirctl.c"
#        -D LPLD_K60 -D USE_K60DZ10 -lCN
#        "D:\LPLDV3.1\LPLD_OSKinetis_V3\project\freescale_cup3.0(LDC10)\iar\FLASH\List\"
#        -lB
#        "D:\LPLDV3.1\LPLD_OSKinetis_V3\project\freescale_cup3.0(LDC10)\iar\FLASH\List\"
#        -o
#        "D:\LPLDV3.1\LPLD_OSKinetis_V3\project\freescale_cup3.0(LDC10)\iar\FLASH\Obj\"
#        --no_cse --no_unroll --no_inline --no_code_motion --no_tbaa
#        --no_clustering --no_scheduling --debug --endian=little
#        --cpu=Cortex-M4 -e --fpu=None --dlib_config "C:\Program Files
#        (x86)\IAR Systems\Embedded Workbench
#        7.0\arm\INC\c\DLib_Config_Normal.h" -I
#        "D:\LPLDV3.1\LPLD_OSKinetis_V3\project\freescale_cup3.0(LDC10)\iar\..\app\"
#        -I
#        "D:\LPLDV3.1\LPLD_OSKinetis_V3\project\freescale_cup3.0(LDC10)\iar\..\app\MAIN\"
#        -I
#        "D:\LPLDV3.1\LPLD_OSKinetis_V3\project\freescale_cup3.0(LDC10)\iar\..\app\BSP\"
#        -I
#        "D:\LPLDV3.1\LPLD_OSKinetis_V3\project\freescale_cup3.0(LDC10)\iar\..\app\CTL\"
#        -I
#        "D:\LPLDV3.1\LPLD_OSKinetis_V3\project\freescale_cup3.0(LDC10)\iar\..\app\sensor\"
#        -I
#        "D:\LPLDV3.1\LPLD_OSKinetis_V3\project\freescale_cup3.0(LDC10)\iar\..\app\ITAC\"
#        -I
#        "D:\LPLDV3.1\LPLD_OSKinetis_V3\project\freescale_cup3.0(LDC10)\iar\..\..\..\lib\CPU\"
#        -I
#        "D:\LPLDV3.1\LPLD_OSKinetis_V3\project\freescale_cup3.0(LDC10)\iar\..\..\..\lib\common\"
#        -I
#        "D:\LPLDV3.1\LPLD_OSKinetis_V3\project\freescale_cup3.0(LDC10)\iar\..\..\..\lib\LPLD\"
#        -I
#        "D:\LPLDV3.1\LPLD_OSKinetis_V3\project\freescale_cup3.0(LDC10)\iar\..\..\..\lib\LPLD\HW\"
#        -I
#        "D:\LPLDV3.1\LPLD_OSKinetis_V3\project\freescale_cup3.0(LDC10)\iar\..\..\..\lib\LPLD\DEV\"
#        -I
#        "D:\LPLDV3.1\LPLD_OSKinetis_V3\project\freescale_cup3.0(LDC10)\iar\..\..\..\lib\LPLD\FUNC\"
#        -I
#        "D:\LPLDV3.1\LPLD_OSKinetis_V3\project\freescale_cup3.0(LDC10)\iar\..\..\..\lib\uCOS-II\Ports\"
#        -I
#        "D:\LPLDV3.1\LPLD_OSKinetis_V3\project\freescale_cup3.0(LDC10)\iar\..\..\..\lib\uCOS-II\Source\"
#        -I
#        "D:\LPLDV3.1\LPLD_OSKinetis_V3\project\freescale_cup3.0(LDC10)\iar\..\..\..\lib\FatFs\"
#        -I
#        "D:\LPLDV3.1\LPLD_OSKinetis_V3\project\freescale_cup3.0(LDC10)\iar\..\..\..\lib\FatFs\option\"
#        -I
#        "D:\LPLDV3.1\LPLD_OSKinetis_V3\project\freescale_cup3.0(LDC10)\iar\..\..\..\lib\USB\common\"
#        -I
#        "D:\LPLDV3.1\LPLD_OSKinetis_V3\project\freescale_cup3.0(LDC10)\iar\..\..\..\lib\USB\driver\"
#        -I
#        "D:\LPLDV3.1\LPLD_OSKinetis_V3\project\freescale_cup3.0(LDC10)\iar\..\..\..\lib\USB\descriptor\"
#        -I
#        "D:\LPLDV3.1\LPLD_OSKinetis_V3\project\freescale_cup3.0(LDC10)\iar\..\..\..\lib\USB\class\"
#        -On -I "C:\Program Files (x86)\IAR Systems\Embedded Workbench
#        7.0\arm\CMSIS\Include\" -D ARM_MATH_CM4
#    List file    =  
#        D:\LPLDV3.1\LPLD_OSKinetis_V3\project\freescale_cup3.0(LDC10)\iar\FLASH\List\dirctl.lst
#    Object file  =  
#        D:\LPLDV3.1\LPLD_OSKinetis_V3\project\freescale_cup3.0(LDC10)\iar\FLASH\Obj\dirctl.o
#
###############################################################################

D:\LPLDV3.1\LPLD_OSKinetis_V3\project\freescale_cup3.0(LDC10)\app\CTL\dirctl.c
      1          //舵机位置控制
      2          #include "include.h"
      3          
      4          //方向控制
      5          
      6          

   \                                 In section .text, align 4, keep-with-next
      7          void S3010_CTL()
      8          {
   \                     S3010_CTL: (+1)
   \   00000000   0xB580             PUSH     {R7,LR}
      9           
     10              ctl.S3010.Kp = ctl.S3010.Kp_S;
   \   00000002   0x482B             LDR.N    R0,??S3010_CTL_0
   \   00000004   0x6900             LDR      R0,[R0, #+16]
   \   00000006   0x492A             LDR.N    R1,??S3010_CTL_0
   \   00000008   0x6048             STR      R0,[R1, #+4]
     11              ctl.S3010.Kd = ctl.S3010.Kd_S;
   \   0000000A   0x4829             LDR.N    R0,??S3010_CTL_0
   \   0000000C   0x6980             LDR      R0,[R0, #+24]
   \   0000000E   0x4928             LDR.N    R1,??S3010_CTL_0
   \   00000010   0x60C8             STR      R0,[R1, #+12]
     12          
     13              ctl.S3010.error[1] = line.pos - 0;
   \   00000012   0x4828             LDR.N    R0,??S3010_CTL_0+0x4
   \   00000014   0xF9B0 0x0002      LDRSH    R0,[R0, #+2]
   \   00000018   0x.... 0x....      BL       __aeabi_i2f
   \   0000001C   0x4924             LDR.N    R1,??S3010_CTL_0
   \   0000001E   0x6308             STR      R0,[R1, #+48]
     14            
     15            
     16            
     17            ctl.S3010.result[1] = ctl.S3010.Kp * ctl.S3010.error[1];
   \   00000020   0x4823             LDR.N    R0,??S3010_CTL_0
   \   00000022   0x6841             LDR      R1,[R0, #+4]
   \   00000024   0x4822             LDR.N    R0,??S3010_CTL_0
   \   00000026   0x6B00             LDR      R0,[R0, #+48]
   \   00000028   0x.... 0x....      BL       __aeabi_fmul
   \   0000002C   0x4920             LDR.N    R1,??S3010_CTL_0
   \   0000002E   0x6248             STR      R0,[R1, #+36]
     18            ctl.S3010.result[1] += ctl.S3010.Kd * ( ctl.S3010.result[1] - ctl.S3010.result[0] );
   \   00000030   0x481F             LDR.N    R0,??S3010_CTL_0
   \   00000032   0x6A40             LDR      R0,[R0, #+36]
   \   00000034   0x491E             LDR.N    R1,??S3010_CTL_0
   \   00000036   0x6A09             LDR      R1,[R1, #+32]
   \   00000038   0x.... 0x....      BL       __aeabi_fsub
   \   0000003C   0x491C             LDR.N    R1,??S3010_CTL_0
   \   0000003E   0x68C9             LDR      R1,[R1, #+12]
   \   00000040   0x.... 0x....      BL       __aeabi_fmul
   \   00000044   0x491A             LDR.N    R1,??S3010_CTL_0
   \   00000046   0x6A49             LDR      R1,[R1, #+36]
   \   00000048   0x.... 0x....      BL       __aeabi_fadd
   \   0000004C   0x4918             LDR.N    R1,??S3010_CTL_0
   \   0000004E   0x6248             STR      R0,[R1, #+36]
     19            //微分先行
     20            ctl.S3010.result[0] = ctl.S3010.result[1];
   \   00000050   0x4817             LDR.N    R0,??S3010_CTL_0
   \   00000052   0x6A40             LDR      R0,[R0, #+36]
   \   00000054   0x4916             LDR.N    R1,??S3010_CTL_0
   \   00000056   0x6208             STR      R0,[R1, #+32]
     21            
     22           
     23            ctl.S3010.out = ctl.S3010.result[0] + 1543;
   \   00000058   0x4815             LDR.N    R0,??S3010_CTL_0
   \   0000005A   0x6A01             LDR      R1,[R0, #+32]
   \   0000005C   0x4816             LDR.N    R0,??S3010_CTL_0+0x8  ;; 0x44c0e000
   \   0000005E   0x.... 0x....      BL       __aeabi_fadd
   \   00000062   0x4913             LDR.N    R1,??S3010_CTL_0
   \   00000064   0x6288             STR      R0,[R1, #+40]
     24            if ( ctl.S3010.out > 1720 )
   \   00000066   0x4812             LDR.N    R0,??S3010_CTL_0
   \   00000068   0x6A80             LDR      R0,[R0, #+40]
   \   0000006A   0x4914             LDR.N    R1,??S3010_CTL_0+0xC  ;; 0x44d70001
   \   0000006C   0x.... 0x....      BL       __aeabi_cfrcmple
   \   00000070   0xD802             BHI.N    ??S3010_CTL_1
     25            {
     26              ctl.S3010.out = 1720;
   \   00000072   0x4813             LDR.N    R0,??S3010_CTL_0+0x10  ;; 0x44d70000
   \   00000074   0x490E             LDR.N    R1,??S3010_CTL_0
   \   00000076   0x6288             STR      R0,[R1, #+40]
     27            }
     28            if ( ctl.S3010.out < 1365)
   \                     ??S3010_CTL_1: (+1)
   \   00000078   0x480D             LDR.N    R0,??S3010_CTL_0
   \   0000007A   0x6A80             LDR      R0,[R0, #+40]
   \   0000007C   0x4911             LDR.N    R1,??S3010_CTL_0+0x14  ;; 0x44aaa000
   \   0000007E   0x.... 0x....      BL       __aeabi_cfcmple
   \   00000082   0xD202             BCS.N    ??S3010_CTL_2
     29            {
     30              ctl.S3010.out = 1365;
   \   00000084   0x480F             LDR.N    R0,??S3010_CTL_0+0x14  ;; 0x44aaa000
   \   00000086   0x490A             LDR.N    R1,??S3010_CTL_0
   \   00000088   0x6288             STR      R0,[R1, #+40]
     31            }
     32            
     33              
     34            LPLD_FTM_PWM_ChangeDuty(FTM1, FTM_Ch0, (uint32) ctl.S3010.out ); 
   \                     ??S3010_CTL_2: (+1)
   \   0000008A   0x4809             LDR.N    R0,??S3010_CTL_0
   \   0000008C   0x6A80             LDR      R0,[R0, #+40]
   \   0000008E   0x.... 0x....      BL       __aeabi_f2uiz
   \   00000092   0x0002             MOVS     R2,R0
   \   00000094   0x2100             MOVS     R1,#+0
   \   00000096   0x480C             LDR.N    R0,??S3010_CTL_0+0x18  ;; 0x40039000
   \   00000098   0x.... 0x....      BL       LPLD_FTM_PWM_ChangeDuty
     35            
     36            push(15,ctl.S3010.out);
   \   0000009C   0x4804             LDR.N    R0,??S3010_CTL_0
   \   0000009E   0x6A80             LDR      R0,[R0, #+40]
   \   000000A0   0x.... 0x....      BL       __aeabi_f2iz
   \   000000A4   0x0001             MOVS     R1,R0
   \   000000A6   0xB289             UXTH     R1,R1            ;; ZeroExt  R1,R1,#+16,#+16
   \   000000A8   0x200F             MOVS     R0,#+15
   \   000000AA   0x.... 0x....      BL       `push`
     37            //最后控制结果的输出
     38          
     39          }
   \   000000AE   0xBD01             POP      {R0,PC}          ;; return
   \                     ??S3010_CTL_0:
   \   000000B0   0x........         DC32     ctl
   \   000000B4   0x........         DC32     line
   \   000000B8   0x44C0E000         DC32     0x44c0e000
   \   000000BC   0x44D70001         DC32     0x44d70001
   \   000000C0   0x44D70000         DC32     0x44d70000
   \   000000C4   0x44AAA000         DC32     0x44aaa000
   \   000000C8   0x40039000         DC32     0x40039000

   Maximum stack usage in bytes:

   .cstack Function
   ------- --------
       8   S3010_CTL
         8   -> LPLD_FTM_PWM_ChangeDuty
         8   -> __aeabi_f2iz
         8   -> __aeabi_f2uiz
         8   -> __aeabi_fadd
         8   -> __aeabi_fmul
         8   -> __aeabi_fsub
         8   -> __aeabi_i2f
         8   -> push
         8 __aeabi_cfcmple
         8 __aeabi_cfrcmple


   Section sizes:

   Bytes  Function/Label
   -----  --------------
     204  S3010_CTL

 
 204 bytes in section .text
 
 204 bytes of CODE memory

Errors: none
Warnings: 1
