###############################################################################
#
# IAR ANSI C/C++ Compiler V7.20.2.7424/W32 for ARM        13/Mar/2016  17:41:24
# Copyright 1999-2014 IAR Systems AB.
#
#    Cpu mode     =  thumb
#    Endian       =  little
#    Source file  =  
#        D:\LPLDV3.1\LPLD_OSKinetis_V3\project\freescale_cup3.0(LDC10)\app\MAIN\main.c
#    Command line =  
#        "D:\LPLDV3.1\LPLD_OSKinetis_V3\project\freescale_cup3.0(LDC10)\app\MAIN\main.c"
#        -D LPLD_K60 -D USE_K60DZ10 -lCN
#        "D:\LPLDV3.1\LPLD_OSKinetis_V3\project\freescale_cup3.0(LDC10)\iar\FLASH\List\"
#        -lB
#        "D:\LPLDV3.1\LPLD_OSKinetis_V3\project\freescale_cup3.0(LDC10)\iar\FLASH\List\"
#        -o
#        "D:\LPLDV3.1\LPLD_OSKinetis_V3\project\freescale_cup3.0(LDC10)\iar\FLASH\Obj\"
#        --no_cse --no_unroll --no_inline --no_code_motion --no_tbaa
#        --no_clustering --no_scheduling --debug --endian=little
#        --cpu=Cortex-M4 -e --fpu=None --dlib_config "C:\Program Files
#        (x86)\IAR Systems\Embedded Workbench
#        7.0\arm\INC\c\DLib_Config_Normal.h" -I
#        "D:\LPLDV3.1\LPLD_OSKinetis_V3\project\freescale_cup3.0(LDC10)\iar\..\app\"
#        -I
#        "D:\LPLDV3.1\LPLD_OSKinetis_V3\project\freescale_cup3.0(LDC10)\iar\..\app\MAIN\"
#        -I
#        "D:\LPLDV3.1\LPLD_OSKinetis_V3\project\freescale_cup3.0(LDC10)\iar\..\app\BSP\"
#        -I
#        "D:\LPLDV3.1\LPLD_OSKinetis_V3\project\freescale_cup3.0(LDC10)\iar\..\app\CTL\"
#        -I
#        "D:\LPLDV3.1\LPLD_OSKinetis_V3\project\freescale_cup3.0(LDC10)\iar\..\app\sensor\"
#        -I
#        "D:\LPLDV3.1\LPLD_OSKinetis_V3\project\freescale_cup3.0(LDC10)\iar\..\app\ITAC\"
#        -I
#        "D:\LPLDV3.1\LPLD_OSKinetis_V3\project\freescale_cup3.0(LDC10)\iar\..\..\..\lib\CPU\"
#        -I
#        "D:\LPLDV3.1\LPLD_OSKinetis_V3\project\freescale_cup3.0(LDC10)\iar\..\..\..\lib\common\"
#        -I
#        "D:\LPLDV3.1\LPLD_OSKinetis_V3\project\freescale_cup3.0(LDC10)\iar\..\..\..\lib\LPLD\"
#        -I
#        "D:\LPLDV3.1\LPLD_OSKinetis_V3\project\freescale_cup3.0(LDC10)\iar\..\..\..\lib\LPLD\HW\"
#        -I
#        "D:\LPLDV3.1\LPLD_OSKinetis_V3\project\freescale_cup3.0(LDC10)\iar\..\..\..\lib\LPLD\DEV\"
#        -I
#        "D:\LPLDV3.1\LPLD_OSKinetis_V3\project\freescale_cup3.0(LDC10)\iar\..\..\..\lib\LPLD\FUNC\"
#        -I
#        "D:\LPLDV3.1\LPLD_OSKinetis_V3\project\freescale_cup3.0(LDC10)\iar\..\..\..\lib\uCOS-II\Ports\"
#        -I
#        "D:\LPLDV3.1\LPLD_OSKinetis_V3\project\freescale_cup3.0(LDC10)\iar\..\..\..\lib\uCOS-II\Source\"
#        -I
#        "D:\LPLDV3.1\LPLD_OSKinetis_V3\project\freescale_cup3.0(LDC10)\iar\..\..\..\lib\FatFs\"
#        -I
#        "D:\LPLDV3.1\LPLD_OSKinetis_V3\project\freescale_cup3.0(LDC10)\iar\..\..\..\lib\FatFs\option\"
#        -I
#        "D:\LPLDV3.1\LPLD_OSKinetis_V3\project\freescale_cup3.0(LDC10)\iar\..\..\..\lib\USB\common\"
#        -I
#        "D:\LPLDV3.1\LPLD_OSKinetis_V3\project\freescale_cup3.0(LDC10)\iar\..\..\..\lib\USB\driver\"
#        -I
#        "D:\LPLDV3.1\LPLD_OSKinetis_V3\project\freescale_cup3.0(LDC10)\iar\..\..\..\lib\USB\descriptor\"
#        -I
#        "D:\LPLDV3.1\LPLD_OSKinetis_V3\project\freescale_cup3.0(LDC10)\iar\..\..\..\lib\USB\class\"
#        -On -I "C:\Program Files (x86)\IAR Systems\Embedded Workbench
#        7.0\arm\CMSIS\Include\" -D ARM_MATH_CM4
#    List file    =  
#        D:\LPLDV3.1\LPLD_OSKinetis_V3\project\freescale_cup3.0(LDC10)\iar\FLASH\List\main.lst
#    Object file  =  
#        D:\LPLDV3.1\LPLD_OSKinetis_V3\project\freescale_cup3.0(LDC10)\iar\FLASH\Obj\main.o
#
###############################################################################

D:\LPLDV3.1\LPLD_OSKinetis_V3\project\freescale_cup3.0(LDC10)\app\MAIN\main.c
      1          //主函数部分
      2          //DDK 
      3          
      4          
      5          
      6          #include "include.h"
      7          

   \                                 In section .bss, align 1
      8          uint8 send_cnt = 0;
   \                     send_cnt:
   \   00000000                      DS8 1

   \                                 In section .bss, align 2
      9          uint16 timer_cnt = 0;
   \                     timer_cnt:
   \   00000000                      DS8 2

   \                                 In section .bss, align 2
     10          vuint16 temp = 0; 
   \                     temp:
   \   00000000                      DS8 2
     11          

   \                                 In section .text, align 2, keep-with-next
     12          void main (void)
     13          {
   \                     main: (+1)
   \   00000000   0xB580             PUSH     {R7,LR}
     14            sysinit();
   \   00000002   0x.... 0x....      BL       sysinit
     15            
     16            //temp = LDC_READ(0x7F);  
     17            
     18            //sensor_offset();//取偏置
     19            
     20            LPLD_LPTMR_DelayMs(300);
   \   00000006   0xF44F 0x7096      MOV      R0,#+300
   \   0000000A   0x.... 0x....      BL       LPLD_LPTMR_DelayMs
     21            
     22            
     23            
     24            
     25            bz_set(ready);//初始化完毕，蜂鸣器提示
   \   0000000E   0x2000             MOVS     R0,#+0
   \   00000010   0x.... 0x....      BL       bz_set
     26            
     27            while(1)
     28            {
     29              bzled_work();
   \                     ??main_0: (+1)
   \   00000014   0x.... 0x....      BL       bzled_work
     30              LDC1000_read();
   \   00000018   0x.... 0x....      BL       LDC1000_read
     31              
     32              //30ms发送一次示波器数据
     33              if ( send_cnt >= 5 )
   \   0000001C   0x....             LDR.N    R0,??DataTable1
   \   0000001E   0x7800             LDRB     R0,[R0, #+0]
   \   00000020   0x2805             CMP      R0,#+5
   \   00000022   0xDBF7             BLT.N    ??main_0
     34              {
     35          //      sendDataToScope();
     36                send_cnt = 0;
   \   00000024   0x2000             MOVS     R0,#+0
   \   00000026   0x....             LDR.N    R1,??DataTable1
   \   00000028   0x7008             STRB     R0,[R1, #+0]
   \   0000002A   0xE7F3             B.N      ??main_0
     37              }
     38              
     39            } 
     40          }
     41          
     42          

   \                                 In section .text, align 2, keep-with-next
     43          void MCNT_isr() // 主系统计时
     44          {
     45            
     46            timer_cnt++ ;
   \                     MCNT_isr: (+1)
   \   00000000   0x....             LDR.N    R0,??DataTable1_1
   \   00000002   0x8800             LDRH     R0,[R0, #+0]
   \   00000004   0x1C40             ADDS     R0,R0,#+1
   \   00000006   0x....             LDR.N    R1,??DataTable1_1
   \   00000008   0x8008             STRH     R0,[R1, #+0]
     47            bz_cnt++;
   \   0000000A   0x....             LDR.N    R0,??DataTable1_2
   \   0000000C   0x8800             LDRH     R0,[R0, #+0]
   \   0000000E   0x1C40             ADDS     R0,R0,#+1
   \   00000010   0x....             LDR.N    R1,??DataTable1_2
   \   00000012   0x8008             STRH     R0,[R1, #+0]
     48            send_cnt++;
   \   00000014   0x....             LDR.N    R0,??DataTable1
   \   00000016   0x7800             LDRB     R0,[R0, #+0]
   \   00000018   0x1C40             ADDS     R0,R0,#+1
   \   0000001A   0x....             LDR.N    R1,??DataTable1
   \   0000001C   0x7008             STRB     R0,[R1, #+0]
     49            
     50            
     51            
     52            if (timer_cnt == 1000)//1s
   \   0000001E   0x....             LDR.N    R0,??DataTable1_1
   \   00000020   0x8800             LDRH     R0,[R0, #+0]
   \   00000022   0xF5B0 0x7F7A      CMP      R0,#+1000
   \   00000026   0xD102             BNE.N    ??MCNT_isr_0
     53            {
     54              timer_cnt = 0;
   \   00000028   0x2000             MOVS     R0,#+0
   \   0000002A   0x....             LDR.N    R1,??DataTable1_1
   \   0000002C   0x8008             STRH     R0,[R1, #+0]
     55            }
     56            
     57          }  
   \                     ??MCNT_isr_0: (+1)
   \   0000002E   0x4770             BX       LR               ;; return

   \                                 In section .text, align 4, keep-with-next
   \                     ??DataTable1:
   \   00000000   0x........         DC32     send_cnt

   \                                 In section .text, align 4, keep-with-next
   \                     ??DataTable1_1:
   \   00000000   0x........         DC32     timer_cnt

   \                                 In section .text, align 4, keep-with-next
   \                     ??DataTable1_2:
   \   00000000   0x........         DC32     bz_cnt

   Maximum stack usage in bytes:

   .cstack Function
   ------- --------
       0   MCNT_isr
       8   main
         8   -> LDC1000_read
         8   -> LPLD_LPTMR_DelayMs
         8   -> bz_set
         8   -> bzled_work
         8   -> sysinit


   Section sizes:

   Bytes  Function/Label
   -----  --------------
       4  ??DataTable1
       4  ??DataTable1_1
       4  ??DataTable1_2
      48  MCNT_isr
      44  main
       1  send_cnt
       2  temp
       2  timer_cnt

 
   5 bytes in section .bss
 104 bytes in section .text
 
 104 bytes of CODE memory
   5 bytes of DATA memory

Errors: none
Warnings: 1
