###############################################################################
#
# IAR ANSI C/C++ Compiler V7.20.2.7424/W32 for ARM        14/Oct/2015  16:44:56
# Copyright 1999-2014 IAR Systems AB.
#
#    Cpu mode     =  thumb
#    Endian       =  little
#    Source file  =  
#        X:\whutddk\·ÉË¼¿¨¶û\LPLDV3.1\LPLD_OSKinetis_V3\project\freescale_cup1.0\app\BSP\S3010.c
#    Command line =  
#        X:\whutddk\·ÉË¼¿¨¶û\LPLDV3.1\LPLD_OSKinetis_V3\project\freescale_cup1.0\app\BSP\S3010.c
#        -D LPLD_K60 -D USE_K60DZ10 -lCN
#        X:\whutddk\·ÉË¼¿¨¶û\LPLDV3.1\LPLD_OSKinetis_V3\project\freescale_cup1.0\iar\FLASH\List\
#        -lB
#        X:\whutddk\·ÉË¼¿¨¶û\LPLDV3.1\LPLD_OSKinetis_V3\project\freescale_cup1.0\iar\FLASH\List\
#        -o
#        X:\whutddk\·ÉË¼¿¨¶û\LPLDV3.1\LPLD_OSKinetis_V3\project\freescale_cup1.0\iar\FLASH\Obj\
#        --no_cse --no_unroll --no_inline --no_code_motion --no_tbaa
#        --no_clustering --no_scheduling --debug --endian=little
#        --cpu=Cortex-M4 -e --fpu=None --dlib_config "D:\Program Files
#        (x86)\IAR Systems\Embedded Workbench
#        7.0\arm\INC\c\DLib_Config_Normal.h" -I
#        X:\whutddk\·ÉË¼¿¨¶û\LPLDV3.1\LPLD_OSKinetis_V3\project\freescale_cup1.0\iar\..\app\
#        -I
#        X:\whutddk\·ÉË¼¿¨¶û\LPLDV3.1\LPLD_OSKinetis_V3\project\freescale_cup1.0\iar\..\app\MAIN\
#        -I
#        X:\whutddk\·ÉË¼¿¨¶û\LPLDV3.1\LPLD_OSKinetis_V3\project\freescale_cup1.0\iar\..\app\BSP\
#        -I
#        X:\whutddk\·ÉË¼¿¨¶û\LPLDV3.1\LPLD_OSKinetis_V3\project\freescale_cup1.0\iar\..\app\CTL\
#        -I
#        X:\whutddk\·ÉË¼¿¨¶û\LPLDV3.1\LPLD_OSKinetis_V3\project\freescale_cup1.0\iar\..\app\IMG\
#        -I
#        X:\whutddk\·ÉË¼¿¨¶û\LPLDV3.1\LPLD_OSKinetis_V3\project\freescale_cup1.0\iar\..\app\ITAC\
#        -I
#        X:\whutddk\·ÉË¼¿¨¶û\LPLDV3.1\LPLD_OSKinetis_V3\project\freescale_cup1.0\iar\..\..\..\lib\CPU\
#        -I
#        X:\whutddk\·ÉË¼¿¨¶û\LPLDV3.1\LPLD_OSKinetis_V3\project\freescale_cup1.0\iar\..\..\..\lib\common\
#        -I
#        X:\whutddk\·ÉË¼¿¨¶û\LPLDV3.1\LPLD_OSKinetis_V3\project\freescale_cup1.0\iar\..\..\..\lib\LPLD\
#        -I
#        X:\whutddk\·ÉË¼¿¨¶û\LPLDV3.1\LPLD_OSKinetis_V3\project\freescale_cup1.0\iar\..\..\..\lib\LPLD\HW\
#        -I
#        X:\whutddk\·ÉË¼¿¨¶û\LPLDV3.1\LPLD_OSKinetis_V3\project\freescale_cup1.0\iar\..\..\..\lib\LPLD\DEV\
#        -I
#        X:\whutddk\·ÉË¼¿¨¶û\LPLDV3.1\LPLD_OSKinetis_V3\project\freescale_cup1.0\iar\..\..\..\lib\LPLD\FUNC\
#        -I
#        X:\whutddk\·ÉË¼¿¨¶û\LPLDV3.1\LPLD_OSKinetis_V3\project\freescale_cup1.0\iar\..\..\..\lib\uCOS-II\Ports\
#        -I
#        X:\whutddk\·ÉË¼¿¨¶û\LPLDV3.1\LPLD_OSKinetis_V3\project\freescale_cup1.0\iar\..\..\..\lib\uCOS-II\Source\
#        -I
#        X:\whutddk\·ÉË¼¿¨¶û\LPLDV3.1\LPLD_OSKinetis_V3\project\freescale_cup1.0\iar\..\..\..\lib\FatFs\
#        -I
#        X:\whutddk\·ÉË¼¿¨¶û\LPLDV3.1\LPLD_OSKinetis_V3\project\freescale_cup1.0\iar\..\..\..\lib\FatFs\option\
#        -I
#        X:\whutddk\·ÉË¼¿¨¶û\LPLDV3.1\LPLD_OSKinetis_V3\project\freescale_cup1.0\iar\..\..\..\lib\USB\common\
#        -I
#        X:\whutddk\·ÉË¼¿¨¶û\LPLDV3.1\LPLD_OSKinetis_V3\project\freescale_cup1.0\iar\..\..\..\lib\USB\driver\
#        -I
#        X:\whutddk\·ÉË¼¿¨¶û\LPLDV3.1\LPLD_OSKinetis_V3\project\freescale_cup1.0\iar\..\..\..\lib\USB\descriptor\
#        -I
#        X:\whutddk\·ÉË¼¿¨¶û\LPLDV3.1\LPLD_OSKinetis_V3\project\freescale_cup1.0\iar\..\..\..\lib\USB\class\
#        -On -I "D:\Program Files (x86)\IAR Systems\Embedded Workbench
#        7.0\arm\CMSIS\Include\" -D ARM_MATH_CM4
#    List file    =  
#        X:\whutddk\·ÉË¼¿¨¶û\LPLDV3.1\LPLD_OSKinetis_V3\project\freescale_cup1.0\iar\FLASH\List\S3010.lst
#    Object file  =  
#        X:\whutddk\·ÉË¼¿¨¶û\LPLDV3.1\LPLD_OSKinetis_V3\project\freescale_cup1.0\iar\FLASH\Obj\S3010.o
#
###############################################################################

X:\whutddk\·ÉË¼¿¨¶û\LPLDV3.1\LPLD_OSKinetis_V3\project\freescale_cup1.0\app\BSP\S3010.c
      1          #include "include.h"
      2          

   \                                 In section .bss, align 4
      3          GPIO_InitTypeDef S3010_inittype;
   \                     S3010_inittype:
   \   00000000                      DS8 20
      4          

   \                                 In section .text, align 2, keep-with-next
      5          void S3010_init()
      6          {
   \                     S3010_init: (+1)
   \   00000000   0xB580             PUSH     {R7,LR}
      7            S3010_inittype.GPIO_PTx = PTE; //S3010
   \   00000002   0x....             LDR.N    R0,??DataTable1  ;; 0x400ff100
   \   00000004   0x....             LDR.N    R1,??DataTable1_1
   \   00000006   0x6008             STR      R0,[R1, #+0]
      8            S3010_inittype.GPIO_Pins = GPIO_Pin6 ;
   \   00000008   0x2040             MOVS     R0,#+64
   \   0000000A   0x....             LDR.N    R1,??DataTable1_1
   \   0000000C   0x6048             STR      R0,[R1, #+4]
      9            S3010_inittype.GPIO_Dir = DIR_OUTPUT;
   \   0000000E   0x2001             MOVS     R0,#+1
   \   00000010   0x....             LDR.N    R1,??DataTable1_1
   \   00000012   0x7308             STRB     R0,[R1, #+12]
     10            S3010_inittype.GPIO_Output = OUTPUT_H;
   \   00000014   0x2001             MOVS     R0,#+1
   \   00000016   0x....             LDR.N    R1,??DataTable1_1
   \   00000018   0x7348             STRB     R0,[R1, #+13]
     11            S3010_inittype.GPIO_PinControl = IRQC_DIS; //¸ßÊä³öÄ£Ê½ £¬ÍÆÍìÊä³ö£¿
   \   0000001A   0x2000             MOVS     R0,#+0
   \   0000001C   0x....             LDR.N    R1,??DataTable1_1
   \   0000001E   0x6088             STR      R0,[R1, #+8]
     12            LPLD_GPIO_Init(S3010_inittype);
   \   00000020   0x....             LDR.N    R1,??DataTable1_1
   \   00000022   0xB084             SUB      SP,SP,#+16
   \   00000024   0x4668             MOV      R0,SP
   \   00000026   0x2214             MOVS     R2,#+20
   \   00000028   0x.... 0x....      BL       __aeabi_memcpy4
   \   0000002C   0xBC0F             POP      {R0-R3}
   \   0000002E   0x.... 0x....      BL       LPLD_GPIO_Init
     13          }
   \   00000032   0xBD01             POP      {R0,PC}          ;; return
     14          
     15          

   \                                 In section .bss, align 2
     16          uint16 S3010_cnt = 0;     //x* 0.02ms
   \                     S3010_cnt:
   \   00000000                      DS8 2

   \                                 In section .data, align 2
     17          uint16 S3010_set = 79;   //
   \                     S3010_set:
   \   00000000   0x004F             DC16 79
     18          
     19          #define S3010_FRE  500     //100hz

   \                                 In section .text, align 2, keep-with-next
     20          void S3010_isr()
     21          {
   \                     S3010_isr: (+1)
   \   00000000   0xB580             PUSH     {R7,LR}
     22            S3010_cnt ++ ;
   \   00000002   0x....             LDR.N    R0,??DataTable1_2
   \   00000004   0x8800             LDRH     R0,[R0, #+0]
   \   00000006   0x1C40             ADDS     R0,R0,#+1
   \   00000008   0x....             LDR.N    R1,??DataTable1_2
   \   0000000A   0x8008             STRH     R0,[R1, #+0]
     23            if ( S3010_cnt == S3010_set )
   \   0000000C   0x....             LDR.N    R0,??DataTable1_2
   \   0000000E   0x8800             LDRH     R0,[R0, #+0]
   \   00000010   0x....             LDR.N    R1,??DataTable1_3
   \   00000012   0x8809             LDRH     R1,[R1, #+0]
   \   00000014   0x4288             CMP      R0,R1
   \   00000016   0xD105             BNE.N    ??S3010_isr_0
     24            {
     25              LPLD_GPIO_Output_b(PTE, 6 ,0);//low
   \   00000018   0x2200             MOVS     R2,#+0
   \   0000001A   0x2106             MOVS     R1,#+6
   \   0000001C   0x....             LDR.N    R0,??DataTable1  ;; 0x400ff100
   \   0000001E   0x.... 0x....      BL       LPLD_GPIO_Output_b
   \   00000022   0xE00C             B.N      ??S3010_isr_1
     26            }
     27            else if ( S3010_cnt == S3010_FRE )
   \                     ??S3010_isr_0: (+1)
   \   00000024   0x....             LDR.N    R0,??DataTable1_2
   \   00000026   0x8800             LDRH     R0,[R0, #+0]
   \   00000028   0xF5B0 0x7FFA      CMP      R0,#+500
   \   0000002C   0xD107             BNE.N    ??S3010_isr_1
     28            {
     29              S3010_cnt = 0;
   \   0000002E   0x2000             MOVS     R0,#+0
   \   00000030   0x....             LDR.N    R1,??DataTable1_2
   \   00000032   0x8008             STRH     R0,[R1, #+0]
     30              LPLD_GPIO_Output_b(PTE, 6 ,1);//HIGH
   \   00000034   0x2201             MOVS     R2,#+1
   \   00000036   0x2106             MOVS     R1,#+6
   \   00000038   0x....             LDR.N    R0,??DataTable1  ;; 0x400ff100
   \   0000003A   0x.... 0x....      BL       LPLD_GPIO_Output_b
     31            }
     32          }
   \                     ??S3010_isr_1: (+1)
   \   0000003E   0xBD01             POP      {R0,PC}          ;; return

   \                                 In section .text, align 4, keep-with-next
   \                     ??DataTable1:
   \   00000000   0x400FF100         DC32     0x400ff100

   \                                 In section .text, align 4, keep-with-next
   \                     ??DataTable1_1:
   \   00000000   0x........         DC32     S3010_inittype

   \                                 In section .text, align 4, keep-with-next
   \                     ??DataTable1_2:
   \   00000000   0x........         DC32     S3010_cnt

   \                                 In section .text, align 4, keep-with-next
   \                     ??DataTable1_3:
   \   00000000   0x........         DC32     S3010_set

   Maximum stack usage in bytes:

   .cstack Function
   ------- --------
      24   S3010_init
         8   -> LPLD_GPIO_Init
        24   -> __aeabi_memcpy4
       8   S3010_isr
         8   -> LPLD_GPIO_Output_b


   Section sizes:

   Bytes  Function/Label
   -----  --------------
       4  ??DataTable1
       4  ??DataTable1_1
       4  ??DataTable1_2
       4  ??DataTable1_3
       2  S3010_cnt
      52  S3010_init
      20  S3010_inittype
      64  S3010_isr
       2  S3010_set

 
  22 bytes in section .bss
   2 bytes in section .data
 132 bytes in section .text
 
 132 bytes of CODE memory
  24 bytes of DATA memory

Errors: none
Warnings: none
