###############################################################################
#
# IAR ANSI C/C++ Compiler V7.20.2.7424/W32 for ARM        08/Aug/2016  13:02:43
# Copyright 1999-2014 IAR Systems AB.
#
#    Cpu mode     =  thumb
#    Endian       =  little
#    Source file  =  
#        C:\百度云同步盘\比赛代码\LPLD_OSKinetis_V3\launch\NXP_(golden_cyprinoid)
#        冲击华南赛 1车\app\CTL\dirctl.c
#    Command line =  
#        "C:\百度云同步盘\比赛代码\LPLD_OSKinetis_V3\launch\NXP_(golden_cyprinoid)
#        冲击华南赛 1车\app\CTL\dirctl.c" -D LPLD_K60 -lCN
#        "C:\百度云同步盘\比赛代码\LPLD_OSKinetis_V3\launch\NXP_(golden_cyprinoid)
#        冲击华南赛 1车\iar\FLASH\List\" -lB
#        "C:\百度云同步盘\比赛代码\LPLD_OSKinetis_V3\launch\NXP_(golden_cyprinoid)
#        冲击华南赛 1车\iar\FLASH\List\" -o
#        "C:\百度云同步盘\比赛代码\LPLD_OSKinetis_V3\launch\NXP_(golden_cyprinoid)
#        冲击华南赛 1车\iar\FLASH\Obj\" --no_cse --no_unroll --no_inline
#        --no_code_motion --no_tbaa --no_clustering --no_scheduling --debug
#        --endian=little --cpu=Cortex-M4 -e --fpu=None --dlib_config
#        "C:\Program Files (x86)\IAR Systems\Embedded Workbench
#        7.0\arm\INC\c\DLib_Config_Normal.h" -I
#        "C:\百度云同步盘\比赛代码\LPLD_OSKinetis_V3\launch\NXP_(golden_cyprinoid)
#        冲击华南赛 1车\iar\..\app\" -I
#        "C:\百度云同步盘\比赛代码\LPLD_OSKinetis_V3\launch\NXP_(golden_cyprinoid)
#        冲击华南赛 1车\iar\..\app\BSP\" -I
#        "C:\百度云同步盘\比赛代码\LPLD_OSKinetis_V3\launch\NXP_(golden_cyprinoid)
#        冲击华南赛 1车\iar\..\app\ITAC\" -I
#        "C:\百度云同步盘\比赛代码\LPLD_OSKinetis_V3\launch\NXP_(golden_cyprinoid)
#        冲击华南赛 1车\iar\..\app\CTL\" -I
#        "C:\百度云同步盘\比赛代码\LPLD_OSKinetis_V3\launch\NXP_(golden_cyprinoid)
#        冲击华南赛 1车\iar\..\app\MAIN\" -I
#        "C:\百度云同步盘\比赛代码\LPLD_OSKinetis_V3\launch\NXP_(golden_cyprinoid)
#        冲击华南赛 1车\iar\..\app\SENSOR\" -I
#        "C:\百度云同步盘\比赛代码\LPLD_OSKinetis_V3\launch\NXP_(golden_cyprinoid)
#        冲击华南赛 1车\iar\..\..\..\lib\CPU\" -I
#        "C:\百度云同步盘\比赛代码\LPLD_OSKinetis_V3\launch\NXP_(golden_cyprinoid)
#        冲击华南赛 1车\iar\..\..\..\lib\common\" -I
#        "C:\百度云同步盘\比赛代码\LPLD_OSKinetis_V3\launch\NXP_(golden_cyprinoid)
#        冲击华南赛 1车\iar\..\..\..\lib\LPLD\" -I
#        "C:\百度云同步盘\比赛代码\LPLD_OSKinetis_V3\launch\NXP_(golden_cyprinoid)
#        冲击华南赛 1车\iar\..\..\..\lib\LPLD\HW\" -I
#        "C:\百度云同步盘\比赛代码\LPLD_OSKinetis_V3\launch\NXP_(golden_cyprinoid)
#        冲击华南赛 1车\iar\..\..\..\lib\LPLD\DEV\" -I
#        "C:\百度云同步盘\比赛代码\LPLD_OSKinetis_V3\launch\NXP_(golden_cyprinoid)
#        冲击华南赛 1车\iar\..\..\..\lib\uCOS-II\Ports\" -I
#        "C:\百度云同步盘\比赛代码\LPLD_OSKinetis_V3\launch\NXP_(golden_cyprinoid)
#        冲击华南赛 1车\iar\..\..\..\lib\uCOS-II\Source\" -I
#        "C:\百度云同步盘\比赛代码\LPLD_OSKinetis_V3\launch\NXP_(golden_cyprinoid)
#        冲击华南赛 1车\iar\..\..\..\lib\FatFs\" -I
#        "C:\百度云同步盘\比赛代码\LPLD_OSKinetis_V3\launch\NXP_(golden_cyprinoid)
#        冲击华南赛 1车\iar\..\..\..\lib\FatFs\option\" -I
#        "C:\百度云同步盘\比赛代码\LPLD_OSKinetis_V3\launch\NXP_(golden_cyprinoid)
#        冲击华南赛 1车\iar\..\..\..\lib\USB\common\" -I
#        "C:\百度云同步盘\比赛代码\LPLD_OSKinetis_V3\launch\NXP_(golden_cyprinoid)
#        冲击华南赛 1车\iar\..\..\..\lib\USB\driver\" -I
#        "C:\百度云同步盘\比赛代码\LPLD_OSKinetis_V3\launch\NXP_(golden_cyprinoid)
#        冲击华南赛 1车\iar\..\..\..\lib\USB\descriptor\" -I
#        "C:\百度云同步盘\比赛代码\LPLD_OSKinetis_V3\launch\NXP_(golden_cyprinoid)
#        冲击华南赛 1车\iar\..\..\..\lib\USB\class\" -On -I "C:\Program Files
#        (x86)\IAR Systems\Embedded Workbench 7.0\arm\CMSIS\Include\" -D
#        ARM_MATH_CM4
#    List file    =  
#        C:\百度云同步盘\比赛代码\LPLD_OSKinetis_V3\launch\NXP_(golden_cyprinoid)
#        冲击华南赛 1车\iar\FLASH\List\dirctl.lst
#    Object file  =  
#        C:\百度云同步盘\比赛代码\LPLD_OSKinetis_V3\launch\NXP_(golden_cyprinoid)
#        冲击华南赛 1车\iar\FLASH\Obj\dirctl.o
#
###############################################################################

C:\百度云同步盘\比赛代码\LPLD_OSKinetis_V3\launch\NXP_(golden_cyprinoid) 冲击华南赛 1车\app\CTL\dirctl.c
      1          //舵机位置控制
      2          #include "include.h"
      3          
      4          //方向控制
      5          
      6          

   \                                 In section .text, align 2, keep-with-next
      7          void S3010_CTL()
      8          {
   \                     S3010_CTL: (+1)
   \   00000000   0xE92D 0x43F8      PUSH     {R3-R9,LR}
      9            
     10            if(ctl.motto.v > 375 && 1 == flag_bihuan)
   \   00000004   0x....             LDR.N    R0,??DataTable0
   \   00000006   0xF9B0 0x005C      LDRSH    R0,[R0, #+92]
   \   0000000A   0xF5B0 0x7FBC      CMP      R0,#+376
   \   0000000E   0xDB54             BLT.N    ??S3010_CTL_0
   \   00000010   0x....             LDR.N    R0,??DataTable0_1
   \   00000012   0x7800             LDRB     R0,[R0, #+0]
   \   00000014   0x2801             CMP      R0,#+1
   \   00000016   0xD150             BNE.N    ??S3010_CTL_0
     11            {
     12              //155
     13              if(line.pos > 110 || line.pos < -110)     //大偏差
   \   00000018   0x....             LDR.N    R0,??DataTable0_2
   \   0000001A   0xF9B0 0x000A      LDRSH    R0,[R0, #+10]
   \   0000001E   0x286F             CMP      R0,#+111
   \   00000020   0xDA05             BGE.N    ??S3010_CTL_1
   \   00000022   0x....             LDR.N    R0,??DataTable0_2
   \   00000024   0xF9B0 0x000A      LDRSH    R0,[R0, #+10]
   \   00000028   0xF110 0x0F6E      CMN      R0,#+110
   \   0000002C   0xDA13             BGE.N    ??S3010_CTL_2
     14              {
     15                ctl.S3010.Kp = ctl.S3010.Kp_B;
   \                     ??S3010_CTL_1: (+1)
   \   0000002E   0x....             LDR.N    R0,??DataTable0
   \   00000030   0x69C0             LDR      R0,[R0, #+28]
   \   00000032   0x....             LDR.N    R1,??DataTable0
   \   00000034   0x6088             STR      R0,[R1, #+8]
     16                ctl.S3010.Kd = ctl.S3010.Kd_B;
   \   00000036   0x....             LDR.N    R0,??DataTable0
   \   00000038   0x6A80             LDR      R0,[R0, #+40]
   \   0000003A   0x....             LDR.N    R1,??DataTable0
   \   0000003C   0x6108             STR      R0,[R1, #+16]
     17                
     18                ctl.motto.KP = ctl.motto.Kp_B;
   \   0000003E   0x....             LDR.N    R0,??DataTable0
   \   00000040   0x6F40             LDR      R0,[R0, #+116]
   \   00000042   0x....             LDR.N    R1,??DataTable0
   \   00000044   0xF8C1 0x00A8      STR      R0,[R1, #+168]
     19                ctl.motto.KD = ctl.motto.Kd_B;
   \   00000048   0x....             LDR.N    R0,??DataTable0
   \   0000004A   0xF8D0 0x0080      LDR      R0,[R0, #+128]
   \   0000004E   0x....             LDR.N    R1,??DataTable0
   \   00000050   0xF8C1 0x00AC      STR      R0,[R1, #+172]
   \   00000054   0xE039             B.N      ??S3010_CTL_3
     20          
     21              }
     22              else if(line.pos > 35 || line.pos < -35)  //中偏差
   \                     ??S3010_CTL_2: (+1)
   \   00000056   0x....             LDR.N    R0,??DataTable0_2
   \   00000058   0xF9B0 0x000A      LDRSH    R0,[R0, #+10]
   \   0000005C   0x2824             CMP      R0,#+36
   \   0000005E   0xDA05             BGE.N    ??S3010_CTL_4
   \   00000060   0x....             LDR.N    R0,??DataTable0_2
   \   00000062   0xF9B0 0x000A      LDRSH    R0,[R0, #+10]
   \   00000066   0xF110 0x0F23      CMN      R0,#+35
   \   0000006A   0xDA13             BGE.N    ??S3010_CTL_5
     23              {
     24                ctl.S3010.Kp = ctl.S3010.Kp_M;
   \                     ??S3010_CTL_4: (+1)
   \   0000006C   0x....             LDR.N    R0,??DataTable0
   \   0000006E   0x6980             LDR      R0,[R0, #+24]
   \   00000070   0x....             LDR.N    R1,??DataTable0
   \   00000072   0x6088             STR      R0,[R1, #+8]
     25                ctl.S3010.Kd = ctl.S3010.Kd_M;
   \   00000074   0x....             LDR.N    R0,??DataTable0
   \   00000076   0x6A40             LDR      R0,[R0, #+36]
   \   00000078   0x....             LDR.N    R1,??DataTable0
   \   0000007A   0x6108             STR      R0,[R1, #+16]
     26                
     27                ctl.motto.KP = ctl.motto.Kp_B;
   \   0000007C   0x....             LDR.N    R0,??DataTable0
   \   0000007E   0x6F40             LDR      R0,[R0, #+116]
   \   00000080   0x....             LDR.N    R1,??DataTable0
   \   00000082   0xF8C1 0x00A8      STR      R0,[R1, #+168]
     28                ctl.motto.KD = ctl.motto.Kd_B;
   \   00000086   0x....             LDR.N    R0,??DataTable0
   \   00000088   0xF8D0 0x0080      LDR      R0,[R0, #+128]
   \   0000008C   0x....             LDR.N    R1,??DataTable0
   \   0000008E   0xF8C1 0x00AC      STR      R0,[R1, #+172]
   \   00000092   0xE01A             B.N      ??S3010_CTL_3
     29          
     30              }
     31              else                                       //小偏差
     32              {
     33                ctl.S3010.Kp = ctl.S3010.Kp_S;
   \                     ??S3010_CTL_5: (+1)
   \   00000094   0x....             LDR.N    R0,??DataTable0
   \   00000096   0x6940             LDR      R0,[R0, #+20]
   \   00000098   0x....             LDR.N    R1,??DataTable0
   \   0000009A   0x6088             STR      R0,[R1, #+8]
     34                ctl.S3010.Kd = ctl.S3010.Kd_S;
   \   0000009C   0x....             LDR.N    R0,??DataTable0
   \   0000009E   0x6A00             LDR      R0,[R0, #+32]
   \   000000A0   0x....             LDR.N    R1,??DataTable0
   \   000000A2   0x6108             STR      R0,[R1, #+16]
     35                
     36                
     37                ctl.motto.KP = ctl.motto.Kp_S;
   \   000000A4   0x....             LDR.N    R0,??DataTable0
   \   000000A6   0x6EC0             LDR      R0,[R0, #+108]
   \   000000A8   0x....             LDR.N    R1,??DataTable0
   \   000000AA   0xF8C1 0x00A8      STR      R0,[R1, #+168]
     38                ctl.motto.KD = ctl.motto.Kd_S;
   \   000000AE   0x....             LDR.N    R0,??DataTable0
   \   000000B0   0x6F80             LDR      R0,[R0, #+120]
   \   000000B2   0x....             LDR.N    R1,??DataTable0
   \   000000B4   0xF8C1 0x00AC      STR      R0,[R1, #+172]
   \   000000B8   0xE007             B.N      ??S3010_CTL_3
     39              }
     40              
     41            }
     42            
     43            else
     44            {
     45              ctl.S3010.Kp = ctl.S3010.Kp_S;
   \                     ??S3010_CTL_0: (+1)
   \   000000BA   0x....             LDR.N    R0,??DataTable0
   \   000000BC   0x6940             LDR      R0,[R0, #+20]
   \   000000BE   0x....             LDR.N    R1,??DataTable0
   \   000000C0   0x6088             STR      R0,[R1, #+8]
     46              ctl.S3010.Kd = ctl.S3010.Kd_S;
   \   000000C2   0x....             LDR.N    R0,??DataTable0
   \   000000C4   0x6A00             LDR      R0,[R0, #+32]
   \   000000C6   0x....             LDR.N    R1,??DataTable0
   \   000000C8   0x6108             STR      R0,[R1, #+16]
     47            }
     48            
     49            ctl.S3010.error[0] = line.pos ;
   \                     ??S3010_CTL_3: (+1)
   \   000000CA   0x....             LDR.N    R0,??DataTable0_2
   \   000000CC   0xF9B0 0x000A      LDRSH    R0,[R0, #+10]
   \   000000D0   0x.... 0x....      BL       __aeabi_i2f
   \   000000D4   0x....             LDR.N    R1,??DataTable0
   \   000000D6   0x6388             STR      R0,[R1, #+56]
     50            
     51            ctl.S3010.result[0] = ctl.S3010.Kp * ctl.S3010.error[0];
   \   000000D8   0x....             LDR.N    R0,??DataTable0
   \   000000DA   0x6881             LDR      R1,[R0, #+8]
   \   000000DC   0x....             LDR.N    R0,??DataTable0
   \   000000DE   0x6B80             LDR      R0,[R0, #+56]
   \   000000E0   0x.... 0x....      BL       __aeabi_fmul
   \   000000E4   0x....             LDR.N    R1,??DataTable0
   \   000000E6   0x62C8             STR      R0,[R1, #+44]
     52            
     53            ctl.S3010.result[0] += ctl.S3010.Kd * (0.6*(float)(ctl.S3010.error[0]-ctl.S3010.error[1])+0.2*(float)(ctl.S3010.error[1]-ctl.S3010.error[2])+0.2*(float)(ctl.S3010.error[2]-ctl.S3010.error[3]));
   \   000000E8   0x....             LDR.N    R0,??DataTable0
   \   000000EA   0x6AC0             LDR      R0,[R0, #+44]
   \   000000EC   0x.... 0x....      BL       __aeabi_f2d
   \   000000F0   0x4680             MOV      R8,R0
   \   000000F2   0x4689             MOV      R9,R1
   \   000000F4   0x....             LDR.N    R0,??DataTable0
   \   000000F6   0x6900             LDR      R0,[R0, #+16]
   \   000000F8   0x.... 0x....      BL       __aeabi_f2d
   \   000000FC   0x0006             MOVS     R6,R0
   \   000000FE   0x000F             MOVS     R7,R1
   \   00000100   0x....             LDR.N    R0,??DataTable0
   \   00000102   0x6B80             LDR      R0,[R0, #+56]
   \   00000104   0x....             LDR.N    R1,??DataTable0
   \   00000106   0x6BC9             LDR      R1,[R1, #+60]
   \   00000108   0x.... 0x....      BL       __aeabi_fsub
   \   0000010C   0x.... 0x....      BL       __aeabi_f2d
   \   00000110   0xF05F 0x3233      MOVS     R2,#+858993459
   \   00000114   0x....             LDR.N    R3,??DataTable0_3  ;; 0x3fe33333
   \   00000116   0x.... 0x....      BL       __aeabi_dmul
   \   0000011A   0x0004             MOVS     R4,R0
   \   0000011C   0x000D             MOVS     R5,R1
   \   0000011E   0x....             LDR.N    R0,??DataTable0
   \   00000120   0x6BC0             LDR      R0,[R0, #+60]
   \   00000122   0x....             LDR.N    R1,??DataTable0
   \   00000124   0x6C09             LDR      R1,[R1, #+64]
   \   00000126   0x.... 0x....      BL       __aeabi_fsub
   \   0000012A   0x.... 0x....      BL       __aeabi_f2d
   \   0000012E   0x....             LDR.N    R2,??DataTable0_4  ;; 0x9999999a
   \   00000130   0x....             LDR.N    R3,??DataTable0_5  ;; 0x3fc99999
   \   00000132   0x.... 0x....      BL       __aeabi_dmul
   \   00000136   0x0022             MOVS     R2,R4
   \   00000138   0x002B             MOVS     R3,R5
   \   0000013A   0x.... 0x....      BL       __aeabi_dadd
   \   0000013E   0x0004             MOVS     R4,R0
   \   00000140   0x000D             MOVS     R5,R1
   \   00000142   0x....             LDR.N    R0,??DataTable0
   \   00000144   0x6C00             LDR      R0,[R0, #+64]
   \   00000146   0x....             LDR.N    R1,??DataTable0
   \   00000148   0x6C49             LDR      R1,[R1, #+68]
   \   0000014A   0x.... 0x....      BL       __aeabi_fsub
   \   0000014E   0x.... 0x....      BL       __aeabi_f2d
   \   00000152   0x....             LDR.N    R2,??DataTable0_4  ;; 0x9999999a
   \   00000154   0x....             LDR.N    R3,??DataTable0_5  ;; 0x3fc99999
   \   00000156   0x.... 0x....      BL       __aeabi_dmul
   \   0000015A   0x0022             MOVS     R2,R4
   \   0000015C   0x002B             MOVS     R3,R5
   \   0000015E   0x.... 0x....      BL       __aeabi_dadd
   \   00000162   0x0032             MOVS     R2,R6
   \   00000164   0x003B             MOVS     R3,R7
   \   00000166   0x.... 0x....      BL       __aeabi_dmul
   \   0000016A   0x4642             MOV      R2,R8
   \   0000016C   0x464B             MOV      R3,R9
   \   0000016E   0x.... 0x....      BL       __aeabi_dadd
   \   00000172   0x.... 0x....      BL       __aeabi_d2f
   \   00000176   0x....             LDR.N    R1,??DataTable0
   \   00000178   0x62C8             STR      R0,[R1, #+44]
     54            
     55            if(1 == speed_up_Enable)
   \   0000017A   0x....             LDR.N    R0,??DataTable0_6
   \   0000017C   0x7800             LDRB     R0,[R0, #+0]
   \   0000017E   0x2801             CMP      R0,#+1
   \   00000180   0xD153             BNE.N    ??S3010_CTL_6
     56            {
     57              ctl.motto.v_error = abs(ctl.motto.KP * ctl.S3010.error[0]);
   \   00000182   0x....             LDR.N    R0,??DataTable0
   \   00000184   0xF8D0 0x10A8      LDR      R1,[R0, #+168]
   \   00000188   0x....             LDR.N    R0,??DataTable0
   \   0000018A   0x6B80             LDR      R0,[R0, #+56]
   \   0000018C   0x.... 0x....      BL       __aeabi_fmul
   \   00000190   0x.... 0x....      BL       abs
   \   00000194   0x....             LDR.N    R1,??DataTable0
   \   00000196   0xF8A1 0x005E      STRH     R0,[R1, #+94]
     58              ctl.motto.v_error += abs(ctl.motto.KD * (0.6*(float)(ctl.S3010.error[0]-ctl.S3010.error[1])+0.2*(float)(ctl.S3010.error[1]-ctl.S3010.error[2])+0.2*(float)(ctl.S3010.error[2]-ctl.S3010.error[3])));
   \   0000019A   0x....             LDR.N    R0,??DataTable0
   \   0000019C   0xF8B0 0x805E      LDRH     R8,[R0, #+94]
   \   000001A0   0x....             LDR.N    R0,??DataTable0
   \   000001A2   0xF8D0 0x00AC      LDR      R0,[R0, #+172]
   \   000001A6   0x.... 0x....      BL       __aeabi_f2d
   \   000001AA   0x0006             MOVS     R6,R0
   \   000001AC   0x000F             MOVS     R7,R1
   \   000001AE   0x....             LDR.N    R0,??DataTable0
   \   000001B0   0x6B80             LDR      R0,[R0, #+56]
   \   000001B2   0x....             LDR.N    R1,??DataTable0
   \   000001B4   0x6BC9             LDR      R1,[R1, #+60]
   \   000001B6   0x.... 0x....      BL       __aeabi_fsub
   \   000001BA   0x.... 0x....      BL       __aeabi_f2d
   \   000001BE   0xF05F 0x3233      MOVS     R2,#+858993459
   \   000001C2   0x....             LDR.N    R3,??DataTable0_3  ;; 0x3fe33333
   \   000001C4   0x.... 0x....      BL       __aeabi_dmul
   \   000001C8   0x0004             MOVS     R4,R0
   \   000001CA   0x000D             MOVS     R5,R1
   \   000001CC   0x....             LDR.N    R0,??DataTable0
   \   000001CE   0x6BC0             LDR      R0,[R0, #+60]
   \   000001D0   0x....             LDR.N    R1,??DataTable0
   \   000001D2   0x6C09             LDR      R1,[R1, #+64]
   \   000001D4   0x.... 0x....      BL       __aeabi_fsub
   \   000001D8   0x.... 0x....      BL       __aeabi_f2d
   \   000001DC   0x....             LDR.N    R2,??DataTable0_4  ;; 0x9999999a
   \   000001DE   0x....             LDR.N    R3,??DataTable0_5  ;; 0x3fc99999
   \   000001E0   0x.... 0x....      BL       __aeabi_dmul
   \   000001E4   0x0022             MOVS     R2,R4
   \   000001E6   0x002B             MOVS     R3,R5
   \   000001E8   0x.... 0x....      BL       __aeabi_dadd
   \   000001EC   0x0004             MOVS     R4,R0
   \   000001EE   0x000D             MOVS     R5,R1
   \   000001F0   0x....             LDR.N    R0,??DataTable0
   \   000001F2   0x6C00             LDR      R0,[R0, #+64]
   \   000001F4   0x....             LDR.N    R1,??DataTable0
   \   000001F6   0x6C49             LDR      R1,[R1, #+68]
   \   000001F8   0x.... 0x....      BL       __aeabi_fsub
   \   000001FC   0x.... 0x....      BL       __aeabi_f2d
   \   00000200   0x....             LDR.N    R2,??DataTable0_4  ;; 0x9999999a
   \   00000202   0x....             LDR.N    R3,??DataTable0_5  ;; 0x3fc99999
   \   00000204   0x.... 0x....      BL       __aeabi_dmul
   \   00000208   0x0022             MOVS     R2,R4
   \   0000020A   0x002B             MOVS     R3,R5
   \   0000020C   0x.... 0x....      BL       __aeabi_dadd
   \   00000210   0x0032             MOVS     R2,R6
   \   00000212   0x003B             MOVS     R3,R7
   \   00000214   0x.... 0x....      BL       __aeabi_dmul
   \   00000218   0x.... 0x....      BL       __aeabi_d2f
   \   0000021C   0x.... 0x....      BL       abs
   \   00000220   0xEB10 0x0008      ADDS     R0,R0,R8
   \   00000224   0x....             LDR.N    R1,??DataTable0
   \   00000226   0xF8A1 0x005E      STRH     R0,[R1, #+94]
     59            }
     60            
     61            
     62            ctl.S3010.error[3]= ctl.S3010.error[2];
   \                     ??S3010_CTL_6: (+1)
   \   0000022A   0x....             LDR.N    R0,??DataTable0
   \   0000022C   0x6C00             LDR      R0,[R0, #+64]
   \   0000022E   0x....             LDR.N    R1,??DataTable0
   \   00000230   0x6448             STR      R0,[R1, #+68]
     63            ctl.S3010.error[2]= ctl.S3010.error[1];
   \   00000232   0x....             LDR.N    R0,??DataTable0
   \   00000234   0x6BC0             LDR      R0,[R0, #+60]
   \   00000236   0x....             LDR.N    R1,??DataTable0
   \   00000238   0x6408             STR      R0,[R1, #+64]
     64            ctl.S3010.error[1]= ctl.S3010.error[0];
   \   0000023A   0x....             LDR.N    R0,??DataTable0
   \   0000023C   0x6B80             LDR      R0,[R0, #+56]
   \   0000023E   0x....             LDR.N    R1,??DataTable0
   \   00000240   0x63C8             STR      R0,[R1, #+60]
     65            
     66            
     67            ctl.S3010.out = ctl.S3010.result[0] + 753;
   \   00000242   0x....             LDR.N    R0,??DataTable0
   \   00000244   0x6AC1             LDR      R1,[R0, #+44]
   \   00000246   0x....             LDR.N    R0,??DataTable0_7  ;; 0x443c4000
   \   00000248   0x.... 0x....      BL       __aeabi_fadd
   \   0000024C   0x....             LDR.N    R1,??DataTable0
   \   0000024E   0x6348             STR      R0,[R1, #+52]
     68            if ( ctl.S3010.out > 842 )
   \   00000250   0x....             LDR.N    R0,??DataTable0
   \   00000252   0x6B40             LDR      R0,[R0, #+52]
   \   00000254   0x....             LDR.N    R1,??DataTable0_8  ;; 0x44528001
   \   00000256   0x.... 0x....      BL       __aeabi_cfrcmple
   \   0000025A   0xD802             BHI.N    ??S3010_CTL_7
     69            {
     70              ctl.S3010.out = 842;
   \   0000025C   0x....             LDR.N    R0,??DataTable0_9  ;; 0x44528000
   \   0000025E   0x....             LDR.N    R1,??DataTable0
   \   00000260   0x6348             STR      R0,[R1, #+52]
     71            }
     72            if ( ctl.S3010.out < 664)
   \                     ??S3010_CTL_7: (+1)
   \   00000262   0x....             LDR.N    R0,??DataTable0
   \   00000264   0x6B40             LDR      R0,[R0, #+52]
   \   00000266   0x....             LDR.N    R1,??DataTable0_10  ;; 0x44260000
   \   00000268   0x.... 0x....      BL       __aeabi_cfcmple
   \   0000026C   0xD202             BCS.N    ??S3010_CTL_8
     73            {
     74              ctl.S3010.out = 664;
   \   0000026E   0x....             LDR.N    R0,??DataTable0_10  ;; 0x44260000
   \   00000270   0x....             LDR.N    R1,??DataTable0
   \   00000272   0x6348             STR      R0,[R1, #+52]
     75            }
     76            
     77            
     78            //最后控制结果的输出
     79            push(7,(ctl.S3010.out - 753 ));
   \                     ??S3010_CTL_8: (+1)
   \   00000274   0x....             LDR.N    R0,??DataTable0
   \   00000276   0x6B41             LDR      R1,[R0, #+52]
   \   00000278   0x....             LDR.N    R0,??DataTable0_11  ;; 0xc43c4000
   \   0000027A   0x.... 0x....      BL       __aeabi_fadd
   \   0000027E   0x.... 0x....      BL       __aeabi_f2iz
   \   00000282   0x0001             MOVS     R1,R0
   \   00000284   0xB289             UXTH     R1,R1            ;; ZeroExt  R1,R1,#+16,#+16
   \   00000286   0x2007             MOVS     R0,#+7
   \   00000288   0x.... 0x....      BL       `push`
     80          //  push(16,ctl.motto.v_error);
     81          
     82            
     83          }
   \   0000028C   0xE8BD 0x83F1      POP      {R0,R4-R9,PC}    ;; return
     84          
     85          
     86          

   \                                 In section .text, align 2, keep-with-next
     87          int16 abs(float A)
     88          
     89          {
   \                     abs: (+1)
   \   00000000   0xB538             PUSH     {R3-R5,LR}
   \   00000002   0x0004             MOVS     R4,R0
     90            int16 B;
     91            if(A >= 0)
   \   00000004   0x0020             MOVS     R0,R4
   \   00000006   0x2100             MOVS     R1,#+0
   \   00000008   0x.... 0x....      BL       __aeabi_cfrcmple
   \   0000000C   0xD804             BHI.N    ??abs_0
     92              B = A;
   \   0000000E   0x0020             MOVS     R0,R4
   \   00000010   0x.... 0x....      BL       __aeabi_f2iz
   \   00000014   0x0005             MOVS     R5,R0
   \   00000016   0xE005             B.N      ??abs_1
     93            else
     94              B = -A;
   \                     ??abs_0: (+1)
   \   00000018   0x0020             MOVS     R0,R4
   \   0000001A   0xF090 0x4000      EORS     R0,R0,#0x80000000
   \   0000001E   0x.... 0x....      BL       __aeabi_f2iz
   \   00000022   0x0005             MOVS     R5,R0
     95            
     96            return B;
   \                     ??abs_1: (+1)
   \   00000024   0x0028             MOVS     R0,R5
   \   00000026   0xB200             SXTH     R0,R0            ;; SignExt  R0,R0,#+16,#+16
   \   00000028   0xBD32             POP      {R1,R4,R5,PC}    ;; return
     97          }

   \                                 In section .text, align 4, keep-with-next
   \                     ??DataTable0:
   \   00000000   0x........         DC32     ctl

   \                                 In section .text, align 4, keep-with-next
   \                     ??DataTable0_1:
   \   00000000   0x........         DC32     flag_bihuan

   \                                 In section .text, align 4, keep-with-next
   \                     ??DataTable0_2:
   \   00000000   0x........         DC32     line

   \                                 In section .text, align 4, keep-with-next
   \                     ??DataTable0_3:
   \   00000000   0x3FE33333         DC32     0x3fe33333

   \                                 In section .text, align 4, keep-with-next
   \                     ??DataTable0_4:
   \   00000000   0x9999999A         DC32     0x9999999a

   \                                 In section .text, align 4, keep-with-next
   \                     ??DataTable0_5:
   \   00000000   0x3FC99999         DC32     0x3fc99999

   \                                 In section .text, align 4, keep-with-next
   \                     ??DataTable0_6:
   \   00000000   0x........         DC32     speed_up_Enable

   \                                 In section .text, align 4, keep-with-next
   \                     ??DataTable0_7:
   \   00000000   0x443C4000         DC32     0x443c4000

   \                                 In section .text, align 4, keep-with-next
   \                     ??DataTable0_8:
   \   00000000   0x44528001         DC32     0x44528001

   \                                 In section .text, align 4, keep-with-next
   \                     ??DataTable0_9:
   \   00000000   0x44528000         DC32     0x44528000

   \                                 In section .text, align 4, keep-with-next
   \                     ??DataTable0_10:
   \   00000000   0x44260000         DC32     0x44260000

   \                                 In section .text, align 4, keep-with-next
   \                     ??DataTable0_11:
   \   00000000   0xC43C4000         DC32     0xc43c4000

   Maximum stack usage in bytes:

   .cstack Function
   ------- --------
      32   S3010_CTL
        32   -> __aeabi_d2f
        32   -> __aeabi_dadd
        32   -> __aeabi_dmul
        32   -> __aeabi_f2d
        32   -> __aeabi_f2iz
        32   -> __aeabi_fadd
        32   -> __aeabi_fmul
        32   -> __aeabi_fsub
        32   -> __aeabi_i2f
        32   -> abs
        32   -> push
        32 __aeabi_cfcmple
        32 __aeabi_cfrcmple
      16   abs
        16   -> __aeabi_f2iz
        16 __aeabi_cfrcmple


   Section sizes:

   Bytes  Function/Label
   -----  --------------
       4  ??DataTable0
       4  ??DataTable0_1
       4  ??DataTable0_10
       4  ??DataTable0_11
       4  ??DataTable0_2
       4  ??DataTable0_3
       4  ??DataTable0_4
       4  ??DataTable0_5
       4  ??DataTable0_6
       4  ??DataTable0_7
       4  ??DataTable0_8
       4  ??DataTable0_9
     656  S3010_CTL
      42  abs

 
 746 bytes in section .text
 
 746 bytes of CODE memory

Errors: none
Warnings: 3
