###############################################################################
#
# IAR ANSI C/C++ Compiler V7.20.2.7424/W32 for ARM        08/Aug/2016  13:02:44
# Copyright 1999-2014 IAR Systems AB.
#
#    Cpu mode     =  thumb
#    Endian       =  little
#    Source file  =  
#        C:\百度云同步盘\比赛代码\LPLD_OSKinetis_V3\launch\NXP_(golden_cyprinoid)
#        冲击华南赛 1车\app\ITAC\GUI.c
#    Command line =  
#        "C:\百度云同步盘\比赛代码\LPLD_OSKinetis_V3\launch\NXP_(golden_cyprinoid)
#        冲击华南赛 1车\app\ITAC\GUI.c" -D LPLD_K60 -lCN
#        "C:\百度云同步盘\比赛代码\LPLD_OSKinetis_V3\launch\NXP_(golden_cyprinoid)
#        冲击华南赛 1车\iar\FLASH\List\" -lB
#        "C:\百度云同步盘\比赛代码\LPLD_OSKinetis_V3\launch\NXP_(golden_cyprinoid)
#        冲击华南赛 1车\iar\FLASH\List\" -o
#        "C:\百度云同步盘\比赛代码\LPLD_OSKinetis_V3\launch\NXP_(golden_cyprinoid)
#        冲击华南赛 1车\iar\FLASH\Obj\" --no_cse --no_unroll --no_inline
#        --no_code_motion --no_tbaa --no_clustering --no_scheduling --debug
#        --endian=little --cpu=Cortex-M4 -e --fpu=None --dlib_config
#        "C:\Program Files (x86)\IAR Systems\Embedded Workbench
#        7.0\arm\INC\c\DLib_Config_Normal.h" -I
#        "C:\百度云同步盘\比赛代码\LPLD_OSKinetis_V3\launch\NXP_(golden_cyprinoid)
#        冲击华南赛 1车\iar\..\app\" -I
#        "C:\百度云同步盘\比赛代码\LPLD_OSKinetis_V3\launch\NXP_(golden_cyprinoid)
#        冲击华南赛 1车\iar\..\app\BSP\" -I
#        "C:\百度云同步盘\比赛代码\LPLD_OSKinetis_V3\launch\NXP_(golden_cyprinoid)
#        冲击华南赛 1车\iar\..\app\ITAC\" -I
#        "C:\百度云同步盘\比赛代码\LPLD_OSKinetis_V3\launch\NXP_(golden_cyprinoid)
#        冲击华南赛 1车\iar\..\app\CTL\" -I
#        "C:\百度云同步盘\比赛代码\LPLD_OSKinetis_V3\launch\NXP_(golden_cyprinoid)
#        冲击华南赛 1车\iar\..\app\MAIN\" -I
#        "C:\百度云同步盘\比赛代码\LPLD_OSKinetis_V3\launch\NXP_(golden_cyprinoid)
#        冲击华南赛 1车\iar\..\app\SENSOR\" -I
#        "C:\百度云同步盘\比赛代码\LPLD_OSKinetis_V3\launch\NXP_(golden_cyprinoid)
#        冲击华南赛 1车\iar\..\..\..\lib\CPU\" -I
#        "C:\百度云同步盘\比赛代码\LPLD_OSKinetis_V3\launch\NXP_(golden_cyprinoid)
#        冲击华南赛 1车\iar\..\..\..\lib\common\" -I
#        "C:\百度云同步盘\比赛代码\LPLD_OSKinetis_V3\launch\NXP_(golden_cyprinoid)
#        冲击华南赛 1车\iar\..\..\..\lib\LPLD\" -I
#        "C:\百度云同步盘\比赛代码\LPLD_OSKinetis_V3\launch\NXP_(golden_cyprinoid)
#        冲击华南赛 1车\iar\..\..\..\lib\LPLD\HW\" -I
#        "C:\百度云同步盘\比赛代码\LPLD_OSKinetis_V3\launch\NXP_(golden_cyprinoid)
#        冲击华南赛 1车\iar\..\..\..\lib\LPLD\DEV\" -I
#        "C:\百度云同步盘\比赛代码\LPLD_OSKinetis_V3\launch\NXP_(golden_cyprinoid)
#        冲击华南赛 1车\iar\..\..\..\lib\uCOS-II\Ports\" -I
#        "C:\百度云同步盘\比赛代码\LPLD_OSKinetis_V3\launch\NXP_(golden_cyprinoid)
#        冲击华南赛 1车\iar\..\..\..\lib\uCOS-II\Source\" -I
#        "C:\百度云同步盘\比赛代码\LPLD_OSKinetis_V3\launch\NXP_(golden_cyprinoid)
#        冲击华南赛 1车\iar\..\..\..\lib\FatFs\" -I
#        "C:\百度云同步盘\比赛代码\LPLD_OSKinetis_V3\launch\NXP_(golden_cyprinoid)
#        冲击华南赛 1车\iar\..\..\..\lib\FatFs\option\" -I
#        "C:\百度云同步盘\比赛代码\LPLD_OSKinetis_V3\launch\NXP_(golden_cyprinoid)
#        冲击华南赛 1车\iar\..\..\..\lib\USB\common\" -I
#        "C:\百度云同步盘\比赛代码\LPLD_OSKinetis_V3\launch\NXP_(golden_cyprinoid)
#        冲击华南赛 1车\iar\..\..\..\lib\USB\driver\" -I
#        "C:\百度云同步盘\比赛代码\LPLD_OSKinetis_V3\launch\NXP_(golden_cyprinoid)
#        冲击华南赛 1车\iar\..\..\..\lib\USB\descriptor\" -I
#        "C:\百度云同步盘\比赛代码\LPLD_OSKinetis_V3\launch\NXP_(golden_cyprinoid)
#        冲击华南赛 1车\iar\..\..\..\lib\USB\class\" -On -I "C:\Program Files
#        (x86)\IAR Systems\Embedded Workbench 7.0\arm\CMSIS\Include\" -D
#        ARM_MATH_CM4
#    List file    =  
#        C:\百度云同步盘\比赛代码\LPLD_OSKinetis_V3\launch\NXP_(golden_cyprinoid)
#        冲击华南赛 1车\iar\FLASH\List\GUI.lst
#    Object file  =  
#        C:\百度云同步盘\比赛代码\LPLD_OSKinetis_V3\launch\NXP_(golden_cyprinoid)
#        冲击华南赛 1车\iar\FLASH\Obj\GUI.o
#
###############################################################################

C:\百度云同步盘\比赛代码\LPLD_OSKinetis_V3\launch\NXP_(golden_cyprinoid) 冲击华南赛 1车\app\ITAC\GUI.c
      1          //DDK
      2          //2016 3 14
      3          
      4          //   1车
      5          
      6          #include "include.h"
      7          

   \                                 In section .bss, align 4
      8          struct _GUI GUI;
   \                     GUI:
   \   00000000                      DS8 8
      9          
     10          /*人机交互开始工作
     11          在break之前，一直是大循环
     12          */
     13          

   \                                 In section .data, align 4
     14          int16 AIM_Buff[7]=
   \                     AIM_Buff:
   \   00000000   0x012C 0x0177      DC16 300, 375, 400, 425, 450, 475, 500
   \              0x0190 0x01A9
   \              0x01C2 0x01DB
   \              0x01F4       
   \   0000000E   0x00 0x00          DC8 0, 0
     15          {
     16            
     17            300,      //Step_Speed----1
     18            375,
     19            400,
     20            425,
     21            450,
     22            475,
     23            500,
     24          };
     25          

   \                                 In section .data, align 4
     26          int16 kaihuan_Buff[3]=
   \                     kaihuan_Buff:
   \   00000000   0x0BB8 0x0DAC      DC16 3000, 3500, 4000
   \              0x0FA0       
   \   00000006   0x00 0x00          DC8 0, 0
     27          {
     28            3000,
     29            3500,
     30            4000,
     31          };
     32          
     33          

   \                                 In section .data, align 4
     34          float Dir_Buff[34]={    
   \                     Dir_Buff:
   \   00000000   0x3EB851EC         DC32 3EB851ECH, 0H, 3EC7AE14H, 3E99999AH, 3EAE147BH, 3DCCCCCDH
   \              0x00000000   
   \              0x3EC7AE14   
   \              0x3E99999A   
   \              0x3EAE147B   
   \              0x3DCCCCCD   
   \   00000018   0x3EB851EC         DC32 3EB851ECH, 3E99999AH, 3EC7AE14H, 3F000000H, 3EAE147BH, 3DCCCCCDH
   \              0x3E99999A   
   \              0x3EC7AE14   
   \              0x3F000000   
   \              0x3EAE147B   
   \              0x3DCCCCCD   
   \   00000030   0x3EB851EC         DC32 3EB851ECH, 3F19999AH, 3EC7AE14H, 3F4CCCCDH, 3EAE147BH, 3DCCCCCDH
   \              0x3F19999A   
   \              0x3EC7AE14   
   \              0x3F4CCCCD   
   \              0x3EAE147B   
   \              0x3DCCCCCD   
   \   00000048   0x3EBD70A4         DC32 3EBD70A4H, 3F99999AH, 3ED1EB85H, 3FB33333H, 3EAE147BH, 3DCCCCCDH
   \              0x3F99999A   
   \              0x3ED1EB85   
   \              0x3FB33333   
   \              0x3EAE147B   
   \              0x3DCCCCCD   
   \   00000060   0x3EC28F5C         DC32 3EC28F5CH, 40000000H, 3ED1EB85H, 40133333H, 3EAE147BH, 3E99999AH
   \              0x40000000   
   \              0x3ED1EB85   
   \              0x40133333   
   \              0x3EAE147B   
   \              0x3E99999A   
   \   00000078   0x3EC28F5C         DC32 3EC28F5CH, 40266666H, 3ED1EB85H, 40333333H
   \              0x40266666   
   \              0x3ED1EB85   
   \              0x40333333   
     35            
     36            0.36,     //300
     37            0,      
     38              
     39            
     40            0.39,
     41            0.3,
     42            
     43            
     44            0.34,      //KP_S ――400
     45            0.1,      //KD_S
     46            0.36,     //KP_M
     47            0.3,      //KD_M
     48            0.39,     //KP_B
     49            0.5,      //KD_B
     50            
     51            
     52            0.34,//425  尽量不选
     53            0.1,
     54            0.36,
     55            0.6,
     56            0.39,
     57            0.8,
     58            
     59            0.34,//450
     60            0.1,
     61            0.37,
     62            1.2,
     63            0.41,
     64            1.4,
     65            
     66            0.34,//475    ++
     67            0.1,
     68            0.38,
     69            2,
     70            0.41,
     71            2.3,
     72            
     73            0.34,//500
     74            0.3,
     75            0.38,
     76            2.6,
     77            0.41,
     78            2.8,
     79          };
     80          

   \                                 In section .text, align 2, keep-with-next
     81          void GUI_work()
     82          {
   \                     GUI_work: (+1)
   \   00000000   0xB538             PUSH     {R3-R5,LR}
     83            uint8 key_temp = 0;
   \   00000002   0x2400             MOVS     R4,#+0
     84            //大循环
     85            
     86            GUI.page = 1;
   \   00000004   0x2001             MOVS     R0,#+1
   \   00000006   0x.... 0x....      LDR.W    R1,??DataTable6_5
   \   0000000A   0x7008             STRB     R0,[R1, #+0]
     87            GUI.point = 1;
   \   0000000C   0x2001             MOVS     R0,#+1
   \   0000000E   0x.... 0x....      LDR.W    R1,??DataTable6_5
   \   00000012   0x7048             STRB     R0,[R1, #+1]
     88            GUI.para.AI = 3;
   \   00000014   0x2003             MOVS     R0,#+3
   \   00000016   0x.... 0x....      LDR.W    R1,??DataTable6_5
   \   0000001A   0x7108             STRB     R0,[R1, #+4]
     89            for (;;)
     90            {
     91              //刷新液晶
     92              GUI_update();
   \                     ??GUI_work_0: (+1)
   \   0000001C   0x.... 0x....      BL       GUI_update
     93              //当不按键时，一直循环检测
     94              while ( !key_temp )
   \                     ??GUI_work_1: (+1)
   \   00000020   0xB2E4             UXTB     R4,R4            ;; ZeroExt  R4,R4,#+24,#+24
   \   00000022   0x2C00             CMP      R4,#+0
   \   00000024   0xD103             BNE.N    ??GUI_work_2
     95              { 
     96                key_temp = wait_key();
   \   00000026   0x.... 0x....      BL       wait_key
   \   0000002A   0x0004             MOVS     R4,R0
   \   0000002C   0xE7F8             B.N      ??GUI_work_1
     97              }
     98              //按键之后跳出，对按键值进行判定
     99              
    100              /*page，左右键*/
    101              //左键，左翻页
    102              if ( key_temp == 2 )
   \                     ??GUI_work_2: (+1)
   \   0000002E   0xB2E4             UXTB     R4,R4            ;; ZeroExt  R4,R4,#+24,#+24
   \   00000030   0x2C02             CMP      R4,#+2
   \   00000032   0xF040 0x80D6      BNE.W    ??GUI_work_3
    103              {
    104                if(GUI.page == 4)
   \   00000036   0x.... 0x....      LDR.W    R0,??DataTable6_5
   \   0000003A   0x7800             LDRB     R0,[R0, #+0]
   \   0000003C   0x2804             CMP      R0,#+4
   \   0000003E   0xF040 0x80BC      BNE.W    ??GUI_work_4
    105                {
    106                  //减参数
    107                  switch (GUI.point)
   \   00000042   0x.... 0x....      LDR.W    R0,??DataTable6_5
   \   00000046   0x7840             LDRB     R0,[R0, #+1]
   \   00000048   0x2801             CMP      R0,#+1
   \   0000004A   0xD007             BEQ.N    ??GUI_work_5
   \   0000004C   0xF0C0 0x80C9      BCC.W    ??GUI_work_3
   \   00000050   0x2803             CMP      R0,#+3
   \   00000052   0xD028             BEQ.N    ??GUI_work_6
   \   00000054   0xD313             BCC.N    ??GUI_work_7
   \   00000056   0x2804             CMP      R0,#+4
   \   00000058   0xD06A             BEQ.N    ??GUI_work_8
   \   0000005A   0xE0C2             B.N      ??GUI_work_3
    108                  {
    109                    case(1):
    110                      GUI.para.AI --;
   \                     ??GUI_work_5: (+1)
   \   0000005C   0x.... 0x....      LDR.W    R0,??DataTable6_5
   \   00000060   0x7900             LDRB     R0,[R0, #+4]
   \   00000062   0x1E40             SUBS     R0,R0,#+1
   \   00000064   0x.... 0x....      LDR.W    R1,??DataTable6_5
   \   00000068   0x7108             STRB     R0,[R1, #+4]
    111                      if (  GUI.para.AI < 1 )
   \   0000006A   0x.... 0x....      LDR.W    R0,??DataTable6_5
   \   0000006E   0x7900             LDRB     R0,[R0, #+4]
   \   00000070   0x2800             CMP      R0,#+0
   \   00000072   0xD103             BNE.N    ??GUI_work_9
    112                      {
    113                        GUI.para.AI = 1;
   \   00000074   0x2001             MOVS     R0,#+1
   \   00000076   0x.... 0x....      LDR.W    R1,??DataTable6_5
   \   0000007A   0x7108             STRB     R0,[R1, #+4]
    114                      }
    115                      break;
   \                     ??GUI_work_9: (+1)
   \   0000007C   0xE0B1             B.N      ??GUI_work_3
    116                      
    117                      case(2):
    118                        AIM_Buff[GUI.para.AI - 1] -= 25;
   \                     ??GUI_work_7: (+1)
   \   0000007E   0x.... 0x....      LDR.W    R0,??DataTable6_6
   \   00000082   0x.... 0x....      LDR.W    R1,??DataTable6_5
   \   00000086   0x7909             LDRB     R1,[R1, #+4]
   \   00000088   0xEB10 0x0041      ADDS     R0,R0,R1, LSL #+1
   \   0000008C   0x.... 0x....      LDR.W    R1,??DataTable6_6
   \   00000090   0x.... 0x....      LDR.W    R2,??DataTable6_5
   \   00000094   0x7912             LDRB     R2,[R2, #+4]
   \   00000096   0xEB11 0x0142      ADDS     R1,R1,R2, LSL #+1
   \   0000009A   0xF831 0x1C02      LDRH     R1,[R1, #-2]
   \   0000009E   0x3919             SUBS     R1,R1,#+25
   \   000000A0   0xF820 0x1C02      STRH     R1,[R0, #-2]
    119                        break;
   \   000000A4   0xE09D             B.N      ??GUI_work_3
    120                        
    121                        case(3):
    122                          if(GUI.para.AI < 3)
   \                     ??GUI_work_6: (+1)
   \   000000A6   0x.... 0x....      LDR.W    R0,??DataTable6_5
   \   000000AA   0x7900             LDRB     R0,[R0, #+4]
   \   000000AC   0x2803             CMP      R0,#+3
   \   000000AE   0xDA1E             BGE.N    ??GUI_work_10
    123                            Dir_Buff[GUI.para.AI * 2 - 2] -= 0.01;
   \   000000B0   0x.... 0x....      LDR.W    R0,??DataTable6_7
   \   000000B4   0x.... 0x....      LDR.W    R1,??DataTable6_5
   \   000000B8   0x7909             LDRB     R1,[R1, #+4]
   \   000000BA   0x0049             LSLS     R1,R1,#+1
   \   000000BC   0xEB10 0x0581      ADDS     R5,R0,R1, LSL #+2
   \   000000C0   0x.... 0x....      LDR.W    R0,??DataTable6_7
   \   000000C4   0x.... 0x....      LDR.W    R1,??DataTable6_5
   \   000000C8   0x7909             LDRB     R1,[R1, #+4]
   \   000000CA   0x0049             LSLS     R1,R1,#+1
   \   000000CC   0xEB10 0x0081      ADDS     R0,R0,R1, LSL #+2
   \   000000D0   0xF850 0x0C08      LDR      R0,[R0, #-8]
   \   000000D4   0x.... 0x....      BL       __aeabi_f2d
   \   000000D8   0x.... 0x....      LDR.W    R2,??DataTable6_8  ;; 0x47ae147b
   \   000000DC   0x.... 0x....      LDR.W    R3,??DataTable6_9  ;; 0xbf847ae1
   \   000000E0   0x.... 0x....      BL       __aeabi_dadd
   \   000000E4   0x.... 0x....      BL       __aeabi_d2f
   \   000000E8   0xF845 0x0C08      STR      R0,[R5, #-8]
   \   000000EC   0xE01F             B.N      ??GUI_work_11
    124                          else
    125                            Dir_Buff[GUI.para.AI * 6 - 11] -= 0.1;
   \                     ??GUI_work_10: (+1)
   \   000000EE   0x.... 0x....      LDR.W    R0,??DataTable6_7
   \   000000F2   0x.... 0x....      LDR.W    R1,??DataTable6_5
   \   000000F6   0x7909             LDRB     R1,[R1, #+4]
   \   000000F8   0x2206             MOVS     R2,#+6
   \   000000FA   0x4351             MULS     R1,R2,R1
   \   000000FC   0xEB10 0x0581      ADDS     R5,R0,R1, LSL #+2
   \   00000100   0x.... 0x....      LDR.W    R0,??DataTable6_7
   \   00000104   0x.... 0x....      LDR.W    R1,??DataTable6_5
   \   00000108   0x7909             LDRB     R1,[R1, #+4]
   \   0000010A   0x2206             MOVS     R2,#+6
   \   0000010C   0x4351             MULS     R1,R2,R1
   \   0000010E   0xEB10 0x0081      ADDS     R0,R0,R1, LSL #+2
   \   00000112   0xF850 0x0C2C      LDR      R0,[R0, #-44]
   \   00000116   0x.... 0x....      BL       __aeabi_f2d
   \   0000011A   0x.... 0x....      LDR.W    R2,??DataTable6_10  ;; 0x9999999a
   \   0000011E   0x.... 0x....      LDR.W    R3,??DataTable6_11  ;; 0xbfb99999
   \   00000122   0x.... 0x....      BL       __aeabi_dadd
   \   00000126   0x.... 0x....      BL       __aeabi_d2f
   \   0000012A   0xF845 0x0C2C      STR      R0,[R5, #-44]
    126                          break;
   \                     ??GUI_work_11: (+1)
   \   0000012E   0xE058             B.N      ??GUI_work_3
    127                          
    128                          case(4):
    129                            if(GUI.para.AI < 3)
   \                     ??GUI_work_8: (+1)
   \   00000130   0x.... 0x....      LDR.W    R0,??DataTable6_5
   \   00000134   0x7900             LDRB     R0,[R0, #+4]
   \   00000136   0x2803             CMP      R0,#+3
   \   00000138   0xDA1E             BGE.N    ??GUI_work_12
    130                              Dir_Buff[GUI.para.AI * 2 - 2] -= 0.1;
   \   0000013A   0x.... 0x....      LDR.W    R0,??DataTable6_7
   \   0000013E   0x.... 0x....      LDR.W    R1,??DataTable6_5
   \   00000142   0x7909             LDRB     R1,[R1, #+4]
   \   00000144   0x0049             LSLS     R1,R1,#+1
   \   00000146   0xEB10 0x0581      ADDS     R5,R0,R1, LSL #+2
   \   0000014A   0x.... 0x....      LDR.W    R0,??DataTable6_7
   \   0000014E   0x.... 0x....      LDR.W    R1,??DataTable6_5
   \   00000152   0x7909             LDRB     R1,[R1, #+4]
   \   00000154   0x0049             LSLS     R1,R1,#+1
   \   00000156   0xEB10 0x0081      ADDS     R0,R0,R1, LSL #+2
   \   0000015A   0xF850 0x0C08      LDR      R0,[R0, #-8]
   \   0000015E   0x.... 0x....      BL       __aeabi_f2d
   \   00000162   0x.... 0x....      LDR.W    R2,??DataTable6_10  ;; 0x9999999a
   \   00000166   0x.... 0x....      LDR.W    R3,??DataTable6_11  ;; 0xbfb99999
   \   0000016A   0x.... 0x....      BL       __aeabi_dadd
   \   0000016E   0x.... 0x....      BL       __aeabi_d2f
   \   00000172   0xF845 0x0C08      STR      R0,[R5, #-8]
   \   00000176   0xE01F             B.N      ??GUI_work_13
    131                            else
    132                              Dir_Buff[GUI.para.AI * 6 - 9] -= 0.1;
   \                     ??GUI_work_12: (+1)
   \   00000178   0x.... 0x....      LDR.W    R0,??DataTable6_7
   \   0000017C   0x.... 0x....      LDR.W    R1,??DataTable6_5
   \   00000180   0x7909             LDRB     R1,[R1, #+4]
   \   00000182   0x2206             MOVS     R2,#+6
   \   00000184   0x4351             MULS     R1,R2,R1
   \   00000186   0xEB10 0x0581      ADDS     R5,R0,R1, LSL #+2
   \   0000018A   0x.... 0x....      LDR.W    R0,??DataTable6_7
   \   0000018E   0x.... 0x....      LDR.W    R1,??DataTable6_5
   \   00000192   0x7909             LDRB     R1,[R1, #+4]
   \   00000194   0x2206             MOVS     R2,#+6
   \   00000196   0x4351             MULS     R1,R2,R1
   \   00000198   0xEB10 0x0081      ADDS     R0,R0,R1, LSL #+2
   \   0000019C   0xF850 0x0C24      LDR      R0,[R0, #-36]
   \   000001A0   0x.... 0x....      BL       __aeabi_f2d
   \   000001A4   0x.... 0x....      LDR.W    R2,??DataTable6_10  ;; 0x9999999a
   \   000001A8   0x.... 0x....      LDR.W    R3,??DataTable6_11  ;; 0xbfb99999
   \   000001AC   0x.... 0x....      BL       __aeabi_dadd
   \   000001B0   0x.... 0x....      BL       __aeabi_d2f
   \   000001B4   0xF845 0x0C24      STR      R0,[R5, #-36]
    133                            break;
   \                     ??GUI_work_13: (+1)
   \   000001B8   0xE013             B.N      ??GUI_work_3
    134                            
    135                  }
    136                }
    137                else
    138                {
    139                  GUI.page --;
   \                     ??GUI_work_4: (+1)
   \   000001BA   0x.... 0x....      LDR.W    R0,??DataTable6_5
   \   000001BE   0x7800             LDRB     R0,[R0, #+0]
   \   000001C0   0x1E40             SUBS     R0,R0,#+1
   \   000001C2   0x.... 0x....      LDR.W    R1,??DataTable6_5
   \   000001C6   0x7008             STRB     R0,[R1, #+0]
    140                  //最小1页
    141                  if ( GUI.page < 1 )
   \   000001C8   0x.... 0x....      LDR.W    R0,??DataTable6_5
   \   000001CC   0x7800             LDRB     R0,[R0, #+0]
   \   000001CE   0x2800             CMP      R0,#+0
   \   000001D0   0xD103             BNE.N    ??GUI_work_14
    142                  {
    143                    GUI.page = 1;
   \   000001D2   0x2001             MOVS     R0,#+1
   \   000001D4   0x.... 0x....      LDR.W    R1,??DataTable6_5
   \   000001D8   0x7008             STRB     R0,[R1, #+0]
    144                  }
    145                  GUI.point = 1;
   \                     ??GUI_work_14: (+1)
   \   000001DA   0x2001             MOVS     R0,#+1
   \   000001DC   0x.... 0x....      LDR.W    R1,??DataTable6_5
   \   000001E0   0x7048             STRB     R0,[R1, #+1]
    146                }
    147              }
    148              
    149              //右键，右翻页
    150              if ( key_temp == 3 )
   \                     ??GUI_work_3: (+1)
   \   000001E2   0xB2E4             UXTB     R4,R4            ;; ZeroExt  R4,R4,#+24,#+24
   \   000001E4   0x2C03             CMP      R4,#+3
   \   000001E6   0xF040 0x80E7      BNE.W    ??GUI_work_15
    151              {
    152                
    153                if ( GUI.page == 5 )//发车
   \   000001EA   0x.... 0x....      LDR.W    R0,??DataTable6_5
   \   000001EE   0x7800             LDRB     R0,[R0, #+0]
   \   000001F0   0x2805             CMP      R0,#+5
   \   000001F2   0xF000 0x8184      BEQ.W    ??GUI_work_16
    154                {
    155                  //退出人机交互函数，进入发车运行状态
    156                  break;
    157                }
    158                
    159                if(GUI.page == 4)
   \                     ??GUI_work_17: (+1)
   \   000001F6   0x.... 0x....      LDR.W    R0,??DataTable6_5
   \   000001FA   0x7800             LDRB     R0,[R0, #+0]
   \   000001FC   0x2804             CMP      R0,#+4
   \   000001FE   0xF040 0x80BC      BNE.W    ??GUI_work_18
    160                {
    161                  //加参数
    162                  switch (GUI.point)
   \   00000202   0x.... 0x....      LDR.W    R0,??DataTable6_5
   \   00000206   0x7840             LDRB     R0,[R0, #+1]
   \   00000208   0x2801             CMP      R0,#+1
   \   0000020A   0xD007             BEQ.N    ??GUI_work_19
   \   0000020C   0xF0C0 0x80D4      BCC.W    ??GUI_work_15
   \   00000210   0x2803             CMP      R0,#+3
   \   00000212   0xD028             BEQ.N    ??GUI_work_20
   \   00000214   0xD313             BCC.N    ??GUI_work_21
   \   00000216   0x2804             CMP      R0,#+4
   \   00000218   0xD06A             BEQ.N    ??GUI_work_22
   \   0000021A   0xE0CD             B.N      ??GUI_work_15
    163                  {
    164                    case(1):
    165                      GUI.para.AI ++;
   \                     ??GUI_work_19: (+1)
   \   0000021C   0x.... 0x....      LDR.W    R0,??DataTable6_5
   \   00000220   0x7900             LDRB     R0,[R0, #+4]
   \   00000222   0x1C40             ADDS     R0,R0,#+1
   \   00000224   0x.... 0x....      LDR.W    R1,??DataTable6_5
   \   00000228   0x7108             STRB     R0,[R1, #+4]
    166                      if (  GUI.para.AI > 7 )
   \   0000022A   0x.... 0x....      LDR.W    R0,??DataTable6_5
   \   0000022E   0x7900             LDRB     R0,[R0, #+4]
   \   00000230   0x2808             CMP      R0,#+8
   \   00000232   0xDB03             BLT.N    ??GUI_work_23
    167                      {
    168                        GUI.para.AI = 1;
   \   00000234   0x2001             MOVS     R0,#+1
   \   00000236   0x.... 0x....      LDR.W    R1,??DataTable6_5
   \   0000023A   0x7108             STRB     R0,[R1, #+4]
    169                      }
    170                      break;
   \                     ??GUI_work_23: (+1)
   \   0000023C   0xE0BC             B.N      ??GUI_work_15
    171                      
    172                      case(2):
    173                        AIM_Buff[GUI.para.AI - 1] += 25;
   \                     ??GUI_work_21: (+1)
   \   0000023E   0x.... 0x....      LDR.W    R0,??DataTable6_6
   \   00000242   0x.... 0x....      LDR.W    R1,??DataTable6_5
   \   00000246   0x7909             LDRB     R1,[R1, #+4]
   \   00000248   0xEB10 0x0041      ADDS     R0,R0,R1, LSL #+1
   \   0000024C   0x.... 0x....      LDR.W    R1,??DataTable6_6
   \   00000250   0x.... 0x....      LDR.W    R2,??DataTable6_5
   \   00000254   0x7912             LDRB     R2,[R2, #+4]
   \   00000256   0xEB11 0x0142      ADDS     R1,R1,R2, LSL #+1
   \   0000025A   0xF831 0x1C02      LDRH     R1,[R1, #-2]
   \   0000025E   0x3119             ADDS     R1,R1,#+25
   \   00000260   0xF820 0x1C02      STRH     R1,[R0, #-2]
    174                        break;
   \   00000264   0xE0A8             B.N      ??GUI_work_15
    175                        
    176                        case(3):
    177                          if(GUI.para.AI < 3)
   \                     ??GUI_work_20: (+1)
   \   00000266   0x.... 0x....      LDR.W    R0,??DataTable6_5
   \   0000026A   0x7900             LDRB     R0,[R0, #+4]
   \   0000026C   0x2803             CMP      R0,#+3
   \   0000026E   0xDA1E             BGE.N    ??GUI_work_24
    178                            Dir_Buff[GUI.para.AI * 2 - 2] += 0.01;
   \   00000270   0x.... 0x....      LDR.W    R0,??DataTable6_7
   \   00000274   0x.... 0x....      LDR.W    R1,??DataTable6_5
   \   00000278   0x7909             LDRB     R1,[R1, #+4]
   \   0000027A   0x0049             LSLS     R1,R1,#+1
   \   0000027C   0xEB10 0x0581      ADDS     R5,R0,R1, LSL #+2
   \   00000280   0x.... 0x....      LDR.W    R0,??DataTable6_7
   \   00000284   0x.... 0x....      LDR.W    R1,??DataTable6_5
   \   00000288   0x7909             LDRB     R1,[R1, #+4]
   \   0000028A   0x0049             LSLS     R1,R1,#+1
   \   0000028C   0xEB10 0x0081      ADDS     R0,R0,R1, LSL #+2
   \   00000290   0xF850 0x0C08      LDR      R0,[R0, #-8]
   \   00000294   0x.... 0x....      BL       __aeabi_f2d
   \   00000298   0x.... 0x....      LDR.W    R2,??DataTable6_8  ;; 0x47ae147b
   \   0000029C   0x.... 0x....      LDR.W    R3,??DataTable6_12  ;; 0x3f847ae1
   \   000002A0   0x.... 0x....      BL       __aeabi_dadd
   \   000002A4   0x.... 0x....      BL       __aeabi_d2f
   \   000002A8   0xF845 0x0C08      STR      R0,[R5, #-8]
   \   000002AC   0xE01F             B.N      ??GUI_work_25
    179                          else
    180                            Dir_Buff[GUI.para.AI * 6 - 11] += 0.1;
   \                     ??GUI_work_24: (+1)
   \   000002AE   0x.... 0x....      LDR.W    R0,??DataTable6_7
   \   000002B2   0x.... 0x....      LDR.W    R1,??DataTable6_5
   \   000002B6   0x7909             LDRB     R1,[R1, #+4]
   \   000002B8   0x2206             MOVS     R2,#+6
   \   000002BA   0x4351             MULS     R1,R2,R1
   \   000002BC   0xEB10 0x0581      ADDS     R5,R0,R1, LSL #+2
   \   000002C0   0x.... 0x....      LDR.W    R0,??DataTable6_7
   \   000002C4   0x.... 0x....      LDR.W    R1,??DataTable6_5
   \   000002C8   0x7909             LDRB     R1,[R1, #+4]
   \   000002CA   0x2206             MOVS     R2,#+6
   \   000002CC   0x4351             MULS     R1,R2,R1
   \   000002CE   0xEB10 0x0081      ADDS     R0,R0,R1, LSL #+2
   \   000002D2   0xF850 0x0C2C      LDR      R0,[R0, #-44]
   \   000002D6   0x.... 0x....      BL       __aeabi_f2d
   \   000002DA   0x.... 0x....      LDR.W    R2,??DataTable6_10  ;; 0x9999999a
   \   000002DE   0x.... 0x....      LDR.W    R3,??DataTable6_13  ;; 0x3fb99999
   \   000002E2   0x.... 0x....      BL       __aeabi_dadd
   \   000002E6   0x.... 0x....      BL       __aeabi_d2f
   \   000002EA   0xF845 0x0C2C      STR      R0,[R5, #-44]
    181                          break;
   \                     ??GUI_work_25: (+1)
   \   000002EE   0xE063             B.N      ??GUI_work_15
    182                          
    183                          case(4):
    184                            if(GUI.para.AI < 3)
   \                     ??GUI_work_22: (+1)
   \   000002F0   0x.... 0x....      LDR.W    R0,??DataTable6_5
   \   000002F4   0x7900             LDRB     R0,[R0, #+4]
   \   000002F6   0x2803             CMP      R0,#+3
   \   000002F8   0xDA1E             BGE.N    ??GUI_work_26
    185                              Dir_Buff[GUI.para.AI * 2 - 2] += 0.1;
   \   000002FA   0x.... 0x....      LDR.W    R0,??DataTable6_7
   \   000002FE   0x.... 0x....      LDR.W    R1,??DataTable6_5
   \   00000302   0x7909             LDRB     R1,[R1, #+4]
   \   00000304   0x0049             LSLS     R1,R1,#+1
   \   00000306   0xEB10 0x0581      ADDS     R5,R0,R1, LSL #+2
   \   0000030A   0x.... 0x....      LDR.W    R0,??DataTable6_7
   \   0000030E   0x.... 0x....      LDR.W    R1,??DataTable6_5
   \   00000312   0x7909             LDRB     R1,[R1, #+4]
   \   00000314   0x0049             LSLS     R1,R1,#+1
   \   00000316   0xEB10 0x0081      ADDS     R0,R0,R1, LSL #+2
   \   0000031A   0xF850 0x0C08      LDR      R0,[R0, #-8]
   \   0000031E   0x.... 0x....      BL       __aeabi_f2d
   \   00000322   0x.... 0x....      LDR.W    R2,??DataTable6_10  ;; 0x9999999a
   \   00000326   0x.... 0x....      LDR.W    R3,??DataTable6_13  ;; 0x3fb99999
   \   0000032A   0x.... 0x....      BL       __aeabi_dadd
   \   0000032E   0x.... 0x....      BL       __aeabi_d2f
   \   00000332   0xF845 0x0C08      STR      R0,[R5, #-8]
   \   00000336   0xE01F             B.N      ??GUI_work_27
    186                            else
    187                              Dir_Buff[GUI.para.AI * 6 - 9] += 0.1;
   \                     ??GUI_work_26: (+1)
   \   00000338   0x.... 0x....      LDR.W    R0,??DataTable6_7
   \   0000033C   0x.... 0x....      LDR.W    R1,??DataTable6_5
   \   00000340   0x7909             LDRB     R1,[R1, #+4]
   \   00000342   0x2206             MOVS     R2,#+6
   \   00000344   0x4351             MULS     R1,R2,R1
   \   00000346   0xEB10 0x0581      ADDS     R5,R0,R1, LSL #+2
   \   0000034A   0x.... 0x....      LDR.W    R0,??DataTable6_7
   \   0000034E   0x.... 0x....      LDR.W    R1,??DataTable6_5
   \   00000352   0x7909             LDRB     R1,[R1, #+4]
   \   00000354   0x2206             MOVS     R2,#+6
   \   00000356   0x4351             MULS     R1,R2,R1
   \   00000358   0xEB10 0x0081      ADDS     R0,R0,R1, LSL #+2
   \   0000035C   0xF850 0x0C24      LDR      R0,[R0, #-36]
   \   00000360   0x.... 0x....      BL       __aeabi_f2d
   \   00000364   0x.... 0x....      LDR.W    R2,??DataTable6_10  ;; 0x9999999a
   \   00000368   0x.... 0x....      LDR.W    R3,??DataTable6_13  ;; 0x3fb99999
   \   0000036C   0x.... 0x....      BL       __aeabi_dadd
   \   00000370   0x.... 0x....      BL       __aeabi_d2f
   \   00000374   0xF845 0x0C24      STR      R0,[R5, #-36]
    188                            break;
   \                     ??GUI_work_27: (+1)
   \   00000378   0xE01E             B.N      ??GUI_work_15
    189                  }
    190                }
    191                else
    192                {
    193                  
    194                  GUI.page ++;
   \                     ??GUI_work_18: (+1)
   \   0000037A   0x.... 0x....      LDR.W    R0,??DataTable6_5
   \   0000037E   0x7800             LDRB     R0,[R0, #+0]
   \   00000380   0x1C40             ADDS     R0,R0,#+1
   \   00000382   0x.... 0x....      LDR.W    R1,??DataTable6_5
   \   00000386   0x7008             STRB     R0,[R1, #+0]
    195                  
    196                  if ( GUI.page == 3 )   //标定后初始化定时器
   \   00000388   0x.... 0x....      LDR.W    R0,??DataTable6_5
   \   0000038C   0x7800             LDRB     R0,[R0, #+0]
   \   0000038E   0x2803             CMP      R0,#+3
   \   00000390   0xD105             BNE.N    ??GUI_work_28
    197                  {
    198                    PIT1_init();//控制系统时钟 //暂定10ms
   \   00000392   0x.... 0x....      BL       PIT1_init
    199                    PIT0_init();//主系统时钟 //1MS 一次中断
   \   00000396   0x.... 0x....      BL       PIT0_init
    200                    NVIC_init();
   \   0000039A   0x.... 0x....      BL       NVIC_init
    201                  }
    202                  
    203                  //最多6页，不够再加
    204                  if ( GUI.page > 5 )
   \                     ??GUI_work_28: (+1)
   \   0000039E   0x.... 0x....      LDR.W    R0,??DataTable6_5
   \   000003A2   0x7800             LDRB     R0,[R0, #+0]
   \   000003A4   0x2806             CMP      R0,#+6
   \   000003A6   0xDB03             BLT.N    ??GUI_work_29
    205                  {
    206                    GUI.page = 5;
   \   000003A8   0x2005             MOVS     R0,#+5
   \   000003AA   0x.... 0x....      LDR.W    R1,??DataTable6_5
   \   000003AE   0x7008             STRB     R0,[R1, #+0]
    207                  }
    208                  GUI.point = 1;
   \                     ??GUI_work_29: (+1)
   \   000003B0   0x2001             MOVS     R0,#+1
   \   000003B2   0x.... 0x....      LDR.W    R1,??DataTable6_5
   \   000003B6   0x7048             STRB     R0,[R1, #+1]
    209                }
    210              }
    211              
    212              //上键 目前只能在第二/4页操作
    213              if ( key_temp == 1 && (GUI.page == 2 ||GUI.page == 4 ))
   \                     ??GUI_work_15: (+1)
   \   000003B8   0xB2E4             UXTB     R4,R4            ;; ZeroExt  R4,R4,#+24,#+24
   \   000003BA   0x2C01             CMP      R4,#+1
   \   000003BC   0xD119             BNE.N    ??GUI_work_30
   \   000003BE   0x.... 0x....      LDR.W    R0,??DataTable6_5
   \   000003C2   0x7800             LDRB     R0,[R0, #+0]
   \   000003C4   0x2802             CMP      R0,#+2
   \   000003C6   0xD004             BEQ.N    ??GUI_work_31
   \   000003C8   0x.... 0x....      LDR.W    R0,??DataTable6_5
   \   000003CC   0x7800             LDRB     R0,[R0, #+0]
   \   000003CE   0x2804             CMP      R0,#+4
   \   000003D0   0xD10F             BNE.N    ??GUI_work_30
    214              {
    215                
    216                GUI.point --;
   \                     ??GUI_work_31: (+1)
   \   000003D2   0x.... 0x....      LDR.W    R0,??DataTable6_5
   \   000003D6   0x7840             LDRB     R0,[R0, #+1]
   \   000003D8   0x1E40             SUBS     R0,R0,#+1
   \   000003DA   0x.... 0x....      LDR.W    R1,??DataTable6_5
   \   000003DE   0x7048             STRB     R0,[R1, #+1]
    217                if ( GUI.point < 1 )
   \   000003E0   0x.... 0x....      LDR.W    R0,??DataTable6_5
   \   000003E4   0x7840             LDRB     R0,[R0, #+1]
   \   000003E6   0x2800             CMP      R0,#+0
   \   000003E8   0xD103             BNE.N    ??GUI_work_30
    218                {
    219                  GUI.point = 1;
   \   000003EA   0x2001             MOVS     R0,#+1
   \   000003EC   0x.... 0x....      LDR.W    R1,??DataTable6_5
   \   000003F0   0x7048             STRB     R0,[R1, #+1]
    220                }
    221              }
    222              
    223              //下键，目前只能在第三/4页操作
    224              if ( key_temp == 4 && (GUI.page == 2 || GUI.page == 4 || GUI.page == 5))
   \                     ??GUI_work_30: (+1)
   \   000003F2   0xB2E4             UXTB     R4,R4            ;; ZeroExt  R4,R4,#+24,#+24
   \   000003F4   0x2C04             CMP      R4,#+4
   \   000003F6   0xD123             BNE.N    ??GUI_work_32
   \   000003F8   0x.... 0x....      LDR.W    R0,??DataTable6_5
   \   000003FC   0x7800             LDRB     R0,[R0, #+0]
   \   000003FE   0x2802             CMP      R0,#+2
   \   00000400   0xD009             BEQ.N    ??GUI_work_33
   \   00000402   0x.... 0x....      LDR.W    R0,??DataTable6_5
   \   00000406   0x7800             LDRB     R0,[R0, #+0]
   \   00000408   0x2804             CMP      R0,#+4
   \   0000040A   0xD004             BEQ.N    ??GUI_work_33
   \   0000040C   0x.... 0x....      LDR.W    R0,??DataTable6_5
   \   00000410   0x7800             LDRB     R0,[R0, #+0]
   \   00000412   0x2805             CMP      R0,#+5
   \   00000414   0xD114             BNE.N    ??GUI_work_32
    225              {
    226                if ( GUI.page == 5 )//发车
   \                     ??GUI_work_33: (+1)
   \   00000416   0x.... 0x....      LDR.W    R0,??DataTable6_5
   \   0000041A   0x7800             LDRB     R0,[R0, #+0]
   \   0000041C   0x2805             CMP      R0,#+5
   \   0000041E   0xD06E             BEQ.N    ??GUI_work_16
    227                {
    228                  //退出人机交互函数，进入发车运行状态
    229                  break;
    230                }
    231                
    232                GUI.point ++ ;
   \                     ??GUI_work_34: (+1)
   \   00000420   0x.... 0x....      LDR.W    R0,??DataTable6_5
   \   00000424   0x7840             LDRB     R0,[R0, #+1]
   \   00000426   0x1C40             ADDS     R0,R0,#+1
   \   00000428   0x.... 0x....      LDR.W    R1,??DataTable6_5
   \   0000042C   0x7048             STRB     R0,[R1, #+1]
    233                if ( GUI.point > 4 )
   \   0000042E   0x.... 0x....      LDR.W    R0,??DataTable6_5
   \   00000432   0x7840             LDRB     R0,[R0, #+1]
   \   00000434   0x2805             CMP      R0,#+5
   \   00000436   0xDB03             BLT.N    ??GUI_work_32
    234                {
    235                  GUI.point = 4;
   \   00000438   0x2004             MOVS     R0,#+4
   \   0000043A   0x.... 0x....      LDR.W    R1,??DataTable6_5
   \   0000043E   0x7048             STRB     R0,[R1, #+1]
    236                }
    237              }
    238              
    239              //确认键，根据需要写条件
    240              if ( key_temp == 5 )
   \                     ??GUI_work_32: (+1)
   \   00000440   0xB2E4             UXTB     R4,R4            ;; ZeroExt  R4,R4,#+24,#+24
   \   00000442   0x2C05             CMP      R4,#+5
   \   00000444   0xD158             BNE.N    ??GUI_work_35
    241              {
    242                //在第二页
    243                if ( GUI.page == 2)
   \   00000446   0x.... 0x....      LDR.W    R0,??DataTable6_5
   \   0000044A   0x7800             LDRB     R0,[R0, #+0]
   \   0000044C   0x2802             CMP      R0,#+2
   \   0000044E   0xD13E             BNE.N    ??GUI_work_36
    244                {
    245                  switch (GUI.point)
   \   00000450   0x.... 0x....      LDR.W    R0,??DataTable6_5
   \   00000454   0x7840             LDRB     R0,[R0, #+1]
   \   00000456   0x2801             CMP      R0,#+1
   \   00000458   0xD006             BEQ.N    ??GUI_work_37
   \   0000045A   0xD338             BCC.N    ??GUI_work_36
   \   0000045C   0x2803             CMP      R0,#+3
   \   0000045E   0xD015             BEQ.N    ??GUI_work_38
   \   00000460   0xD305             BCC.N    ??GUI_work_39
   \   00000462   0x2804             CMP      R0,#+4
   \   00000464   0xD023             BEQ.N    ??GUI_work_40
   \   00000466   0xE032             B.N      ??GUI_work_36
    246                  {
    247                    case(1): 
    248                      sensor_isr();
   \                     ??GUI_work_37: (+1)
   \   00000468   0x.... 0x....      BL       sensor_isr
    249                      break; //调用传感器校准函数
   \   0000046C   0xE02F             B.N      ??GUI_work_36
    250                      
    251                      case(2):
    252                        debug_Enable = !debug_Enable;
   \                     ??GUI_work_39: (+1)
   \   0000046E   0x.... 0x....      LDR.W    R0,??DataTable6_14
   \   00000472   0x7800             LDRB     R0,[R0, #+0]
   \   00000474   0x2800             CMP      R0,#+0
   \   00000476   0xD104             BNE.N    ??GUI_work_41
   \   00000478   0x2001             MOVS     R0,#+1
   \   0000047A   0x.... 0x....      LDR.W    R1,??DataTable6_14
   \   0000047E   0x7008             STRB     R0,[R1, #+0]
   \   00000480   0xE003             B.N      ??GUI_work_42
   \                     ??GUI_work_41: (+1)
   \   00000482   0x2000             MOVS     R0,#+0
   \   00000484   0x.... 0x....      LDR.W    R1,??DataTable6_14
   \   00000488   0x7008             STRB     R0,[R1, #+0]
    253                        break;
   \                     ??GUI_work_42: (+1)
   \   0000048A   0xE020             B.N      ??GUI_work_36
    254                        
    255                        case(3):
    256                          dec_sec += 3;
   \                     ??GUI_work_38: (+1)
   \   0000048C   0x.... 0x....      LDR.W    R0,??DataTable6_15
   \   00000490   0x7800             LDRB     R0,[R0, #+0]
   \   00000492   0x1CC0             ADDS     R0,R0,#+3
   \   00000494   0x.... 0x....      LDR.W    R1,??DataTable6_15
   \   00000498   0x7008             STRB     R0,[R1, #+0]
    257                          if(dec_sec > 12)
   \   0000049A   0x.... 0x....      LDR.W    R0,??DataTable6_15
   \   0000049E   0x7800             LDRB     R0,[R0, #+0]
   \   000004A0   0x280D             CMP      R0,#+13
   \   000004A2   0xDB03             BLT.N    ??GUI_work_43
    258                          {
    259                            dec_sec = 3;
   \   000004A4   0x2003             MOVS     R0,#+3
   \   000004A6   0x.... 0x....      LDR.W    R1,??DataTable6_15
   \   000004AA   0x7008             STRB     R0,[R1, #+0]
    260                          }
    261                          break;
   \                     ??GUI_work_43: (+1)
   \   000004AC   0xE00F             B.N      ??GUI_work_36
    262                          
    263                          case(4):
    264                            GUI.para.endline_time += 3;
   \                     ??GUI_work_40: (+1)
   \   000004AE   0x.... 0x....      LDR.W    R0,??DataTable6_5
   \   000004B2   0x78C0             LDRB     R0,[R0, #+3]
   \   000004B4   0x1CC0             ADDS     R0,R0,#+3
   \   000004B6   0x.... 0x....      LDR.W    R1,??DataTable6_5
   \   000004BA   0x70C8             STRB     R0,[R1, #+3]
    265                            if(GUI.para.endline_time > 40)
   \   000004BC   0x.... 0x....      LDR.W    R0,??DataTable6_5
   \   000004C0   0x78C0             LDRB     R0,[R0, #+3]
   \   000004C2   0x2829             CMP      R0,#+41
   \   000004C4   0xDB03             BLT.N    ??GUI_work_44
    266                            {
    267                              GUI.para.endline_time = 10;
   \   000004C6   0x200A             MOVS     R0,#+10
   \   000004C8   0x.... 0x....      LDR.W    R1,??DataTable6_5
   \   000004CC   0x70C8             STRB     R0,[R1, #+3]
    268                            }
    269                            break;
    270                            
    271                  }
    272                }
    273                //在开始比赛界面
    274                if ( GUI.page == 5 )
   \                     ??GUI_work_44: (+1)
   \                     ??GUI_work_36: (+1)
   \   000004CE   0x.... 0x....      LDR.W    R0,??DataTable6_5
   \   000004D2   0x7800             LDRB     R0,[R0, #+0]
   \   000004D4   0x2805             CMP      R0,#+5
   \   000004D6   0xD012             BEQ.N    ??GUI_work_16
    275                {
    276                  //退出人机交互函数，进入发车运行状态
    277                  break;
    278                }
    279                
    280                //第四页，，翻页
    281                if(GUI.page == 4)
   \                     ??GUI_work_45: (+1)
   \   000004D8   0x.... 0x....      LDR.W    R0,??DataTable6_5
   \   000004DC   0x7800             LDRB     R0,[R0, #+0]
   \   000004DE   0x2804             CMP      R0,#+4
   \   000004E0   0xD10A             BNE.N    ??GUI_work_35
    282                {
    283                  GUI.page ++;
   \   000004E2   0x.... 0x....      LDR.W    R0,??DataTable6_5
   \   000004E6   0x7800             LDRB     R0,[R0, #+0]
   \   000004E8   0x1C40             ADDS     R0,R0,#+1
   \   000004EA   0x.... 0x....      LDR.W    R1,??DataTable6_5
   \   000004EE   0x7008             STRB     R0,[R1, #+0]
    284                  GUI.point = 1;
   \   000004F0   0x2001             MOVS     R0,#+1
   \   000004F2   0x.... 0x....      LDR.W    R1,??DataTable6_5
   \   000004F6   0x7048             STRB     R0,[R1, #+1]
    285                }
    286                
    287              }
    288              key_temp = 0;
   \                     ??GUI_work_35: (+1)
   \   000004F8   0x2000             MOVS     R0,#+0
   \   000004FA   0x0004             MOVS     R4,R0
   \   000004FC   0xE58E             B.N      ??GUI_work_0
    289            }
    290          }
   \                     ??GUI_work_16: (+1)
   \   000004FE   0xBD31             POP      {R0,R4,R5,PC}    ;; return
    291          
    292          

   \                                 In section .text, align 2, keep-with-next
    293          void GUI_update()
    294          {
   \                     GUI_update: (+1)
   \   00000000   0xB580             PUSH     {R7,LR}
    295            OLED_CLS();
   \   00000002   0x.... 0x....      BL       OLED_CLS
    296            switch (GUI.page)
   \   00000006   0x.... 0x....      LDR.W    R0,??DataTable6_5
   \   0000000A   0x7800             LDRB     R0,[R0, #+0]
   \   0000000C   0x2801             CMP      R0,#+1
   \   0000000E   0xD007             BEQ.N    ??GUI_update_0
   \   00000010   0xD315             BCC.N    ??GUI_update_1
   \   00000012   0x2803             CMP      R0,#+3
   \   00000014   0xD00A             BEQ.N    ??GUI_update_2
   \   00000016   0xD306             BCC.N    ??GUI_update_3
   \   00000018   0x2805             CMP      R0,#+5
   \   0000001A   0xD00D             BEQ.N    ??GUI_update_4
   \   0000001C   0xD309             BCC.N    ??GUI_update_5
   \   0000001E   0xE00E             B.N      ??GUI_update_1
    297            {
    298              //显示的页面
    299              case(1):update_page1();break;
   \                     ??GUI_update_0: (+1)
   \   00000020   0x.... 0x....      BL       update_page1
   \   00000024   0xE00B             B.N      ??GUI_update_6
    300              case(2):update_page2();break;
   \                     ??GUI_update_3: (+1)
   \   00000026   0x.... 0x....      BL       update_page2
   \   0000002A   0xE008             B.N      ??GUI_update_6
    301              case(3):update_page3();break;
   \                     ??GUI_update_2: (+1)
   \   0000002C   0x.... 0x....      BL       update_page3
   \   00000030   0xE005             B.N      ??GUI_update_6
    302              case(4):update_page4();break;
   \                     ??GUI_update_5: (+1)
   \   00000032   0x.... 0x....      BL       update_page4
   \   00000036   0xE002             B.N      ??GUI_update_6
    303              case(5):update_page5();break;
   \                     ??GUI_update_4: (+1)
   \   00000038   0x.... 0x....      BL       update_page5
   \   0000003C   0xE7FF             B.N      ??GUI_update_6
    304              
    305            default:break;
    306            }
    307          }
   \                     ??GUI_update_1: (+1)
   \                     ??GUI_update_6: (+1)
   \   0000003E   0xBD01             POP      {R0,PC}          ;; return
    308          

   \                                 In section .text, align 2, keep-with-next
    309          void update_page1()
    310          {
   \                     update_page1: (+1)
   \   00000000   0xB580             PUSH     {R7,LR}
    311            //Draw_BMP(0,0,66,7,mushroom);
    312            OLED_P14x16Str( 20,0 ,"武汉理工大学" );
   \   00000002   0x.... 0x....      LDR.W    R2,??DataTable6_16
   \   00000006   0x2100             MOVS     R1,#+0
   \   00000008   0x2014             MOVS     R0,#+20
   \   0000000A   0x.... 0x....      BL       OLED_P14x16Str
    313            OLED_P14x16Str( 40,4 ,"晨风队" );
   \   0000000E   0x.... 0x....      LDR.W    R2,??DataTable6_17
   \   00000012   0x2104             MOVS     R1,#+4
   \   00000014   0x2028             MOVS     R0,#+40
   \   00000016   0x.... 0x....      BL       OLED_P14x16Str
    314          }
   \   0000001A   0xBD01             POP      {R0,PC}          ;; return
    315          

   \                                 In section .text, align 2, keep-with-next
    316          void update_page2()
    317          {
   \                     update_page2: (+1)
   \   00000000   0xB580             PUSH     {R7,LR}
    318            
    319            
    320            //被point选中的会空几格
    321            if ( GUI.point != 1 )
   \   00000002   0x.... 0x....      LDR.W    R0,??DataTable6_5
   \   00000006   0x7840             LDRB     R0,[R0, #+1]
   \   00000008   0x2801             CMP      R0,#+1
   \   0000000A   0xD006             BEQ.N    ??update_page2_0
    322            {
    323              OLED_P8x16Str( 0,0 ,"SENSOR_CHECK" );
   \   0000000C   0x.... 0x....      LDR.W    R2,??DataTable6_18
   \   00000010   0x2100             MOVS     R1,#+0
   \   00000012   0x2000             MOVS     R0,#+0
   \   00000014   0x.... 0x....      BL       OLED_P8x16Str
   \   00000018   0xE005             B.N      ??update_page2_1
    324            }
    325            else 
    326            {
    327              OLED_P8x16Str( 15,0 ,"SENSOR_CHECK" );
   \                     ??update_page2_0: (+1)
   \   0000001A   0x.... 0x....      LDR.W    R2,??DataTable6_18
   \   0000001E   0x2100             MOVS     R1,#+0
   \   00000020   0x200F             MOVS     R0,#+15
   \   00000022   0x.... 0x....      BL       OLED_P8x16Str
    328            }
    329            
    330            if ( debug_Enable == 0 )  //选择定时调试
   \                     ??update_page2_1: (+1)
   \   00000026   0x.... 0x....      LDR.W    R0,??DataTable6_14
   \   0000002A   0x7800             LDRB     R0,[R0, #+0]
   \   0000002C   0x2800             CMP      R0,#+0
   \   0000002E   0xD106             BNE.N    ??update_page2_2
    331            {
    332              OLED_P8x16Str( 0,2 ,"TEST OFF" );
   \   00000030   0x.... 0x....      LDR.W    R2,??DataTable6_19
   \   00000034   0x2102             MOVS     R1,#+2
   \   00000036   0x2000             MOVS     R0,#+0
   \   00000038   0x.... 0x....      BL       OLED_P8x16Str
   \   0000003C   0xE005             B.N      ??update_page2_3
    333            }
    334            else 
    335            {
    336              OLED_P8x16Str( 0,2 ,"TEST ON" );
   \                     ??update_page2_2: (+1)
   \   0000003E   0x.... 0x....      LDR.W    R2,??DataTable6_20
   \   00000042   0x2102             MOVS     R1,#+2
   \   00000044   0x2000             MOVS     R0,#+0
   \   00000046   0x.... 0x....      BL       OLED_P8x16Str
    337            }
    338            
    339            if ( GUI.point != 3 ) //设置定时时间
   \                     ??update_page2_3: (+1)
   \   0000004A   0x.... 0x....      LDR.W    R0,??DataTable6_5
   \   0000004E   0x7840             LDRB     R0,[R0, #+1]
   \   00000050   0x2803             CMP      R0,#+3
   \   00000052   0xD006             BEQ.N    ??update_page2_4
    340            {
    341              OLED_P8x16Str( 0,4 ,"DEBUG_T" );
   \   00000054   0x.... 0x....      LDR.W    R2,??DataTable6_21
   \   00000058   0x2104             MOVS     R1,#+4
   \   0000005A   0x2000             MOVS     R0,#+0
   \   0000005C   0x.... 0x....      BL       OLED_P8x16Str
   \   00000060   0xE005             B.N      ??update_page2_5
    342            }
    343            else
    344            {
    345              OLED_P8x16Str( 15,4 ,"DEBUG_T" );
   \                     ??update_page2_4: (+1)
   \   00000062   0x.... 0x....      LDR.W    R2,??DataTable6_21
   \   00000066   0x2104             MOVS     R1,#+4
   \   00000068   0x200F             MOVS     R0,#+15
   \   0000006A   0x.... 0x....      BL       OLED_P8x16Str
    346            }
    347            
    348            if ( dec_sec == 3 )
   \                     ??update_page2_5: (+1)
   \   0000006E   0x.... 0x....      LDR.W    R0,??DataTable6_15
   \   00000072   0x7800             LDRB     R0,[R0, #+0]
   \   00000074   0x2803             CMP      R0,#+3
   \   00000076   0xD105             BNE.N    ??update_page2_6
    349              OLED_P8x16Str( 90,4 ,"3" );
   \   00000078   0x....             ADR.N    R2,??DataTable4  ;; "3"
   \   0000007A   0x2104             MOVS     R1,#+4
   \   0000007C   0x205A             MOVS     R0,#+90
   \   0000007E   0x.... 0x....      BL       OLED_P8x16Str
   \   00000082   0xE01D             B.N      ??update_page2_7
    350            else if( dec_sec == 6 )
   \                     ??update_page2_6: (+1)
   \   00000084   0x.... 0x....      LDR.W    R0,??DataTable6_15
   \   00000088   0x7800             LDRB     R0,[R0, #+0]
   \   0000008A   0x2806             CMP      R0,#+6
   \   0000008C   0xD105             BNE.N    ??update_page2_8
    351              OLED_P8x16Str( 90,4 ,"6" );
   \   0000008E   0x....             ADR.N    R2,??DataTable4_1  ;; "6"
   \   00000090   0x2104             MOVS     R1,#+4
   \   00000092   0x205A             MOVS     R0,#+90
   \   00000094   0x.... 0x....      BL       OLED_P8x16Str
   \   00000098   0xE012             B.N      ??update_page2_7
    352            else if( dec_sec == 9 )
   \                     ??update_page2_8: (+1)
   \   0000009A   0x....             LDR.N    R0,??DataTable6_15
   \   0000009C   0x7800             LDRB     R0,[R0, #+0]
   \   0000009E   0x2809             CMP      R0,#+9
   \   000000A0   0xD105             BNE.N    ??update_page2_9
    353              OLED_P8x16Str( 90,4 ,"9" );
   \   000000A2   0x....             ADR.N    R2,??DataTable5  ;; "9"
   \   000000A4   0x2104             MOVS     R1,#+4
   \   000000A6   0x205A             MOVS     R0,#+90
   \   000000A8   0x.... 0x....      BL       OLED_P8x16Str
   \   000000AC   0xE008             B.N      ??update_page2_7
    354            else if( dec_sec == 12 )
   \                     ??update_page2_9: (+1)
   \   000000AE   0x....             LDR.N    R0,??DataTable6_15
   \   000000B0   0x7800             LDRB     R0,[R0, #+0]
   \   000000B2   0x280C             CMP      R0,#+12
   \   000000B4   0xD104             BNE.N    ??update_page2_7
    355              OLED_P8x16Str( 90,4 ,"12" );
   \   000000B6   0x....             ADR.N    R2,??DataTable5_1  ;; 0x31, 0x32, 0x00, 0x00
   \   000000B8   0x2104             MOVS     R1,#+4
   \   000000BA   0x205A             MOVS     R0,#+90
   \   000000BC   0x.... 0x....      BL       OLED_P8x16Str
    356            
    357            
    358            if ( GUI.point != 4 )
   \                     ??update_page2_7: (+1)
   \   000000C0   0x....             LDR.N    R0,??DataTable6_5
   \   000000C2   0x7840             LDRB     R0,[R0, #+1]
   \   000000C4   0x2804             CMP      R0,#+4
   \   000000C6   0xD005             BEQ.N    ??update_page2_10
    359            {
    360              OLED_P8x16Str( 0,6 ,"ENDLINE_T" );
   \   000000C8   0x....             LDR.N    R2,??DataTable6_22
   \   000000CA   0x2106             MOVS     R1,#+6
   \   000000CC   0x2000             MOVS     R0,#+0
   \   000000CE   0x.... 0x....      BL       OLED_P8x16Str
   \   000000D2   0xE004             B.N      ??update_page2_11
    361            }
    362            else
    363            {
    364              OLED_P8x16Str( 10,6 ,"ENDLINE_T" );
   \                     ??update_page2_10: (+1)
   \   000000D4   0x....             LDR.N    R2,??DataTable6_22
   \   000000D6   0x2106             MOVS     R1,#+6
   \   000000D8   0x200A             MOVS     R0,#+10
   \   000000DA   0x.... 0x....      BL       OLED_P8x16Str
    365            }
    366            
    367            
    368            OLED_PrintInt16( 70,6 ,GUI.para.endline_time );
   \                     ??update_page2_11: (+1)
   \   000000DE   0x....             LDR.N    R0,??DataTable6_5
   \   000000E0   0x78C2             LDRB     R2,[R0, #+3]
   \   000000E2   0xB212             SXTH     R2,R2            ;; SignExt  R2,R2,#+16,#+16
   \   000000E4   0x2106             MOVS     R1,#+6
   \   000000E6   0x2046             MOVS     R0,#+70
   \   000000E8   0x.... 0x....      BL       OLED_PrintInt16
    369            
    370            
    371            
    372            
    373            
    374          }
   \   000000EC   0xBD01             POP      {R0,PC}          ;; return
    375          

   \                                 In section .text, align 2, keep-with-next
    376          void update_page3()
    377          {
   \                     update_page3: (+1)
   \   00000000   0xB580             PUSH     {R7,LR}
    378            //显示1参数，将需要显示的变量代入即可
    379            OLED_P8x16Str( 0,0,"POS" );
   \   00000002   0x....             ADR.N    R2,??DataTable5_2  ;; "POS"
   \   00000004   0x2100             MOVS     R1,#+0
   \   00000006   0x2000             MOVS     R0,#+0
   \   00000008   0x.... 0x....      BL       OLED_P8x16Str
    380            OLED_PrintInt16(40, 0, line.pos);
   \   0000000C   0x....             LDR.N    R0,??DataTable6_23
   \   0000000E   0xF9B0 0x200A      LDRSH    R2,[R0, #+10]
   \   00000012   0x2100             MOVS     R1,#+0
   \   00000014   0x2028             MOVS     R0,#+40
   \   00000016   0x.... 0x....      BL       OLED_PrintInt16
    381            OLED_P8x16Str( 0,2,"M-L" );
   \   0000001A   0x....             ADR.N    R2,??DataTable5_3  ;; "M-L"
   \   0000001C   0x2102             MOVS     R1,#+2
   \   0000001E   0x2000             MOVS     R0,#+0
   \   00000020   0x.... 0x....      BL       OLED_P8x16Str
    382            OLED_PrintInt16(50, 2, sensor.error[0]);
   \   00000024   0x....             LDR.N    R0,??DataTable6_24
   \   00000026   0xF9B0 0x2044      LDRSH    R2,[R0, #+68]
   \   0000002A   0x2102             MOVS     R1,#+2
   \   0000002C   0x2032             MOVS     R0,#+50
   \   0000002E   0x.... 0x....      BL       OLED_PrintInt16
    383            OLED_P8x16Str( 0,4,"M-R" );
   \   00000032   0x....             ADR.N    R2,??DataTable5_4  ;; "M-R"
   \   00000034   0x2104             MOVS     R1,#+4
   \   00000036   0x2000             MOVS     R0,#+0
   \   00000038   0x.... 0x....      BL       OLED_P8x16Str
    384            OLED_PrintInt16(50, 4, sensor.error[1]);
   \   0000003C   0x....             LDR.N    R0,??DataTable6_24
   \   0000003E   0xF9B0 0x2046      LDRSH    R2,[R0, #+70]
   \   00000042   0x2104             MOVS     R1,#+4
   \   00000044   0x2032             MOVS     R0,#+50
   \   00000046   0x.... 0x....      BL       OLED_PrintInt16
    385            OLED_P8x16Str( 0,6,"R-L" );
   \   0000004A   0x....             ADR.N    R2,??DataTable6  ;; "R-L"
   \   0000004C   0x2106             MOVS     R1,#+6
   \   0000004E   0x2000             MOVS     R0,#+0
   \   00000050   0x.... 0x....      BL       OLED_P8x16Str
    386            OLED_PrintInt16(50, 6, sensor.error[2]);
   \   00000054   0x....             LDR.N    R0,??DataTable6_24
   \   00000056   0xF9B0 0x2048      LDRSH    R2,[R0, #+72]
   \   0000005A   0x2106             MOVS     R1,#+6
   \   0000005C   0x2032             MOVS     R0,#+50
   \   0000005E   0x.... 0x....      BL       OLED_PrintInt16
    387          }
   \   00000062   0xBD01             POP      {R0,PC}          ;; return
    388          

   \                                 In section .text, align 2, keep-with-next
    389          void update_page4()
    390          {
   \                     update_page4: (+1)
   \   00000000   0xB580             PUSH     {R7,LR}
    391            //选择档位
    392            if ( GUI.point != 1 )
   \   00000002   0x....             LDR.N    R0,??DataTable6_5
   \   00000004   0x7840             LDRB     R0,[R0, #+1]
   \   00000006   0x2801             CMP      R0,#+1
   \   00000008   0xD005             BEQ.N    ??update_page4_0
    393            {
    394              OLED_P8x16Str( 0,0 ,"gear" );
   \   0000000A   0x....             LDR.N    R2,??DataTable6_25
   \   0000000C   0x2100             MOVS     R1,#+0
   \   0000000E   0x2000             MOVS     R0,#+0
   \   00000010   0x.... 0x....      BL       OLED_P8x16Str
   \   00000014   0xE004             B.N      ??update_page4_1
    395            }
    396            else 
    397            {
    398              OLED_P8x16Str( 15,0 ,"gear" );
   \                     ??update_page4_0: (+1)
   \   00000016   0x....             LDR.N    R2,??DataTable6_25
   \   00000018   0x2100             MOVS     R1,#+0
   \   0000001A   0x200F             MOVS     R0,#+15
   \   0000001C   0x.... 0x....      BL       OLED_P8x16Str
    399            }
    400            
    401            OLED_P8x16Str( 60,0 ,"AI:" );
   \                     ??update_page4_1: (+1)
   \   00000020   0x....             ADR.N    R2,??DataTable6_1  ;; "AI:"
   \   00000022   0x2100             MOVS     R1,#+0
   \   00000024   0x203C             MOVS     R0,#+60
   \   00000026   0x.... 0x....      BL       OLED_P8x16Str
    402            OLED_PrintInt16( 74,0 ,GUI.para.AI );
   \   0000002A   0x....             LDR.N    R0,??DataTable6_5
   \   0000002C   0x7902             LDRB     R2,[R0, #+4]
   \   0000002E   0xB212             SXTH     R2,R2            ;; SignExt  R2,R2,#+16,#+16
   \   00000030   0x2100             MOVS     R1,#+0
   \   00000032   0x204A             MOVS     R0,#+74
   \   00000034   0x.... 0x....      BL       OLED_PrintInt16
    403            OLED_P8x16Str( 0,2,"AIM" );
   \   00000038   0x....             ADR.N    R2,??DataTable6_2  ;; "AIM"
   \   0000003A   0x2102             MOVS     R1,#+2
   \   0000003C   0x2000             MOVS     R0,#+0
   \   0000003E   0x.... 0x....      BL       OLED_P8x16Str
    404            
    405            if(1 == flag_bihuan)
   \   00000042   0x....             LDR.N    R0,??DataTable6_26
   \   00000044   0x7800             LDRB     R0,[R0, #+0]
   \   00000046   0x2801             CMP      R0,#+1
   \   00000048   0xF040 0x80A1      BNE.W    ??update_page4_2
    406            {
    407              OLED_PrintInt16(40, 2,AIM_Buff[GUI.para.AI-1]);//速度
   \   0000004C   0x....             LDR.N    R0,??DataTable6_6
   \   0000004E   0x....             LDR.N    R1,??DataTable6_5
   \   00000050   0x7909             LDRB     R1,[R1, #+4]
   \   00000052   0xEB10 0x0041      ADDS     R0,R0,R1, LSL #+1
   \   00000056   0xF930 0x2C02      LDRSH    R2,[R0, #-2]
   \   0000005A   0x2102             MOVS     R1,#+2
   \   0000005C   0x2028             MOVS     R0,#+40
   \   0000005E   0x.... 0x....      BL       OLED_PrintInt16
    408              if ( GUI.para.AI < 3 )
   \   00000062   0x....             LDR.N    R0,??DataTable6_5
   \   00000064   0x7900             LDRB     R0,[R0, #+4]
   \   00000066   0x2803             CMP      R0,#+3
   \   00000068   0xDA2A             BGE.N    ??update_page4_3
    409              { 
    410                OLED_P8x16Str( 0,4,"K" );
   \   0000006A   0x....             ADR.N    R2,??DataTable6_3  ;; "K"
   \   0000006C   0x2104             MOVS     R1,#+4
   \   0000006E   0x2000             MOVS     R0,#+0
   \   00000070   0x.... 0x....      BL       OLED_P8x16Str
    411                OLED_P8x16Str( 0,6,"D" );
   \   00000074   0x....             ADR.N    R2,??DataTable6_4  ;; "D"
   \   00000076   0x2106             MOVS     R1,#+6
   \   00000078   0x2000             MOVS     R0,#+0
   \   0000007A   0x.... 0x....      BL       OLED_P8x16Str
    412                
    413                OLED_PrintFloat(40, 4,Dir_Buff[GUI.para.AI * 2 - 2]);//参数
   \   0000007E   0x....             LDR.N    R0,??DataTable6_7
   \   00000080   0x....             LDR.N    R1,??DataTable6_5
   \   00000082   0x7909             LDRB     R1,[R1, #+4]
   \   00000084   0x0049             LSLS     R1,R1,#+1
   \   00000086   0xEB10 0x0081      ADDS     R0,R0,R1, LSL #+2
   \   0000008A   0xF850 0x0C08      LDR      R0,[R0, #-8]
   \   0000008E   0x.... 0x....      BL       __aeabi_f2d
   \   00000092   0x0002             MOVS     R2,R0
   \   00000094   0x000B             MOVS     R3,R1
   \   00000096   0x2104             MOVS     R1,#+4
   \   00000098   0x2028             MOVS     R0,#+40
   \   0000009A   0x.... 0x....      BL       OLED_PrintFloat
    414                OLED_PrintFloat(40, 6,Dir_Buff[GUI.para.AI * 2 - 1]);
   \   0000009E   0x....             LDR.N    R0,??DataTable6_7
   \   000000A0   0x....             LDR.N    R1,??DataTable6_5
   \   000000A2   0x7909             LDRB     R1,[R1, #+4]
   \   000000A4   0x0049             LSLS     R1,R1,#+1
   \   000000A6   0xEB10 0x0081      ADDS     R0,R0,R1, LSL #+2
   \   000000AA   0xF850 0x0C04      LDR      R0,[R0, #-4]
   \   000000AE   0x.... 0x....      BL       __aeabi_f2d
   \   000000B2   0x0002             MOVS     R2,R0
   \   000000B4   0x000B             MOVS     R3,R1
   \   000000B6   0x2106             MOVS     R1,#+6
   \   000000B8   0x2028             MOVS     R0,#+40
   \   000000BA   0x.... 0x....      BL       OLED_PrintFloat
   \   000000BE   0xE091             B.N      ??update_page4_4
    415              }
    416              else
    417              {
    418                OLED_PrintFloat(0, 4,Dir_Buff[GUI.para.AI * 6 - 14]);
   \                     ??update_page4_3: (+1)
   \   000000C0   0x....             LDR.N    R0,??DataTable6_7
   \   000000C2   0x....             LDR.N    R1,??DataTable6_5
   \   000000C4   0x7909             LDRB     R1,[R1, #+4]
   \   000000C6   0x2206             MOVS     R2,#+6
   \   000000C8   0x4351             MULS     R1,R2,R1
   \   000000CA   0xEB10 0x0081      ADDS     R0,R0,R1, LSL #+2
   \   000000CE   0xF850 0x0C38      LDR      R0,[R0, #-56]
   \   000000D2   0x.... 0x....      BL       __aeabi_f2d
   \   000000D6   0x0002             MOVS     R2,R0
   \   000000D8   0x000B             MOVS     R3,R1
   \   000000DA   0x2104             MOVS     R1,#+4
   \   000000DC   0x2000             MOVS     R0,#+0
   \   000000DE   0x.... 0x....      BL       OLED_PrintFloat
    419                OLED_PrintFloat(40,4,Dir_Buff[GUI.para.AI * 6 - 12]);
   \   000000E2   0x....             LDR.N    R0,??DataTable6_7
   \   000000E4   0x....             LDR.N    R1,??DataTable6_5
   \   000000E6   0x7909             LDRB     R1,[R1, #+4]
   \   000000E8   0x2206             MOVS     R2,#+6
   \   000000EA   0x4351             MULS     R1,R2,R1
   \   000000EC   0xEB10 0x0081      ADDS     R0,R0,R1, LSL #+2
   \   000000F0   0xF850 0x0C30      LDR      R0,[R0, #-48]
   \   000000F4   0x.... 0x....      BL       __aeabi_f2d
   \   000000F8   0x0002             MOVS     R2,R0
   \   000000FA   0x000B             MOVS     R3,R1
   \   000000FC   0x2104             MOVS     R1,#+4
   \   000000FE   0x2028             MOVS     R0,#+40
   \   00000100   0x.... 0x....      BL       OLED_PrintFloat
    420                OLED_PrintFloat(80,4,Dir_Buff[GUI.para.AI * 6 - 10]);
   \   00000104   0x....             LDR.N    R0,??DataTable6_7
   \   00000106   0x....             LDR.N    R1,??DataTable6_5
   \   00000108   0x7909             LDRB     R1,[R1, #+4]
   \   0000010A   0x2206             MOVS     R2,#+6
   \   0000010C   0x4351             MULS     R1,R2,R1
   \   0000010E   0xEB10 0x0081      ADDS     R0,R0,R1, LSL #+2
   \   00000112   0xF850 0x0C28      LDR      R0,[R0, #-40]
   \   00000116   0x.... 0x....      BL       __aeabi_f2d
   \   0000011A   0x0002             MOVS     R2,R0
   \   0000011C   0x000B             MOVS     R3,R1
   \   0000011E   0x2104             MOVS     R1,#+4
   \   00000120   0x2050             MOVS     R0,#+80
   \   00000122   0x.... 0x....      BL       OLED_PrintFloat
    421                
    422                OLED_PrintFloat(0, 6,Dir_Buff[GUI.para.AI * 6 - 13]);
   \   00000126   0x....             LDR.N    R0,??DataTable6_7
   \   00000128   0x....             LDR.N    R1,??DataTable6_5
   \   0000012A   0x7909             LDRB     R1,[R1, #+4]
   \   0000012C   0x2206             MOVS     R2,#+6
   \   0000012E   0x4351             MULS     R1,R2,R1
   \   00000130   0xEB10 0x0081      ADDS     R0,R0,R1, LSL #+2
   \   00000134   0xF850 0x0C34      LDR      R0,[R0, #-52]
   \   00000138   0x.... 0x....      BL       __aeabi_f2d
   \   0000013C   0x0002             MOVS     R2,R0
   \   0000013E   0x000B             MOVS     R3,R1
   \   00000140   0x2106             MOVS     R1,#+6
   \   00000142   0x2000             MOVS     R0,#+0
   \   00000144   0x.... 0x....      BL       OLED_PrintFloat
    423                OLED_PrintFloat(40,6,Dir_Buff[GUI.para.AI * 6 - 11]);
   \   00000148   0x....             LDR.N    R0,??DataTable6_7
   \   0000014A   0x....             LDR.N    R1,??DataTable6_5
   \   0000014C   0x7909             LDRB     R1,[R1, #+4]
   \   0000014E   0x2206             MOVS     R2,#+6
   \   00000150   0x4351             MULS     R1,R2,R1
   \   00000152   0xEB10 0x0081      ADDS     R0,R0,R1, LSL #+2
   \   00000156   0xF850 0x0C2C      LDR      R0,[R0, #-44]
   \   0000015A   0x.... 0x....      BL       __aeabi_f2d
   \   0000015E   0x0002             MOVS     R2,R0
   \   00000160   0x000B             MOVS     R3,R1
   \   00000162   0x2106             MOVS     R1,#+6
   \   00000164   0x2028             MOVS     R0,#+40
   \   00000166   0x.... 0x....      BL       OLED_PrintFloat
    424                OLED_PrintFloat(80,6,Dir_Buff[GUI.para.AI * 6 - 9]);
   \   0000016A   0x....             LDR.N    R0,??DataTable6_7
   \   0000016C   0x....             LDR.N    R1,??DataTable6_5
   \   0000016E   0x7909             LDRB     R1,[R1, #+4]
   \   00000170   0x2206             MOVS     R2,#+6
   \   00000172   0x4351             MULS     R1,R2,R1
   \   00000174   0xEB10 0x0081      ADDS     R0,R0,R1, LSL #+2
   \   00000178   0xF850 0x0C24      LDR      R0,[R0, #-36]
   \   0000017C   0x.... 0x....      BL       __aeabi_f2d
   \   00000180   0x0002             MOVS     R2,R0
   \   00000182   0x000B             MOVS     R3,R1
   \   00000184   0x2106             MOVS     R1,#+6
   \   00000186   0x2050             MOVS     R0,#+80
   \   00000188   0x.... 0x....      BL       OLED_PrintFloat
   \   0000018C   0xE02A             B.N      ??update_page4_4
    425                
    426              }
    427            }
    428            else
    429            {
    430              if ( GUI.para.AI == 0 )
   \                     ??update_page4_2: (+1)
   \   0000018E   0x....             LDR.N    R0,??DataTable6_5
   \   00000190   0x7900             LDRB     R0,[R0, #+4]
   \   00000192   0x2800             CMP      R0,#+0
   \   00000194   0xD10F             BNE.N    ??update_page4_5
    431              {
    432                OLED_PrintInt16(40, 2,0);
   \   00000196   0x2200             MOVS     R2,#+0
   \   00000198   0x2102             MOVS     R1,#+2
   \   0000019A   0x2028             MOVS     R0,#+40
   \   0000019C   0x.... 0x....      BL       OLED_PrintInt16
    433                OLED_PrintInt16(40, 4,0);
   \   000001A0   0x2200             MOVS     R2,#+0
   \   000001A2   0x2104             MOVS     R1,#+4
   \   000001A4   0x2028             MOVS     R0,#+40
   \   000001A6   0x.... 0x....      BL       OLED_PrintInt16
    434                OLED_PrintInt16(40, 6,0);
   \   000001AA   0x2200             MOVS     R2,#+0
   \   000001AC   0x2106             MOVS     R1,#+6
   \   000001AE   0x2028             MOVS     R0,#+40
   \   000001B0   0x.... 0x....      BL       OLED_PrintInt16
   \   000001B4   0xE016             B.N      ??update_page4_4
    435              }
    436              
    437              else 
    438              {
    439                OLED_PrintInt16(40, 2,kaihuan_Buff[GUI.para.AI-1]);
   \                     ??update_page4_5: (+1)
   \   000001B6   0x....             LDR.N    R0,??DataTable6_27
   \   000001B8   0x....             LDR.N    R1,??DataTable6_5
   \   000001BA   0x7909             LDRB     R1,[R1, #+4]
   \   000001BC   0xEB10 0x0041      ADDS     R0,R0,R1, LSL #+1
   \   000001C0   0xF930 0x2C02      LDRSH    R2,[R0, #-2]
   \   000001C4   0x2102             MOVS     R1,#+2
   \   000001C6   0x2028             MOVS     R0,#+40
   \   000001C8   0x.... 0x....      BL       OLED_PrintInt16
    440                OLED_PrintFloat(40, 4,0);       //开环buff未建立
   \   000001CC   0x2200             MOVS     R2,#+0
   \   000001CE   0x2300             MOVS     R3,#+0
   \   000001D0   0x2104             MOVS     R1,#+4
   \   000001D2   0x2028             MOVS     R0,#+40
   \   000001D4   0x.... 0x....      BL       OLED_PrintFloat
    441                OLED_PrintFloat(40, 6,0);
   \   000001D8   0x2200             MOVS     R2,#+0
   \   000001DA   0x2300             MOVS     R3,#+0
   \   000001DC   0x2106             MOVS     R1,#+6
   \   000001DE   0x2028             MOVS     R0,#+40
   \   000001E0   0x.... 0x....      BL       OLED_PrintFloat
    442              }
    443              
    444            }
    445          }
   \                     ??update_page4_4: (+1)
   \   000001E4   0xBD01             POP      {R0,PC}          ;; return
    446          

   \                                 In section .text, align 2, keep-with-next
    447          void update_page5()
    448          {
   \                     update_page5: (+1)
   \   00000000   0xB580             PUSH     {R7,LR}
    449            switch (sw)
   \   00000002   0x....             LDR.N    R0,??DataTable6_28
   \   00000004   0x7800             LDRB     R0,[R0, #+0]
   \   00000006   0x2807             CMP      R0,#+7
   \   00000008   0xD013             BEQ.N    ??update_page5_0
   \   0000000A   0x280B             CMP      R0,#+11
   \   0000000C   0xD017             BEQ.N    ??update_page5_1
   \   0000000E   0x280D             CMP      R0,#+13
   \   00000010   0xD009             BEQ.N    ??update_page5_2
   \   00000012   0x280E             CMP      R0,#+14
   \   00000014   0xD019             BEQ.N    ??update_page5_3
   \   00000016   0x280F             CMP      R0,#+15
   \   00000018   0xD11C             BNE.N    ??update_page5_4
    450            {
    451              case(0x0F):
    452                OLED_P8x16Str(2,0,"COMPETITION");
   \                     ??update_page5_5: (+1)
   \   0000001A   0x....             LDR.N    R2,??DataTable6_29
   \   0000001C   0x2100             MOVS     R1,#+0
   \   0000001E   0x2002             MOVS     R0,#+2
   \   00000020   0x.... 0x....      BL       OLED_P8x16Str
    453                break;
   \   00000024   0xE016             B.N      ??update_page5_4
    454                case(0x0D):
    455                  OLED_P8x16Str(6,0,"NO STOP");
   \                     ??update_page5_2: (+1)
   \   00000026   0x....             LDR.N    R2,??DataTable6_30
   \   00000028   0x2100             MOVS     R1,#+0
   \   0000002A   0x2006             MOVS     R0,#+6
   \   0000002C   0x.... 0x....      BL       OLED_P8x16Str
    456                  break;
   \   00000030   0xE010             B.N      ??update_page5_4
    457                  case(0x07):
    458                    OLED_P8x16Str(6,0,"RAMP OFF");
   \                     ??update_page5_0: (+1)
   \   00000032   0x....             LDR.N    R2,??DataTable6_31
   \   00000034   0x2100             MOVS     R1,#+0
   \   00000036   0x2006             MOVS     R0,#+6
   \   00000038   0x.... 0x....      BL       OLED_P8x16Str
    459                    break;
   \   0000003C   0xE00A             B.N      ??update_page5_4
    460                    case(0x0B):
    461                      OLED_P8x16Str(6,0,"speed_up OFF");
   \                     ??update_page5_1: (+1)
   \   0000003E   0x....             LDR.N    R2,??DataTable6_32
   \   00000040   0x2100             MOVS     R1,#+0
   \   00000042   0x2006             MOVS     R0,#+6
   \   00000044   0x.... 0x....      BL       OLED_P8x16Str
    462                      break;
   \   00000048   0xE004             B.N      ??update_page5_4
    463                      case(0x0E):
    464                        OLED_P8x16Str(6,0,"KAIHUAN");
   \                     ??update_page5_3: (+1)
   \   0000004A   0x....             LDR.N    R2,??DataTable6_33
   \   0000004C   0x2100             MOVS     R1,#+0
   \   0000004E   0x2006             MOVS     R0,#+6
   \   00000050   0x.... 0x....      BL       OLED_P8x16Str
    465                        break;
    466                        
    467            }
    468            
    469            OLED_P8x16Str(6,4,"START!!!!!");
   \                     ??update_page5_4: (+1)
   \   00000054   0x....             LDR.N    R2,??DataTable6_34
   \   00000056   0x2104             MOVS     R1,#+4
   \   00000058   0x2006             MOVS     R0,#+6
   \   0000005A   0x.... 0x....      BL       OLED_P8x16Str
    470          }
   \   0000005E   0xBD01             POP      {R0,PC}          ;; return

   \                                 In section .text, align 4, keep-with-next
   \                     ??DataTable4:
   \   00000000   0x33 0x00          DC8      "3",0x0,0x0
   \              0x00 0x00    

   \                                 In section .text, align 4, keep-with-next
   \                     ??DataTable4_1:
   \   00000000   0x36 0x00          DC8      "6",0x0,0x0
   \              0x00 0x00    

   \                                 In section .text, align 4, keep-with-next
   \                     ??DataTable5:
   \   00000000   0x39 0x00          DC8      "9",0x0,0x0
   \              0x00 0x00    

   \                                 In section .text, align 4, keep-with-next
   \                     ??DataTable5_1:
   \   00000000   0x31 0x32          DC8      0x31, 0x32, 0x00, 0x00
   \              0x00 0x00    

   \                                 In section .text, align 4, keep-with-next
   \                     ??DataTable5_2:
   \   00000000   0x50 0x4F          DC8      "POS"
   \              0x53 0x00    

   \                                 In section .text, align 4, keep-with-next
   \                     ??DataTable5_3:
   \   00000000   0x4D 0x2D          DC8      "M-L"
   \              0x4C 0x00    

   \                                 In section .text, align 4, keep-with-next
   \                     ??DataTable5_4:
   \   00000000   0x4D 0x2D          DC8      "M-R"
   \              0x52 0x00    

   \                                 In section .text, align 4, keep-with-next
   \                     ??DataTable6:
   \   00000000   0x52 0x2D          DC8      "R-L"
   \              0x4C 0x00    

   \                                 In section .text, align 4, keep-with-next
   \                     ??DataTable6_1:
   \   00000000   0x41 0x49          DC8      "AI:"
   \              0x3A 0x00    

   \                                 In section .text, align 4, keep-with-next
   \                     ??DataTable6_2:
   \   00000000   0x41 0x49          DC8      "AIM"
   \              0x4D 0x00    

   \                                 In section .text, align 4, keep-with-next
   \                     ??DataTable6_3:
   \   00000000   0x4B 0x00          DC8      "K",0x0,0x0
   \              0x00 0x00    

   \                                 In section .text, align 4, keep-with-next
   \                     ??DataTable6_4:
   \   00000000   0x44 0x00          DC8      "D",0x0,0x0
   \              0x00 0x00    

   \                                 In section .text, align 4, keep-with-next
   \                     ??DataTable6_5:
   \   00000000   0x........         DC32     GUI

   \                                 In section .text, align 4, keep-with-next
   \                     ??DataTable6_6:
   \   00000000   0x........         DC32     AIM_Buff

   \                                 In section .text, align 4, keep-with-next
   \                     ??DataTable6_7:
   \   00000000   0x........         DC32     Dir_Buff

   \                                 In section .text, align 4, keep-with-next
   \                     ??DataTable6_8:
   \   00000000   0x47AE147B         DC32     0x47ae147b

   \                                 In section .text, align 4, keep-with-next
   \                     ??DataTable6_9:
   \   00000000   0xBF847AE1         DC32     0xbf847ae1

   \                                 In section .text, align 4, keep-with-next
   \                     ??DataTable6_10:
   \   00000000   0x9999999A         DC32     0x9999999a

   \                                 In section .text, align 4, keep-with-next
   \                     ??DataTable6_11:
   \   00000000   0xBFB99999         DC32     0xbfb99999

   \                                 In section .text, align 4, keep-with-next
   \                     ??DataTable6_12:
   \   00000000   0x3F847AE1         DC32     0x3f847ae1

   \                                 In section .text, align 4, keep-with-next
   \                     ??DataTable6_13:
   \   00000000   0x3FB99999         DC32     0x3fb99999

   \                                 In section .text, align 4, keep-with-next
   \                     ??DataTable6_14:
   \   00000000   0x........         DC32     debug_Enable

   \                                 In section .text, align 4, keep-with-next
   \                     ??DataTable6_15:
   \   00000000   0x........         DC32     dec_sec

   \                                 In section .text, align 4, keep-with-next
   \                     ??DataTable6_16:
   \   00000000   0x........         DC32     ?_0

   \                                 In section .text, align 4, keep-with-next
   \                     ??DataTable6_17:
   \   00000000   0x........         DC32     ?_1

   \                                 In section .text, align 4, keep-with-next
   \                     ??DataTable6_18:
   \   00000000   0x........         DC32     ?_2

   \                                 In section .text, align 4, keep-with-next
   \                     ??DataTable6_19:
   \   00000000   0x........         DC32     ?_3

   \                                 In section .text, align 4, keep-with-next
   \                     ??DataTable6_20:
   \   00000000   0x........         DC32     ?_4

   \                                 In section .text, align 4, keep-with-next
   \                     ??DataTable6_21:
   \   00000000   0x........         DC32     ?_5

   \                                 In section .text, align 4, keep-with-next
   \                     ??DataTable6_22:
   \   00000000   0x........         DC32     ?_10

   \                                 In section .text, align 4, keep-with-next
   \                     ??DataTable6_23:
   \   00000000   0x........         DC32     line

   \                                 In section .text, align 4, keep-with-next
   \                     ??DataTable6_24:
   \   00000000   0x........         DC32     sensor

   \                                 In section .text, align 4, keep-with-next
   \                     ??DataTable6_25:
   \   00000000   0x........         DC32     ?_15

   \                                 In section .text, align 4, keep-with-next
   \                     ??DataTable6_26:
   \   00000000   0x........         DC32     flag_bihuan

   \                                 In section .text, align 4, keep-with-next
   \                     ??DataTable6_27:
   \   00000000   0x........         DC32     kaihuan_Buff

   \                                 In section .text, align 4, keep-with-next
   \                     ??DataTable6_28:
   \   00000000   0x........         DC32     sw

   \                                 In section .text, align 4, keep-with-next
   \                     ??DataTable6_29:
   \   00000000   0x........         DC32     ?_20

   \                                 In section .text, align 4, keep-with-next
   \                     ??DataTable6_30:
   \   00000000   0x........         DC32     ?_21

   \                                 In section .text, align 4, keep-with-next
   \                     ??DataTable6_31:
   \   00000000   0x........         DC32     ?_22

   \                                 In section .text, align 4, keep-with-next
   \                     ??DataTable6_32:
   \   00000000   0x........         DC32     ?_23

   \                                 In section .text, align 4, keep-with-next
   \                     ??DataTable6_33:
   \   00000000   0x........         DC32     ?_24

   \                                 In section .text, align 4, keep-with-next
   \                     ??DataTable6_34:
   \   00000000   0x........         DC32     ?_25

   \                                 In section .rodata, align 4
   \                     ?_0:
   \   00000000   0xCE 0xE4          DC8 "\316\344\272\272\300\355\271\244\264\363\321\247"
   \              0xBA 0xBA    
   \              0xC0 0xED    
   \              0xB9 0xA4    
   \              0xB4 0xF3    
   \              0xD1 0xA7    
   \              0x00         
   \   0000000D   0x00 0x00          DC8 0, 0, 0
   \              0x00         

   \                                 In section .rodata, align 4
   \                     ?_1:
   \   00000000   0xB3 0xBF          DC8 "\263\277\267\347\266\323"
   \              0xB7 0xE7    
   \              0xB6 0xD3    
   \              0x00         
   \   00000007   0x00               DC8 0

   \                                 In section .rodata, align 4
   \                     ?_2:
   \   00000000   0x53 0x45          DC8 "SENSOR_CHECK"
   \              0x4E 0x53    
   \              0x4F 0x52    
   \              0x5F 0x43    
   \              0x48 0x45    
   \              0x43 0x4B    
   \              0x00         
   \   0000000D   0x00 0x00          DC8 0, 0, 0
   \              0x00         

   \                                 In section .rodata, align 4
   \                     ?_3:
   \   00000000   0x54 0x45          DC8 "TEST OFF"
   \              0x53 0x54    
   \              0x20 0x4F    
   \              0x46 0x46    
   \              0x00         
   \   00000009   0x00 0x00          DC8 0, 0, 0
   \              0x00         

   \                                 In section .rodata, align 4
   \                     ?_4:
   \   00000000   0x54 0x45          DC8 "TEST ON"
   \              0x53 0x54    
   \              0x20 0x4F    
   \              0x4E 0x00    

   \                                 In section .rodata, align 4
   \                     ?_5:
   \   00000000   0x44 0x45          DC8 "DEBUG_T"
   \              0x42 0x55    
   \              0x47 0x5F    
   \              0x54 0x00    

   \                                 In section .rodata, align 2
   \   00000000   0x33 0x00          DC8 "3"

   \                                 In section .rodata, align 2
   \   00000000   0x36 0x00          DC8 "6"

   \                                 In section .rodata, align 2
   \   00000000   0x39 0x00          DC8 "9"

   \                                 In section .rodata, align 4
   \   00000000   0x31 0x32          DC8 "12"
   \              0x00         
   \   00000003   0x00               DC8 0

   \                                 In section .rodata, align 4
   \                     ?_10:
   \   00000000   0x45 0x4E          DC8 "ENDLINE_T"
   \              0x44 0x4C    
   \              0x49 0x4E    
   \              0x45 0x5F    
   \              0x54 0x00    
   \   0000000A   0x00 0x00          DC8 0, 0

   \                                 In section .rodata, align 4
   \   00000000   0x50 0x4F          DC8 "POS"
   \              0x53 0x00    

   \                                 In section .rodata, align 4
   \   00000000   0x4D 0x2D          DC8 "M-L"
   \              0x4C 0x00    

   \                                 In section .rodata, align 4
   \   00000000   0x4D 0x2D          DC8 "M-R"
   \              0x52 0x00    

   \                                 In section .rodata, align 4
   \   00000000   0x52 0x2D          DC8 "R-L"
   \              0x4C 0x00    

   \                                 In section .rodata, align 4
   \                     ?_15:
   \   00000000   0x67 0x65          DC8 "gear"
   \              0x61 0x72    
   \              0x00         
   \   00000005   0x00 0x00          DC8 0, 0, 0
   \              0x00         

   \                                 In section .rodata, align 4
   \   00000000   0x41 0x49          DC8 "AI:"
   \              0x3A 0x00    

   \                                 In section .rodata, align 4
   \   00000000   0x41 0x49          DC8 "AIM"
   \              0x4D 0x00    

   \                                 In section .rodata, align 2
   \   00000000   0x4B 0x00          DC8 "K"

   \                                 In section .rodata, align 2
   \   00000000   0x44 0x00          DC8 "D"

   \                                 In section .rodata, align 4
   \                     ?_20:
   \   00000000   0x43 0x4F          DC8 "COMPETITION"
   \              0x4D 0x50    
   \              0x45 0x54    
   \              0x49 0x54    
   \              0x49 0x4F    
   \              0x4E 0x00    

   \                                 In section .rodata, align 4
   \                     ?_21:
   \   00000000   0x4E 0x4F          DC8 "NO STOP"
   \              0x20 0x53    
   \              0x54 0x4F    
   \              0x50 0x00    

   \                                 In section .rodata, align 4
   \                     ?_22:
   \   00000000   0x52 0x41          DC8 "RAMP OFF"
   \              0x4D 0x50    
   \              0x20 0x4F    
   \              0x46 0x46    
   \              0x00         
   \   00000009   0x00 0x00          DC8 0, 0, 0
   \              0x00         

   \                                 In section .rodata, align 4
   \                     ?_23:
   \   00000000   0x73 0x70          DC8 "speed_up OFF"
   \              0x65 0x65    
   \              0x64 0x5F    
   \              0x75 0x70    
   \              0x20 0x4F    
   \              0x46 0x46    
   \              0x00         
   \   0000000D   0x00 0x00          DC8 0, 0, 0
   \              0x00         

   \                                 In section .rodata, align 4
   \                     ?_24:
   \   00000000   0x4B 0x41          DC8 "KAIHUAN"
   \              0x49 0x48    
   \              0x55 0x41    
   \              0x4E 0x00    

   \                                 In section .rodata, align 4
   \                     ?_25:
   \   00000000   0x53 0x54          DC8 "START!!!!!"
   \              0x41 0x52    
   \              0x54 0x21    
   \              0x21 0x21    
   \              0x21 0x21    
   \              0x00         
   \   0000000B   0x00               DC8 0

   Maximum stack usage in bytes:

   .cstack Function
   ------- --------
       8   GUI_update
         8   -> OLED_CLS
         8   -> update_page1
         8   -> update_page2
         8   -> update_page3
         8   -> update_page4
         8   -> update_page5
      16   GUI_work
        16   -> GUI_update
        16   -> NVIC_init
        16   -> PIT0_init
        16   -> PIT1_init
        16   -> __aeabi_d2f
        16   -> __aeabi_dadd
        16   -> __aeabi_f2d
        16   -> sensor_isr
        16   -> wait_key
       8   update_page1
         8   -> OLED_P14x16Str
       8   update_page2
         8   -> OLED_P8x16Str
         8   -> OLED_PrintInt16
       8   update_page3
         8   -> OLED_P8x16Str
         8   -> OLED_PrintInt16
       8   update_page4
         8   -> OLED_P8x16Str
         8   -> OLED_PrintFloat
         8   -> OLED_PrintInt16
         8   -> __aeabi_f2d
       8   update_page5
         8   -> OLED_P8x16Str


   Section sizes:

   Bytes  Function/Label
   -----  --------------
       4  ??DataTable4
       4  ??DataTable4_1
       4  ??DataTable5
       4  ??DataTable5_1
       4  ??DataTable5_2
       4  ??DataTable5_3
       4  ??DataTable5_4
       4  ??DataTable6
       4  ??DataTable6_1
       4  ??DataTable6_10
       4  ??DataTable6_11
       4  ??DataTable6_12
       4  ??DataTable6_13
       4  ??DataTable6_14
       4  ??DataTable6_15
       4  ??DataTable6_16
       4  ??DataTable6_17
       4  ??DataTable6_18
       4  ??DataTable6_19
       4  ??DataTable6_2
       4  ??DataTable6_20
       4  ??DataTable6_21
       4  ??DataTable6_22
       4  ??DataTable6_23
       4  ??DataTable6_24
       4  ??DataTable6_25
       4  ??DataTable6_26
       4  ??DataTable6_27
       4  ??DataTable6_28
       4  ??DataTable6_29
       4  ??DataTable6_3
       4  ??DataTable6_30
       4  ??DataTable6_31
       4  ??DataTable6_32
       4  ??DataTable6_33
       4  ??DataTable6_34
       4  ??DataTable6_4
       4  ??DataTable6_5
       4  ??DataTable6_6
       4  ??DataTable6_7
       4  ??DataTable6_8
       4  ??DataTable6_9
      16  ?_0
       8  ?_1
      12  ?_10
       4  ?_11
       4  ?_12
       4  ?_13
       4  ?_14
       8  ?_15
       4  ?_16
       4  ?_17
       2  ?_18
       2  ?_19
      16  ?_2
      12  ?_20
       8  ?_21
      12  ?_22
      16  ?_23
       8  ?_24
      12  ?_25
      12  ?_3
       8  ?_4
       8  ?_5
       2  ?_6
       2  ?_7
       2  ?_8
       4  ?_9
      16  AIM_Buff
     136  Dir_Buff
       8  GUI
      64  GUI_update
    1280  GUI_work
       8  kaihuan_Buff
      28  update_page1
     238  update_page2
     100  update_page3
     486  update_page4
      96  update_page5

 
     8 bytes in section .bss
   160 bytes in section .data
   194 bytes in section .rodata
 2 460 bytes in section .text
 
 2 460 bytes of CODE  memory
   194 bytes of CONST memory
   168 bytes of DATA  memory

Errors: none
Warnings: none
