###############################################################################
#
# IAR ANSI C/C++ Compiler V7.20.2.7424/W32 for ARM        08/Aug/2016  13:02:49
# Copyright 1999-2014 IAR Systems AB.
#
#    Cpu mode     =  thumb
#    Endian       =  little
#    Source file  =  
#        C:\百度云同步盘\比赛代码\LPLD_OSKinetis_V3\lib\LPLD\HW\HW_MCG.c
#    Command line =  
#        C:\百度云同步盘\比赛代码\LPLD_OSKinetis_V3\lib\LPLD\HW\HW_MCG.c -D
#        LPLD_K60 -lCN
#        "C:\百度云同步盘\比赛代码\LPLD_OSKinetis_V3\launch\NXP_(golden_cyprinoid)
#        冲击华南赛 1车\iar\FLASH\List\" -lB
#        "C:\百度云同步盘\比赛代码\LPLD_OSKinetis_V3\launch\NXP_(golden_cyprinoid)
#        冲击华南赛 1车\iar\FLASH\List\" -o
#        "C:\百度云同步盘\比赛代码\LPLD_OSKinetis_V3\launch\NXP_(golden_cyprinoid)
#        冲击华南赛 1车\iar\FLASH\Obj\" --no_cse --no_unroll --no_inline
#        --no_code_motion --no_tbaa --no_clustering --no_scheduling --debug
#        --endian=little --cpu=Cortex-M4 -e --fpu=None --dlib_config
#        "C:\Program Files (x86)\IAR Systems\Embedded Workbench
#        7.0\arm\INC\c\DLib_Config_Normal.h" -I
#        "C:\百度云同步盘\比赛代码\LPLD_OSKinetis_V3\launch\NXP_(golden_cyprinoid)
#        冲击华南赛 1车\iar\..\app\" -I
#        "C:\百度云同步盘\比赛代码\LPLD_OSKinetis_V3\launch\NXP_(golden_cyprinoid)
#        冲击华南赛 1车\iar\..\app\BSP\" -I
#        "C:\百度云同步盘\比赛代码\LPLD_OSKinetis_V3\launch\NXP_(golden_cyprinoid)
#        冲击华南赛 1车\iar\..\app\ITAC\" -I
#        "C:\百度云同步盘\比赛代码\LPLD_OSKinetis_V3\launch\NXP_(golden_cyprinoid)
#        冲击华南赛 1车\iar\..\app\CTL\" -I
#        "C:\百度云同步盘\比赛代码\LPLD_OSKinetis_V3\launch\NXP_(golden_cyprinoid)
#        冲击华南赛 1车\iar\..\app\MAIN\" -I
#        "C:\百度云同步盘\比赛代码\LPLD_OSKinetis_V3\launch\NXP_(golden_cyprinoid)
#        冲击华南赛 1车\iar\..\app\SENSOR\" -I
#        "C:\百度云同步盘\比赛代码\LPLD_OSKinetis_V3\launch\NXP_(golden_cyprinoid)
#        冲击华南赛 1车\iar\..\..\..\lib\CPU\" -I
#        "C:\百度云同步盘\比赛代码\LPLD_OSKinetis_V3\launch\NXP_(golden_cyprinoid)
#        冲击华南赛 1车\iar\..\..\..\lib\common\" -I
#        "C:\百度云同步盘\比赛代码\LPLD_OSKinetis_V3\launch\NXP_(golden_cyprinoid)
#        冲击华南赛 1车\iar\..\..\..\lib\LPLD\" -I
#        "C:\百度云同步盘\比赛代码\LPLD_OSKinetis_V3\launch\NXP_(golden_cyprinoid)
#        冲击华南赛 1车\iar\..\..\..\lib\LPLD\HW\" -I
#        "C:\百度云同步盘\比赛代码\LPLD_OSKinetis_V3\launch\NXP_(golden_cyprinoid)
#        冲击华南赛 1车\iar\..\..\..\lib\LPLD\DEV\" -I
#        "C:\百度云同步盘\比赛代码\LPLD_OSKinetis_V3\launch\NXP_(golden_cyprinoid)
#        冲击华南赛 1车\iar\..\..\..\lib\uCOS-II\Ports\" -I
#        "C:\百度云同步盘\比赛代码\LPLD_OSKinetis_V3\launch\NXP_(golden_cyprinoid)
#        冲击华南赛 1车\iar\..\..\..\lib\uCOS-II\Source\" -I
#        "C:\百度云同步盘\比赛代码\LPLD_OSKinetis_V3\launch\NXP_(golden_cyprinoid)
#        冲击华南赛 1车\iar\..\..\..\lib\FatFs\" -I
#        "C:\百度云同步盘\比赛代码\LPLD_OSKinetis_V3\launch\NXP_(golden_cyprinoid)
#        冲击华南赛 1车\iar\..\..\..\lib\FatFs\option\" -I
#        "C:\百度云同步盘\比赛代码\LPLD_OSKinetis_V3\launch\NXP_(golden_cyprinoid)
#        冲击华南赛 1车\iar\..\..\..\lib\USB\common\" -I
#        "C:\百度云同步盘\比赛代码\LPLD_OSKinetis_V3\launch\NXP_(golden_cyprinoid)
#        冲击华南赛 1车\iar\..\..\..\lib\USB\driver\" -I
#        "C:\百度云同步盘\比赛代码\LPLD_OSKinetis_V3\launch\NXP_(golden_cyprinoid)
#        冲击华南赛 1车\iar\..\..\..\lib\USB\descriptor\" -I
#        "C:\百度云同步盘\比赛代码\LPLD_OSKinetis_V3\launch\NXP_(golden_cyprinoid)
#        冲击华南赛 1车\iar\..\..\..\lib\USB\class\" -On -I "C:\Program Files
#        (x86)\IAR Systems\Embedded Workbench 7.0\arm\CMSIS\Include\" -D
#        ARM_MATH_CM4
#    List file    =  
#        C:\百度云同步盘\比赛代码\LPLD_OSKinetis_V3\launch\NXP_(golden_cyprinoid)
#        冲击华南赛 1车\iar\FLASH\List\HW_MCG.lst
#    Object file  =  
#        C:\百度云同步盘\比赛代码\LPLD_OSKinetis_V3\launch\NXP_(golden_cyprinoid)
#        冲击华南赛 1车\iar\FLASH\Obj\HW_MCG.o
#
###############################################################################

C:\百度云同步盘\比赛代码\LPLD_OSKinetis_V3\lib\LPLD\HW\HW_MCG.c
      1          /**
      2           * @file HW_MCG.c
      3           * @version 3.0[By LPLD]
      4           * @date 2013-06-18
      5           * @brief MCG底层模块相关函数
      6           *
      7           * 更改建议:不建议修改
      8           *
      9           * 版权所有:北京拉普兰德电子技术有限公司
     10           * http://www.lpld.cn
     11           * mail:support@lpld.cn
     12           *
     13           * @par
     14           * 本代码由拉普兰德[LPLD]开发并维护，并向所有使用者开放源代码。
     15           * 开发者可以随意修使用或改源代码。但本段及以上注释应予以保留。
     16           * 不得更改或删除原版权所有者姓名，二次开发者可以加注二次版权所有者。
     17           * 但应在遵守此协议的基础上，开放源代码、不得出售代码本身。
     18           * 拉普兰德不负责由于使用本代码所带来的任何事故、法律责任或相关不良影响。
     19           * 拉普兰德无义务解释、说明本代码的具体原理、功能、实现方法。
     20           * 除非拉普兰德[LPLD]授权，开发者不得将本代码用于商业产品。
     21           */
     22          #include "common.h"
     23          #include "HW_MCG.h"
     24          
     25          

   \                                 In section .data, align 4
     26          uint32 g_core_clock = -1ul;
   \                     g_core_clock:
   \   00000000   0xFFFFFFFF         DC32 4294967295

   \                                 In section .data, align 4
     27          uint32 g_bus_clock = -1ul;
   \                     g_bus_clock:
   \   00000000   0xFFFFFFFF         DC32 4294967295

   \                                 In section .data, align 4
     28          uint32 g_flash_clock = -1ul;
   \                     g_flash_clock:
   \   00000000   0xFFFFFFFF         DC32 4294967295

   \                                 In section .data, align 4
     29          uint32 g_flexbus_clock = -1ul;
   \                     g_flexbus_clock:
   \   00000000   0xFFFFFFFF         DC32 4294967295
     30          
     31          /*
     32           * LPLD_PLL_Setup
     33           * 初始化内核时钟及其他系统时钟
     34           * 
     35           * 参数:
     36           *    core_clk_mhz--期望内核时钟频率
     37           *      |__PLLx--参见HAL_MCG.h中的PLL_option定义
     38           *
     39           * 输出:
     40           *    内核频率，单位MHz
     41           */

   \                                 In section .text, align 4, keep-with-next
     42          uint8 LPLD_PLL_Setup(PllOptionEnum_Type core_clk_mhz)
     43          {
   \                     LPLD_PLL_Setup: (+1)
   \   00000000   0xE92D 0x4FF8      PUSH     {R3-R11,LR}
   \   00000004   0x4683             MOV      R11,R0
     44            uint8 pll_freq;
     45            uint8 prdiv, vdiv;
     46            uint8 core_div, bus_div, flexbus_div, flash_div;
     47            
     48          /*
     49           *************************************************
     50            【LPLD注解】MCG关键系数
     51            prdiv(PLL分频系数): 0~31(1~32)
     52            vdiv(PLL倍频系数): 0~31(24~55)
     53            PLL参考时钟范围: 2MHz~4MHz
     54            PLL参考时钟 = 外部参考时钟(CPU_XTAL_CLK_HZ)/prdiv
     55            CoreClk = PLL参考时钟 x PLL倍频系数 /OUTDIV1
     56           *************************************************
     57           */
     58            
     59            // 对于MK60DZ10来说，core_clk_mhz建议不要超过100，这里限制为最高200
     60            core_clk_mhz = (PllOptionEnum_Type)(core_clk_mhz>200u?200u:core_clk_mhz);
   \   00000006   0xFA5F 0xFB8B      UXTB     R11,R11          ;; ZeroExt  R11,R11,#+24,#+24
   \   0000000A   0xF1BB 0x0FC9      CMP      R11,#+201
   \   0000000E   0xD302             BCC.N    ??LPLD_PLL_Setup_0
   \   00000010   0xF05F 0x0BC8      MOVS     R11,#+200
   \   00000014   0xE7FF             B.N      ??LPLD_PLL_Setup_1
     61            
     62            // 根据期望主频选择分频和倍频系数
     63            switch(core_clk_mhz)
   \                     ??LPLD_PLL_Setup_0: (+1)
   \                     ??LPLD_PLL_Setup_1: (+1)
   \   00000016   0xFA5F 0xFB8B      UXTB     R11,R11          ;; ZeroExt  R11,R11,#+24,#+24
   \   0000001A   0x4658             MOV      R0,R11
   \   0000001C   0x2830             CMP      R0,#+48
   \   0000001E   0xD00E             BEQ.N    ??LPLD_PLL_Setup_2
   \   00000020   0x2832             CMP      R0,#+50
   \   00000022   0xD011             BEQ.N    ??LPLD_PLL_Setup_3
   \   00000024   0x2860             CMP      R0,#+96
   \   00000026   0xD014             BEQ.N    ??LPLD_PLL_Setup_4
   \   00000028   0x2864             CMP      R0,#+100
   \   0000002A   0xD017             BEQ.N    ??LPLD_PLL_Setup_5
   \   0000002C   0x2878             CMP      R0,#+120
   \   0000002E   0xD01A             BEQ.N    ??LPLD_PLL_Setup_6
   \   00000030   0x2896             CMP      R0,#+150
   \   00000032   0xD01D             BEQ.N    ??LPLD_PLL_Setup_7
   \   00000034   0x28B4             CMP      R0,#+180
   \   00000036   0xD020             BEQ.N    ??LPLD_PLL_Setup_8
   \   00000038   0x28C8             CMP      R0,#+200
   \   0000003A   0xD023             BEQ.N    ??LPLD_PLL_Setup_9
   \   0000003C   0xE027             B.N      ??LPLD_PLL_Setup_10
     64            {
     65            case PLL_48:
     66              prdiv = 24u;
   \                     ??LPLD_PLL_Setup_2: (+1)
   \   0000003E   0x2018             MOVS     R0,#+24
   \   00000040   0x0005             MOVS     R5,R0
     67              vdiv = 0u;
   \   00000042   0x2000             MOVS     R0,#+0
   \   00000044   0x0006             MOVS     R6,R0
     68              break;
   \   00000046   0xE026             B.N      ??LPLD_PLL_Setup_11
     69            case PLL_50:
     70              prdiv = 24u;
   \                     ??LPLD_PLL_Setup_3: (+1)
   \   00000048   0x2018             MOVS     R0,#+24
   \   0000004A   0x0005             MOVS     R5,R0
     71              vdiv = 1u;
   \   0000004C   0x2001             MOVS     R0,#+1
   \   0000004E   0x0006             MOVS     R6,R0
     72              break;
   \   00000050   0xE021             B.N      ??LPLD_PLL_Setup_11
     73            case PLL_96:
     74              prdiv = 24u;
   \                     ??LPLD_PLL_Setup_4: (+1)
   \   00000052   0x2018             MOVS     R0,#+24
   \   00000054   0x0005             MOVS     R5,R0
     75              vdiv = 24u;
   \   00000056   0x2018             MOVS     R0,#+24
   \   00000058   0x0006             MOVS     R6,R0
     76              break;
   \   0000005A   0xE01C             B.N      ??LPLD_PLL_Setup_11
     77            case PLL_100:
     78              prdiv = 24u;
   \                     ??LPLD_PLL_Setup_5: (+1)
   \   0000005C   0x2018             MOVS     R0,#+24
   \   0000005E   0x0005             MOVS     R5,R0
     79              vdiv = 26u;
   \   00000060   0x201A             MOVS     R0,#+26
   \   00000062   0x0006             MOVS     R6,R0
     80              break;
   \   00000064   0xE017             B.N      ??LPLD_PLL_Setup_11
     81            case PLL_120:
     82              prdiv = 19u;
   \                     ??LPLD_PLL_Setup_6: (+1)
   \   00000066   0x2013             MOVS     R0,#+19
   \   00000068   0x0005             MOVS     R5,R0
     83              vdiv = 24u;
   \   0000006A   0x2018             MOVS     R0,#+24
   \   0000006C   0x0006             MOVS     R6,R0
     84              break;
   \   0000006E   0xE012             B.N      ??LPLD_PLL_Setup_11
     85            case PLL_150:
     86              prdiv = 15u;
   \                     ??LPLD_PLL_Setup_7: (+1)
   \   00000070   0x200F             MOVS     R0,#+15
   \   00000072   0x0005             MOVS     R5,R0
     87              vdiv = 24u;
   \   00000074   0x2018             MOVS     R0,#+24
   \   00000076   0x0006             MOVS     R6,R0
     88              break;
   \   00000078   0xE00D             B.N      ??LPLD_PLL_Setup_11
     89            case PLL_180:
     90              prdiv = 14u;
   \                     ??LPLD_PLL_Setup_8: (+1)
   \   0000007A   0x200E             MOVS     R0,#+14
   \   0000007C   0x0005             MOVS     R5,R0
     91              vdiv = 30u;
   \   0000007E   0x201E             MOVS     R0,#+30
   \   00000080   0x0006             MOVS     R6,R0
     92              break;
   \   00000082   0xE008             B.N      ??LPLD_PLL_Setup_11
     93            case PLL_200:
     94              prdiv = 12u;
   \                     ??LPLD_PLL_Setup_9: (+1)
   \   00000084   0x200C             MOVS     R0,#+12
   \   00000086   0x0005             MOVS     R5,R0
     95              vdiv = 28u;
   \   00000088   0x201C             MOVS     R0,#+28
   \   0000008A   0x0006             MOVS     R6,R0
     96              break;
   \   0000008C   0xE003             B.N      ??LPLD_PLL_Setup_11
     97            default:
     98              return LPLD_PLL_Setup(PLL_96);
   \                     ??LPLD_PLL_Setup_10: (+1)
   \   0000008E   0x2060             MOVS     R0,#+96
   \   00000090   0xF7FF 0xFFB6      BL       LPLD_PLL_Setup
   \   00000094   0xE0A1             B.N      ??LPLD_PLL_Setup_12
     99            }
    100            
    101            pll_freq = core_clk_mhz * 1;
   \                     ??LPLD_PLL_Setup_11: (+1)
   \   00000096   0x465C             MOV      R4,R11
    102            core_div = 0;
   \   00000098   0x2000             MOVS     R0,#+0
   \   0000009A   0x0007             MOVS     R7,R0
    103            if((bus_div = (uint8)(core_clk_mhz/BUS_CLK_MHZ - 1u)) == (uint8)-1)
   \   0000009C   0xFA5F 0xFB8B      UXTB     R11,R11          ;; ZeroExt  R11,R11,#+24,#+24
   \   000000A0   0x2032             MOVS     R0,#+50
   \   000000A2   0xFBBB 0xF0F0      UDIV     R0,R11,R0
   \   000000A6   0x1E40             SUBS     R0,R0,#+1
   \   000000A8   0x4680             MOV      R8,R0
   \   000000AA   0xFA5F 0xF888      UXTB     R8,R8            ;; ZeroExt  R8,R8,#+24,#+24
   \   000000AE   0xF1B8 0x0FFF      CMP      R8,#+255
   \   000000B2   0xD102             BNE.N    ??LPLD_PLL_Setup_13
    104            {
    105              bus_div = 0;
   \   000000B4   0x2000             MOVS     R0,#+0
   \   000000B6   0x4680             MOV      R8,R0
   \   000000B8   0xE00B             B.N      ??LPLD_PLL_Setup_14
    106            }
    107            else if(core_clk_mhz/(bus_div+1) > BUS_CLK_MHZ)
   \                     ??LPLD_PLL_Setup_13: (+1)
   \   000000BA   0xFA5F 0xFB8B      UXTB     R11,R11          ;; ZeroExt  R11,R11,#+24,#+24
   \   000000BE   0xFA5F 0xF888      UXTB     R8,R8            ;; ZeroExt  R8,R8,#+24,#+24
   \   000000C2   0xF118 0x0001      ADDS     R0,R8,#+1
   \   000000C6   0xFB9B 0xF0F0      SDIV     R0,R11,R0
   \   000000CA   0x2833             CMP      R0,#+51
   \   000000CC   0xD301             BCC.N    ??LPLD_PLL_Setup_14
    108            {
    109              bus_div += 1;
   \   000000CE   0xF118 0x0801      ADDS     R8,R8,#+1
    110            }
    111            if((flexbus_div = (core_clk_mhz/FLEXBUS_CLK_MHZ - 1u)) == (uint8)-1)
   \                     ??LPLD_PLL_Setup_14: (+1)
   \   000000D2   0xFA5F 0xFB8B      UXTB     R11,R11          ;; ZeroExt  R11,R11,#+24,#+24
   \   000000D6   0x2032             MOVS     R0,#+50
   \   000000D8   0xFBBB 0xF0F0      UDIV     R0,R11,R0
   \   000000DC   0x1E40             SUBS     R0,R0,#+1
   \   000000DE   0x4681             MOV      R9,R0
   \   000000E0   0xFA5F 0xF989      UXTB     R9,R9            ;; ZeroExt  R9,R9,#+24,#+24
   \   000000E4   0xF1B9 0x0FFF      CMP      R9,#+255
   \   000000E8   0xD102             BNE.N    ??LPLD_PLL_Setup_15
    112            {
    113              flexbus_div = 0;
   \   000000EA   0x2000             MOVS     R0,#+0
   \   000000EC   0x4681             MOV      R9,R0
   \   000000EE   0xE00B             B.N      ??LPLD_PLL_Setup_16
    114            }
    115            else if(core_clk_mhz/(flexbus_div+1) > FLEXBUS_CLK_MHZ)
   \                     ??LPLD_PLL_Setup_15: (+1)
   \   000000F0   0xFA5F 0xFB8B      UXTB     R11,R11          ;; ZeroExt  R11,R11,#+24,#+24
   \   000000F4   0xFA5F 0xF989      UXTB     R9,R9            ;; ZeroExt  R9,R9,#+24,#+24
   \   000000F8   0xF119 0x0001      ADDS     R0,R9,#+1
   \   000000FC   0xFB9B 0xF0F0      SDIV     R0,R11,R0
   \   00000100   0x2833             CMP      R0,#+51
   \   00000102   0xD301             BCC.N    ??LPLD_PLL_Setup_16
    116            {
    117              flexbus_div += 1;
   \   00000104   0xF119 0x0901      ADDS     R9,R9,#+1
    118            }
    119            if((flash_div = (core_clk_mhz/FLASH_CLK_MHZ - 1u)) == (uint8)-1)
   \                     ??LPLD_PLL_Setup_16: (+1)
   \   00000108   0xFA5F 0xFB8B      UXTB     R11,R11          ;; ZeroExt  R11,R11,#+24,#+24
   \   0000010C   0x2019             MOVS     R0,#+25
   \   0000010E   0xFBBB 0xF0F0      UDIV     R0,R11,R0
   \   00000112   0x1E40             SUBS     R0,R0,#+1
   \   00000114   0x4682             MOV      R10,R0
   \   00000116   0xFA5F 0xFA8A      UXTB     R10,R10          ;; ZeroExt  R10,R10,#+24,#+24
   \   0000011A   0xF1BA 0x0FFF      CMP      R10,#+255
   \   0000011E   0xD102             BNE.N    ??LPLD_PLL_Setup_17
    120            {
    121              flash_div = 0;
   \   00000120   0x2000             MOVS     R0,#+0
   \   00000122   0x4682             MOV      R10,R0
   \   00000124   0xE00B             B.N      ??LPLD_PLL_Setup_18
    122            }
    123            else if(core_clk_mhz/(flash_div+1) > FLASH_CLK_MHZ)
   \                     ??LPLD_PLL_Setup_17: (+1)
   \   00000126   0xFA5F 0xFB8B      UXTB     R11,R11          ;; ZeroExt  R11,R11,#+24,#+24
   \   0000012A   0xFA5F 0xFA8A      UXTB     R10,R10          ;; ZeroExt  R10,R10,#+24,#+24
   \   0000012E   0xF11A 0x0001      ADDS     R0,R10,#+1
   \   00000132   0xFB9B 0xF0F0      SDIV     R0,R11,R0
   \   00000136   0x281A             CMP      R0,#+26
   \   00000138   0xD301             BCC.N    ??LPLD_PLL_Setup_18
    124            {
    125              flash_div += 1;
   \   0000013A   0xF11A 0x0A01      ADDS     R10,R10,#+1
    126            }
    127            
    128            // 这里假设复位后 MCG 模块默认为 FEI 模式
    129            
    130            // 首先移动到 FBE 模式
    131            MCG->C2 = 0;
   \                     ??LPLD_PLL_Setup_18: (+1)
   \   0000013E   0x2000             MOVS     R0,#+0
   \   00000140   0x4927             LDR.N    R1,??LPLD_PLL_Setup_19  ;; 0x40064001
   \   00000142   0x7008             STRB     R0,[R1, #+0]
    132            
    133            // 振荡器初始化完成后,释放锁存状态下的 oscillator 和 GPIO 
    134            SIM->SCGC4 |= SIM_SCGC4_LLWU_MASK;
   \   00000144   0x4827             LDR.N    R0,??LPLD_PLL_Setup_19+0x4  ;; 0x40048034
   \   00000146   0x6800             LDR      R0,[R0, #+0]
   \   00000148   0xF050 0x5080      ORRS     R0,R0,#0x10000000
   \   0000014C   0x4925             LDR.N    R1,??LPLD_PLL_Setup_19+0x4  ;; 0x40048034
   \   0000014E   0x6008             STR      R0,[R1, #+0]
    135            LLWU->CS |= LLWU_CS_ACKISO_MASK;
   \   00000150   0x4825             LDR.N    R0,??LPLD_PLL_Setup_19+0x8  ;; 0x4007c008
   \   00000152   0x7800             LDRB     R0,[R0, #+0]
   \   00000154   0xF050 0x0080      ORRS     R0,R0,#0x80
   \   00000158   0x4923             LDR.N    R1,??LPLD_PLL_Setup_19+0x8  ;; 0x4007c008
   \   0000015A   0x7008             STRB     R0,[R1, #+0]
    136            
    137            // 选择外部 oscilator 、参考分频器 and 清零 IREFS 启动外部osc
    138            // CLKS=2, FRDIV=3, IREFS=0, IRCLKEN=0, IREFSTEN=0
    139            MCG->C1 = MCG_C1_CLKS(2) | MCG_C1_FRDIV(3);  
   \   0000015C   0x2098             MOVS     R0,#+152
   \   0000015E   0x4923             LDR.N    R1,??LPLD_PLL_Setup_19+0xC  ;; 0x40064000
   \   00000160   0x7008             STRB     R0,[R1, #+0]
    140            
    141            while (MCG->S & MCG_S_IREFST_MASK){}; // 等待参考时钟清零
   \                     ??LPLD_PLL_Setup_20: (+1)
   \   00000162   0x4823             LDR.N    R0,??LPLD_PLL_Setup_19+0x10  ;; 0x40064006
   \   00000164   0x7800             LDRB     R0,[R0, #+0]
   \   00000166   0x06C0             LSLS     R0,R0,#+27
   \   00000168   0xD4FB             BMI.N    ??LPLD_PLL_Setup_20
    142            
    143            while (((MCG->S & MCG_S_CLKST_MASK) >> MCG_S_CLKST_SHIFT) != 0x2){}; // 等待时钟状态显示为外部参考时钟(ext ref clk)
   \                     ??LPLD_PLL_Setup_21: (+1)
   \   0000016A   0x4821             LDR.N    R0,??LPLD_PLL_Setup_19+0x10  ;; 0x40064006
   \   0000016C   0x7800             LDRB     R0,[R0, #+0]
   \   0000016E   0xF3C0 0x0081      UBFX     R0,R0,#+2,#+2
   \   00000172   0xB2C0             UXTB     R0,R0            ;; ZeroExt  R0,R0,#+24,#+24
   \   00000174   0x2802             CMP      R0,#+2
   \   00000176   0xD1F8             BNE.N    ??LPLD_PLL_Setup_21
    144            
    145            // 进入FBE模式
    146            // 配置 PLL 参考分频器, PLLCLKEN=0, PLLSTEN=0, PRDIV=5
    147            // 用晶振频率来选择 PRDIV 值. 仅在有频率晶振的时候支持
    148            // 产生 2MHz 的参考时钟给 PLL.
    149            MCG->C5 = MCG_C5_PRDIV(prdiv); // 设置 PLL 匹配晶振的参考分频数 
   \   00000178   0xF015 0x001F      ANDS     R0,R5,#0x1F
   \   0000017C   0x491D             LDR.N    R1,??LPLD_PLL_Setup_19+0x14  ;; 0x40064004
   \   0000017E   0x7008             STRB     R0,[R1, #+0]
    150            
    151            // 确保MCG_C6处于复位状态,禁止LOLIE、PLL、和时钟控制器,清PLL VCO分频器
    152            MCG->C6 = 0x0;
   \   00000180   0x2000             MOVS     R0,#+0
   \   00000182   0x491D             LDR.N    R1,??LPLD_PLL_Setup_19+0x18  ;; 0x40064005
   \   00000184   0x7008             STRB     R0,[R1, #+0]
    153            
    154            //设置系统时钟分频系数
    155            LPLD_Set_SYS_DIV(core_div, bus_div, flexbus_div, flash_div);  
   \   00000186   0xFA5F 0xFA8A      UXTB     R10,R10          ;; ZeroExt  R10,R10,#+24,#+24
   \   0000018A   0x4653             MOV      R3,R10
   \   0000018C   0xFA5F 0xF989      UXTB     R9,R9            ;; ZeroExt  R9,R9,#+24,#+24
   \   00000190   0x464A             MOV      R2,R9
   \   00000192   0xFA5F 0xF888      UXTB     R8,R8            ;; ZeroExt  R8,R8,#+24,#+24
   \   00000196   0x4641             MOV      R1,R8
   \   00000198   0xB2FF             UXTB     R7,R7            ;; ZeroExt  R7,R7,#+24,#+24
   \   0000019A   0x0038             MOVS     R0,R7
   \   0000019C   0x.... 0x....      BL       LPLD_Set_SYS_DIV
    156            
    157            //设置倍频系数
    158            MCG->C6 = MCG_C6_PLLS_MASK | MCG_C6_VDIV(vdiv); 
   \   000001A0   0xF016 0x001F      ANDS     R0,R6,#0x1F
   \   000001A4   0xF050 0x0040      ORRS     R0,R0,#0x40
   \   000001A8   0x4913             LDR.N    R1,??LPLD_PLL_Setup_19+0x18  ;; 0x40064005
   \   000001AA   0x7008             STRB     R0,[R1, #+0]
    159            
    160            while (!(MCG->S & MCG_S_PLLST_MASK)){}; // wait for PLL status bit to set
   \                     ??LPLD_PLL_Setup_22: (+1)
   \   000001AC   0x4810             LDR.N    R0,??LPLD_PLL_Setup_19+0x10  ;; 0x40064006
   \   000001AE   0x7800             LDRB     R0,[R0, #+0]
   \   000001B0   0x0680             LSLS     R0,R0,#+26
   \   000001B2   0xD5FB             BPL.N    ??LPLD_PLL_Setup_22
    161            
    162            while (!(MCG->S & MCG_S_LOCK_MASK)){}; // Wait for LOCK bit to set
   \                     ??LPLD_PLL_Setup_23: (+1)
   \   000001B4   0x480E             LDR.N    R0,??LPLD_PLL_Setup_19+0x10  ;; 0x40064006
   \   000001B6   0x7800             LDRB     R0,[R0, #+0]
   \   000001B8   0x0640             LSLS     R0,R0,#+25
   \   000001BA   0xD5FB             BPL.N    ??LPLD_PLL_Setup_23
    163            
    164            // 已经进入PBE模式
    165            
    166            // Transition into PEE by setting CLKS to 0
    167            // CLKS=0, FRDIV=3, IREFS=0, IRCLKEN=0, IREFSTEN=0
    168            MCG->C1 &= ~MCG_C1_CLKS_MASK;
   \   000001BC   0x480B             LDR.N    R0,??LPLD_PLL_Setup_19+0xC  ;; 0x40064000
   \   000001BE   0x7800             LDRB     R0,[R0, #+0]
   \   000001C0   0xF010 0x003F      ANDS     R0,R0,#0x3F
   \   000001C4   0x4909             LDR.N    R1,??LPLD_PLL_Setup_19+0xC  ;; 0x40064000
   \   000001C6   0x7008             STRB     R0,[R1, #+0]
    169            
    170            // Wait for clock status bits to update
    171            while (((MCG->S & MCG_S_CLKST_MASK) >> MCG_S_CLKST_SHIFT) != 0x3){};
   \                     ??LPLD_PLL_Setup_24: (+1)
   \   000001C8   0x4809             LDR.N    R0,??LPLD_PLL_Setup_19+0x10  ;; 0x40064006
   \   000001CA   0x7800             LDRB     R0,[R0, #+0]
   \   000001CC   0xF3C0 0x0081      UBFX     R0,R0,#+2,#+2
   \   000001D0   0xB2C0             UXTB     R0,R0            ;; ZeroExt  R0,R0,#+24,#+24
   \   000001D2   0x2803             CMP      R0,#+3
   \   000001D4   0xD1F8             BNE.N    ??LPLD_PLL_Setup_24
    172            
    173            // 已经进入PEE模式
    174            
    175            return pll_freq;
   \   000001D6   0x0020             MOVS     R0,R4
   \   000001D8   0xB2C0             UXTB     R0,R0            ;; ZeroExt  R0,R0,#+24,#+24
   \                     ??LPLD_PLL_Setup_12: (+1)
   \   000001DA   0xE8BD 0x8FF2      POP      {R1,R4-R11,PC}   ;; return
   \   000001DE   0xBF00             Nop      
   \                     ??LPLD_PLL_Setup_19:
   \   000001E0   0x40064001         DC32     0x40064001
   \   000001E4   0x40048034         DC32     0x40048034
   \   000001E8   0x4007C008         DC32     0x4007c008
   \   000001EC   0x40064000         DC32     0x40064000
   \   000001F0   0x40064006         DC32     0x40064006
   \   000001F4   0x40064004         DC32     0x40064004
   \   000001F8   0x40064005         DC32     0x40064005
    176          } 
    177          
    178          
    179          /*
    180           * LPLD_Set_SYS_DIV
    181           * 设置系统始终分频
    182           *
    183           * 说明:
    184           * 这段代码必须放置在RAM中，目的是防止程序跑飞，详见官方文档errata e2448.
    185           * 当Flash时钟分频改变的时候，Flash预读取必须禁用.
    186           * 禁止从Flash中运行以下代码.
    187           * 在预读取被重新使能之前必须在时钟分频改变后有一段小的延时.
    188           *
    189           * 参数:
    190           *    outdiv1~outdiv4--分别为core, bus, FlexBus, Flash时钟分频系数
    191           */

   \                                 In section .textrw, align 4, keep-with-next
    192          RAMFUNC void LPLD_Set_SYS_DIV(uint32 outdiv1, uint32 outdiv2, uint32 outdiv3, uint32 outdiv4)
    193          {
   \                     LPLD_Set_SYS_DIV: (+1)
   \   00000000   0xB4F0             PUSH     {R4-R7}
    194            uint32 temp_reg;
    195            uint8 i;
    196            
    197            temp_reg = FMC->PFAPR; // 备份 FMC_PFAPR 寄存器
   \   00000002   0x4E11             LDR.N    R6,??LPLD_Set_SYS_DIV_0  ;; 0x4001f000
   \   00000004   0x6836             LDR      R6,[R6, #+0]
   \   00000006   0x0034             MOVS     R4,R6
    198            
    199            // 设置 M0PFD 到 M7PFD 为 1 禁用预先读取
    200            FMC->PFAPR |= FMC_PFAPR_M7PFD_MASK | FMC_PFAPR_M6PFD_MASK | FMC_PFAPR_M5PFD_MASK
    201                       | FMC_PFAPR_M4PFD_MASK | FMC_PFAPR_M3PFD_MASK | FMC_PFAPR_M2PFD_MASK
    202                       | FMC_PFAPR_M1PFD_MASK | FMC_PFAPR_M0PFD_MASK;
   \   00000008   0x4E0F             LDR.N    R6,??LPLD_Set_SYS_DIV_0  ;; 0x4001f000
   \   0000000A   0x6836             LDR      R6,[R6, #+0]
   \   0000000C   0xF456 0x067F      ORRS     R6,R6,#0xFF0000
   \   00000010   0x4F0D             LDR.N    R7,??LPLD_Set_SYS_DIV_0  ;; 0x4001f000
   \   00000012   0x603E             STR      R6,[R7, #+0]
    203            
    204            // 设置时钟分频为期望值  
    205            SIM->CLKDIV1 = SIM_CLKDIV1_OUTDIV1(outdiv1) | SIM_CLKDIV1_OUTDIV2(outdiv2) 
    206                        | SIM_CLKDIV1_OUTDIV3(outdiv3) | SIM_CLKDIV1_OUTDIV4(outdiv4);
   \   00000014   0x060E             LSLS     R6,R1,#+24
   \   00000016   0xF016 0x6670      ANDS     R6,R6,#0xF000000
   \   0000001A   0xEA56 0x7600      ORRS     R6,R6,R0, LSL #+28
   \   0000001E   0x0517             LSLS     R7,R2,#+20
   \   00000020   0xF417 0x0770      ANDS     R7,R7,#0xF00000
   \   00000024   0x433E             ORRS     R6,R7,R6
   \   00000026   0x041F             LSLS     R7,R3,#+16
   \   00000028   0xF417 0x2770      ANDS     R7,R7,#0xF0000
   \   0000002C   0x433E             ORRS     R6,R7,R6
   \   0000002E   0x4F07             LDR.N    R7,??LPLD_Set_SYS_DIV_0+0x4  ;; 0x40048044
   \   00000030   0x603E             STR      R6,[R7, #+0]
    207          
    208            // 延时一小段时间等待改变
    209            for (i = 0 ; i < outdiv4 ; i++)
   \   00000032   0x2600             MOVS     R6,#+0
   \   00000034   0x0035             MOVS     R5,R6
   \                     ??LPLD_Set_SYS_DIV_1: (+1)
   \   00000036   0xB2ED             UXTB     R5,R5            ;; ZeroExt  R5,R5,#+24,#+24
   \   00000038   0x429D             CMP      R5,R3
   \   0000003A   0xD201             BCS.N    ??LPLD_Set_SYS_DIV_2
   \   0000003C   0x1C6D             ADDS     R5,R5,#+1
   \   0000003E   0xE7FA             B.N      ??LPLD_Set_SYS_DIV_1
    210            {}
    211            
    212            FMC->PFAPR = temp_reg; // 回复原先的 FMC_PFAPR 寄存器值
   \                     ??LPLD_Set_SYS_DIV_2: (+1)
   \   00000040   0x4E01             LDR.N    R6,??LPLD_Set_SYS_DIV_0  ;; 0x4001f000
   \   00000042   0x6034             STR      R4,[R6, #+0]
    213            
    214            return;
   \   00000044   0xBCF0             POP      {R4-R7}
   \   00000046   0x4770             BX       LR               ;; return
   \                     ??LPLD_Set_SYS_DIV_0:
   \   00000048   0x4001F000         DC32     0x4001f000
   \   0000004C   0x40048044         DC32     0x40048044
    215          } // set_sys_dividers

   Maximum stack usage in bytes:

   .cstack Function
   ------- --------
      40   LPLD_PLL_Setup
        40   -> LPLD_PLL_Setup
        40   -> LPLD_Set_SYS_DIV
      16   LPLD_Set_SYS_DIV


   Section sizes:

   Bytes  Function/Label
   -----  --------------
     508  LPLD_PLL_Setup
      80  LPLD_Set_SYS_DIV
       4  g_bus_clock
       4  g_core_clock
       4  g_flash_clock
       4  g_flexbus_clock

 
  16 bytes in section .data
 508 bytes in section .text
  80 bytes in section .textrw
 
 588 bytes of CODE memory
  16 bytes of DATA memory

Errors: none
Warnings: none
