###############################################################################
#
# IAR ANSI C/C++ Compiler V7.20.2.7424/W32 for ARM        08/Aug/2016  13:02:58
# Copyright 1999-2014 IAR Systems AB.
#
#    Cpu mode     =  thumb
#    Endian       =  little
#    Source file  =  
#        C:\百度云同步盘\比赛代码\LPLD_OSKinetis_V3\launch\NXP_(golden_cyprinoid)
#        冲击华南赛 1车\app\ITAC\star.c
#    Command line =  
#        "C:\百度云同步盘\比赛代码\LPLD_OSKinetis_V3\launch\NXP_(golden_cyprinoid)
#        冲击华南赛 1车\app\ITAC\star.c" -D LPLD_K60 -lCN
#        "C:\百度云同步盘\比赛代码\LPLD_OSKinetis_V3\launch\NXP_(golden_cyprinoid)
#        冲击华南赛 1车\iar\FLASH\List\" -lB
#        "C:\百度云同步盘\比赛代码\LPLD_OSKinetis_V3\launch\NXP_(golden_cyprinoid)
#        冲击华南赛 1车\iar\FLASH\List\" -o
#        "C:\百度云同步盘\比赛代码\LPLD_OSKinetis_V3\launch\NXP_(golden_cyprinoid)
#        冲击华南赛 1车\iar\FLASH\Obj\" --no_cse --no_unroll --no_inline
#        --no_code_motion --no_tbaa --no_clustering --no_scheduling --debug
#        --endian=little --cpu=Cortex-M4 -e --fpu=None --dlib_config
#        "C:\Program Files (x86)\IAR Systems\Embedded Workbench
#        7.0\arm\INC\c\DLib_Config_Normal.h" -I
#        "C:\百度云同步盘\比赛代码\LPLD_OSKinetis_V3\launch\NXP_(golden_cyprinoid)
#        冲击华南赛 1车\iar\..\app\" -I
#        "C:\百度云同步盘\比赛代码\LPLD_OSKinetis_V3\launch\NXP_(golden_cyprinoid)
#        冲击华南赛 1车\iar\..\app\BSP\" -I
#        "C:\百度云同步盘\比赛代码\LPLD_OSKinetis_V3\launch\NXP_(golden_cyprinoid)
#        冲击华南赛 1车\iar\..\app\ITAC\" -I
#        "C:\百度云同步盘\比赛代码\LPLD_OSKinetis_V3\launch\NXP_(golden_cyprinoid)
#        冲击华南赛 1车\iar\..\app\CTL\" -I
#        "C:\百度云同步盘\比赛代码\LPLD_OSKinetis_V3\launch\NXP_(golden_cyprinoid)
#        冲击华南赛 1车\iar\..\app\MAIN\" -I
#        "C:\百度云同步盘\比赛代码\LPLD_OSKinetis_V3\launch\NXP_(golden_cyprinoid)
#        冲击华南赛 1车\iar\..\app\SENSOR\" -I
#        "C:\百度云同步盘\比赛代码\LPLD_OSKinetis_V3\launch\NXP_(golden_cyprinoid)
#        冲击华南赛 1车\iar\..\..\..\lib\CPU\" -I
#        "C:\百度云同步盘\比赛代码\LPLD_OSKinetis_V3\launch\NXP_(golden_cyprinoid)
#        冲击华南赛 1车\iar\..\..\..\lib\common\" -I
#        "C:\百度云同步盘\比赛代码\LPLD_OSKinetis_V3\launch\NXP_(golden_cyprinoid)
#        冲击华南赛 1车\iar\..\..\..\lib\LPLD\" -I
#        "C:\百度云同步盘\比赛代码\LPLD_OSKinetis_V3\launch\NXP_(golden_cyprinoid)
#        冲击华南赛 1车\iar\..\..\..\lib\LPLD\HW\" -I
#        "C:\百度云同步盘\比赛代码\LPLD_OSKinetis_V3\launch\NXP_(golden_cyprinoid)
#        冲击华南赛 1车\iar\..\..\..\lib\LPLD\DEV\" -I
#        "C:\百度云同步盘\比赛代码\LPLD_OSKinetis_V3\launch\NXP_(golden_cyprinoid)
#        冲击华南赛 1车\iar\..\..\..\lib\uCOS-II\Ports\" -I
#        "C:\百度云同步盘\比赛代码\LPLD_OSKinetis_V3\launch\NXP_(golden_cyprinoid)
#        冲击华南赛 1车\iar\..\..\..\lib\uCOS-II\Source\" -I
#        "C:\百度云同步盘\比赛代码\LPLD_OSKinetis_V3\launch\NXP_(golden_cyprinoid)
#        冲击华南赛 1车\iar\..\..\..\lib\FatFs\" -I
#        "C:\百度云同步盘\比赛代码\LPLD_OSKinetis_V3\launch\NXP_(golden_cyprinoid)
#        冲击华南赛 1车\iar\..\..\..\lib\FatFs\option\" -I
#        "C:\百度云同步盘\比赛代码\LPLD_OSKinetis_V3\launch\NXP_(golden_cyprinoid)
#        冲击华南赛 1车\iar\..\..\..\lib\USB\common\" -I
#        "C:\百度云同步盘\比赛代码\LPLD_OSKinetis_V3\launch\NXP_(golden_cyprinoid)
#        冲击华南赛 1车\iar\..\..\..\lib\USB\driver\" -I
#        "C:\百度云同步盘\比赛代码\LPLD_OSKinetis_V3\launch\NXP_(golden_cyprinoid)
#        冲击华南赛 1车\iar\..\..\..\lib\USB\descriptor\" -I
#        "C:\百度云同步盘\比赛代码\LPLD_OSKinetis_V3\launch\NXP_(golden_cyprinoid)
#        冲击华南赛 1车\iar\..\..\..\lib\USB\class\" -On -I "C:\Program Files
#        (x86)\IAR Systems\Embedded Workbench 7.0\arm\CMSIS\Include\" -D
#        ARM_MATH_CM4
#    List file    =  
#        C:\百度云同步盘\比赛代码\LPLD_OSKinetis_V3\launch\NXP_(golden_cyprinoid)
#        冲击华南赛 1车\iar\FLASH\List\star.lst
#    Object file  =  
#        C:\百度云同步盘\比赛代码\LPLD_OSKinetis_V3\launch\NXP_(golden_cyprinoid)
#        冲击华南赛 1车\iar\FLASH\Obj\star.o
#
###############################################################################

C:\百度云同步盘\比赛代码\LPLD_OSKinetis_V3\launch\NXP_(golden_cyprinoid) 冲击华南赛 1车\app\ITAC\star.c
      1          #include "include.h"
      2          

   \                                 In section .text, align 4, keep-with-next
      3          void star()
      4          {
   \                     star: (+1)
   \   00000000   0xB580             PUSH     {R7,LR}
      5            if(1 == flag_bihuan)     //闭环参数
   \   00000002   0x4862             LDR.N    R0,??star_0
   \   00000004   0x7800             LDRB     R0,[R0, #+0]
   \   00000006   0x2801             CMP      R0,#+1
   \   00000008   0xD178             BNE.N    ??star_1
      6            {
      7              if(GUI.para.AI > 0 && GUI.para.AI < 3)
   \   0000000A   0x4861             LDR.N    R0,??star_0+0x4
   \   0000000C   0x7900             LDRB     R0,[R0, #+4]
   \   0000000E   0x2800             CMP      R0,#+0
   \   00000010   0xD022             BEQ.N    ??star_2
   \   00000012   0x485F             LDR.N    R0,??star_0+0x4
   \   00000014   0x7900             LDRB     R0,[R0, #+4]
   \   00000016   0x2803             CMP      R0,#+3
   \   00000018   0xDA1E             BGE.N    ??star_2
      8              {
      9                ctl.motto.v = AIM_Buff[GUI.para.AI-1];
   \   0000001A   0x485E             LDR.N    R0,??star_0+0x8
   \   0000001C   0x495C             LDR.N    R1,??star_0+0x4
   \   0000001E   0x7909             LDRB     R1,[R1, #+4]
   \   00000020   0xEB10 0x0041      ADDS     R0,R0,R1, LSL #+1
   \   00000024   0xF830 0x0C02      LDRH     R0,[R0, #-2]
   \   00000028   0x495B             LDR.N    R1,??star_0+0xC
   \   0000002A   0xF8A1 0x005C      STRH     R0,[R1, #+92]
     10                ctl.S3010.Kp_S = Dir_Buff[GUI.para.AI*2-2];
   \   0000002E   0x485B             LDR.N    R0,??star_0+0x10
   \   00000030   0x4957             LDR.N    R1,??star_0+0x4
   \   00000032   0x7909             LDRB     R1,[R1, #+4]
   \   00000034   0x0049             LSLS     R1,R1,#+1
   \   00000036   0xEB10 0x0081      ADDS     R0,R0,R1, LSL #+2
   \   0000003A   0xF850 0x0C08      LDR      R0,[R0, #-8]
   \   0000003E   0x4956             LDR.N    R1,??star_0+0xC
   \   00000040   0x6148             STR      R0,[R1, #+20]
     11                ctl.S3010.Kd_S = Dir_Buff[GUI.para.AI*2-1];
   \   00000042   0x4856             LDR.N    R0,??star_0+0x10
   \   00000044   0x4952             LDR.N    R1,??star_0+0x4
   \   00000046   0x7909             LDRB     R1,[R1, #+4]
   \   00000048   0x0049             LSLS     R1,R1,#+1
   \   0000004A   0xEB10 0x0081      ADDS     R0,R0,R1, LSL #+2
   \   0000004E   0xF850 0x0C04      LDR      R0,[R0, #-4]
   \   00000052   0x4951             LDR.N    R1,??star_0+0xC
   \   00000054   0x6208             STR      R0,[R1, #+32]
   \   00000056   0xE088             B.N      ??star_3
     12                
     13              }
     14              else if(GUI.para.AI >= 3)       //高速转向参数分段
   \                     ??star_2: (+1)
   \   00000058   0x484D             LDR.N    R0,??star_0+0x4
   \   0000005A   0x7900             LDRB     R0,[R0, #+4]
   \   0000005C   0x2803             CMP      R0,#+3
   \   0000005E   0xF2C0 0x8084      BLT.W    ??star_3
     15              {
     16                ctl.motto.v = AIM_Buff[GUI.para.AI-1];
   \   00000062   0x484C             LDR.N    R0,??star_0+0x8
   \   00000064   0x494A             LDR.N    R1,??star_0+0x4
   \   00000066   0x7909             LDRB     R1,[R1, #+4]
   \   00000068   0xEB10 0x0041      ADDS     R0,R0,R1, LSL #+1
   \   0000006C   0xF830 0x0C02      LDRH     R0,[R0, #-2]
   \   00000070   0x4949             LDR.N    R1,??star_0+0xC
   \   00000072   0xF8A1 0x005C      STRH     R0,[R1, #+92]
     17                ctl.S3010.Kp_S = Dir_Buff[GUI.para.AI*6-14];
   \   00000076   0x4849             LDR.N    R0,??star_0+0x10
   \   00000078   0x4945             LDR.N    R1,??star_0+0x4
   \   0000007A   0x7909             LDRB     R1,[R1, #+4]
   \   0000007C   0x2206             MOVS     R2,#+6
   \   0000007E   0x4351             MULS     R1,R2,R1
   \   00000080   0xEB10 0x0081      ADDS     R0,R0,R1, LSL #+2
   \   00000084   0xF850 0x0C38      LDR      R0,[R0, #-56]
   \   00000088   0x4943             LDR.N    R1,??star_0+0xC
   \   0000008A   0x6148             STR      R0,[R1, #+20]
     18                ctl.S3010.Kd_S = Dir_Buff[GUI.para.AI*6-13];
   \   0000008C   0x4843             LDR.N    R0,??star_0+0x10
   \   0000008E   0x4940             LDR.N    R1,??star_0+0x4
   \   00000090   0x7909             LDRB     R1,[R1, #+4]
   \   00000092   0x2206             MOVS     R2,#+6
   \   00000094   0x4351             MULS     R1,R2,R1
   \   00000096   0xEB10 0x0081      ADDS     R0,R0,R1, LSL #+2
   \   0000009A   0xF850 0x0C34      LDR      R0,[R0, #-52]
   \   0000009E   0x493E             LDR.N    R1,??star_0+0xC
   \   000000A0   0x6208             STR      R0,[R1, #+32]
     19                
     20                ctl.S3010.Kp_M = Dir_Buff[GUI.para.AI*6-12];
   \   000000A2   0x483E             LDR.N    R0,??star_0+0x10
   \   000000A4   0x493A             LDR.N    R1,??star_0+0x4
   \   000000A6   0x7909             LDRB     R1,[R1, #+4]
   \   000000A8   0x2206             MOVS     R2,#+6
   \   000000AA   0x4351             MULS     R1,R2,R1
   \   000000AC   0xEB10 0x0081      ADDS     R0,R0,R1, LSL #+2
   \   000000B0   0xF850 0x0C30      LDR      R0,[R0, #-48]
   \   000000B4   0x4938             LDR.N    R1,??star_0+0xC
   \   000000B6   0x6188             STR      R0,[R1, #+24]
     21                ctl.S3010.Kd_M = Dir_Buff[GUI.para.AI*6-11];
   \   000000B8   0x4838             LDR.N    R0,??star_0+0x10
   \   000000BA   0x4935             LDR.N    R1,??star_0+0x4
   \   000000BC   0x7909             LDRB     R1,[R1, #+4]
   \   000000BE   0x2206             MOVS     R2,#+6
   \   000000C0   0x4351             MULS     R1,R2,R1
   \   000000C2   0xEB10 0x0081      ADDS     R0,R0,R1, LSL #+2
   \   000000C6   0xF850 0x0C2C      LDR      R0,[R0, #-44]
   \   000000CA   0x4933             LDR.N    R1,??star_0+0xC
   \   000000CC   0x6248             STR      R0,[R1, #+36]
     22                
     23                ctl.S3010.Kp_B = Dir_Buff[GUI.para.AI*6-10];
   \   000000CE   0x4833             LDR.N    R0,??star_0+0x10
   \   000000D0   0x492F             LDR.N    R1,??star_0+0x4
   \   000000D2   0x7909             LDRB     R1,[R1, #+4]
   \   000000D4   0x2206             MOVS     R2,#+6
   \   000000D6   0x4351             MULS     R1,R2,R1
   \   000000D8   0xEB10 0x0081      ADDS     R0,R0,R1, LSL #+2
   \   000000DC   0xF850 0x0C28      LDR      R0,[R0, #-40]
   \   000000E0   0x492D             LDR.N    R1,??star_0+0xC
   \   000000E2   0x61C8             STR      R0,[R1, #+28]
     24                ctl.S3010.Kd_B = Dir_Buff[GUI.para.AI*6-9];
   \   000000E4   0x482D             LDR.N    R0,??star_0+0x10
   \   000000E6   0x492A             LDR.N    R1,??star_0+0x4
   \   000000E8   0x7909             LDRB     R1,[R1, #+4]
   \   000000EA   0x2206             MOVS     R2,#+6
   \   000000EC   0x4351             MULS     R1,R2,R1
   \   000000EE   0xEB10 0x0081      ADDS     R0,R0,R1, LSL #+2
   \   000000F2   0xF850 0x0C24      LDR      R0,[R0, #-36]
   \   000000F6   0x4928             LDR.N    R1,??star_0+0xC
   \   000000F8   0x6288             STR      R0,[R1, #+40]
   \   000000FA   0xE036             B.N      ??star_3
     25                
     26              }
     27              
     28              else  // AI = 0
     29              {
     30                
     31              }
     32            }
     33            
     34            else                      //开环参数
     35            {
     36              switch(GUI.para.AI)
   \                     ??star_1: (+1)
   \   000000FC   0x4824             LDR.N    R0,??star_0+0x4
   \   000000FE   0x7900             LDRB     R0,[R0, #+4]
   \   00000100   0x2801             CMP      R0,#+1
   \   00000102   0xD004             BEQ.N    ??star_4
   \   00000104   0xD331             BCC.N    ??star_3
   \   00000106   0x2803             CMP      R0,#+3
   \   00000108   0xD020             BEQ.N    ??star_5
   \   0000010A   0xD310             BCC.N    ??star_6
   \   0000010C   0xE02D             B.N      ??star_3
     37              {
     38                case(1):
     39                  ctl.motto.out = kaihuan_Buff[0];
   \                     ??star_4: (+1)
   \   0000010E   0x4824             LDR.N    R0,??star_0+0x14
   \   00000110   0xF9B0 0x0000      LDRSH    R0,[R0, #+0]
   \   00000114   0x.... 0x....      BL       __aeabi_i2f
   \   00000118   0x491F             LDR.N    R1,??star_0+0xC
   \   0000011A   0xF8C1 0x008C      STR      R0,[R1, #+140]
     40                  ctl.S3010.Kp_S = 0.39;
   \   0000011E   0x4821             LDR.N    R0,??star_0+0x18  ;; 0x3ec7ae14
   \   00000120   0x491D             LDR.N    R1,??star_0+0xC
   \   00000122   0x6148             STR      R0,[R1, #+20]
     41                  ctl.S3010.Kd_S = 0.5;
   \   00000124   0xF05F 0x507C      MOVS     R0,#+1056964608
   \   00000128   0x491B             LDR.N    R1,??star_0+0xC
   \   0000012A   0x6208             STR      R0,[R1, #+32]
     42                  break;
   \   0000012C   0xE01D             B.N      ??star_3
     43                  
     44                  case(2):
     45                    ctl.motto.out = kaihuan_Buff[1];
   \                     ??star_6: (+1)
   \   0000012E   0x481C             LDR.N    R0,??star_0+0x14
   \   00000130   0xF9B0 0x0002      LDRSH    R0,[R0, #+2]
   \   00000134   0x.... 0x....      BL       __aeabi_i2f
   \   00000138   0x4917             LDR.N    R1,??star_0+0xC
   \   0000013A   0xF8C1 0x008C      STR      R0,[R1, #+140]
     46                    ctl.S3010.Kp_S = 0.4;
   \   0000013E   0x481A             LDR.N    R0,??star_0+0x1C  ;; 0x3ecccccd
   \   00000140   0x4915             LDR.N    R1,??star_0+0xC
   \   00000142   0x6148             STR      R0,[R1, #+20]
     47                    ctl.S3010.Kd_S = 1.2;
   \   00000144   0x4819             LDR.N    R0,??star_0+0x20  ;; 0x3f99999a
   \   00000146   0x4914             LDR.N    R1,??star_0+0xC
   \   00000148   0x6208             STR      R0,[R1, #+32]
     48                    break;
   \   0000014A   0xE00E             B.N      ??star_3
     49                    
     50                    case(3):
     51                      ctl.motto.out = kaihuan_Buff[2];
   \                     ??star_5: (+1)
   \   0000014C   0x4814             LDR.N    R0,??star_0+0x14
   \   0000014E   0xF9B0 0x0004      LDRSH    R0,[R0, #+4]
   \   00000152   0x.... 0x....      BL       __aeabi_i2f
   \   00000156   0x4910             LDR.N    R1,??star_0+0xC
   \   00000158   0xF8C1 0x008C      STR      R0,[R1, #+140]
     52                      ctl.S3010.Kp_S = 0.41;
   \   0000015C   0x4814             LDR.N    R0,??star_0+0x24  ;; 0x3ed1eb85
   \   0000015E   0x490E             LDR.N    R1,??star_0+0xC
   \   00000160   0x6148             STR      R0,[R1, #+20]
     53                      ctl.S3010.Kd_S = 1.5;
   \   00000162   0xF05F 0x507F      MOVS     R0,#+1069547520
   \   00000166   0x490C             LDR.N    R1,??star_0+0xC
   \   00000168   0x6208             STR      R0,[R1, #+32]
     54                      break;
     55                      
     56                      
     57              default: ;
     58              }
     59            }
     60            
     61            
     62            LPLD_LPTMR_DelayMs(1500);
   \                     ??star_3: (+1)
   \   0000016A   0xF240 0x50DC      MOVW     R0,#+1500
   \   0000016E   0x.... 0x....      BL       LPLD_LPTMR_DelayMs
     63            bz_set(ready);//初始化完毕，蜂鸣器提示
   \   00000172   0x2000             MOVS     R0,#+0
   \   00000174   0x.... 0x....      BL       bz_set
     64            
     65            if(1 == debug_Enable)
   \   00000178   0x480E             LDR.N    R0,??star_0+0x28
   \   0000017A   0x7800             LDRB     R0,[R0, #+0]
   \   0000017C   0x2801             CMP      R0,#+1
   \   0000017E   0xD101             BNE.N    ??star_7
     66            {
     67              timer_debug();
   \   00000180   0x.... 0x....      BL       timer_debug
     68            }
     69            
     70            flag_stop = 0;
   \                     ??star_7: (+1)
   \   00000184   0x2000             MOVS     R0,#+0
   \   00000186   0x490C             LDR.N    R1,??star_0+0x2C
   \   00000188   0x7008             STRB     R0,[R1, #+0]
     71            
     72          }
   \   0000018A   0xBD01             POP      {R0,PC}          ;; return
   \                     ??star_0:
   \   0000018C   0x........         DC32     flag_bihuan
   \   00000190   0x........         DC32     GUI
   \   00000194   0x........         DC32     AIM_Buff
   \   00000198   0x........         DC32     ctl
   \   0000019C   0x........         DC32     Dir_Buff
   \   000001A0   0x........         DC32     kaihuan_Buff
   \   000001A4   0x3EC7AE14         DC32     0x3ec7ae14
   \   000001A8   0x3ECCCCCD         DC32     0x3ecccccd
   \   000001AC   0x3F99999A         DC32     0x3f99999a
   \   000001B0   0x3ED1EB85         DC32     0x3ed1eb85
   \   000001B4   0x........         DC32     debug_Enable
   \   000001B8   0x........         DC32     flag_stop
     73          
     74          
     75          /*
     76          void portc_isr()
     77          {
     78            uint16 i,j;
     79            i = GUI.para.endline_time * 1000;
     80            
     81            j = LPLD_GPIO_IsPinxExt(PORTD, GPIO_Pin15);
     82            if( j > 0)
     83            {
     84              LPLD_GPIO_ClearIntFlag(PORTD);
     85            
     86            if(1 == GUI.para.endline &&  timer_cnt > i)  //一个可调的值
     87            {
     88              flag_bihuan = 0;
     89              ctl.motto.out = 0;
     90              timer_cnt = 0;
     91            }
     92            bz_set(datarec);
     93            }
     94          }*/

   Maximum stack usage in bytes:

   .cstack Function
   ------- --------
       8   star
         8   -> LPLD_LPTMR_DelayMs
         8   -> __aeabi_i2f
         8   -> bz_set
         8   -> timer_debug


   Section sizes:

   Bytes  Function/Label
   -----  --------------
     444  star

 
 444 bytes in section .text
 
 444 bytes of CODE memory

Errors: none
Warnings: none
