Added Component: Designator=C1(C2012)
Added Component: Designator=C2(C2012)
Added Component: Designator=C3(C2012)
Added Component: Designator=P1(HDR1X4)
Added Component: Designator=S1(AXIAL-0.9)
Added Component: Designator=S2(AXIAL-0.9)
Added Component: Designator=S3(AXIAL-0.9)
Added Component: Designator=TP1(PIN)
Added Pin To Net: NetName=GND Pin=C1-2
Added Pin To Net: NetName=GND Pin=C2-2
Added Pin To Net: NetName=GND Pin=C3-2
Added Pin To Net: NetName=GND Pin=P1-4
Added Pin To Net: NetName=GND Pin=S1-2
Added Pin To Net: NetName=GND Pin=S2-2
Added Pin To Net: NetName=GND Pin=S3-2
Added Pin To Net: NetName=GND Pin=TP1-1
Added Net: Name=GND
Added Pin To Net: NetName=IO1 Pin=C1-1
Added Pin To Net: NetName=IO1 Pin=P1-3
Added Pin To Net: NetName=IO1 Pin=S1-1
Added Net: Name=IO1
Added Pin To Net: NetName=IO2 Pin=C2-1
Added Pin To Net: NetName=IO2 Pin=P1-2
Added Pin To Net: NetName=IO2 Pin=S2-1
Added Net: Name=IO2
Added Pin To Net: NetName=IO3 Pin=C3-1
Added Pin To Net: NetName=IO3 Pin=P1-1
Added Pin To Net: NetName=IO3 Pin=S3-1
Added Net: Name=IO3
Added Class: Name=ÆðÅÜÍ»»÷V4.0
Added Room: Name=ÆðÅÜÍ»»÷V4.0
