Removed Pin From Net: NetName=IO4 Pin=P5-1
Removed Pin From Net: NetName=IO3 Pin=P5-2
Removed Pin From Net: NetName=IO2 Pin=P5-4
Removed Pin From Net: NetName=IO1 Pin=P5-5
Removed Pin From Net: NetName=VCC Pin=P5-6
Change Component Designator: OldDesignator=P5 NewDesignator=P7
Added Component: Designator=P5(HDR1X3)
Added Component: Designator=P6(HDR1X2)
Added Component: Designator=R5(R2012)
Added Pin To Net: NetName=VCC Pin=P5-1
Added Pin To Net: NetName=GND Pin=P5-2
Added Pin To Net: NetName=VCC Pin=P6-1
Added Pin To Net: NetName=VCC Pin=P6-2
Added Pin To Net: NetName=IO4 Pin=P7-2
Added Pin To Net: NetName=IO3 Pin=P7-4
Added Pin To Net: NetName=IO2 Pin=P7-5
Added Pin To Net: NetName=IO1 Pin=P7-6
Added Pin To Net: NetName=VCC Pin=R5-1
Added Pin To Net: NetName=IO5 Pin=P5-3
Added Pin To Net: NetName=IO5 Pin=P7-1
Added Pin To Net: NetName=IO5 Pin=R5-2
Added Net: Name=IO5
Added Member To Class: ClassName=ÆğÅÜÍ»»÷V4.0 Member=Component P6 Header 2
Added Member To Class: ClassName=ÆğÅÜÍ»»÷V4.0 Member=Component P7 Header 6
Added Member To Class: ClassName=ÆğÅÜÍ»»÷V4.0 Member=Component R5 Res
Added Room: Name=ÆğÅÜÍ»»÷V4.0
