Removed Pin From Net: NetName=VCC Pin=D5-2
Removed Pin From Net: NetName=VCC Pin=D6-2
Removed Pin From Net: NetName=GND Pin=D11-1
Removed Pin From Net: NetName=GND Pin=D12-1
Removed Member From Class: ClassName=ideal V2.0 Member=D5
Removed Member From Class: ClassName=ideal V2.0 Member=D6
Removed Member From Class: ClassName=ideal V2.0 Member=D11
Removed Member From Class: ClassName=ideal V2.0 Member=D12
Added Pin To Net: NetName=VCC Pin=Q1-2
Added Pin To Net: NetName=VCC Pin=Q2-2
Added Pin To Net: NetName=GND Pin=Q3-3
Added Pin To Net: NetName=GND Pin=Q4-3
Added Pin To Net: NetName=GND Pin=U1-5
Added Pin To Net: NetName=VCC Pin=U1-6
Added Pin To Net: NetName=AC~1 Pin=PIN*5-1
Added Pin To Net: NetName=AC~1 Pin=Q2-3
Added Pin To Net: NetName=AC~1 Pin=Q4-2
Added Pin To Net: NetName=AC~1 Pin=U1-8
Added Net: Name=AC~1
Added Pin To Net: NetName=AC~2 Pin=PIN*6-1
Added Pin To Net: NetName=AC~2 Pin=Q1-3
Added Pin To Net: NetName=AC~2 Pin=Q3-2
Added Pin To Net: NetName=AC~2 Pin=U1-1
Added Net: Name=AC~2
Added Pin To Net: NetName=NetQ1_1 Pin=Q1-1
Added Pin To Net: NetName=NetQ1_1 Pin=U1-2
Added Net: Name=NetQ1_1
Added Pin To Net: NetName=NetQ2_1 Pin=Q2-1
Added Pin To Net: NetName=NetQ2_1 Pin=U1-7
Added Net: Name=NetQ2_1
Added Pin To Net: NetName=NetQ3_1 Pin=Q3-1
Added Pin To Net: NetName=NetQ3_1 Pin=U1-4
Added Net: Name=NetQ3_1
Added Pin To Net: NetName=NetQ4_1 Pin=Q4-1
Added Pin To Net: NetName=NetQ4_1 Pin=U1-3
Added Net: Name=NetQ4_1
Added Member To Class: ClassName=ideal V2.0 Member=Component Q1 MOSFET-N
Added Member To Class: ClassName=ideal V2.0 Member=Component Q2 MOSFET-N
Added Member To Class: ClassName=ideal V2.0 Member=Component Q3 MOSFET-N
Added Member To Class: ClassName=ideal V2.0 Member=Component Q4 MOSFET-N
Added Member To Class: ClassName=ideal V2.0 Member=Component U1 LT4320-DIP
