Change Component Designator: Old Designator=12V New Designator=1
Change Component Designator: Old Designator=C1 New Designator=C7
Change Component Designator: Old Designator=C2 New Designator=C8
Change Component Designator: Old Designator=C3 New Designator=C1
Change Component Designator: Old Designator=C4 New Designator=C2
Change Component Designator: Old Designator=C5 New Designator=C3
Change Component Designator: Old Designator=C6 New Designator=C4
Change Component Designator: Old Designator=C7 New Designator=C5
Change Component Designator: Old Designator=C8 New Designator=C6
Change Component Designator: Old Designator=D1 New Designator=D17
Change Component Designator: Old Designator=D2 New Designator=D1
Change Component Designator: Old Designator=D3 New Designator=D2
Change Component Designator: Old Designator=D4 New Designator=D3
Change Component Designator: Old Designator=D5 New Designator=D4
Change Component Designator: Old Designator=D6 New Designator=D5
Change Component Designator: Old Designator=D7 New Designator=D6
Change Component Designator: Old Designator=D8 New Designator=D7
Change Component Designator: Old Designator=D9 New Designator=D8
Change Component Designator: Old Designator=D10 New Designator=D9
Change Component Designator: Old Designator=D11 New Designator=D10
Change Component Designator: Old Designator=D12 New Designator=D11
Change Component Designator: Old Designator=D13 New Designator=D12
Change Component Designator: Old Designator=D14 New Designator=D13
Change Component Designator: Old Designator=D15 New Designator=D14
Change Component Designator: Old Designator=D16 New Designator=D15
Change Component Designator: Old Designator=D17 New Designator=D16
Change Component Designator: Old Designator=GND-2 New Designator=GND-1
Change Component Designator: Old Designator=PIN* New Designator=PIN*1
Change Component Designator: Old Designator=PIN* New Designator=PIN*2
Change Component Designator: Old Designator=PIN* New Designator=PIN*3
Change Component Designator: Old Designator=PIN* New Designator=PIN*4
Change Component Designator: Old Designator=PIN* New Designator=PIN*5
Change Component Designator: Old Designator=PIN* New Designator=PIN*6
Change Component Designator: Old Designator=PIN* New Designator=PIN*7
Change Component Designator: Old Designator=PIN* New Designator=PIN*8
