Added Component: Designator=TP1(PIN)
Added Pin To Net: NetName=3.3V Pin=C1-1
Added Pin To Net: NetName=IO1 Pin=C1-2
Added Pin To Net: NetName=GND Pin=P1-1
Added Pin To Net: NetName=IO1 Pin=P1-4
Added Pin To Net: NetName=3.3V Pin=R1-1
Added Pin To Net: NetName=IO1 Pin=R1-2
Added Pin To Net: NetName=IO1 Pin=S1-1
Added Pin To Net: NetName=GND Pin=S1-2
Added Pin To Net: NetName=IO1 Pin=S2-1
Added Pin To Net: NetName=GND Pin=S2-2
Added Pin To Net: NetName=IO1 Pin=S3-1
Added Pin To Net: NetName=GND Pin=S3-2
Added Pin To Net: NetName=IO1 Pin=S4-1
Added Pin To Net: NetName=GND Pin=S4-2
Added Pin To Net: NetName=IO1 Pin=S5-1
Added Pin To Net: NetName=GND Pin=S5-2
Added Pin To Net: NetName=IO1 Pin=S6-1
Added Pin To Net: NetName=GND Pin=S6-2
Added Pin To Net: NetName=IO1 Pin=S7-1
Added Pin To Net: NetName=GND Pin=S7-2
Added Pin To Net: NetName=IO1 Pin=S8-1
Added Pin To Net: NetName=GND Pin=S8-2
Added Pin To Net: NetName=GND Pin=TP1-1
Added Member To Class: ClassName=起跑 Member=Component C1 Cap
Added Member To Class: ClassName=起跑 Member=Component P1 Header 7H
Added Member To Class: ClassName=起跑 Member=Component R1 Res2
Added Member To Class: ClassName=起跑 Member=Component S1 SW-PB
Added Member To Class: ClassName=起跑 Member=Component S2 SW-PB
Added Member To Class: ClassName=起跑 Member=Component S3 SW-PB
Added Member To Class: ClassName=起跑 Member=Component S4 SW-PB
Added Member To Class: ClassName=起跑 Member=Component S5 SW-PB
Added Member To Class: ClassName=起跑 Member=Component S6 SW-PB
Added Member To Class: ClassName=起跑 Member=Component S7 SW-PB
Added Member To Class: ClassName=起跑 Member=Component S8 SW-PB
Added Member To Class: ClassName=起跑 Member=Component TP1 TEST PAD
