###############################################################################
#
# IAR ANSI C/C++ Compiler V7.20.2.7424/W32 for ARM        11/Mar/2016  11:02:45
# Copyright 1999-2014 IAR Systems AB.
#
#    Cpu mode     =  thumb
#    Endian       =  little
#    Source file  =  
#        D:\LPLDV3.1\LPLD_OSKinetis_V3\project\freescale_cup(LDC)1.9(pid+fuzzy)\app\ITAC\bz_led.c
#    Command line =  
#        "D:\LPLDV3.1\LPLD_OSKinetis_V3\project\freescale_cup(LDC)1.9(pid+fuzzy)\app\ITAC\bz_led.c"
#        -D LPLD_K60 -D USE_K60DZ10 -lCN
#        "D:\LPLDV3.1\LPLD_OSKinetis_V3\project\freescale_cup(LDC)1.9(pid+fuzzy)\iar\FLASH\List\"
#        -lB
#        "D:\LPLDV3.1\LPLD_OSKinetis_V3\project\freescale_cup(LDC)1.9(pid+fuzzy)\iar\FLASH\List\"
#        -o
#        "D:\LPLDV3.1\LPLD_OSKinetis_V3\project\freescale_cup(LDC)1.9(pid+fuzzy)\iar\FLASH\Obj\"
#        --no_cse --no_unroll --no_inline --no_code_motion --no_tbaa
#        --no_clustering --no_scheduling --debug --endian=little
#        --cpu=Cortex-M4 -e --fpu=None --dlib_config "C:\Program Files
#        (x86)\IAR Systems\Embedded Workbench
#        7.0\arm\INC\c\DLib_Config_Normal.h" -I
#        "D:\LPLDV3.1\LPLD_OSKinetis_V3\project\freescale_cup(LDC)1.9(pid+fuzzy)\iar\..\app\"
#        -I
#        "D:\LPLDV3.1\LPLD_OSKinetis_V3\project\freescale_cup(LDC)1.9(pid+fuzzy)\iar\..\app\MAIN\"
#        -I
#        "D:\LPLDV3.1\LPLD_OSKinetis_V3\project\freescale_cup(LDC)1.9(pid+fuzzy)\iar\..\app\BSP\"
#        -I
#        "D:\LPLDV3.1\LPLD_OSKinetis_V3\project\freescale_cup(LDC)1.9(pid+fuzzy)\iar\..\app\CTL\"
#        -I
#        "D:\LPLDV3.1\LPLD_OSKinetis_V3\project\freescale_cup(LDC)1.9(pid+fuzzy)\iar\..\app\sensor\"
#        -I
#        "D:\LPLDV3.1\LPLD_OSKinetis_V3\project\freescale_cup(LDC)1.9(pid+fuzzy)\iar\..\app\ITAC\"
#        -I
#        "D:\LPLDV3.1\LPLD_OSKinetis_V3\project\freescale_cup(LDC)1.9(pid+fuzzy)\iar\..\..\..\lib\CPU\"
#        -I
#        "D:\LPLDV3.1\LPLD_OSKinetis_V3\project\freescale_cup(LDC)1.9(pid+fuzzy)\iar\..\..\..\lib\common\"
#        -I
#        "D:\LPLDV3.1\LPLD_OSKinetis_V3\project\freescale_cup(LDC)1.9(pid+fuzzy)\iar\..\..\..\lib\LPLD\"
#        -I
#        "D:\LPLDV3.1\LPLD_OSKinetis_V3\project\freescale_cup(LDC)1.9(pid+fuzzy)\iar\..\..\..\lib\LPLD\HW\"
#        -I
#        "D:\LPLDV3.1\LPLD_OSKinetis_V3\project\freescale_cup(LDC)1.9(pid+fuzzy)\iar\..\..\..\lib\LPLD\DEV\"
#        -I
#        "D:\LPLDV3.1\LPLD_OSKinetis_V3\project\freescale_cup(LDC)1.9(pid+fuzzy)\iar\..\..\..\lib\LPLD\FUNC\"
#        -I
#        "D:\LPLDV3.1\LPLD_OSKinetis_V3\project\freescale_cup(LDC)1.9(pid+fuzzy)\iar\..\..\..\lib\uCOS-II\Ports\"
#        -I
#        "D:\LPLDV3.1\LPLD_OSKinetis_V3\project\freescale_cup(LDC)1.9(pid+fuzzy)\iar\..\..\..\lib\uCOS-II\Source\"
#        -I
#        "D:\LPLDV3.1\LPLD_OSKinetis_V3\project\freescale_cup(LDC)1.9(pid+fuzzy)\iar\..\..\..\lib\FatFs\"
#        -I
#        "D:\LPLDV3.1\LPLD_OSKinetis_V3\project\freescale_cup(LDC)1.9(pid+fuzzy)\iar\..\..\..\lib\FatFs\option\"
#        -I
#        "D:\LPLDV3.1\LPLD_OSKinetis_V3\project\freescale_cup(LDC)1.9(pid+fuzzy)\iar\..\..\..\lib\USB\common\"
#        -I
#        "D:\LPLDV3.1\LPLD_OSKinetis_V3\project\freescale_cup(LDC)1.9(pid+fuzzy)\iar\..\..\..\lib\USB\driver\"
#        -I
#        "D:\LPLDV3.1\LPLD_OSKinetis_V3\project\freescale_cup(LDC)1.9(pid+fuzzy)\iar\..\..\..\lib\USB\descriptor\"
#        -I
#        "D:\LPLDV3.1\LPLD_OSKinetis_V3\project\freescale_cup(LDC)1.9(pid+fuzzy)\iar\..\..\..\lib\USB\class\"
#        -On -I "C:\Program Files (x86)\IAR Systems\Embedded Workbench
#        7.0\arm\CMSIS\Include\" -D ARM_MATH_CM4
#    List file    =  
#        D:\LPLDV3.1\LPLD_OSKinetis_V3\project\freescale_cup(LDC)1.9(pid+fuzzy)\iar\FLASH\List\bz_led.lst
#    Object file  =  
#        D:\LPLDV3.1\LPLD_OSKinetis_V3\project\freescale_cup(LDC)1.9(pid+fuzzy)\iar\FLASH\Obj\bz_led.o
#
###############################################################################

D:\LPLDV3.1\LPLD_OSKinetis_V3\project\freescale_cup(LDC)1.9(pid+fuzzy)\app\ITAC\bz_led.c
      1          #include "include.h"
      2          
      3          

   \                                 In section .data, align 1
      4          enum _bz_style bz_style = norm;
   \                     bz_style:
   \   00000000   0x03               DC8 3

   \                                 In section .bss, align 2
      5          uint16 bz_cnt = 0;
   \                     bz_cnt:
   \   00000000                      DS8 2
      6          

   \                                 In section .bss, align 4
      7          GPIO_InitTypeDef bzled_inittype;
   \                     bzled_inittype:
   \   00000000                      DS8 20

   \                                 In section .text, align 2, keep-with-next
      8          void bzled_init()
      9          {
   \                     bzled_init: (+1)
   \   00000000   0xB580             PUSH     {R7,LR}
     10            bzled_inittype.GPIO_PTx = PTC; //led bz
   \   00000002   0x.... 0x....      LDR.W    R0,??DataTable7  ;; 0x400ff080
   \   00000006   0x.... 0x....      LDR.W    R1,??DataTable7_1
   \   0000000A   0x6008             STR      R0,[R1, #+0]
     11            bzled_inittype.GPIO_Pins = GPIO_Pin6 | GPIO_Pin7;
   \   0000000C   0x20C0             MOVS     R0,#+192
   \   0000000E   0x.... 0x....      LDR.W    R1,??DataTable7_1
   \   00000012   0x6048             STR      R0,[R1, #+4]
     12            bzled_inittype.GPIO_Dir = DIR_OUTPUT;
   \   00000014   0x2001             MOVS     R0,#+1
   \   00000016   0x.... 0x....      LDR.W    R1,??DataTable7_1
   \   0000001A   0x7308             STRB     R0,[R1, #+12]
     13            bzled_inittype.GPIO_Output = OUTPUT_H;
   \   0000001C   0x2001             MOVS     R0,#+1
   \   0000001E   0x.... 0x....      LDR.W    R1,??DataTable7_1
   \   00000022   0x7348             STRB     R0,[R1, #+13]
     14            bzled_inittype.GPIO_PinControl = IRQC_DIS;
   \   00000024   0x2000             MOVS     R0,#+0
   \   00000026   0x.... 0x....      LDR.W    R1,??DataTable7_1
   \   0000002A   0x6088             STR      R0,[R1, #+8]
     15            LPLD_GPIO_Init(bzled_inittype);
   \   0000002C   0x.... 0x....      LDR.W    R1,??DataTable7_1
   \   00000030   0xB084             SUB      SP,SP,#+16
   \   00000032   0x4668             MOV      R0,SP
   \   00000034   0x2214             MOVS     R2,#+20
   \   00000036   0x.... 0x....      BL       __aeabi_memcpy4
   \   0000003A   0xBC0F             POP      {R0-R3}
   \   0000003C   0x.... 0x....      BL       LPLD_GPIO_Init
     16          }
   \   00000040   0xBD01             POP      {R0,PC}          ;; return
     17          

   \                                 In section .text, align 2, keep-with-next
     18          void bzled_work()
     19          {
   \                     bzled_work: (+1)
   \   00000000   0xB580             PUSH     {R7,LR}
     20            switch(bz_style)
   \   00000002   0x.... 0x....      LDR.W    R0,??DataTable7_2
   \   00000006   0x7800             LDRB     R0,[R0, #+0]
   \   00000008   0x2800             CMP      R0,#+0
   \   0000000A   0xD006             BEQ.N    ??bzled_work_0
   \   0000000C   0x2802             CMP      R0,#+2
   \   0000000E   0xD00A             BEQ.N    ??bzled_work_1
   \   00000010   0xD306             BCC.N    ??bzled_work_2
   \   00000012   0x2804             CMP      R0,#+4
   \   00000014   0xD00D             BEQ.N    ??bzled_work_3
   \   00000016   0xD309             BCC.N    ??bzled_work_4
   \   00000018   0xE00D             B.N      ??bzled_work_5
     21            {
     22              case(ready): bz_ready();break;
   \                     ??bzled_work_0: (+1)
   \   0000001A   0x.... 0x....      BL       bz_ready
   \   0000001E   0xE00A             B.N      ??bzled_work_5
     23              case(datarec): bz_datarec();break;
   \                     ??bzled_work_2: (+1)
   \   00000020   0x.... 0x....      BL       bz_datarec
   \   00000024   0xE007             B.N      ??bzled_work_5
     24              case(warn):bz_warn(); break;
   \                     ??bzled_work_1: (+1)
   \   00000026   0x.... 0x....      BL       bz_warn
   \   0000002A   0xE004             B.N      ??bzled_work_5
     25              case(norm):bz_norm(); break;
   \                     ??bzled_work_4: (+1)
   \   0000002C   0x.... 0x....      BL       bz_norm
   \   00000030   0xE001             B.N      ??bzled_work_5
     26              case(fuzzyrec):bz_fuzzyrec();break;
   \                     ??bzled_work_3: (+1)
   \   00000032   0x.... 0x....      BL       bz_fuzzyrec
     27            }
     28          }
   \                     ??bzled_work_5: (+1)
   \   00000036   0xBD01             POP      {R0,PC}          ;; return
     29          

   \                                 In section .text, align 2, keep-with-next
     30          void bz_ready()
     31          {
   \                     bz_ready: (+1)
   \   00000000   0xB580             PUSH     {R7,LR}
     32            if ( bz_cnt < 100  )
   \   00000002   0x.... 0x....      LDR.W    R0,??DataTable7_3
   \   00000006   0x8800             LDRH     R0,[R0, #+0]
   \   00000008   0x2864             CMP      R0,#+100
   \   0000000A   0xDA0C             BGE.N    ??bz_ready_0
     33            {
     34              BZ_ON;
   \   0000000C   0x2201             MOVS     R2,#+1
   \   0000000E   0x2107             MOVS     R1,#+7
   \   00000010   0x.... 0x....      LDR.W    R0,??DataTable7  ;; 0x400ff080
   \   00000014   0x.... 0x....      BL       LPLD_GPIO_Output_b
     35              LED_ON;
   \   00000018   0x2200             MOVS     R2,#+0
   \   0000001A   0x2106             MOVS     R1,#+6
   \   0000001C   0x.... 0x....      LDR.W    R0,??DataTable7  ;; 0x400ff080
   \   00000020   0x.... 0x....      BL       LPLD_GPIO_Output_b
   \   00000024   0xE076             B.N      ??bz_ready_1
     36            }
     37            else if ( bz_cnt <= 200 )
   \                     ??bz_ready_0: (+1)
   \   00000026   0x.... 0x....      LDR.W    R0,??DataTable7_3
   \   0000002A   0x8800             LDRH     R0,[R0, #+0]
   \   0000002C   0x28C9             CMP      R0,#+201
   \   0000002E   0xDA0C             BGE.N    ??bz_ready_2
     38            {
     39              BZ_OFF;
   \   00000030   0x2200             MOVS     R2,#+0
   \   00000032   0x2107             MOVS     R1,#+7
   \   00000034   0x.... 0x....      LDR.W    R0,??DataTable7  ;; 0x400ff080
   \   00000038   0x.... 0x....      BL       LPLD_GPIO_Output_b
     40              LED_OFF;
   \   0000003C   0x2201             MOVS     R2,#+1
   \   0000003E   0x2106             MOVS     R1,#+6
   \   00000040   0x.... 0x....      LDR.W    R0,??DataTable7  ;; 0x400ff080
   \   00000044   0x.... 0x....      BL       LPLD_GPIO_Output_b
   \   00000048   0xE064             B.N      ??bz_ready_1
     41            }
     42            else if ( bz_cnt <= 300 )
   \                     ??bz_ready_2: (+1)
   \   0000004A   0x.... 0x....      LDR.W    R0,??DataTable7_3
   \   0000004E   0x8800             LDRH     R0,[R0, #+0]
   \   00000050   0xF5B0 0x7F96      CMP      R0,#+300
   \   00000054   0xDC0C             BGT.N    ??bz_ready_3
     43            {
     44              BZ_ON;
   \   00000056   0x2201             MOVS     R2,#+1
   \   00000058   0x2107             MOVS     R1,#+7
   \   0000005A   0x.... 0x....      LDR.W    R0,??DataTable7  ;; 0x400ff080
   \   0000005E   0x.... 0x....      BL       LPLD_GPIO_Output_b
     45              LED_ON;
   \   00000062   0x2200             MOVS     R2,#+0
   \   00000064   0x2106             MOVS     R1,#+6
   \   00000066   0x.... 0x....      LDR.W    R0,??DataTable7  ;; 0x400ff080
   \   0000006A   0x.... 0x....      BL       LPLD_GPIO_Output_b
   \   0000006E   0xE051             B.N      ??bz_ready_1
     46            } 
     47            else if ( bz_cnt <= 400 )
   \                     ??bz_ready_3: (+1)
   \   00000070   0x.... 0x....      LDR.W    R0,??DataTable7_3
   \   00000074   0x8800             LDRH     R0,[R0, #+0]
   \   00000076   0xF5B0 0x7FC8      CMP      R0,#+400
   \   0000007A   0xDC0C             BGT.N    ??bz_ready_4
     48            {
     49              BZ_OFF;
   \   0000007C   0x2200             MOVS     R2,#+0
   \   0000007E   0x2107             MOVS     R1,#+7
   \   00000080   0x.... 0x....      LDR.W    R0,??DataTable7  ;; 0x400ff080
   \   00000084   0x.... 0x....      BL       LPLD_GPIO_Output_b
     50              LED_OFF;
   \   00000088   0x2201             MOVS     R2,#+1
   \   0000008A   0x2106             MOVS     R1,#+6
   \   0000008C   0x.... 0x....      LDR.W    R0,??DataTable7  ;; 0x400ff080
   \   00000090   0x.... 0x....      BL       LPLD_GPIO_Output_b
   \   00000094   0xE03E             B.N      ??bz_ready_1
     51            }  
     52            else if ( bz_cnt <= 500 )
   \                     ??bz_ready_4: (+1)
   \   00000096   0x.... 0x....      LDR.W    R0,??DataTable7_3
   \   0000009A   0x8800             LDRH     R0,[R0, #+0]
   \   0000009C   0xF5B0 0x7FFA      CMP      R0,#+500
   \   000000A0   0xDC0A             BGT.N    ??bz_ready_5
     53            {
     54              BZ_ON;
   \   000000A2   0x2201             MOVS     R2,#+1
   \   000000A4   0x2107             MOVS     R1,#+7
   \   000000A6   0x....             LDR.N    R0,??DataTable7  ;; 0x400ff080
   \   000000A8   0x.... 0x....      BL       LPLD_GPIO_Output_b
     55              LED_ON;
   \   000000AC   0x2200             MOVS     R2,#+0
   \   000000AE   0x2106             MOVS     R1,#+6
   \   000000B0   0x....             LDR.N    R0,??DataTable7  ;; 0x400ff080
   \   000000B2   0x.... 0x....      BL       LPLD_GPIO_Output_b
   \   000000B6   0xE02D             B.N      ??bz_ready_1
     56            } 
     57            else if ( bz_cnt <= 1000 )
   \                     ??bz_ready_5: (+1)
   \   000000B8   0x....             LDR.N    R0,??DataTable7_3
   \   000000BA   0x8800             LDRH     R0,[R0, #+0]
   \   000000BC   0xF5B0 0x7F7A      CMP      R0,#+1000
   \   000000C0   0xDC0A             BGT.N    ??bz_ready_6
     58            {
     59              BZ_OFF;
   \   000000C2   0x2200             MOVS     R2,#+0
   \   000000C4   0x2107             MOVS     R1,#+7
   \   000000C6   0x....             LDR.N    R0,??DataTable7  ;; 0x400ff080
   \   000000C8   0x.... 0x....      BL       LPLD_GPIO_Output_b
     60              LED_OFF;
   \   000000CC   0x2201             MOVS     R2,#+1
   \   000000CE   0x2106             MOVS     R1,#+6
   \   000000D0   0x....             LDR.N    R0,??DataTable7  ;; 0x400ff080
   \   000000D2   0x.... 0x....      BL       LPLD_GPIO_Output_b
   \   000000D6   0xE01D             B.N      ??bz_ready_1
     61            } 
     62            else if ( bz_cnt <= 1500 )
   \                     ??bz_ready_6: (+1)
   \   000000D8   0x....             LDR.N    R0,??DataTable7_3
   \   000000DA   0x8800             LDRH     R0,[R0, #+0]
   \   000000DC   0xF240 0x51DD      MOVW     R1,#+1501
   \   000000E0   0x4288             CMP      R0,R1
   \   000000E2   0xDA0A             BGE.N    ??bz_ready_7
     63            {
     64              BZ_ON;
   \   000000E4   0x2201             MOVS     R2,#+1
   \   000000E6   0x2107             MOVS     R1,#+7
   \   000000E8   0x....             LDR.N    R0,??DataTable7  ;; 0x400ff080
   \   000000EA   0x.... 0x....      BL       LPLD_GPIO_Output_b
     65              LED_ON;
   \   000000EE   0x2200             MOVS     R2,#+0
   \   000000F0   0x2106             MOVS     R1,#+6
   \   000000F2   0x....             LDR.N    R0,??DataTable7  ;; 0x400ff080
   \   000000F4   0x.... 0x....      BL       LPLD_GPIO_Output_b
   \   000000F8   0xE00C             B.N      ??bz_ready_1
     66            } 
     67            else 
     68            {
     69              BZ_OFF;
   \                     ??bz_ready_7: (+1)
   \   000000FA   0x2200             MOVS     R2,#+0
   \   000000FC   0x2107             MOVS     R1,#+7
   \   000000FE   0x....             LDR.N    R0,??DataTable7  ;; 0x400ff080
   \   00000100   0x.... 0x....      BL       LPLD_GPIO_Output_b
     70              LED_OFF;
   \   00000104   0x2201             MOVS     R2,#+1
   \   00000106   0x2106             MOVS     R1,#+6
   \   00000108   0x....             LDR.N    R0,??DataTable7  ;; 0x400ff080
   \   0000010A   0x.... 0x....      BL       LPLD_GPIO_Output_b
     71              bz_style = norm;
   \   0000010E   0x2003             MOVS     R0,#+3
   \   00000110   0x....             LDR.N    R1,??DataTable7_2
   \   00000112   0x7008             STRB     R0,[R1, #+0]
     72            } 
     73            
     74          }
   \                     ??bz_ready_1: (+1)
   \   00000114   0xBD01             POP      {R0,PC}          ;; return
     75          

   \                                 In section .text, align 2, keep-with-next
     76          void bz_datarec()
     77          {
   \                     bz_datarec: (+1)
   \   00000000   0xB580             PUSH     {R7,LR}
     78            if ( bz_cnt < 50  )
   \   00000002   0x....             LDR.N    R0,??DataTable7_3
   \   00000004   0x8800             LDRH     R0,[R0, #+0]
   \   00000006   0x2832             CMP      R0,#+50
   \   00000008   0xDA0A             BGE.N    ??bz_datarec_0
     79            {
     80              BZ_ON;
   \   0000000A   0x2201             MOVS     R2,#+1
   \   0000000C   0x2107             MOVS     R1,#+7
   \   0000000E   0x....             LDR.N    R0,??DataTable7  ;; 0x400ff080
   \   00000010   0x.... 0x....      BL       LPLD_GPIO_Output_b
     81              LED_ON;
   \   00000014   0x2200             MOVS     R2,#+0
   \   00000016   0x2106             MOVS     R1,#+6
   \   00000018   0x....             LDR.N    R0,??DataTable7  ;; 0x400ff080
   \   0000001A   0x.... 0x....      BL       LPLD_GPIO_Output_b
   \   0000001E   0xE048             B.N      ??bz_datarec_1
     82            }
     83            else if ( bz_cnt <= 100 )
   \                     ??bz_datarec_0: (+1)
   \   00000020   0x....             LDR.N    R0,??DataTable7_3
   \   00000022   0x8800             LDRH     R0,[R0, #+0]
   \   00000024   0x2865             CMP      R0,#+101
   \   00000026   0xDA0A             BGE.N    ??bz_datarec_2
     84            {
     85              BZ_OFF;
   \   00000028   0x2200             MOVS     R2,#+0
   \   0000002A   0x2107             MOVS     R1,#+7
   \   0000002C   0x....             LDR.N    R0,??DataTable7  ;; 0x400ff080
   \   0000002E   0x.... 0x....      BL       LPLD_GPIO_Output_b
     86              LED_OFF;
   \   00000032   0x2201             MOVS     R2,#+1
   \   00000034   0x2106             MOVS     R1,#+6
   \   00000036   0x....             LDR.N    R0,??DataTable7  ;; 0x400ff080
   \   00000038   0x.... 0x....      BL       LPLD_GPIO_Output_b
   \   0000003C   0xE039             B.N      ??bz_datarec_1
     87            }
     88            else if ( bz_cnt < 150  )
   \                     ??bz_datarec_2: (+1)
   \   0000003E   0x....             LDR.N    R0,??DataTable7_3
   \   00000040   0x8800             LDRH     R0,[R0, #+0]
   \   00000042   0x2896             CMP      R0,#+150
   \   00000044   0xDA0A             BGE.N    ??bz_datarec_3
     89            {
     90              BZ_ON;
   \   00000046   0x2201             MOVS     R2,#+1
   \   00000048   0x2107             MOVS     R1,#+7
   \   0000004A   0x....             LDR.N    R0,??DataTable7  ;; 0x400ff080
   \   0000004C   0x.... 0x....      BL       LPLD_GPIO_Output_b
     91              LED_ON;
   \   00000050   0x2200             MOVS     R2,#+0
   \   00000052   0x2106             MOVS     R1,#+6
   \   00000054   0x....             LDR.N    R0,??DataTable7  ;; 0x400ff080
   \   00000056   0x.... 0x....      BL       LPLD_GPIO_Output_b
   \   0000005A   0xE02A             B.N      ??bz_datarec_1
     92            }
     93            else if ( bz_cnt <= 200 )
   \                     ??bz_datarec_3: (+1)
   \   0000005C   0x....             LDR.N    R0,??DataTable7_3
   \   0000005E   0x8800             LDRH     R0,[R0, #+0]
   \   00000060   0x28C9             CMP      R0,#+201
   \   00000062   0xDA0A             BGE.N    ??bz_datarec_4
     94            {
     95              BZ_OFF;
   \   00000064   0x2200             MOVS     R2,#+0
   \   00000066   0x2107             MOVS     R1,#+7
   \   00000068   0x....             LDR.N    R0,??DataTable7  ;; 0x400ff080
   \   0000006A   0x.... 0x....      BL       LPLD_GPIO_Output_b
     96              LED_OFF;
   \   0000006E   0x2201             MOVS     R2,#+1
   \   00000070   0x2106             MOVS     R1,#+6
   \   00000072   0x....             LDR.N    R0,??DataTable7  ;; 0x400ff080
   \   00000074   0x.... 0x....      BL       LPLD_GPIO_Output_b
   \   00000078   0xE01B             B.N      ??bz_datarec_1
     97            }
     98            else if ( bz_cnt < 250  )
   \                     ??bz_datarec_4: (+1)
   \   0000007A   0x....             LDR.N    R0,??DataTable7_3
   \   0000007C   0x8800             LDRH     R0,[R0, #+0]
   \   0000007E   0x28FA             CMP      R0,#+250
   \   00000080   0xDA0A             BGE.N    ??bz_datarec_5
     99            {
    100              BZ_ON;
   \   00000082   0x2201             MOVS     R2,#+1
   \   00000084   0x2107             MOVS     R1,#+7
   \   00000086   0x....             LDR.N    R0,??DataTable7  ;; 0x400ff080
   \   00000088   0x.... 0x....      BL       LPLD_GPIO_Output_b
    101              LED_ON;
   \   0000008C   0x2200             MOVS     R2,#+0
   \   0000008E   0x2106             MOVS     R1,#+6
   \   00000090   0x....             LDR.N    R0,??DataTable7  ;; 0x400ff080
   \   00000092   0x.... 0x....      BL       LPLD_GPIO_Output_b
   \   00000096   0xE00C             B.N      ??bz_datarec_1
    102            }
    103            else
    104            {
    105              BZ_OFF;
   \                     ??bz_datarec_5: (+1)
   \   00000098   0x2200             MOVS     R2,#+0
   \   0000009A   0x2107             MOVS     R1,#+7
   \   0000009C   0x....             LDR.N    R0,??DataTable7  ;; 0x400ff080
   \   0000009E   0x.... 0x....      BL       LPLD_GPIO_Output_b
    106              LED_OFF;
   \   000000A2   0x2201             MOVS     R2,#+1
   \   000000A4   0x2106             MOVS     R1,#+6
   \   000000A6   0x....             LDR.N    R0,??DataTable7  ;; 0x400ff080
   \   000000A8   0x.... 0x....      BL       LPLD_GPIO_Output_b
    107              bz_style = norm;
   \   000000AC   0x2003             MOVS     R0,#+3
   \   000000AE   0x....             LDR.N    R1,??DataTable7_2
   \   000000B0   0x7008             STRB     R0,[R1, #+0]
    108            }
    109            
    110          }
   \                     ??bz_datarec_1: (+1)
   \   000000B2   0xBD01             POP      {R0,PC}          ;; return
    111           

   \                                 In section .text, align 2, keep-with-next
    112          void bz_fuzzyrec()
    113          {
   \                     bz_fuzzyrec: (+1)
   \   00000000   0xB580             PUSH     {R7,LR}
    114            if ( bz_cnt < 100  )
   \   00000002   0x....             LDR.N    R0,??DataTable7_3
   \   00000004   0x8800             LDRH     R0,[R0, #+0]
   \   00000006   0x2864             CMP      R0,#+100
   \   00000008   0xDA0A             BGE.N    ??bz_fuzzyrec_0
    115            {
    116              BZ_ON;
   \   0000000A   0x2201             MOVS     R2,#+1
   \   0000000C   0x2107             MOVS     R1,#+7
   \   0000000E   0x....             LDR.N    R0,??DataTable7  ;; 0x400ff080
   \   00000010   0x.... 0x....      BL       LPLD_GPIO_Output_b
    117              LED_ON;
   \   00000014   0x2200             MOVS     R2,#+0
   \   00000016   0x2106             MOVS     R1,#+6
   \   00000018   0x....             LDR.N    R0,??DataTable7  ;; 0x400ff080
   \   0000001A   0x.... 0x....      BL       LPLD_GPIO_Output_b
   \   0000001E   0xE04A             B.N      ??bz_fuzzyrec_1
    118            }
    119            else if ( bz_cnt <= 200 )
   \                     ??bz_fuzzyrec_0: (+1)
   \   00000020   0x....             LDR.N    R0,??DataTable7_3
   \   00000022   0x8800             LDRH     R0,[R0, #+0]
   \   00000024   0x28C9             CMP      R0,#+201
   \   00000026   0xDA0A             BGE.N    ??bz_fuzzyrec_2
    120            {
    121              BZ_OFF;
   \   00000028   0x2200             MOVS     R2,#+0
   \   0000002A   0x2107             MOVS     R1,#+7
   \   0000002C   0x....             LDR.N    R0,??DataTable7  ;; 0x400ff080
   \   0000002E   0x.... 0x....      BL       LPLD_GPIO_Output_b
    122              LED_OFF;
   \   00000032   0x2201             MOVS     R2,#+1
   \   00000034   0x2106             MOVS     R1,#+6
   \   00000036   0x....             LDR.N    R0,??DataTable7  ;; 0x400ff080
   \   00000038   0x.... 0x....      BL       LPLD_GPIO_Output_b
   \   0000003C   0xE03B             B.N      ??bz_fuzzyrec_1
    123            }
    124            else if ( bz_cnt < 250  )
   \                     ??bz_fuzzyrec_2: (+1)
   \   0000003E   0x....             LDR.N    R0,??DataTable7_3
   \   00000040   0x8800             LDRH     R0,[R0, #+0]
   \   00000042   0x28FA             CMP      R0,#+250
   \   00000044   0xDA0A             BGE.N    ??bz_fuzzyrec_3
    125            {
    126              BZ_ON;
   \   00000046   0x2201             MOVS     R2,#+1
   \   00000048   0x2107             MOVS     R1,#+7
   \   0000004A   0x....             LDR.N    R0,??DataTable7  ;; 0x400ff080
   \   0000004C   0x.... 0x....      BL       LPLD_GPIO_Output_b
    127              LED_ON;
   \   00000050   0x2200             MOVS     R2,#+0
   \   00000052   0x2106             MOVS     R1,#+6
   \   00000054   0x....             LDR.N    R0,??DataTable7  ;; 0x400ff080
   \   00000056   0x.... 0x....      BL       LPLD_GPIO_Output_b
   \   0000005A   0xE02C             B.N      ??bz_fuzzyrec_1
    128            }
    129            else if ( bz_cnt <= 300 )
   \                     ??bz_fuzzyrec_3: (+1)
   \   0000005C   0x....             LDR.N    R0,??DataTable7_3
   \   0000005E   0x8800             LDRH     R0,[R0, #+0]
   \   00000060   0xF5B0 0x7F96      CMP      R0,#+300
   \   00000064   0xDC0A             BGT.N    ??bz_fuzzyrec_4
    130            {
    131              BZ_OFF;
   \   00000066   0x2200             MOVS     R2,#+0
   \   00000068   0x2107             MOVS     R1,#+7
   \   0000006A   0x....             LDR.N    R0,??DataTable7  ;; 0x400ff080
   \   0000006C   0x.... 0x....      BL       LPLD_GPIO_Output_b
    132              LED_OFF;
   \   00000070   0x2201             MOVS     R2,#+1
   \   00000072   0x2106             MOVS     R1,#+6
   \   00000074   0x....             LDR.N    R0,??DataTable7  ;; 0x400ff080
   \   00000076   0x.... 0x....      BL       LPLD_GPIO_Output_b
   \   0000007A   0xE01C             B.N      ??bz_fuzzyrec_1
    133            }
    134            else if ( bz_cnt < 350  )
   \                     ??bz_fuzzyrec_4: (+1)
   \   0000007C   0x....             LDR.N    R0,??DataTable7_3
   \   0000007E   0x8800             LDRH     R0,[R0, #+0]
   \   00000080   0xF5B0 0x7FAF      CMP      R0,#+350
   \   00000084   0xDA0A             BGE.N    ??bz_fuzzyrec_5
    135            {
    136              BZ_ON;
   \   00000086   0x2201             MOVS     R2,#+1
   \   00000088   0x2107             MOVS     R1,#+7
   \   0000008A   0x....             LDR.N    R0,??DataTable7  ;; 0x400ff080
   \   0000008C   0x.... 0x....      BL       LPLD_GPIO_Output_b
    137              LED_ON;
   \   00000090   0x2200             MOVS     R2,#+0
   \   00000092   0x2106             MOVS     R1,#+6
   \   00000094   0x....             LDR.N    R0,??DataTable7  ;; 0x400ff080
   \   00000096   0x.... 0x....      BL       LPLD_GPIO_Output_b
   \   0000009A   0xE00C             B.N      ??bz_fuzzyrec_1
    138            }
    139            else
    140            {
    141              BZ_OFF;
   \                     ??bz_fuzzyrec_5: (+1)
   \   0000009C   0x2200             MOVS     R2,#+0
   \   0000009E   0x2107             MOVS     R1,#+7
   \   000000A0   0x....             LDR.N    R0,??DataTable7  ;; 0x400ff080
   \   000000A2   0x.... 0x....      BL       LPLD_GPIO_Output_b
    142              LED_OFF;
   \   000000A6   0x2201             MOVS     R2,#+1
   \   000000A8   0x2106             MOVS     R1,#+6
   \   000000AA   0x....             LDR.N    R0,??DataTable7  ;; 0x400ff080
   \   000000AC   0x.... 0x....      BL       LPLD_GPIO_Output_b
    143              bz_style = norm;
   \   000000B0   0x2003             MOVS     R0,#+3
   \   000000B2   0x....             LDR.N    R1,??DataTable7_2
   \   000000B4   0x7008             STRB     R0,[R1, #+0]
    144            }
    145            
    146          }
   \                     ??bz_fuzzyrec_1: (+1)
   \   000000B6   0xBD01             POP      {R0,PC}          ;; return

   \                                 In section .text, align 2, keep-with-next
    147          void bz_norm()
    148          {
   \                     bz_norm: (+1)
   \   00000000   0xB580             PUSH     {R7,LR}
    149            if ( bz_cnt < 100  )
   \   00000002   0x....             LDR.N    R0,??DataTable7_3
   \   00000004   0x8800             LDRH     R0,[R0, #+0]
   \   00000006   0x2864             CMP      R0,#+100
   \   00000008   0xDA0A             BGE.N    ??bz_norm_0
    150            {
    151              BZ_ON;
   \   0000000A   0x2201             MOVS     R2,#+1
   \   0000000C   0x2107             MOVS     R1,#+7
   \   0000000E   0x....             LDR.N    R0,??DataTable7  ;; 0x400ff080
   \   00000010   0x.... 0x....      BL       LPLD_GPIO_Output_b
    152              LED_ON;
   \   00000014   0x2200             MOVS     R2,#+0
   \   00000016   0x2106             MOVS     R1,#+6
   \   00000018   0x....             LDR.N    R0,??DataTable7  ;; 0x400ff080
   \   0000001A   0x.... 0x....      BL       LPLD_GPIO_Output_b
   \   0000001E   0xE013             B.N      ??bz_norm_1
    153            }
    154            else if ( bz_cnt <= 5000 )
   \                     ??bz_norm_0: (+1)
   \   00000020   0x....             LDR.N    R0,??DataTable7_3
   \   00000022   0x8800             LDRH     R0,[R0, #+0]
   \   00000024   0xF241 0x3189      MOVW     R1,#+5001
   \   00000028   0x4288             CMP      R0,R1
   \   0000002A   0xDA0A             BGE.N    ??bz_norm_2
    155            {
    156              BZ_OFF;
   \   0000002C   0x2200             MOVS     R2,#+0
   \   0000002E   0x2107             MOVS     R1,#+7
   \   00000030   0x....             LDR.N    R0,??DataTable7  ;; 0x400ff080
   \   00000032   0x.... 0x....      BL       LPLD_GPIO_Output_b
    157              LED_OFF;
   \   00000036   0x2201             MOVS     R2,#+1
   \   00000038   0x2106             MOVS     R1,#+6
   \   0000003A   0x....             LDR.N    R0,??DataTable7  ;; 0x400ff080
   \   0000003C   0x.... 0x....      BL       LPLD_GPIO_Output_b
   \   00000040   0xE002             B.N      ??bz_norm_1
    158              
    159            }
    160            else
    161            {
    162              bz_cnt = 0;
   \                     ??bz_norm_2: (+1)
   \   00000042   0x2000             MOVS     R0,#+0
   \   00000044   0x....             LDR.N    R1,??DataTable7_3
   \   00000046   0x8008             STRH     R0,[R1, #+0]
    163            }
    164          }
   \                     ??bz_norm_1: (+1)
   \   00000048   0xBD01             POP      {R0,PC}          ;; return
    165          

   \                                 In section .text, align 2, keep-with-next
    166          void bz_warn()
    167          {
   \                     bz_warn: (+1)
   \   00000000   0xB580             PUSH     {R7,LR}
    168            if ( bz_cnt < 500  )
   \   00000002   0x....             LDR.N    R0,??DataTable7_3
   \   00000004   0x8800             LDRH     R0,[R0, #+0]
   \   00000006   0xF5B0 0x7FFA      CMP      R0,#+500
   \   0000000A   0xDA0A             BGE.N    ??bz_warn_0
    169            {
    170              BZ_ON;
   \   0000000C   0x2201             MOVS     R2,#+1
   \   0000000E   0x2107             MOVS     R1,#+7
   \   00000010   0x....             LDR.N    R0,??DataTable7  ;; 0x400ff080
   \   00000012   0x.... 0x....      BL       LPLD_GPIO_Output_b
    171              LED_ON;
   \   00000016   0x2200             MOVS     R2,#+0
   \   00000018   0x2106             MOVS     R1,#+6
   \   0000001A   0x....             LDR.N    R0,??DataTable7  ;; 0x400ff080
   \   0000001C   0x.... 0x....      BL       LPLD_GPIO_Output_b
   \   00000020   0xE04E             B.N      ??bz_warn_1
    172            }
    173            else if ( bz_cnt <= 1000 )
   \                     ??bz_warn_0: (+1)
   \   00000022   0x....             LDR.N    R0,??DataTable7_3
   \   00000024   0x8800             LDRH     R0,[R0, #+0]
   \   00000026   0xF5B0 0x7F7A      CMP      R0,#+1000
   \   0000002A   0xDC0A             BGT.N    ??bz_warn_2
    174            {
    175              BZ_OFF;
   \   0000002C   0x2200             MOVS     R2,#+0
   \   0000002E   0x2107             MOVS     R1,#+7
   \   00000030   0x....             LDR.N    R0,??DataTable7  ;; 0x400ff080
   \   00000032   0x.... 0x....      BL       LPLD_GPIO_Output_b
    176              LED_OFF;
   \   00000036   0x2201             MOVS     R2,#+1
   \   00000038   0x2106             MOVS     R1,#+6
   \   0000003A   0x....             LDR.N    R0,??DataTable7  ;; 0x400ff080
   \   0000003C   0x.... 0x....      BL       LPLD_GPIO_Output_b
   \   00000040   0xE03E             B.N      ??bz_warn_1
    177            }
    178            else if ( bz_cnt < 1500  )
   \                     ??bz_warn_2: (+1)
   \   00000042   0x....             LDR.N    R0,??DataTable7_3
   \   00000044   0x8800             LDRH     R0,[R0, #+0]
   \   00000046   0xF240 0x51DC      MOVW     R1,#+1500
   \   0000004A   0x4288             CMP      R0,R1
   \   0000004C   0xDA0A             BGE.N    ??bz_warn_3
    179            {
    180              BZ_ON;
   \   0000004E   0x2201             MOVS     R2,#+1
   \   00000050   0x2107             MOVS     R1,#+7
   \   00000052   0x....             LDR.N    R0,??DataTable7  ;; 0x400ff080
   \   00000054   0x.... 0x....      BL       LPLD_GPIO_Output_b
    181              LED_ON;
   \   00000058   0x2200             MOVS     R2,#+0
   \   0000005A   0x2106             MOVS     R1,#+6
   \   0000005C   0x....             LDR.N    R0,??DataTable7  ;; 0x400ff080
   \   0000005E   0x.... 0x....      BL       LPLD_GPIO_Output_b
   \   00000062   0xE02D             B.N      ??bz_warn_1
    182            }
    183            else if ( bz_cnt <= 2000 )
   \                     ??bz_warn_3: (+1)
   \   00000064   0x....             LDR.N    R0,??DataTable7_3
   \   00000066   0x8800             LDRH     R0,[R0, #+0]
   \   00000068   0xF5B0 0x6FFA      CMP      R0,#+2000
   \   0000006C   0xDC0A             BGT.N    ??bz_warn_4
    184            {
    185              BZ_OFF;
   \   0000006E   0x2200             MOVS     R2,#+0
   \   00000070   0x2107             MOVS     R1,#+7
   \   00000072   0x....             LDR.N    R0,??DataTable7  ;; 0x400ff080
   \   00000074   0x.... 0x....      BL       LPLD_GPIO_Output_b
    186              LED_OFF;
   \   00000078   0x2201             MOVS     R2,#+1
   \   0000007A   0x2106             MOVS     R1,#+6
   \   0000007C   0x....             LDR.N    R0,??DataTable7  ;; 0x400ff080
   \   0000007E   0x.... 0x....      BL       LPLD_GPIO_Output_b
   \   00000082   0xE01D             B.N      ??bz_warn_1
    187            }
    188            else if ( bz_cnt < 2500  )
   \                     ??bz_warn_4: (+1)
   \   00000084   0x....             LDR.N    R0,??DataTable7_3
   \   00000086   0x8800             LDRH     R0,[R0, #+0]
   \   00000088   0xF640 0x11C4      MOVW     R1,#+2500
   \   0000008C   0x4288             CMP      R0,R1
   \   0000008E   0xDA0A             BGE.N    ??bz_warn_5
    189            {
    190              BZ_ON;
   \   00000090   0x2201             MOVS     R2,#+1
   \   00000092   0x2107             MOVS     R1,#+7
   \   00000094   0x....             LDR.N    R0,??DataTable7  ;; 0x400ff080
   \   00000096   0x.... 0x....      BL       LPLD_GPIO_Output_b
    191              LED_ON;
   \   0000009A   0x2200             MOVS     R2,#+0
   \   0000009C   0x2106             MOVS     R1,#+6
   \   0000009E   0x....             LDR.N    R0,??DataTable7  ;; 0x400ff080
   \   000000A0   0x.... 0x....      BL       LPLD_GPIO_Output_b
   \   000000A4   0xE00C             B.N      ??bz_warn_1
    192            }
    193            else 
    194            {
    195              BZ_OFF;
   \                     ??bz_warn_5: (+1)
   \   000000A6   0x2200             MOVS     R2,#+0
   \   000000A8   0x2107             MOVS     R1,#+7
   \   000000AA   0x....             LDR.N    R0,??DataTable7  ;; 0x400ff080
   \   000000AC   0x.... 0x....      BL       LPLD_GPIO_Output_b
    196              LED_OFF;
   \   000000B0   0x2201             MOVS     R2,#+1
   \   000000B2   0x2106             MOVS     R1,#+6
   \   000000B4   0x....             LDR.N    R0,??DataTable7  ;; 0x400ff080
   \   000000B6   0x.... 0x....      BL       LPLD_GPIO_Output_b
    197              bz_style = norm;
   \   000000BA   0x2003             MOVS     R0,#+3
   \   000000BC   0x....             LDR.N    R1,??DataTable7_2
   \   000000BE   0x7008             STRB     R0,[R1, #+0]
    198            }
    199          }
   \                     ??bz_warn_1: (+1)
   \   000000C0   0xBD01             POP      {R0,PC}          ;; return
    200          

   \                                 In section .text, align 2, keep-with-next
    201          void bz_set(enum _bz_style bz)
    202          {
    203            bz_cnt = 0;
   \                     bz_set: (+1)
   \   00000000   0x2100             MOVS     R1,#+0
   \   00000002   0x....             LDR.N    R2,??DataTable7_3
   \   00000004   0x8011             STRH     R1,[R2, #+0]
    204            bz_style = bz; 
   \   00000006   0x....             LDR.N    R1,??DataTable7_2
   \   00000008   0x7008             STRB     R0,[R1, #+0]
    205          }
   \   0000000A   0x4770             BX       LR               ;; return

   \                                 In section .text, align 4, keep-with-next
   \                     ??DataTable7:
   \   00000000   0x400FF080         DC32     0x400ff080

   \                                 In section .text, align 4, keep-with-next
   \                     ??DataTable7_1:
   \   00000000   0x........         DC32     bzled_inittype

   \                                 In section .text, align 4, keep-with-next
   \                     ??DataTable7_2:
   \   00000000   0x........         DC32     bz_style

   \                                 In section .text, align 4, keep-with-next
   \                     ??DataTable7_3:
   \   00000000   0x........         DC32     bz_cnt

   Maximum stack usage in bytes:

   .cstack Function
   ------- --------
       8   bz_datarec
         8   -> LPLD_GPIO_Output_b
       8   bz_fuzzyrec
         8   -> LPLD_GPIO_Output_b
       8   bz_norm
         8   -> LPLD_GPIO_Output_b
       8   bz_ready
         8   -> LPLD_GPIO_Output_b
       0   bz_set
       8   bz_warn
         8   -> LPLD_GPIO_Output_b
      24   bzled_init
         8   -> LPLD_GPIO_Init
        24   -> __aeabi_memcpy4
       8   bzled_work
         8   -> bz_datarec
         8   -> bz_fuzzyrec
         8   -> bz_norm
         8   -> bz_ready
         8   -> bz_warn


   Section sizes:

   Bytes  Function/Label
   -----  --------------
       4  ??DataTable7
       4  ??DataTable7_1
       4  ??DataTable7_2
       4  ??DataTable7_3
       2  bz_cnt
     180  bz_datarec
     184  bz_fuzzyrec
      74  bz_norm
     278  bz_ready
      12  bz_set
       1  bz_style
     194  bz_warn
      66  bzled_init
      20  bzled_inittype
      56  bzled_work

 
    22 bytes in section .bss
     1 byte  in section .data
 1 060 bytes in section .text
 
 1 060 bytes of CODE memory
    23 bytes of DATA memory

Errors: none
Warnings: none
