###############################################################################
#
# IAR ANSI C/C++ Compiler V7.20.2.7424/W32 for ARM        07/Mar/2016  20:39:01
# Copyright 1999-2014 IAR Systems AB.
#
#    Cpu mode     =  thumb
#    Endian       =  little
#    Source file  =  
#        D:\LPLDV3.1\LPLD_OSKinetis_V3\project\freescale_cup(LDC)1.9(pid+fuzzy)\calculate.c
#    Command line =  
#        "D:\LPLDV3.1\LPLD_OSKinetis_V3\project\freescale_cup(LDC)1.9(pid+fuzzy)\calculate.c"
#        -D LPLD_K60 -D USE_K60DZ10 -lCN
#        "D:\LPLDV3.1\LPLD_OSKinetis_V3\project\freescale_cup(LDC)1.9(pid+fuzzy)\iar\FLASH\List\"
#        -lB
#        "D:\LPLDV3.1\LPLD_OSKinetis_V3\project\freescale_cup(LDC)1.9(pid+fuzzy)\iar\FLASH\List\"
#        -o
#        "D:\LPLDV3.1\LPLD_OSKinetis_V3\project\freescale_cup(LDC)1.9(pid+fuzzy)\iar\FLASH\Obj\"
#        --no_cse --no_unroll --no_inline --no_code_motion --no_tbaa
#        --no_clustering --no_scheduling --debug --endian=little
#        --cpu=Cortex-M4 -e --fpu=None --dlib_config "C:\Program Files
#        (x86)\IAR Systems\Embedded Workbench
#        7.0\arm\INC\c\DLib_Config_Normal.h" -I
#        "D:\LPLDV3.1\LPLD_OSKinetis_V3\project\freescale_cup(LDC)1.9(pid+fuzzy)\iar\..\app\"
#        -I
#        "D:\LPLDV3.1\LPLD_OSKinetis_V3\project\freescale_cup(LDC)1.9(pid+fuzzy)\iar\..\app\MAIN\"
#        -I
#        "D:\LPLDV3.1\LPLD_OSKinetis_V3\project\freescale_cup(LDC)1.9(pid+fuzzy)\iar\..\app\BSP\"
#        -I
#        "D:\LPLDV3.1\LPLD_OSKinetis_V3\project\freescale_cup(LDC)1.9(pid+fuzzy)\iar\..\app\CTL\"
#        -I
#        "D:\LPLDV3.1\LPLD_OSKinetis_V3\project\freescale_cup(LDC)1.9(pid+fuzzy)\iar\..\app\sensor\"
#        -I
#        "D:\LPLDV3.1\LPLD_OSKinetis_V3\project\freescale_cup(LDC)1.9(pid+fuzzy)\iar\..\app\ITAC\"
#        -I
#        "D:\LPLDV3.1\LPLD_OSKinetis_V3\project\freescale_cup(LDC)1.9(pid+fuzzy)\iar\..\..\..\lib\CPU\"
#        -I
#        "D:\LPLDV3.1\LPLD_OSKinetis_V3\project\freescale_cup(LDC)1.9(pid+fuzzy)\iar\..\..\..\lib\common\"
#        -I
#        "D:\LPLDV3.1\LPLD_OSKinetis_V3\project\freescale_cup(LDC)1.9(pid+fuzzy)\iar\..\..\..\lib\LPLD\"
#        -I
#        "D:\LPLDV3.1\LPLD_OSKinetis_V3\project\freescale_cup(LDC)1.9(pid+fuzzy)\iar\..\..\..\lib\LPLD\HW\"
#        -I
#        "D:\LPLDV3.1\LPLD_OSKinetis_V3\project\freescale_cup(LDC)1.9(pid+fuzzy)\iar\..\..\..\lib\LPLD\DEV\"
#        -I
#        "D:\LPLDV3.1\LPLD_OSKinetis_V3\project\freescale_cup(LDC)1.9(pid+fuzzy)\iar\..\..\..\lib\LPLD\FUNC\"
#        -I
#        "D:\LPLDV3.1\LPLD_OSKinetis_V3\project\freescale_cup(LDC)1.9(pid+fuzzy)\iar\..\..\..\lib\uCOS-II\Ports\"
#        -I
#        "D:\LPLDV3.1\LPLD_OSKinetis_V3\project\freescale_cup(LDC)1.9(pid+fuzzy)\iar\..\..\..\lib\uCOS-II\Source\"
#        -I
#        "D:\LPLDV3.1\LPLD_OSKinetis_V3\project\freescale_cup(LDC)1.9(pid+fuzzy)\iar\..\..\..\lib\FatFs\"
#        -I
#        "D:\LPLDV3.1\LPLD_OSKinetis_V3\project\freescale_cup(LDC)1.9(pid+fuzzy)\iar\..\..\..\lib\FatFs\option\"
#        -I
#        "D:\LPLDV3.1\LPLD_OSKinetis_V3\project\freescale_cup(LDC)1.9(pid+fuzzy)\iar\..\..\..\lib\USB\common\"
#        -I
#        "D:\LPLDV3.1\LPLD_OSKinetis_V3\project\freescale_cup(LDC)1.9(pid+fuzzy)\iar\..\..\..\lib\USB\driver\"
#        -I
#        "D:\LPLDV3.1\LPLD_OSKinetis_V3\project\freescale_cup(LDC)1.9(pid+fuzzy)\iar\..\..\..\lib\USB\descriptor\"
#        -I
#        "D:\LPLDV3.1\LPLD_OSKinetis_V3\project\freescale_cup(LDC)1.9(pid+fuzzy)\iar\..\..\..\lib\USB\class\"
#        -On -I "C:\Program Files (x86)\IAR Systems\Embedded Workbench
#        7.0\arm\CMSIS\Include\" -D ARM_MATH_CM4
#    List file    =  
#        D:\LPLDV3.1\LPLD_OSKinetis_V3\project\freescale_cup(LDC)1.9(pid+fuzzy)\iar\FLASH\List\calculate.lst
#    Object file  =  
#        D:\LPLDV3.1\LPLD_OSKinetis_V3\project\freescale_cup(LDC)1.9(pid+fuzzy)\iar\FLASH\Obj\calculate.o
#
###############################################################################

D:\LPLDV3.1\LPLD_OSKinetis_V3\project\freescale_cup(LDC)1.9(pid+fuzzy)\calculate.c
      1          f(x,y) = p00 + p10*x + p01*y + p20*x^2 + p11*x*y + p02*y^2 + p30*x^3 + p21*x^2*y 
      2                              + p12*x*y^2 + p03*y^3
      3                                
      4                                
      5                 p00 =         150  (132.6, 167.4)
      6                 p10 =         123  (81.91, 164)
      7                 p01 =      -203.1  (-235.6, -170.6)
      8                 p20 =      -105.6  (-127.1, -84.06)
      9                 p11 =       180.5  (153.5, 207.6)
     10                 p02 =      -175.9  (-194.6, -157.2)
     11                 p30 =      -29.74  (-46.94, -12.54)
     12                 p21 =       50.59  (20.02, 81.15)
     13                 p12 =      -150.8  (-193.8, -107.8)
     14                 p03 =       144.4  (119.2, 169.6)
     15                 
     16                   
     17                   X
     18                   Z
     19                   Q = (-12,16)
     20                     
     21                     
     22           f(x,y) = p00 + p10*x + p01*y + p20*x^2 + p11*x*y + p02*y^2 + p30*x^3 + p21*x^2*y 
     23                              + p12*x*y^2 + p03*y^3
     24                                
     25                 p00 =        -175  (-197.7, -152.3)
     26                 p10 =      -194.3  (-254.7, -133.9)
     27                 p01 =        -283  (-335.1, -231)
     28                 p20 =       165.5  (130.8, 200.2)
     29                 p11 =         280  (233, 327.1)
     30                 p02 =       222.4  (193.5, 251.4)
     31                 p30 =       47.54  (17.94, 77.13)
     32                 p21 =       135.1  (71.83, 198.3)
     33                 p12 =         299  (213.2, 384.9)
     34                 p03 =         222  (175.2, 268.8)
     35                 
     36                   Y
     37                   Z
     38                   Q = (-16,12)
     39                     
     40                   
     41                     

Errors: 16
Warnings: 1
