###############################################################################
#
# IAR ANSI C/C++ Compiler V7.20.2.7424/W32 for ARM        11/Mar/2016  11:02:48
# Copyright 1999-2014 IAR Systems AB.
#
#    Cpu mode     =  thumb
#    Endian       =  little
#    Source file  =  
#        D:\LPLDV3.1\LPLD_OSKinetis_V3\project\freescale_cup(LDC)1.9(pid+fuzzy)\app\SENSOR\del_sensor.c
#    Command line =  
#        "D:\LPLDV3.1\LPLD_OSKinetis_V3\project\freescale_cup(LDC)1.9(pid+fuzzy)\app\SENSOR\del_sensor.c"
#        -D LPLD_K60 -D USE_K60DZ10 -lCN
#        "D:\LPLDV3.1\LPLD_OSKinetis_V3\project\freescale_cup(LDC)1.9(pid+fuzzy)\iar\FLASH\List\"
#        -lB
#        "D:\LPLDV3.1\LPLD_OSKinetis_V3\project\freescale_cup(LDC)1.9(pid+fuzzy)\iar\FLASH\List\"
#        -o
#        "D:\LPLDV3.1\LPLD_OSKinetis_V3\project\freescale_cup(LDC)1.9(pid+fuzzy)\iar\FLASH\Obj\"
#        --no_cse --no_unroll --no_inline --no_code_motion --no_tbaa
#        --no_clustering --no_scheduling --debug --endian=little
#        --cpu=Cortex-M4 -e --fpu=None --dlib_config "C:\Program Files
#        (x86)\IAR Systems\Embedded Workbench
#        7.0\arm\INC\c\DLib_Config_Normal.h" -I
#        "D:\LPLDV3.1\LPLD_OSKinetis_V3\project\freescale_cup(LDC)1.9(pid+fuzzy)\iar\..\app\"
#        -I
#        "D:\LPLDV3.1\LPLD_OSKinetis_V3\project\freescale_cup(LDC)1.9(pid+fuzzy)\iar\..\app\MAIN\"
#        -I
#        "D:\LPLDV3.1\LPLD_OSKinetis_V3\project\freescale_cup(LDC)1.9(pid+fuzzy)\iar\..\app\BSP\"
#        -I
#        "D:\LPLDV3.1\LPLD_OSKinetis_V3\project\freescale_cup(LDC)1.9(pid+fuzzy)\iar\..\app\CTL\"
#        -I
#        "D:\LPLDV3.1\LPLD_OSKinetis_V3\project\freescale_cup(LDC)1.9(pid+fuzzy)\iar\..\app\sensor\"
#        -I
#        "D:\LPLDV3.1\LPLD_OSKinetis_V3\project\freescale_cup(LDC)1.9(pid+fuzzy)\iar\..\app\ITAC\"
#        -I
#        "D:\LPLDV3.1\LPLD_OSKinetis_V3\project\freescale_cup(LDC)1.9(pid+fuzzy)\iar\..\..\..\lib\CPU\"
#        -I
#        "D:\LPLDV3.1\LPLD_OSKinetis_V3\project\freescale_cup(LDC)1.9(pid+fuzzy)\iar\..\..\..\lib\common\"
#        -I
#        "D:\LPLDV3.1\LPLD_OSKinetis_V3\project\freescale_cup(LDC)1.9(pid+fuzzy)\iar\..\..\..\lib\LPLD\"
#        -I
#        "D:\LPLDV3.1\LPLD_OSKinetis_V3\project\freescale_cup(LDC)1.9(pid+fuzzy)\iar\..\..\..\lib\LPLD\HW\"
#        -I
#        "D:\LPLDV3.1\LPLD_OSKinetis_V3\project\freescale_cup(LDC)1.9(pid+fuzzy)\iar\..\..\..\lib\LPLD\DEV\"
#        -I
#        "D:\LPLDV3.1\LPLD_OSKinetis_V3\project\freescale_cup(LDC)1.9(pid+fuzzy)\iar\..\..\..\lib\LPLD\FUNC\"
#        -I
#        "D:\LPLDV3.1\LPLD_OSKinetis_V3\project\freescale_cup(LDC)1.9(pid+fuzzy)\iar\..\..\..\lib\uCOS-II\Ports\"
#        -I
#        "D:\LPLDV3.1\LPLD_OSKinetis_V3\project\freescale_cup(LDC)1.9(pid+fuzzy)\iar\..\..\..\lib\uCOS-II\Source\"
#        -I
#        "D:\LPLDV3.1\LPLD_OSKinetis_V3\project\freescale_cup(LDC)1.9(pid+fuzzy)\iar\..\..\..\lib\FatFs\"
#        -I
#        "D:\LPLDV3.1\LPLD_OSKinetis_V3\project\freescale_cup(LDC)1.9(pid+fuzzy)\iar\..\..\..\lib\FatFs\option\"
#        -I
#        "D:\LPLDV3.1\LPLD_OSKinetis_V3\project\freescale_cup(LDC)1.9(pid+fuzzy)\iar\..\..\..\lib\USB\common\"
#        -I
#        "D:\LPLDV3.1\LPLD_OSKinetis_V3\project\freescale_cup(LDC)1.9(pid+fuzzy)\iar\..\..\..\lib\USB\driver\"
#        -I
#        "D:\LPLDV3.1\LPLD_OSKinetis_V3\project\freescale_cup(LDC)1.9(pid+fuzzy)\iar\..\..\..\lib\USB\descriptor\"
#        -I
#        "D:\LPLDV3.1\LPLD_OSKinetis_V3\project\freescale_cup(LDC)1.9(pid+fuzzy)\iar\..\..\..\lib\USB\class\"
#        -On -I "C:\Program Files (x86)\IAR Systems\Embedded Workbench
#        7.0\arm\CMSIS\Include\" -D ARM_MATH_CM4
#    List file    =  
#        D:\LPLDV3.1\LPLD_OSKinetis_V3\project\freescale_cup(LDC)1.9(pid+fuzzy)\iar\FLASH\List\del_sensor.lst
#    Object file  =  
#        D:\LPLDV3.1\LPLD_OSKinetis_V3\project\freescale_cup(LDC)1.9(pid+fuzzy)\iar\FLASH\Obj\del_sensor.o
#
###############################################################################

D:\LPLDV3.1\LPLD_OSKinetis_V3\project\freescale_cup(LDC)1.9(pid+fuzzy)\app\SENSOR\del_sensor.c
      1          #include "include.h"
      2          
      3          

   \                                 In section .bss, align 4
      4          struct _line line;
   \                     line:
   \   00000000                      DS8 12

   \                                 In section .bss, align 4
      5          struct _sensor sensor ;
   \                     sensor:
   \   00000000                      DS8 64
      6          

   \                                 In section .text, align 2, keep-with-next
      7          void sensor_isr()
      8          {
      9           
     10          }
   \                     sensor_isr: (+1)
   \   00000000   0x4770             BX       LR               ;; return
     11          
     12          

   \                                 In section .text, align 2, keep-with-next
     13          void sensor_offset()//开机取偏差
     14          {
   \                     sensor_offset: (+1)
   \   00000000   0xB510             PUSH     {R4,LR}
     15            uint8 i;
     16            
     17            LDC1614_read_meas();
   \   00000002   0x.... 0x....      BL       LDC1614_read_meas
     18            LPLD_LPTMR_DelayMs(10);
   \   00000006   0x200A             MOVS     R0,#+10
   \   00000008   0x.... 0x....      BL       LPLD_LPTMR_DelayMs
     19            
     20            sensor.offset[0] = LDC_data[0];
   \   0000000C   0x.... 0x....      LDR.W    R0,??DataTable1
   \   00000010   0x6800             LDR      R0,[R0, #+0]
   \   00000012   0x.... 0x....      LDR.W    R1,??DataTable1_1
   \   00000016   0x6008             STR      R0,[R1, #+0]
     21            sensor.offset[1] = LDC_data[1];
   \   00000018   0x.... 0x....      LDR.W    R0,??DataTable1
   \   0000001C   0x6840             LDR      R0,[R0, #+4]
   \   0000001E   0x.... 0x....      LDR.W    R1,??DataTable1_1
   \   00000022   0x6048             STR      R0,[R1, #+4]
     22            sensor.offset[2] = LDC_data[2];
   \   00000024   0x.... 0x....      LDR.W    R0,??DataTable1
   \   00000028   0x6880             LDR      R0,[R0, #+8]
   \   0000002A   0x.... 0x....      LDR.W    R1,??DataTable1_1
   \   0000002E   0x6088             STR      R0,[R1, #+8]
     23            
     24            for ( i = 0 ;i < 100; i++)
   \   00000030   0x2000             MOVS     R0,#+0
   \   00000032   0x0004             MOVS     R4,R0
   \                     ??sensor_offset_0: (+1)
   \   00000034   0xB2E4             UXTB     R4,R4            ;; ZeroExt  R4,R4,#+24,#+24
   \   00000036   0x2C64             CMP      R4,#+100
   \   00000038   0xDA3F             BGE.N    ??sensor_offset_1
     25            {
     26              LDC1614_read_meas();
   \   0000003A   0x.... 0x....      BL       LDC1614_read_meas
     27              LPLD_LPTMR_DelayMs(10);
   \   0000003E   0x200A             MOVS     R0,#+10
   \   00000040   0x.... 0x....      BL       LPLD_LPTMR_DelayMs
     28              
     29              sensor.offset[0] += LDC_data[0];
   \   00000044   0x.... 0x....      LDR.W    R0,??DataTable1_1
   \   00000048   0x6800             LDR      R0,[R0, #+0]
   \   0000004A   0x.... 0x....      LDR.W    R1,??DataTable1
   \   0000004E   0x6809             LDR      R1,[R1, #+0]
   \   00000050   0x1808             ADDS     R0,R1,R0
   \   00000052   0x.... 0x....      LDR.W    R1,??DataTable1_1
   \   00000056   0x6008             STR      R0,[R1, #+0]
     30              sensor.offset[1] += LDC_data[1];
   \   00000058   0x.... 0x....      LDR.W    R0,??DataTable1_1
   \   0000005C   0x6840             LDR      R0,[R0, #+4]
   \   0000005E   0x.... 0x....      LDR.W    R1,??DataTable1
   \   00000062   0x6849             LDR      R1,[R1, #+4]
   \   00000064   0x1808             ADDS     R0,R1,R0
   \   00000066   0x.... 0x....      LDR.W    R1,??DataTable1_1
   \   0000006A   0x6048             STR      R0,[R1, #+4]
     31              sensor.offset[2] += LDC_data[2];
   \   0000006C   0x.... 0x....      LDR.W    R0,??DataTable1_1
   \   00000070   0x6880             LDR      R0,[R0, #+8]
   \   00000072   0x.... 0x....      LDR.W    R1,??DataTable1
   \   00000076   0x6889             LDR      R1,[R1, #+8]
   \   00000078   0x1808             ADDS     R0,R1,R0
   \   0000007A   0x.... 0x....      LDR.W    R1,??DataTable1_1
   \   0000007E   0x6088             STR      R0,[R1, #+8]
     32              
     33              sensor.offset[0] /= 2;
   \   00000080   0x.... 0x....      LDR.W    R0,??DataTable1_1
   \   00000084   0x6800             LDR      R0,[R0, #+0]
   \   00000086   0x2102             MOVS     R1,#+2
   \   00000088   0xFB90 0xF0F1      SDIV     R0,R0,R1
   \   0000008C   0x.... 0x....      LDR.W    R1,??DataTable1_1
   \   00000090   0x6008             STR      R0,[R1, #+0]
     34              sensor.offset[1] /= 2;
   \   00000092   0x.... 0x....      LDR.W    R0,??DataTable1_1
   \   00000096   0x6840             LDR      R0,[R0, #+4]
   \   00000098   0x2102             MOVS     R1,#+2
   \   0000009A   0xFB90 0xF0F1      SDIV     R0,R0,R1
   \   0000009E   0x.... 0x....      LDR.W    R1,??DataTable1_1
   \   000000A2   0x6048             STR      R0,[R1, #+4]
     35              sensor.offset[2] /= 2;
   \   000000A4   0x.... 0x....      LDR.W    R0,??DataTable1_1
   \   000000A8   0x6880             LDR      R0,[R0, #+8]
   \   000000AA   0x2102             MOVS     R1,#+2
   \   000000AC   0xFB90 0xF0F1      SDIV     R0,R0,R1
   \   000000B0   0x.... 0x....      LDR.W    R1,??DataTable1_1
   \   000000B4   0x6088             STR      R0,[R1, #+8]
     36            }
   \   000000B6   0x1C64             ADDS     R4,R4,#+1
   \   000000B8   0xE7BC             B.N      ??sensor_offset_0
     37            
     38          }
   \                     ??sensor_offset_1: (+1)
   \   000000BA   0xBD10             POP      {R4,PC}          ;; return
     39          

   \                                 In section .text, align 2, keep-with-next
     40          void DateAnalyse()
     41          {
   \                     DateAnalyse: (+1)
   \   00000000   0xB5F8             PUSH     {R3-R7,LR}
     42            sensor.measure[0] = LDC_data[0] - sensor.offset[0];
   \   00000002   0x.... 0x....      LDR.W    R0,??DataTable1
   \   00000006   0x6800             LDR      R0,[R0, #+0]
   \   00000008   0x.... 0x....      LDR.W    R1,??DataTable1_1
   \   0000000C   0x6809             LDR      R1,[R1, #+0]
   \   0000000E   0x1A40             SUBS     R0,R0,R1
   \   00000010   0x.... 0x....      LDR.W    R1,??DataTable1_1
   \   00000014   0x8188             STRH     R0,[R1, #+12]
     43            sensor.measure[1] = LDC_data[1] - sensor.offset[1];
   \   00000016   0x.... 0x....      LDR.W    R0,??DataTable1
   \   0000001A   0x6840             LDR      R0,[R0, #+4]
   \   0000001C   0x.... 0x....      LDR.W    R1,??DataTable1_1
   \   00000020   0x6849             LDR      R1,[R1, #+4]
   \   00000022   0x1A40             SUBS     R0,R0,R1
   \   00000024   0x.... 0x....      LDR.W    R1,??DataTable1_1
   \   00000028   0x81C8             STRH     R0,[R1, #+14]
     44            sensor.measure[2] = LDC_data[2] - sensor.offset[2];
   \   0000002A   0x.... 0x....      LDR.W    R0,??DataTable1
   \   0000002E   0x6880             LDR      R0,[R0, #+8]
   \   00000030   0x.... 0x....      LDR.W    R1,??DataTable1_1
   \   00000034   0x6889             LDR      R1,[R1, #+8]
   \   00000036   0x1A40             SUBS     R0,R0,R1
   \   00000038   0x.... 0x....      LDR.W    R1,??DataTable1_1
   \   0000003C   0x8208             STRH     R0,[R1, #+16]
     45            
     46            //从左往右为    0 2 1
     47            sensor.error[0] = sensor.measure[1] - sensor.measure[0];
   \   0000003E   0x.... 0x....      LDR.W    R0,??DataTable1_1
   \   00000042   0x89C0             LDRH     R0,[R0, #+14]
   \   00000044   0x.... 0x....      LDR.W    R1,??DataTable1_1
   \   00000048   0x8989             LDRH     R1,[R1, #+12]
   \   0000004A   0x1A40             SUBS     R0,R0,R1
   \   0000004C   0x.... 0x....      LDR.W    R1,??DataTable1_1
   \   00000050   0x8408             STRH     R0,[R1, #+32]
     48            sensor.error[1] = sensor.measure[1] - sensor.measure[2];
   \   00000052   0x.... 0x....      LDR.W    R0,??DataTable1_1
   \   00000056   0x89C0             LDRH     R0,[R0, #+14]
   \   00000058   0x.... 0x....      LDR.W    R1,??DataTable1_1
   \   0000005C   0x8A09             LDRH     R1,[R1, #+16]
   \   0000005E   0x1A40             SUBS     R0,R0,R1
   \   00000060   0x.... 0x....      LDR.W    R1,??DataTable1_1
   \   00000064   0x8448             STRH     R0,[R1, #+34]
     49            sensor.error[2] = sensor.measure[2] - sensor.measure[0];
   \   00000066   0x.... 0x....      LDR.W    R0,??DataTable1_1
   \   0000006A   0x8A00             LDRH     R0,[R0, #+16]
   \   0000006C   0x.... 0x....      LDR.W    R1,??DataTable1_1
   \   00000070   0x8989             LDRH     R1,[R1, #+12]
   \   00000072   0x1A40             SUBS     R0,R0,R1
   \   00000074   0x.... 0x....      LDR.W    R1,??DataTable1_1
   \   00000078   0x8488             STRH     R0,[R1, #+36]
     50              
     51            sensor.error[0] /= 100;
   \   0000007A   0x.... 0x....      LDR.W    R0,??DataTable1_1
   \   0000007E   0xF9B0 0x0020      LDRSH    R0,[R0, #+32]
   \   00000082   0x2164             MOVS     R1,#+100
   \   00000084   0xFB90 0xF0F1      SDIV     R0,R0,R1
   \   00000088   0x.... 0x....      LDR.W    R1,??DataTable1_1
   \   0000008C   0x8408             STRH     R0,[R1, #+32]
     52            sensor.error[1] /= 100;
   \   0000008E   0x.... 0x....      LDR.W    R0,??DataTable1_1
   \   00000092   0xF9B0 0x0022      LDRSH    R0,[R0, #+34]
   \   00000096   0x2164             MOVS     R1,#+100
   \   00000098   0xFB90 0xF0F1      SDIV     R0,R0,R1
   \   0000009C   0x.... 0x....      LDR.W    R1,??DataTable1_1
   \   000000A0   0x8448             STRH     R0,[R1, #+34]
     53            sensor.error[2] /= 100;
   \   000000A2   0x.... 0x....      LDR.W    R0,??DataTable1_1
   \   000000A6   0xF9B0 0x0024      LDRSH    R0,[R0, #+36]
   \   000000AA   0x2164             MOVS     R1,#+100
   \   000000AC   0xFB90 0xF0F1      SDIV     R0,R0,R1
   \   000000B0   0x.... 0x....      LDR.W    R1,??DataTable1_1
   \   000000B4   0x8488             STRH     R0,[R1, #+36]
     54            push(35,sensor.error[0]);
   \   000000B6   0x.... 0x....      LDR.W    R0,??DataTable1_1
   \   000000BA   0x8C01             LDRH     R1,[R0, #+32]
   \   000000BC   0xB289             UXTH     R1,R1            ;; ZeroExt  R1,R1,#+16,#+16
   \   000000BE   0x2023             MOVS     R0,#+35
   \   000000C0   0x.... 0x....      BL       `push`
     55            push(36,sensor.error[1]);
   \   000000C4   0x.... 0x....      LDR.W    R0,??DataTable1_1
   \   000000C8   0x8C41             LDRH     R1,[R0, #+34]
   \   000000CA   0xB289             UXTH     R1,R1            ;; ZeroExt  R1,R1,#+16,#+16
   \   000000CC   0x2024             MOVS     R0,#+36
   \   000000CE   0x.... 0x....      BL       `push`
     56            push(37,sensor.error[2]);
   \   000000D2   0x.... 0x....      LDR.W    R0,??DataTable1_1
   \   000000D6   0x8C81             LDRH     R1,[R0, #+36]
   \   000000D8   0xB289             UXTH     R1,R1            ;; ZeroExt  R1,R1,#+16,#+16
   \   000000DA   0x2025             MOVS     R0,#+37
   \   000000DC   0x.... 0x....      BL       `push`
     57            
     58            //push(37,sensor.measure[0]);
     59            //push(38,sensor.measure[1]);
     60            //push(39,sensor.measure[2]);
     61            
     62          //    if ( ( sensor.error[0] < 6 && sensor.error[0] > -6 ) 
     63          //        || ( sensor.error[1] < 6 && sensor.error[1] > -6 ) 
     64          //          || //( sensor.measure[0] < 200 && sensor.measure[0] > -200))
     65          //  {
     66          //    return;
     67          //  }
     68          //    else
     69              {
     70                line.flag1 = 0;
   \   000000E0   0x2000             MOVS     R0,#+0
   \   000000E2   0x.... 0x....      LDR.W    R1,??DataTable1_2
   \   000000E6   0x7008             STRB     R0,[R1, #+0]
     71                line.flag2 = 0;
   \   000000E8   0x2000             MOVS     R0,#+0
   \   000000EA   0x.... 0x....      LDR.W    R1,??DataTable1_2
   \   000000EE   0x7048             STRB     R0,[R1, #+1]
     72                 if ( ! ( (sensor.error[0] < 5 && sensor.error[0] > -1 && sensor.error[2] > 0) ) )
   \   000000F0   0x.... 0x....      LDR.W    R0,??DataTable1_1
   \   000000F4   0xF9B0 0x0020      LDRSH    R0,[R0, #+32]
   \   000000F8   0x2805             CMP      R0,#+5
   \   000000FA   0xDA0C             BGE.N    ??DateAnalyse_0
   \   000000FC   0x.... 0x....      LDR.W    R0,??DataTable1_1
   \   00000100   0xF9B0 0x0020      LDRSH    R0,[R0, #+32]
   \   00000104   0x2800             CMP      R0,#+0
   \   00000106   0xD406             BMI.N    ??DateAnalyse_0
   \   00000108   0x.... 0x....      LDR.W    R0,??DataTable1_1
   \   0000010C   0xF9B0 0x0024      LDRSH    R0,[R0, #+36]
   \   00000110   0x2801             CMP      R0,#+1
   \   00000112   0xF280 0x8133      BGE.W    ??DateAnalyse_1
     73                   //不在这段 
     74                {
     75                  line.pos[1] = 
     76                    150 
     77                      + 123*sensor.error[0] 
     78                        - 203.1*sensor.error[2]
     79                          - 105.6*sensor.error[0]*sensor.error[0] 
     80                            + 180.5*sensor.error[0]*sensor.error[2]  
     81                              -175.9*sensor.error[2]*sensor.error[2] 
     82                                -29.74*sensor.error[0]*sensor.error[0]*sensor.error[0] 
     83                                  +50.59*sensor.error[0]*sensor.error[0]*sensor.error[2]
     84                                    -150.8*sensor.error[0]*sensor.error[2]*sensor.error[2]
     85                                      + 144.4*sensor.error[2]*sensor.error[2]*sensor.error[2];
   \                     ??DateAnalyse_0: (+1)
   \   00000116   0x.... 0x....      LDR.W    R0,??DataTable1_1
   \   0000011A   0xF9B0 0x0020      LDRSH    R0,[R0, #+32]
   \   0000011E   0x217B             MOVS     R1,#+123
   \   00000120   0xFB10 0xF001      SMULBB   R0,R0,R1
   \   00000124   0x3096             ADDS     R0,R0,#+150
   \   00000126   0x.... 0x....      BL       __aeabi_i2d
   \   0000012A   0x0004             MOVS     R4,R0
   \   0000012C   0x000D             MOVS     R5,R1
   \   0000012E   0x.... 0x....      LDR.W    R0,??DataTable1_1
   \   00000132   0xF9B0 0x0024      LDRSH    R0,[R0, #+36]
   \   00000136   0x.... 0x....      BL       __aeabi_i2d
   \   0000013A   0xF05F 0x3233      MOVS     R2,#+858993459
   \   0000013E   0x.... 0x....      LDR.W    R3,??DataTable1_3  ;; 0x40696333
   \   00000142   0x.... 0x....      BL       __aeabi_dmul
   \   00000146   0x0002             MOVS     R2,R0
   \   00000148   0x000B             MOVS     R3,R1
   \   0000014A   0x0020             MOVS     R0,R4
   \   0000014C   0x0029             MOVS     R1,R5
   \   0000014E   0x.... 0x....      BL       __aeabi_dsub
   \   00000152   0x0004             MOVS     R4,R0
   \   00000154   0x000D             MOVS     R5,R1
   \   00000156   0x.... 0x....      LDR.W    R0,??DataTable1_1
   \   0000015A   0xF9B0 0x0020      LDRSH    R0,[R0, #+32]
   \   0000015E   0x.... 0x....      BL       __aeabi_i2d
   \   00000162   0xF05F 0x3266      MOVS     R2,#+1717986918
   \   00000166   0x.... 0x....      LDR.W    R3,??DataTable1_4  ;; 0x405a6666
   \   0000016A   0x.... 0x....      BL       __aeabi_dmul
   \   0000016E   0x0006             MOVS     R6,R0
   \   00000170   0x000F             MOVS     R7,R1
   \   00000172   0x.... 0x....      LDR.W    R0,??DataTable1_1
   \   00000176   0xF9B0 0x0020      LDRSH    R0,[R0, #+32]
   \   0000017A   0x.... 0x....      BL       __aeabi_i2d
   \   0000017E   0x0032             MOVS     R2,R6
   \   00000180   0x003B             MOVS     R3,R7
   \   00000182   0x.... 0x....      BL       __aeabi_dmul
   \   00000186   0x0002             MOVS     R2,R0
   \   00000188   0x000B             MOVS     R3,R1
   \   0000018A   0x0020             MOVS     R0,R4
   \   0000018C   0x0029             MOVS     R1,R5
   \   0000018E   0x.... 0x....      BL       __aeabi_dsub
   \   00000192   0x0004             MOVS     R4,R0
   \   00000194   0x000D             MOVS     R5,R1
   \   00000196   0x.... 0x....      LDR.W    R0,??DataTable1_1
   \   0000019A   0xF9B0 0x0020      LDRSH    R0,[R0, #+32]
   \   0000019E   0x.... 0x....      BL       __aeabi_i2d
   \   000001A2   0x2200             MOVS     R2,#+0
   \   000001A4   0x.... 0x....      LDR.W    R3,??DataTable1_5  ;; 0x40669000
   \   000001A8   0x.... 0x....      BL       __aeabi_dmul
   \   000001AC   0x0006             MOVS     R6,R0
   \   000001AE   0x000F             MOVS     R7,R1
   \   000001B0   0x.... 0x....      LDR.W    R0,??DataTable1_1
   \   000001B4   0xF9B0 0x0024      LDRSH    R0,[R0, #+36]
   \   000001B8   0x.... 0x....      BL       __aeabi_i2d
   \   000001BC   0x0032             MOVS     R2,R6
   \   000001BE   0x003B             MOVS     R3,R7
   \   000001C0   0x.... 0x....      BL       __aeabi_dmul
   \   000001C4   0x0022             MOVS     R2,R4
   \   000001C6   0x002B             MOVS     R3,R5
   \   000001C8   0x.... 0x....      BL       __aeabi_dadd
   \   000001CC   0x0004             MOVS     R4,R0
   \   000001CE   0x000D             MOVS     R5,R1
   \   000001D0   0x.... 0x....      LDR.W    R0,??DataTable1_1
   \   000001D4   0xF9B0 0x0024      LDRSH    R0,[R0, #+36]
   \   000001D8   0x.... 0x....      BL       __aeabi_i2d
   \   000001DC   0x.... 0x....      LDR.W    R2,??DataTable1_6  ;; 0xcccccccd
   \   000001E0   0x.... 0x....      LDR.W    R3,??DataTable1_7  ;; 0x4065fccc
   \   000001E4   0x.... 0x....      BL       __aeabi_dmul
   \   000001E8   0x0006             MOVS     R6,R0
   \   000001EA   0x000F             MOVS     R7,R1
   \   000001EC   0x.... 0x....      LDR.W    R0,??DataTable1_1
   \   000001F0   0xF9B0 0x0024      LDRSH    R0,[R0, #+36]
   \   000001F4   0x.... 0x....      BL       __aeabi_i2d
   \   000001F8   0x0032             MOVS     R2,R6
   \   000001FA   0x003B             MOVS     R3,R7
   \   000001FC   0x.... 0x....      BL       __aeabi_dmul
   \   00000200   0x0002             MOVS     R2,R0
   \   00000202   0x000B             MOVS     R3,R1
   \   00000204   0x0020             MOVS     R0,R4
   \   00000206   0x0029             MOVS     R1,R5
   \   00000208   0x.... 0x....      BL       __aeabi_dsub
   \   0000020C   0x0004             MOVS     R4,R0
   \   0000020E   0x000D             MOVS     R5,R1
   \   00000210   0x.... 0x....      LDR.W    R0,??DataTable1_1
   \   00000214   0xF9B0 0x0020      LDRSH    R0,[R0, #+32]
   \   00000218   0x.... 0x....      BL       __aeabi_i2d
   \   0000021C   0x.... 0x....      LDR.W    R2,??DataTable1_8  ;; 0xa3d70a3d
   \   00000220   0x.... 0x....      LDR.W    R3,??DataTable1_9  ;; 0x403dbd70
   \   00000224   0x.... 0x....      BL       __aeabi_dmul
   \   00000228   0x0006             MOVS     R6,R0
   \   0000022A   0x000F             MOVS     R7,R1
   \   0000022C   0x.... 0x....      LDR.W    R0,??DataTable1_1
   \   00000230   0xF9B0 0x0020      LDRSH    R0,[R0, #+32]
   \   00000234   0x.... 0x....      BL       __aeabi_i2d
   \   00000238   0x0032             MOVS     R2,R6
   \   0000023A   0x003B             MOVS     R3,R7
   \   0000023C   0x.... 0x....      BL       __aeabi_dmul
   \   00000240   0x0006             MOVS     R6,R0
   \   00000242   0x000F             MOVS     R7,R1
   \   00000244   0x.... 0x....      LDR.W    R0,??DataTable1_1
   \   00000248   0xF9B0 0x0020      LDRSH    R0,[R0, #+32]
   \   0000024C   0x.... 0x....      BL       __aeabi_i2d
   \   00000250   0x0032             MOVS     R2,R6
   \   00000252   0x003B             MOVS     R3,R7
   \   00000254   0x.... 0x....      BL       __aeabi_dmul
   \   00000258   0x0002             MOVS     R2,R0
   \   0000025A   0x000B             MOVS     R3,R1
   \   0000025C   0x0020             MOVS     R0,R4
   \   0000025E   0x0029             MOVS     R1,R5
   \   00000260   0x.... 0x....      BL       __aeabi_dsub
   \   00000264   0x0004             MOVS     R4,R0
   \   00000266   0x000D             MOVS     R5,R1
   \   00000268   0x.... 0x....      LDR.W    R0,??DataTable1_1
   \   0000026C   0xF9B0 0x0020      LDRSH    R0,[R0, #+32]
   \   00000270   0x.... 0x....      BL       __aeabi_i2d
   \   00000274   0x.... 0x....      LDR.W    R2,??DataTable1_10  ;; 0x1eb851ec
   \   00000278   0x.... 0x....      LDR.W    R3,??DataTable1_11  ;; 0x40494b85
   \   0000027C   0x.... 0x....      BL       __aeabi_dmul
   \   00000280   0x0006             MOVS     R6,R0
   \   00000282   0x000F             MOVS     R7,R1
   \   00000284   0x.... 0x....      LDR.W    R0,??DataTable1_1
   \   00000288   0xF9B0 0x0020      LDRSH    R0,[R0, #+32]
   \   0000028C   0x.... 0x....      BL       __aeabi_i2d
   \   00000290   0x0032             MOVS     R2,R6
   \   00000292   0x003B             MOVS     R3,R7
   \   00000294   0x.... 0x....      BL       __aeabi_dmul
   \   00000298   0x0006             MOVS     R6,R0
   \   0000029A   0x000F             MOVS     R7,R1
   \   0000029C   0x.... 0x....      LDR.W    R0,??DataTable1_1
   \   000002A0   0xF9B0 0x0024      LDRSH    R0,[R0, #+36]
   \   000002A4   0x.... 0x....      BL       __aeabi_i2d
   \   000002A8   0x0032             MOVS     R2,R6
   \   000002AA   0x003B             MOVS     R3,R7
   \   000002AC   0x.... 0x....      BL       __aeabi_dmul
   \   000002B0   0x0022             MOVS     R2,R4
   \   000002B2   0x002B             MOVS     R3,R5
   \   000002B4   0x.... 0x....      BL       __aeabi_dadd
   \   000002B8   0x0004             MOVS     R4,R0
   \   000002BA   0x000D             MOVS     R5,R1
   \   000002BC   0x.... 0x....      LDR.W    R0,??DataTable1_1
   \   000002C0   0xF9B0 0x0020      LDRSH    R0,[R0, #+32]
   \   000002C4   0x.... 0x....      BL       __aeabi_i2d
   \   000002C8   0x.... 0x....      LDR.W    R2,??DataTable1_12  ;; 0x9999999a
   \   000002CC   0x.... 0x....      LDR.W    R3,??DataTable1_13  ;; 0x4062d999
   \   000002D0   0x.... 0x....      BL       __aeabi_dmul
   \   000002D4   0x0006             MOVS     R6,R0
   \   000002D6   0x000F             MOVS     R7,R1
   \   000002D8   0x.... 0x....      LDR.W    R0,??DataTable1_1
   \   000002DC   0xF9B0 0x0024      LDRSH    R0,[R0, #+36]
   \   000002E0   0x.... 0x....      BL       __aeabi_i2d
   \   000002E4   0x0032             MOVS     R2,R6
   \   000002E6   0x003B             MOVS     R3,R7
   \   000002E8   0x.... 0x....      BL       __aeabi_dmul
   \   000002EC   0x0006             MOVS     R6,R0
   \   000002EE   0x000F             MOVS     R7,R1
   \   000002F0   0x....             LDR.N    R0,??DataTable1_1
   \   000002F2   0xF9B0 0x0024      LDRSH    R0,[R0, #+36]
   \   000002F6   0x.... 0x....      BL       __aeabi_i2d
   \   000002FA   0x0032             MOVS     R2,R6
   \   000002FC   0x003B             MOVS     R3,R7
   \   000002FE   0x.... 0x....      BL       __aeabi_dmul
   \   00000302   0x0002             MOVS     R2,R0
   \   00000304   0x000B             MOVS     R3,R1
   \   00000306   0x0020             MOVS     R0,R4
   \   00000308   0x0029             MOVS     R1,R5
   \   0000030A   0x.... 0x....      BL       __aeabi_dsub
   \   0000030E   0x0004             MOVS     R4,R0
   \   00000310   0x000D             MOVS     R5,R1
   \   00000312   0x....             LDR.N    R0,??DataTable1_1
   \   00000314   0xF9B0 0x0024      LDRSH    R0,[R0, #+36]
   \   00000318   0x.... 0x....      BL       __aeabi_i2d
   \   0000031C   0x....             LDR.N    R2,??DataTable1_6  ;; 0xcccccccd
   \   0000031E   0x....             LDR.N    R3,??DataTable1_14  ;; 0x40620ccc
   \   00000320   0x.... 0x....      BL       __aeabi_dmul
   \   00000324   0x0006             MOVS     R6,R0
   \   00000326   0x000F             MOVS     R7,R1
   \   00000328   0x....             LDR.N    R0,??DataTable1_1
   \   0000032A   0xF9B0 0x0024      LDRSH    R0,[R0, #+36]
   \   0000032E   0x.... 0x....      BL       __aeabi_i2d
   \   00000332   0x0032             MOVS     R2,R6
   \   00000334   0x003B             MOVS     R3,R7
   \   00000336   0x.... 0x....      BL       __aeabi_dmul
   \   0000033A   0x0006             MOVS     R6,R0
   \   0000033C   0x000F             MOVS     R7,R1
   \   0000033E   0x....             LDR.N    R0,??DataTable1_1
   \   00000340   0xF9B0 0x0024      LDRSH    R0,[R0, #+36]
   \   00000344   0x.... 0x....      BL       __aeabi_i2d
   \   00000348   0x0032             MOVS     R2,R6
   \   0000034A   0x003B             MOVS     R3,R7
   \   0000034C   0x.... 0x....      BL       __aeabi_dmul
   \   00000350   0x0022             MOVS     R2,R4
   \   00000352   0x002B             MOVS     R3,R5
   \   00000354   0x.... 0x....      BL       __aeabi_dadd
   \   00000358   0x.... 0x....      BL       __aeabi_d2iz
   \   0000035C   0x....             LDR.N    R1,??DataTable1_2
   \   0000035E   0x8088             STRH     R0,[R1, #+4]
     86                  
     87                  if ( line.pos[1] > -110 && line.pos[1] < 110 ) //enable
   \   00000360   0x....             LDR.N    R0,??DataTable1_2
   \   00000362   0xF9B0 0x0004      LDRSH    R0,[R0, #+4]
   \   00000366   0xF110 0x0F6D      CMN      R0,#+109
   \   0000036A   0xDB07             BLT.N    ??DateAnalyse_1
   \   0000036C   0x....             LDR.N    R0,??DataTable1_2
   \   0000036E   0xF9B0 0x0004      LDRSH    R0,[R0, #+4]
   \   00000372   0x286E             CMP      R0,#+110
   \   00000374   0xDA02             BGE.N    ??DateAnalyse_1
     88                  {
     89                    line.flag1 =1; 
   \   00000376   0x2001             MOVS     R0,#+1
   \   00000378   0x....             LDR.N    R1,??DataTable1_2
   \   0000037A   0x7008             STRB     R0,[R1, #+0]
     90                  }
     91                }
     92                
     93                if ( !( (sensor.error[1] < 5 ) && (sensor.error[1] > -1) && ( sensor.error[2] < 0 ) ))
   \                     ??DateAnalyse_1: (+1)
   \   0000037C   0x....             LDR.N    R0,??DataTable1_1
   \   0000037E   0xF9B0 0x0022      LDRSH    R0,[R0, #+34]
   \   00000382   0x2805             CMP      R0,#+5
   \   00000384   0xDA0A             BGE.N    ??DateAnalyse_2
   \   00000386   0x....             LDR.N    R0,??DataTable1_1
   \   00000388   0xF9B0 0x0022      LDRSH    R0,[R0, #+34]
   \   0000038C   0x2800             CMP      R0,#+0
   \   0000038E   0xD405             BMI.N    ??DateAnalyse_2
   \   00000390   0x....             LDR.N    R0,??DataTable1_1
   \   00000392   0xF9B0 0x0024      LDRSH    R0,[R0, #+36]
   \   00000396   0x2800             CMP      R0,#+0
   \   00000398   0xF100 0x80F1      BMI.W    ??DateAnalyse_3
     94                {
     95                  line.pos[2] =  
     96                  -175 
     97                    -194.3*sensor.error[1] 
     98                      -283*sensor.error[2] 
     99                        + 165.5*sensor.error[1]*sensor.error[1] 
    100                          + 280*sensor.error[1]*sensor.error[2] 
    101                            + 222.4*sensor.error[2]*sensor.error[2] 
    102                              + 47.54*sensor.error[1]*sensor.error[1]*sensor.error[1] 
    103                                + 135.1*sensor.error[1]*sensor.error[1]*sensor.error[2] 
    104                                  + 299*sensor.error[1]*sensor.error[2]*sensor.error[2] 
    105                                    + 222*sensor.error[2]*sensor.error[2]*sensor.error[2];
   \                     ??DateAnalyse_2: (+1)
   \   0000039C   0x....             LDR.N    R0,??DataTable1_1
   \   0000039E   0xF9B0 0x0022      LDRSH    R0,[R0, #+34]
   \   000003A2   0x.... 0x....      BL       __aeabi_i2d
   \   000003A6   0x....             LDR.N    R2,??DataTable1_12  ;; 0x9999999a
   \   000003A8   0x....             LDR.N    R3,??DataTable1_15  ;; 0x40684999
   \   000003AA   0x.... 0x....      BL       __aeabi_dmul
   \   000003AE   0x0002             MOVS     R2,R0
   \   000003B0   0x000B             MOVS     R3,R1
   \   000003B2   0x2000             MOVS     R0,#+0
   \   000003B4   0x....             LDR.N    R1,??DataTable1_16  ;; 0xc065e000
   \   000003B6   0x.... 0x....      BL       __aeabi_dsub
   \   000003BA   0x0004             MOVS     R4,R0
   \   000003BC   0x000D             MOVS     R5,R1
   \   000003BE   0x....             LDR.N    R0,??DataTable1_1
   \   000003C0   0xF9B0 0x0024      LDRSH    R0,[R0, #+36]
   \   000003C4   0xF240 0x111B      MOVW     R1,#+283
   \   000003C8   0xFB10 0xF001      SMULBB   R0,R0,R1
   \   000003CC   0x.... 0x....      BL       __aeabi_i2d
   \   000003D0   0x0002             MOVS     R2,R0
   \   000003D2   0x000B             MOVS     R3,R1
   \   000003D4   0x0020             MOVS     R0,R4
   \   000003D6   0x0029             MOVS     R1,R5
   \   000003D8   0x.... 0x....      BL       __aeabi_dsub
   \   000003DC   0x0004             MOVS     R4,R0
   \   000003DE   0x000D             MOVS     R5,R1
   \   000003E0   0x....             LDR.N    R0,??DataTable1_1
   \   000003E2   0xF9B0 0x0022      LDRSH    R0,[R0, #+34]
   \   000003E6   0x.... 0x....      BL       __aeabi_i2d
   \   000003EA   0x2200             MOVS     R2,#+0
   \   000003EC   0x....             LDR.N    R3,??DataTable1_17  ;; 0x4064b000
   \   000003EE   0x.... 0x....      BL       __aeabi_dmul
   \   000003F2   0x0006             MOVS     R6,R0
   \   000003F4   0x000F             MOVS     R7,R1
   \   000003F6   0x....             LDR.N    R0,??DataTable1_1
   \   000003F8   0xF9B0 0x0022      LDRSH    R0,[R0, #+34]
   \   000003FC   0x.... 0x....      BL       __aeabi_i2d
   \   00000400   0x0032             MOVS     R2,R6
   \   00000402   0x003B             MOVS     R3,R7
   \   00000404   0x.... 0x....      BL       __aeabi_dmul
   \   00000408   0x0022             MOVS     R2,R4
   \   0000040A   0x002B             MOVS     R3,R5
   \   0000040C   0x.... 0x....      BL       __aeabi_dadd
   \   00000410   0x0004             MOVS     R4,R0
   \   00000412   0x000D             MOVS     R5,R1
   \   00000414   0x....             LDR.N    R0,??DataTable1_1
   \   00000416   0xF9B0 0x0022      LDRSH    R0,[R0, #+34]
   \   0000041A   0x....             LDR.N    R1,??DataTable1_1
   \   0000041C   0xF9B1 0x1024      LDRSH    R1,[R1, #+36]
   \   00000420   0xFB10 0xF001      SMULBB   R0,R0,R1
   \   00000424   0xF44F 0x718C      MOV      R1,#+280
   \   00000428   0x4348             MULS     R0,R1,R0
   \   0000042A   0x.... 0x....      BL       __aeabi_i2d
   \   0000042E   0x0022             MOVS     R2,R4
   \   00000430   0x002B             MOVS     R3,R5
   \   00000432   0x.... 0x....      BL       __aeabi_dadd
   \   00000436   0x0004             MOVS     R4,R0
   \   00000438   0x000D             MOVS     R5,R1
   \   0000043A   0x....             LDR.N    R0,??DataTable1_1
   \   0000043C   0xF9B0 0x0024      LDRSH    R0,[R0, #+36]
   \   00000440   0x.... 0x....      BL       __aeabi_i2d
   \   00000444   0x....             LDR.N    R2,??DataTable1_6  ;; 0xcccccccd
   \   00000446   0x....             LDR.N    R3,??DataTable1_18  ;; 0x406bcccc
   \   00000448   0x.... 0x....      BL       __aeabi_dmul
   \   0000044C   0x0006             MOVS     R6,R0
   \   0000044E   0x000F             MOVS     R7,R1
   \   00000450   0x....             LDR.N    R0,??DataTable1_1
   \   00000452   0xF9B0 0x0024      LDRSH    R0,[R0, #+36]
   \   00000456   0x.... 0x....      BL       __aeabi_i2d
   \   0000045A   0x0032             MOVS     R2,R6
   \   0000045C   0x003B             MOVS     R3,R7
   \   0000045E   0x.... 0x....      BL       __aeabi_dmul
   \   00000462   0x0022             MOVS     R2,R4
   \   00000464   0x002B             MOVS     R3,R5
   \   00000466   0x.... 0x....      BL       __aeabi_dadd
   \   0000046A   0x0004             MOVS     R4,R0
   \   0000046C   0x000D             MOVS     R5,R1
   \   0000046E   0x....             LDR.N    R0,??DataTable1_1
   \   00000470   0xF9B0 0x0022      LDRSH    R0,[R0, #+34]
   \   00000474   0x.... 0x....      BL       __aeabi_i2d
   \   00000478   0x....             LDR.N    R2,??DataTable1_19  ;; 0xb851eb85
   \   0000047A   0x....             LDR.N    R3,??DataTable1_20  ;; 0x4047c51e
   \   0000047C   0x.... 0x....      BL       __aeabi_dmul
   \   00000480   0x0006             MOVS     R6,R0
   \   00000482   0x000F             MOVS     R7,R1
   \   00000484   0x....             LDR.N    R0,??DataTable1_1
   \   00000486   0xF9B0 0x0022      LDRSH    R0,[R0, #+34]
   \   0000048A   0x.... 0x....      BL       __aeabi_i2d
   \   0000048E   0x0032             MOVS     R2,R6
   \   00000490   0x003B             MOVS     R3,R7
   \   00000492   0x.... 0x....      BL       __aeabi_dmul
   \   00000496   0x0006             MOVS     R6,R0
   \   00000498   0x000F             MOVS     R7,R1
   \   0000049A   0x....             LDR.N    R0,??DataTable1_1
   \   0000049C   0xF9B0 0x0022      LDRSH    R0,[R0, #+34]
   \   000004A0   0x.... 0x....      BL       __aeabi_i2d
   \   000004A4   0x0032             MOVS     R2,R6
   \   000004A6   0x003B             MOVS     R3,R7
   \   000004A8   0x.... 0x....      BL       __aeabi_dmul
   \   000004AC   0x0022             MOVS     R2,R4
   \   000004AE   0x002B             MOVS     R3,R5
   \   000004B0   0x.... 0x....      BL       __aeabi_dadd
   \   000004B4   0x0004             MOVS     R4,R0
   \   000004B6   0x000D             MOVS     R5,R1
   \   000004B8   0x....             LDR.N    R0,??DataTable1_1
   \   000004BA   0xF9B0 0x0022      LDRSH    R0,[R0, #+34]
   \   000004BE   0x.... 0x....      BL       __aeabi_i2d
   \   000004C2   0xF05F 0x3233      MOVS     R2,#+858993459
   \   000004C6   0x....             LDR.N    R3,??DataTable1_21  ;; 0x4060e333
   \   000004C8   0x.... 0x....      BL       __aeabi_dmul
   \   000004CC   0x0006             MOVS     R6,R0
   \   000004CE   0x000F             MOVS     R7,R1
   \   000004D0   0x....             LDR.N    R0,??DataTable1_1
   \   000004D2   0xF9B0 0x0022      LDRSH    R0,[R0, #+34]
   \   000004D6   0x.... 0x....      BL       __aeabi_i2d
   \   000004DA   0x0032             MOVS     R2,R6
   \   000004DC   0x003B             MOVS     R3,R7
   \   000004DE   0x.... 0x....      BL       __aeabi_dmul
   \   000004E2   0x0006             MOVS     R6,R0
   \   000004E4   0x000F             MOVS     R7,R1
   \   000004E6   0x....             LDR.N    R0,??DataTable1_1
   \   000004E8   0xF9B0 0x0024      LDRSH    R0,[R0, #+36]
   \   000004EC   0x.... 0x....      BL       __aeabi_i2d
   \   000004F0   0x0032             MOVS     R2,R6
   \   000004F2   0x003B             MOVS     R3,R7
   \   000004F4   0x.... 0x....      BL       __aeabi_dmul
   \   000004F8   0x0022             MOVS     R2,R4
   \   000004FA   0x002B             MOVS     R3,R5
   \   000004FC   0x.... 0x....      BL       __aeabi_dadd
   \   00000500   0x0004             MOVS     R4,R0
   \   00000502   0x000D             MOVS     R5,R1
   \   00000504   0x....             LDR.N    R0,??DataTable1_1
   \   00000506   0xF9B0 0x0022      LDRSH    R0,[R0, #+34]
   \   0000050A   0x....             LDR.N    R1,??DataTable1_1
   \   0000050C   0xF9B1 0x1024      LDRSH    R1,[R1, #+36]
   \   00000510   0xFB10 0xF001      SMULBB   R0,R0,R1
   \   00000514   0x....             LDR.N    R1,??DataTable1_1
   \   00000516   0xF9B1 0x1024      LDRSH    R1,[R1, #+36]
   \   0000051A   0x4348             MULS     R0,R1,R0
   \   0000051C   0xF240 0x112B      MOVW     R1,#+299
   \   00000520   0x4348             MULS     R0,R1,R0
   \   00000522   0x.... 0x....      BL       __aeabi_i2d
   \   00000526   0x0022             MOVS     R2,R4
   \   00000528   0x002B             MOVS     R3,R5
   \   0000052A   0x.... 0x....      BL       __aeabi_dadd
   \   0000052E   0x0004             MOVS     R4,R0
   \   00000530   0x000D             MOVS     R5,R1
   \   00000532   0x....             LDR.N    R0,??DataTable1_1
   \   00000534   0xF9B0 0x0024      LDRSH    R0,[R0, #+36]
   \   00000538   0x....             LDR.N    R1,??DataTable1_1
   \   0000053A   0xF9B1 0x1024      LDRSH    R1,[R1, #+36]
   \   0000053E   0xFB10 0xF001      SMULBB   R0,R0,R1
   \   00000542   0x....             LDR.N    R1,??DataTable1_1
   \   00000544   0xF9B1 0x1024      LDRSH    R1,[R1, #+36]
   \   00000548   0x4348             MULS     R0,R1,R0
   \   0000054A   0x21DE             MOVS     R1,#+222
   \   0000054C   0x4348             MULS     R0,R1,R0
   \   0000054E   0x.... 0x....      BL       __aeabi_i2d
   \   00000552   0x0022             MOVS     R2,R4
   \   00000554   0x002B             MOVS     R3,R5
   \   00000556   0x.... 0x....      BL       __aeabi_dadd
   \   0000055A   0x.... 0x....      BL       __aeabi_d2iz
   \   0000055E   0x....             LDR.N    R1,??DataTable1_2
   \   00000560   0x80C8             STRH     R0,[R1, #+6]
    106                  if ( line.pos[2] > -110 && line.pos [2] < 110 )
   \   00000562   0x....             LDR.N    R0,??DataTable1_2
   \   00000564   0xF9B0 0x0006      LDRSH    R0,[R0, #+6]
   \   00000568   0xF110 0x0F6D      CMN      R0,#+109
   \   0000056C   0xDB07             BLT.N    ??DateAnalyse_3
   \   0000056E   0x....             LDR.N    R0,??DataTable1_2
   \   00000570   0xF9B0 0x0006      LDRSH    R0,[R0, #+6]
   \   00000574   0x286E             CMP      R0,#+110
   \   00000576   0xDA02             BGE.N    ??DateAnalyse_3
    107                  {
    108                    line.flag2 =1; 
   \   00000578   0x2001             MOVS     R0,#+1
   \   0000057A   0x....             LDR.N    R1,??DataTable1_2
   \   0000057C   0x7048             STRB     R0,[R1, #+1]
    109                  }
    110                }
    111                
    112                if ( line.flag1 && line.flag2 )
   \                     ??DateAnalyse_3: (+1)
   \   0000057E   0x....             LDR.N    R0,??DataTable1_2
   \   00000580   0x7800             LDRB     R0,[R0, #+0]
   \   00000582   0x2800             CMP      R0,#+0
   \   00000584   0xD014             BEQ.N    ??DateAnalyse_4
   \   00000586   0x....             LDR.N    R0,??DataTable1_2
   \   00000588   0x7840             LDRB     R0,[R0, #+1]
   \   0000058A   0x2800             CMP      R0,#+0
   \   0000058C   0xD010             BEQ.N    ??DateAnalyse_4
    113                {
    114                  line.pos[3] = line.pos[0];
   \   0000058E   0x....             LDR.N    R0,??DataTable1_2
   \   00000590   0x8840             LDRH     R0,[R0, #+2]
   \   00000592   0x....             LDR.N    R1,??DataTable1_2
   \   00000594   0x8108             STRH     R0,[R1, #+8]
    115                  line.pos[0] = ( line.pos[1] +line.pos[2] ) / 2;
   \   00000596   0x....             LDR.N    R0,??DataTable1_2
   \   00000598   0xF9B0 0x0004      LDRSH    R0,[R0, #+4]
   \   0000059C   0x....             LDR.N    R1,??DataTable1_2
   \   0000059E   0xF9B1 0x1006      LDRSH    R1,[R1, #+6]
   \   000005A2   0x1808             ADDS     R0,R1,R0
   \   000005A4   0x2102             MOVS     R1,#+2
   \   000005A6   0xFB90 0xF0F1      SDIV     R0,R0,R1
   \   000005AA   0x....             LDR.N    R1,??DataTable1_2
   \   000005AC   0x8048             STRH     R0,[R1, #+2]
   \   000005AE   0xE02D             B.N      ??DateAnalyse_5
    116                }
    117                else if ( line.flag1 && !line.flag2 )
   \                     ??DateAnalyse_4: (+1)
   \   000005B0   0x....             LDR.N    R0,??DataTable1_2
   \   000005B2   0x7800             LDRB     R0,[R0, #+0]
   \   000005B4   0x2800             CMP      R0,#+0
   \   000005B6   0xD00C             BEQ.N    ??DateAnalyse_6
   \   000005B8   0x....             LDR.N    R0,??DataTable1_2
   \   000005BA   0x7840             LDRB     R0,[R0, #+1]
   \   000005BC   0x2800             CMP      R0,#+0
   \   000005BE   0xD108             BNE.N    ??DateAnalyse_6
    118                {
    119                  line.pos[3] = line.pos[0];
   \   000005C0   0x....             LDR.N    R0,??DataTable1_2
   \   000005C2   0x8840             LDRH     R0,[R0, #+2]
   \   000005C4   0x....             LDR.N    R1,??DataTable1_2
   \   000005C6   0x8108             STRH     R0,[R1, #+8]
    120                  line.pos[0] = line.pos[1] ;
   \   000005C8   0x....             LDR.N    R0,??DataTable1_2
   \   000005CA   0x8880             LDRH     R0,[R0, #+4]
   \   000005CC   0x....             LDR.N    R1,??DataTable1_2
   \   000005CE   0x8048             STRH     R0,[R1, #+2]
   \   000005D0   0xE01C             B.N      ??DateAnalyse_5
    121                }
    122                else if ( !line.flag1 && line.flag2 )
   \                     ??DateAnalyse_6: (+1)
   \   000005D2   0x....             LDR.N    R0,??DataTable1_2
   \   000005D4   0x7800             LDRB     R0,[R0, #+0]
   \   000005D6   0x2800             CMP      R0,#+0
   \   000005D8   0xD10C             BNE.N    ??DateAnalyse_7
   \   000005DA   0x....             LDR.N    R0,??DataTable1_2
   \   000005DC   0x7840             LDRB     R0,[R0, #+1]
   \   000005DE   0x2800             CMP      R0,#+0
   \   000005E0   0xD008             BEQ.N    ??DateAnalyse_7
    123                {
    124                  line.pos[3] = line.pos[0];
   \   000005E2   0x....             LDR.N    R0,??DataTable1_2
   \   000005E4   0x8840             LDRH     R0,[R0, #+2]
   \   000005E6   0x....             LDR.N    R1,??DataTable1_2
   \   000005E8   0x8108             STRH     R0,[R1, #+8]
    125                  line.pos[0] = line.pos[2];
   \   000005EA   0x....             LDR.N    R0,??DataTable1_2
   \   000005EC   0x88C0             LDRH     R0,[R0, #+6]
   \   000005EE   0x....             LDR.N    R1,??DataTable1_2
   \   000005F0   0x8048             STRH     R0,[R1, #+2]
   \   000005F2   0xE00B             B.N      ??DateAnalyse_5
    126                }
    127                else if ( !line.flag1 && !line.flag2 )
   \                     ??DateAnalyse_7: (+1)
   \   000005F4   0x....             LDR.N    R0,??DataTable1_2
   \   000005F6   0x7800             LDRB     R0,[R0, #+0]
   \   000005F8   0x2800             CMP      R0,#+0
   \   000005FA   0xD107             BNE.N    ??DateAnalyse_5
   \   000005FC   0x....             LDR.N    R0,??DataTable1_2
   \   000005FE   0x7840             LDRB     R0,[R0, #+1]
   \   00000600   0x2800             CMP      R0,#+0
   \   00000602   0xD103             BNE.N    ??DateAnalyse_5
    128                {
    129                  line.pos[0] = line.pos[3];
   \   00000604   0x....             LDR.N    R0,??DataTable1_2
   \   00000606   0x8900             LDRH     R0,[R0, #+8]
   \   00000608   0x....             LDR.N    R1,??DataTable1_2
   \   0000060A   0x8048             STRH     R0,[R1, #+2]
    130                }
    131              
    132                     
    133                     
    134                  
    135          ///*protest*/      
    136          //      if ( ( line.pos[0] - line.pos[1] ) >= 20 )
    137          //      {
    138          //        line.pos[0] = line.pos[1] + 20;
    139          //      }
    140          //      else if ( ( line.pos[0] - line.pos[1] ) <= -210 )
    141          //      {
    142          //        line.pos[0] = line.pos[1] - 20;
    143          //      }
    144          //      
    145          //      line.pos[1] = line.pos[0];
    146                
    147                push(0,line.pos[0]);
   \                     ??DateAnalyse_5: (+1)
   \   0000060C   0x....             LDR.N    R0,??DataTable1_2
   \   0000060E   0x8841             LDRH     R1,[R0, #+2]
   \   00000610   0xB289             UXTH     R1,R1            ;; ZeroExt  R1,R1,#+16,#+16
   \   00000612   0x2000             MOVS     R0,#+0
   \   00000614   0x.... 0x....      BL       `push`
    148              }             
    149          }
   \   00000618   0xBDF1             POP      {R0,R4-R7,PC}    ;; return

   \                                 In section .text, align 4, keep-with-next
   \                     ??DataTable1:
   \   00000000   0x........         DC32     LDC_data

   \                                 In section .text, align 4, keep-with-next
   \                     ??DataTable1_1:
   \   00000000   0x........         DC32     sensor

   \                                 In section .text, align 4, keep-with-next
   \                     ??DataTable1_2:
   \   00000000   0x........         DC32     line

   \                                 In section .text, align 4, keep-with-next
   \                     ??DataTable1_3:
   \   00000000   0x40696333         DC32     0x40696333

   \                                 In section .text, align 4, keep-with-next
   \                     ??DataTable1_4:
   \   00000000   0x405A6666         DC32     0x405a6666

   \                                 In section .text, align 4, keep-with-next
   \                     ??DataTable1_5:
   \   00000000   0x40669000         DC32     0x40669000

   \                                 In section .text, align 4, keep-with-next
   \                     ??DataTable1_6:
   \   00000000   0xCCCCCCCD         DC32     0xcccccccd

   \                                 In section .text, align 4, keep-with-next
   \                     ??DataTable1_7:
   \   00000000   0x4065FCCC         DC32     0x4065fccc

   \                                 In section .text, align 4, keep-with-next
   \                     ??DataTable1_8:
   \   00000000   0xA3D70A3D         DC32     0xa3d70a3d

   \                                 In section .text, align 4, keep-with-next
   \                     ??DataTable1_9:
   \   00000000   0x403DBD70         DC32     0x403dbd70

   \                                 In section .text, align 4, keep-with-next
   \                     ??DataTable1_10:
   \   00000000   0x1EB851EC         DC32     0x1eb851ec

   \                                 In section .text, align 4, keep-with-next
   \                     ??DataTable1_11:
   \   00000000   0x40494B85         DC32     0x40494b85

   \                                 In section .text, align 4, keep-with-next
   \                     ??DataTable1_12:
   \   00000000   0x9999999A         DC32     0x9999999a

   \                                 In section .text, align 4, keep-with-next
   \                     ??DataTable1_13:
   \   00000000   0x4062D999         DC32     0x4062d999

   \                                 In section .text, align 4, keep-with-next
   \                     ??DataTable1_14:
   \   00000000   0x40620CCC         DC32     0x40620ccc

   \                                 In section .text, align 4, keep-with-next
   \                     ??DataTable1_15:
   \   00000000   0x40684999         DC32     0x40684999

   \                                 In section .text, align 4, keep-with-next
   \                     ??DataTable1_16:
   \   00000000   0xC065E000         DC32     0xc065e000

   \                                 In section .text, align 4, keep-with-next
   \                     ??DataTable1_17:
   \   00000000   0x4064B000         DC32     0x4064b000

   \                                 In section .text, align 4, keep-with-next
   \                     ??DataTable1_18:
   \   00000000   0x406BCCCC         DC32     0x406bcccc

   \                                 In section .text, align 4, keep-with-next
   \                     ??DataTable1_19:
   \   00000000   0xB851EB85         DC32     0xb851eb85

   \                                 In section .text, align 4, keep-with-next
   \                     ??DataTable1_20:
   \   00000000   0x4047C51E         DC32     0x4047c51e

   \                                 In section .text, align 4, keep-with-next
   \                     ??DataTable1_21:
   \   00000000   0x4060E333         DC32     0x4060e333
    150          

   Maximum stack usage in bytes:

   .cstack Function
   ------- --------
      24   DateAnalyse
        24   -> __aeabi_d2iz
        24   -> __aeabi_dadd
        24   -> __aeabi_dmul
        24   -> __aeabi_dsub
        24   -> __aeabi_i2d
        24   -> push
       0   sensor_isr
       8   sensor_offset
         8   -> LDC1614_read_meas
         8   -> LPLD_LPTMR_DelayMs


   Section sizes:

   Bytes  Function/Label
   -----  --------------
       4  ??DataTable1
       4  ??DataTable1_1
       4  ??DataTable1_10
       4  ??DataTable1_11
       4  ??DataTable1_12
       4  ??DataTable1_13
       4  ??DataTable1_14
       4  ??DataTable1_15
       4  ??DataTable1_16
       4  ??DataTable1_17
       4  ??DataTable1_18
       4  ??DataTable1_19
       4  ??DataTable1_2
       4  ??DataTable1_20
       4  ??DataTable1_21
       4  ??DataTable1_3
       4  ??DataTable1_4
       4  ??DataTable1_5
       4  ??DataTable1_6
       4  ??DataTable1_7
       4  ??DataTable1_8
       4  ??DataTable1_9
    1562  DateAnalyse
      12  line
      64  sensor
       2  sensor_isr
     188  sensor_offset

 
    76 bytes in section .bss
 1 840 bytes in section .text
 
 1 840 bytes of CODE memory
    76 bytes of DATA memory

Errors: none
Warnings: 2
