###############################################################################
#
# IAR ANSI C/C++ Compiler V7.20.2.7424/W32 for ARM        11/Mar/2016  11:02:53
# Copyright 1999-2014 IAR Systems AB.
#
#    Cpu mode     =  thumb
#    Endian       =  little
#    Source file  =  
#        D:\LPLDV3.1\LPLD_OSKinetis_V3\project\freescale_cup(LDC)1.9(pid+fuzzy)\app\BSP\FTM.c
#    Command line =  
#        "D:\LPLDV3.1\LPLD_OSKinetis_V3\project\freescale_cup(LDC)1.9(pid+fuzzy)\app\BSP\FTM.c"
#        -D LPLD_K60 -D USE_K60DZ10 -lCN
#        "D:\LPLDV3.1\LPLD_OSKinetis_V3\project\freescale_cup(LDC)1.9(pid+fuzzy)\iar\FLASH\List\"
#        -lB
#        "D:\LPLDV3.1\LPLD_OSKinetis_V3\project\freescale_cup(LDC)1.9(pid+fuzzy)\iar\FLASH\List\"
#        -o
#        "D:\LPLDV3.1\LPLD_OSKinetis_V3\project\freescale_cup(LDC)1.9(pid+fuzzy)\iar\FLASH\Obj\"
#        --no_cse --no_unroll --no_inline --no_code_motion --no_tbaa
#        --no_clustering --no_scheduling --debug --endian=little
#        --cpu=Cortex-M4 -e --fpu=None --dlib_config "C:\Program Files
#        (x86)\IAR Systems\Embedded Workbench
#        7.0\arm\INC\c\DLib_Config_Normal.h" -I
#        "D:\LPLDV3.1\LPLD_OSKinetis_V3\project\freescale_cup(LDC)1.9(pid+fuzzy)\iar\..\app\"
#        -I
#        "D:\LPLDV3.1\LPLD_OSKinetis_V3\project\freescale_cup(LDC)1.9(pid+fuzzy)\iar\..\app\MAIN\"
#        -I
#        "D:\LPLDV3.1\LPLD_OSKinetis_V3\project\freescale_cup(LDC)1.9(pid+fuzzy)\iar\..\app\BSP\"
#        -I
#        "D:\LPLDV3.1\LPLD_OSKinetis_V3\project\freescale_cup(LDC)1.9(pid+fuzzy)\iar\..\app\CTL\"
#        -I
#        "D:\LPLDV3.1\LPLD_OSKinetis_V3\project\freescale_cup(LDC)1.9(pid+fuzzy)\iar\..\app\sensor\"
#        -I
#        "D:\LPLDV3.1\LPLD_OSKinetis_V3\project\freescale_cup(LDC)1.9(pid+fuzzy)\iar\..\app\ITAC\"
#        -I
#        "D:\LPLDV3.1\LPLD_OSKinetis_V3\project\freescale_cup(LDC)1.9(pid+fuzzy)\iar\..\..\..\lib\CPU\"
#        -I
#        "D:\LPLDV3.1\LPLD_OSKinetis_V3\project\freescale_cup(LDC)1.9(pid+fuzzy)\iar\..\..\..\lib\common\"
#        -I
#        "D:\LPLDV3.1\LPLD_OSKinetis_V3\project\freescale_cup(LDC)1.9(pid+fuzzy)\iar\..\..\..\lib\LPLD\"
#        -I
#        "D:\LPLDV3.1\LPLD_OSKinetis_V3\project\freescale_cup(LDC)1.9(pid+fuzzy)\iar\..\..\..\lib\LPLD\HW\"
#        -I
#        "D:\LPLDV3.1\LPLD_OSKinetis_V3\project\freescale_cup(LDC)1.9(pid+fuzzy)\iar\..\..\..\lib\LPLD\DEV\"
#        -I
#        "D:\LPLDV3.1\LPLD_OSKinetis_V3\project\freescale_cup(LDC)1.9(pid+fuzzy)\iar\..\..\..\lib\LPLD\FUNC\"
#        -I
#        "D:\LPLDV3.1\LPLD_OSKinetis_V3\project\freescale_cup(LDC)1.9(pid+fuzzy)\iar\..\..\..\lib\uCOS-II\Ports\"
#        -I
#        "D:\LPLDV3.1\LPLD_OSKinetis_V3\project\freescale_cup(LDC)1.9(pid+fuzzy)\iar\..\..\..\lib\uCOS-II\Source\"
#        -I
#        "D:\LPLDV3.1\LPLD_OSKinetis_V3\project\freescale_cup(LDC)1.9(pid+fuzzy)\iar\..\..\..\lib\FatFs\"
#        -I
#        "D:\LPLDV3.1\LPLD_OSKinetis_V3\project\freescale_cup(LDC)1.9(pid+fuzzy)\iar\..\..\..\lib\FatFs\option\"
#        -I
#        "D:\LPLDV3.1\LPLD_OSKinetis_V3\project\freescale_cup(LDC)1.9(pid+fuzzy)\iar\..\..\..\lib\USB\common\"
#        -I
#        "D:\LPLDV3.1\LPLD_OSKinetis_V3\project\freescale_cup(LDC)1.9(pid+fuzzy)\iar\..\..\..\lib\USB\driver\"
#        -I
#        "D:\LPLDV3.1\LPLD_OSKinetis_V3\project\freescale_cup(LDC)1.9(pid+fuzzy)\iar\..\..\..\lib\USB\descriptor\"
#        -I
#        "D:\LPLDV3.1\LPLD_OSKinetis_V3\project\freescale_cup(LDC)1.9(pid+fuzzy)\iar\..\..\..\lib\USB\class\"
#        -On -I "C:\Program Files (x86)\IAR Systems\Embedded Workbench
#        7.0\arm\CMSIS\Include\" -D ARM_MATH_CM4
#    List file    =  
#        D:\LPLDV3.1\LPLD_OSKinetis_V3\project\freescale_cup(LDC)1.9(pid+fuzzy)\iar\FLASH\List\FTM.lst
#    Object file  =  
#        D:\LPLDV3.1\LPLD_OSKinetis_V3\project\freescale_cup(LDC)1.9(pid+fuzzy)\iar\FLASH\Obj\FTM.o
#
###############################################################################

D:\LPLDV3.1\LPLD_OSKinetis_V3\project\freescale_cup(LDC)1.9(pid+fuzzy)\app\BSP\FTM.c
      1          //FTM初始化
      2          #include "include.h"
      3          

   \                                 In section .bss, align 4
      4          FTM_InitTypeDef ftm_init_struct;
   \                     ftm_init_struct:
   \   00000000                      DS8 28

   \                                 In section .bss, align 4
      5          FTM_InitTypeDef qei_init_struct;
   \                     qei_init_struct:
   \   00000000                      DS8 28
      6          

   \                                 In section .text, align 2, keep-with-next
      7          void PWM_init()
      8          {
   \                     PWM_init: (+1)
   \   00000000   0xB5E0             PUSH     {R5-R7,LR}
      9            //pwm
     10            ftm_init_struct.FTM_Ftmx = FTM0;	//使能FTM0通道
   \   00000002   0x....             LDR.N    R0,??DataTable2  ;; 0x40038000
   \   00000004   0x....             LDR.N    R1,??DataTable2_1
   \   00000006   0x6008             STR      R0,[R1, #+0]
     11            ftm_init_struct.FTM_Mode = FTM_MODE_PWM;	//使能PWM模式
   \   00000008   0x2001             MOVS     R0,#+1
   \   0000000A   0x....             LDR.N    R1,??DataTable2_1
   \   0000000C   0x7108             STRB     R0,[R1, #+4]
     12            ftm_init_struct.FTM_PwmFreq = 20000;	//PWM频率20000Hz
   \   0000000E   0xF644 0x6020      MOVW     R0,#+20000
   \   00000012   0x....             LDR.N    R1,??DataTable2_1
   \   00000014   0x6088             STR      R0,[R1, #+8]
     13            ftm_init_struct.FTM_PwmDeadtimeCfg = DEADTIME_CH23;
   \   00000016   0xF44F 0x5080      MOV      R0,#+4096
   \   0000001A   0x....             LDR.N    R1,??DataTable2_1
   \   0000001C   0x60C8             STR      R0,[R1, #+12]
     14            ftm_init_struct.FTM_PwmDeadtimeVal=0;
   \   0000001E   0x2000             MOVS     R0,#+0
   \   00000020   0x....             LDR.N    R1,??DataTable2_1
   \   00000022   0x7448             STRB     R0,[R1, #+17]
     15            LPLD_FTM_Init(ftm_init_struct);
   \   00000024   0x....             LDR.N    R1,??DataTable2_1
   \   00000026   0xB084             SUB      SP,SP,#+16
   \   00000028   0x4668             MOV      R0,SP
   \   0000002A   0x221C             MOVS     R2,#+28
   \   0000002C   0x.... 0x....      BL       __aeabi_memcpy4
   \   00000030   0xBC0F             POP      {R0-R3}
   \   00000032   0x.... 0x....      BL       LPLD_FTM_Init
     16            
     17            LPLD_FTM_PWM_Enable(FTM0, //使用FTM0
     18                                FTM_Ch0, //使能Ch0通道
     19                                1, //初始化DUTY
     20                                PTC1, //使用Ch0通道的PTC1引脚
     21                                ALIGN_LEFT        //脉宽左对齐
     22                                  ); 
   \   00000036   0x2028             MOVS     R0,#+40
   \   00000038   0x9000             STR      R0,[SP, #+0]
   \   0000003A   0x233D             MOVS     R3,#+61
   \   0000003C   0x2201             MOVS     R2,#+1
   \   0000003E   0x2100             MOVS     R1,#+0
   \   00000040   0x....             LDR.N    R0,??DataTable2  ;; 0x40038000
   \   00000042   0x.... 0x....      BL       LPLD_FTM_PWM_Enable
     23            LPLD_FTM_PWM_Enable(FTM0, //使用FTM0
     24                                FTM_Ch1, //使能Ch1通道
     25                                1, //初始化DUTY
     26                                PTC2, //使用Ch1通道的PTC2引脚
     27                                ALIGN_LEFT        //脉宽左对齐
     28                                  ); 
   \   00000046   0x2028             MOVS     R0,#+40
   \   00000048   0x9000             STR      R0,[SP, #+0]
   \   0000004A   0x233E             MOVS     R3,#+62
   \   0000004C   0x2201             MOVS     R2,#+1
   \   0000004E   0x2101             MOVS     R1,#+1
   \   00000050   0x....             LDR.N    R0,??DataTable2  ;; 0x40038000
   \   00000052   0x.... 0x....      BL       LPLD_FTM_PWM_Enable
     29          
     30          }
   \   00000056   0xBD07             POP      {R0-R2,PC}       ;; return
     31          
     32          

   \                                 In section .text, align 2, keep-with-next
     33          void S3010_init()
     34          {
   \                     S3010_init: (+1)
   \   00000000   0xB5E0             PUSH     {R5-R7,LR}
     35            //pwm
     36            ftm_init_struct.FTM_Ftmx = FTM1;	//使能FTM0通道
   \   00000002   0x....             LDR.N    R0,??DataTable2_2  ;; 0x40039000
   \   00000004   0x....             LDR.N    R1,??DataTable2_1
   \   00000006   0x6008             STR      R0,[R1, #+0]
     37            ftm_init_struct.FTM_Mode = FTM_MODE_PWM;	//使能PWM模式
   \   00000008   0x2001             MOVS     R0,#+1
   \   0000000A   0x....             LDR.N    R1,??DataTable2_1
   \   0000000C   0x7108             STRB     R0,[R1, #+4]
     38            ftm_init_struct.FTM_PwmFreq = 100;	//PWM频率100Hz
   \   0000000E   0x2064             MOVS     R0,#+100
   \   00000010   0x....             LDR.N    R1,??DataTable2_1
   \   00000012   0x6088             STR      R0,[R1, #+8]
     39            ftm_init_struct.FTM_PwmDeadtimeCfg = DEADTIME_CH23;
   \   00000014   0xF44F 0x5080      MOV      R0,#+4096
   \   00000018   0x....             LDR.N    R1,??DataTable2_1
   \   0000001A   0x60C8             STR      R0,[R1, #+12]
     40            ftm_init_struct.FTM_PwmDeadtimeVal=0;
   \   0000001C   0x2000             MOVS     R0,#+0
   \   0000001E   0x....             LDR.N    R1,??DataTable2_1
   \   00000020   0x7448             STRB     R0,[R1, #+17]
     41            LPLD_FTM_Init(ftm_init_struct);
   \   00000022   0x....             LDR.N    R1,??DataTable2_1
   \   00000024   0xB084             SUB      SP,SP,#+16
   \   00000026   0x4668             MOV      R0,SP
   \   00000028   0x221C             MOVS     R2,#+28
   \   0000002A   0x.... 0x....      BL       __aeabi_memcpy4
   \   0000002E   0xBC0F             POP      {R0-R3}
   \   00000030   0x.... 0x....      BL       LPLD_FTM_Init
     42            
     43            LPLD_FTM_PWM_Enable(FTM1, //使用FTM1
     44                                FTM_Ch0, //使能Ch0通道
     45                                1575, //初始化DUTY
     46                                PTA8, //使用Ch0通道的PTC1引脚
     47                                ALIGN_LEFT        //脉宽左对齐
     48                                  ); 
   \   00000034   0x2028             MOVS     R0,#+40
   \   00000036   0x9000             STR      R0,[SP, #+0]
   \   00000038   0x2308             MOVS     R3,#+8
   \   0000003A   0xF240 0x6227      MOVW     R2,#+1575
   \   0000003E   0x2100             MOVS     R1,#+0
   \   00000040   0x....             LDR.N    R0,??DataTable2_2  ;; 0x40039000
   \   00000042   0x.... 0x....      BL       LPLD_FTM_PWM_Enable
     49            
     50          }
   \   00000046   0xBD07             POP      {R0-R2,PC}       ;; return
     51          

   \                                 In section .text, align 2, keep-with-next
     52          void qei_init()
     53          {   
   \                     qei_init: (+1)
   \   00000000   0xB5E0             PUSH     {R5-R7,LR}
     54            //配置正交解码功能参数
     55            
     56            qei_init_struct.FTM_Ftmx = FTM2;              //只有FTM1和FTM2有正交解码功能
   \   00000002   0x....             LDR.N    R0,??DataTable2_3  ;; 0x400b8000
   \   00000004   0x....             LDR.N    R1,??DataTable2_4
   \   00000006   0x6008             STR      R0,[R1, #+0]
     57            qei_init_struct.FTM_Mode = FTM_MODE_QD;       //正交解码功能
   \   00000008   0x2004             MOVS     R0,#+4
   \   0000000A   0x....             LDR.N    R1,??DataTable2_4
   \   0000000C   0x7108             STRB     R0,[R1, #+4]
     58            qei_init_struct.FTM_QdMode = QD_MODE_PHAB;    //AB相输入模式
   \   0000000E   0x2000             MOVS     R0,#+0
   \   00000010   0x....             LDR.N    R1,??DataTable2_4
   \   00000012   0x7488             STRB     R0,[R1, #+18]
     59            //初始化FTM
     60            LPLD_FTM_Init(qei_init_struct);
   \   00000014   0x....             LDR.N    R1,??DataTable2_4
   \   00000016   0xB084             SUB      SP,SP,#+16
   \   00000018   0x4668             MOV      R0,SP
   \   0000001A   0x221C             MOVS     R2,#+28
   \   0000001C   0x.... 0x....      BL       __aeabi_memcpy4
   \   00000020   0xBC0F             POP      {R0-R3}
   \   00000022   0x.... 0x....      BL       LPLD_FTM_Init
     61            //使能AB相输入通道
     62            //PTB18引脚接A相输入、PTB19引脚接B相输入
     63            LPLD_FTM_QD_Enable(FTM2, PTB18, PTB19);
   \   00000026   0x2233             MOVS     R2,#+51
   \   00000028   0x2132             MOVS     R1,#+50
   \   0000002A   0x....             LDR.N    R0,??DataTable2_3  ;; 0x400b8000
   \   0000002C   0x.... 0x....      BL       LPLD_FTM_QD_Enable
     64            
     65          }
   \   00000030   0xBD07             POP      {R0-R2,PC}       ;; return

   \                                 In section .text, align 4, keep-with-next
   \                     ??DataTable2:
   \   00000000   0x40038000         DC32     0x40038000

   \                                 In section .text, align 4, keep-with-next
   \                     ??DataTable2_1:
   \   00000000   0x........         DC32     ftm_init_struct

   \                                 In section .text, align 4, keep-with-next
   \                     ??DataTable2_2:
   \   00000000   0x40039000         DC32     0x40039000

   \                                 In section .text, align 4, keep-with-next
   \                     ??DataTable2_3:
   \   00000000   0x400B8000         DC32     0x400b8000

   \                                 In section .text, align 4, keep-with-next
   \                     ??DataTable2_4:
   \   00000000   0x........         DC32     qei_init_struct

   Maximum stack usage in bytes:

   .cstack Function
   ------- --------
      32   PWM_init
        16   -> LPLD_FTM_Init
        16   -> LPLD_FTM_PWM_Enable
        32   -> __aeabi_memcpy4
      32   S3010_init
        16   -> LPLD_FTM_Init
        16   -> LPLD_FTM_PWM_Enable
        32   -> __aeabi_memcpy4
      32   qei_init
        16   -> LPLD_FTM_Init
        16   -> LPLD_FTM_QD_Enable
        32   -> __aeabi_memcpy4


   Section sizes:

   Bytes  Function/Label
   -----  --------------
       4  ??DataTable2
       4  ??DataTable2_1
       4  ??DataTable2_2
       4  ??DataTable2_3
       4  ??DataTable2_4
      88  PWM_init
      72  S3010_init
      28  ftm_init_struct
      50  qei_init
      28  qei_init_struct

 
  56 bytes in section .bss
 230 bytes in section .text
 
 230 bytes of CODE memory
  56 bytes of DATA memory

Errors: none
Warnings: none
