###############################################################################
#
# IAR ANSI C/C++ Compiler V7.20.2.7424/W32 for ARM        11/Mar/2016  11:03:03
# Copyright 1999-2014 IAR Systems AB.
#
#    Cpu mode     =  thumb
#    Endian       =  little
#    Source file  =  
#        D:\LPLDV3.1\LPLD_OSKinetis_V3\project\freescale_cup(LDC)1.9(pid+fuzzy)\app\CTL\PID.C
#    Command line =  
#        "D:\LPLDV3.1\LPLD_OSKinetis_V3\project\freescale_cup(LDC)1.9(pid+fuzzy)\app\CTL\PID.C"
#        -D LPLD_K60 -D USE_K60DZ10 -lCN
#        "D:\LPLDV3.1\LPLD_OSKinetis_V3\project\freescale_cup(LDC)1.9(pid+fuzzy)\iar\FLASH\List\"
#        -lB
#        "D:\LPLDV3.1\LPLD_OSKinetis_V3\project\freescale_cup(LDC)1.9(pid+fuzzy)\iar\FLASH\List\"
#        -o
#        "D:\LPLDV3.1\LPLD_OSKinetis_V3\project\freescale_cup(LDC)1.9(pid+fuzzy)\iar\FLASH\Obj\"
#        --no_cse --no_unroll --no_inline --no_code_motion --no_tbaa
#        --no_clustering --no_scheduling --debug --endian=little
#        --cpu=Cortex-M4 -e --fpu=None --dlib_config "C:\Program Files
#        (x86)\IAR Systems\Embedded Workbench
#        7.0\arm\INC\c\DLib_Config_Normal.h" -I
#        "D:\LPLDV3.1\LPLD_OSKinetis_V3\project\freescale_cup(LDC)1.9(pid+fuzzy)\iar\..\app\"
#        -I
#        "D:\LPLDV3.1\LPLD_OSKinetis_V3\project\freescale_cup(LDC)1.9(pid+fuzzy)\iar\..\app\MAIN\"
#        -I
#        "D:\LPLDV3.1\LPLD_OSKinetis_V3\project\freescale_cup(LDC)1.9(pid+fuzzy)\iar\..\app\BSP\"
#        -I
#        "D:\LPLDV3.1\LPLD_OSKinetis_V3\project\freescale_cup(LDC)1.9(pid+fuzzy)\iar\..\app\CTL\"
#        -I
#        "D:\LPLDV3.1\LPLD_OSKinetis_V3\project\freescale_cup(LDC)1.9(pid+fuzzy)\iar\..\app\sensor\"
#        -I
#        "D:\LPLDV3.1\LPLD_OSKinetis_V3\project\freescale_cup(LDC)1.9(pid+fuzzy)\iar\..\app\ITAC\"
#        -I
#        "D:\LPLDV3.1\LPLD_OSKinetis_V3\project\freescale_cup(LDC)1.9(pid+fuzzy)\iar\..\..\..\lib\CPU\"
#        -I
#        "D:\LPLDV3.1\LPLD_OSKinetis_V3\project\freescale_cup(LDC)1.9(pid+fuzzy)\iar\..\..\..\lib\common\"
#        -I
#        "D:\LPLDV3.1\LPLD_OSKinetis_V3\project\freescale_cup(LDC)1.9(pid+fuzzy)\iar\..\..\..\lib\LPLD\"
#        -I
#        "D:\LPLDV3.1\LPLD_OSKinetis_V3\project\freescale_cup(LDC)1.9(pid+fuzzy)\iar\..\..\..\lib\LPLD\HW\"
#        -I
#        "D:\LPLDV3.1\LPLD_OSKinetis_V3\project\freescale_cup(LDC)1.9(pid+fuzzy)\iar\..\..\..\lib\LPLD\DEV\"
#        -I
#        "D:\LPLDV3.1\LPLD_OSKinetis_V3\project\freescale_cup(LDC)1.9(pid+fuzzy)\iar\..\..\..\lib\LPLD\FUNC\"
#        -I
#        "D:\LPLDV3.1\LPLD_OSKinetis_V3\project\freescale_cup(LDC)1.9(pid+fuzzy)\iar\..\..\..\lib\uCOS-II\Ports\"
#        -I
#        "D:\LPLDV3.1\LPLD_OSKinetis_V3\project\freescale_cup(LDC)1.9(pid+fuzzy)\iar\..\..\..\lib\uCOS-II\Source\"
#        -I
#        "D:\LPLDV3.1\LPLD_OSKinetis_V3\project\freescale_cup(LDC)1.9(pid+fuzzy)\iar\..\..\..\lib\FatFs\"
#        -I
#        "D:\LPLDV3.1\LPLD_OSKinetis_V3\project\freescale_cup(LDC)1.9(pid+fuzzy)\iar\..\..\..\lib\FatFs\option\"
#        -I
#        "D:\LPLDV3.1\LPLD_OSKinetis_V3\project\freescale_cup(LDC)1.9(pid+fuzzy)\iar\..\..\..\lib\USB\common\"
#        -I
#        "D:\LPLDV3.1\LPLD_OSKinetis_V3\project\freescale_cup(LDC)1.9(pid+fuzzy)\iar\..\..\..\lib\USB\driver\"
#        -I
#        "D:\LPLDV3.1\LPLD_OSKinetis_V3\project\freescale_cup(LDC)1.9(pid+fuzzy)\iar\..\..\..\lib\USB\descriptor\"
#        -I
#        "D:\LPLDV3.1\LPLD_OSKinetis_V3\project\freescale_cup(LDC)1.9(pid+fuzzy)\iar\..\..\..\lib\USB\class\"
#        -On -I "C:\Program Files (x86)\IAR Systems\Embedded Workbench
#        7.0\arm\CMSIS\Include\" -D ARM_MATH_CM4
#    List file    =  
#        D:\LPLDV3.1\LPLD_OSKinetis_V3\project\freescale_cup(LDC)1.9(pid+fuzzy)\iar\FLASH\List\PID.lst
#    Object file  =  
#        D:\LPLDV3.1\LPLD_OSKinetis_V3\project\freescale_cup(LDC)1.9(pid+fuzzy)\iar\FLASH\Obj\PID.o
#
###############################################################################

D:\LPLDV3.1\LPLD_OSKinetis_V3\project\freescale_cup(LDC)1.9(pid+fuzzy)\app\CTL\PID.C
      1          #include "include.h"
      2          
      3          #if PID
      4          //=============PD方向调节======

   \                                 In section .text, align 4, keep-with-next
      5          void PID_out()
      6          {
   \                     PID_out: (+1)
   \   00000000   0xE92D 0x43F8      PUSH     {R3-R9,LR}
      7            if( ctl.S3010.error[0] > 70 || ctl.S3010.error[0] < -70 )       //大偏差 电感值小于207
   \   00000004   0x484D             LDR.N    R0,??PID_out_0
   \   00000006   0x6980             LDR      R0,[R0, #+24]
   \   00000008   0x494D             LDR.N    R1,??PID_out_0+0x4  ;; 0x428c0001
   \   0000000A   0x.... 0x....      BL       __aeabi_cfrcmple
   \   0000000E   0xD905             BLS.N    ??PID_out_1
   \   00000010   0x484A             LDR.N    R0,??PID_out_0
   \   00000012   0x6980             LDR      R0,[R0, #+24]
   \   00000014   0x494B             LDR.N    R1,??PID_out_0+0x8  ;; 0xc28c0000
   \   00000016   0x.... 0x....      BL       __aeabi_cfcmple
   \   0000001A   0xD20E             BCS.N    ??PID_out_2
      8            {  
      9              ctl.S3010.Kp = UartData[1];
   \                     ??PID_out_1: (+1)
   \   0000001C   0x4A4A             LDR.N    R2,??PID_out_0+0xC
   \   0000001E   0xE9D2 0x0102      LDRD     R0,R1,[R2, #+8]
   \   00000022   0x.... 0x....      BL       __aeabi_d2f
   \   00000026   0x4945             LDR.N    R1,??PID_out_0
   \   00000028   0x6048             STR      R0,[R1, #+4]
     10              ctl.S3010.Kd = UartData[2];
   \   0000002A   0x4A47             LDR.N    R2,??PID_out_0+0xC
   \   0000002C   0xE9D2 0x0104      LDRD     R0,R1,[R2, #+16]
   \   00000030   0x.... 0x....      BL       __aeabi_d2f
   \   00000034   0x4941             LDR.N    R1,??PID_out_0
   \   00000036   0x60C8             STR      R0,[R1, #+12]
   \   00000038   0xE7FF             B.N      ??PID_out_3
     11            }
     12            else if( ctl.S3010.error[0] > 40 || ctl.S3010.error[0] < -40 )
     13            { 
     14          //    ctl.S3010.Kp = 0;
     15          //    ctl.S3010.Kd = 0;  
     16            }
     17            else   //直道
     18            {
     19          //    ctl.S3010.Kp = 0;
     20          //    ctl.S3010.Kd = 0;  
     21            }
     22            
     23            if( ctl.S3010.error[0] > 3 || ctl.S3010.error[0] < -3 ) 
   \                     ??PID_out_2: (+1)
   \                     ??PID_out_3: (+1)
   \   0000003A   0x4840             LDR.N    R0,??PID_out_0
   \   0000003C   0x6980             LDR      R0,[R0, #+24]
   \   0000003E   0x4943             LDR.N    R1,??PID_out_0+0x10  ;; 0x40400001
   \   00000040   0x.... 0x....      BL       __aeabi_cfrcmple
   \   00000044   0xD905             BLS.N    ??PID_out_4
   \   00000046   0x483D             LDR.N    R0,??PID_out_0
   \   00000048   0x6980             LDR      R0,[R0, #+24]
   \   0000004A   0x4941             LDR.N    R1,??PID_out_0+0x14  ;; 0xc0400000
   \   0000004C   0x.... 0x....      BL       __aeabi_cfcmple
   \   00000050   0xD25C             BCS.N    ??PID_out_5
     24            {
     25              ctl.S3010.result =(int16) 
     26                (ctl.S3010.Kp * ctl.S3010.error[0]
     27                 + (ctl.S3010.Kd 
     28                      *(0.6*(ctl.S3010.error[0]-ctl.S3010.error[1])
     29                           +0.2*(ctl.S3010.error[1]-ctl.S3010.error[2])
     30                             +0.2*(ctl.S3010.error[2]-ctl.S3010.error[3]))));
   \                     ??PID_out_4: (+1)
   \   00000052   0x483A             LDR.N    R0,??PID_out_0
   \   00000054   0x6841             LDR      R1,[R0, #+4]
   \   00000056   0x4839             LDR.N    R0,??PID_out_0
   \   00000058   0x6980             LDR      R0,[R0, #+24]
   \   0000005A   0x.... 0x....      BL       __aeabi_fmul
   \   0000005E   0x.... 0x....      BL       __aeabi_f2d
   \   00000062   0x4680             MOV      R8,R0
   \   00000064   0x4689             MOV      R9,R1
   \   00000066   0x4835             LDR.N    R0,??PID_out_0
   \   00000068   0x68C0             LDR      R0,[R0, #+12]
   \   0000006A   0x.... 0x....      BL       __aeabi_f2d
   \   0000006E   0x0006             MOVS     R6,R0
   \   00000070   0x000F             MOVS     R7,R1
   \   00000072   0x4832             LDR.N    R0,??PID_out_0
   \   00000074   0x6980             LDR      R0,[R0, #+24]
   \   00000076   0x4931             LDR.N    R1,??PID_out_0
   \   00000078   0x69C9             LDR      R1,[R1, #+28]
   \   0000007A   0x.... 0x....      BL       __aeabi_fsub
   \   0000007E   0x.... 0x....      BL       __aeabi_f2d
   \   00000082   0xF05F 0x3233      MOVS     R2,#+858993459
   \   00000086   0x4B33             LDR.N    R3,??PID_out_0+0x18  ;; 0x3fe33333
   \   00000088   0x.... 0x....      BL       __aeabi_dmul
   \   0000008C   0x0004             MOVS     R4,R0
   \   0000008E   0x000D             MOVS     R5,R1
   \   00000090   0x482A             LDR.N    R0,??PID_out_0
   \   00000092   0x69C0             LDR      R0,[R0, #+28]
   \   00000094   0x4929             LDR.N    R1,??PID_out_0
   \   00000096   0x6A09             LDR      R1,[R1, #+32]
   \   00000098   0x.... 0x....      BL       __aeabi_fsub
   \   0000009C   0x.... 0x....      BL       __aeabi_f2d
   \   000000A0   0x4A2D             LDR.N    R2,??PID_out_0+0x1C  ;; 0x9999999a
   \   000000A2   0x4B2E             LDR.N    R3,??PID_out_0+0x20  ;; 0x3fc99999
   \   000000A4   0x.... 0x....      BL       __aeabi_dmul
   \   000000A8   0x0022             MOVS     R2,R4
   \   000000AA   0x002B             MOVS     R3,R5
   \   000000AC   0x.... 0x....      BL       __aeabi_dadd
   \   000000B0   0x0004             MOVS     R4,R0
   \   000000B2   0x000D             MOVS     R5,R1
   \   000000B4   0x4821             LDR.N    R0,??PID_out_0
   \   000000B6   0x6A00             LDR      R0,[R0, #+32]
   \   000000B8   0x4920             LDR.N    R1,??PID_out_0
   \   000000BA   0x6A49             LDR      R1,[R1, #+36]
   \   000000BC   0x.... 0x....      BL       __aeabi_fsub
   \   000000C0   0x.... 0x....      BL       __aeabi_f2d
   \   000000C4   0x4A24             LDR.N    R2,??PID_out_0+0x1C  ;; 0x9999999a
   \   000000C6   0x4B25             LDR.N    R3,??PID_out_0+0x20  ;; 0x3fc99999
   \   000000C8   0x.... 0x....      BL       __aeabi_dmul
   \   000000CC   0x0022             MOVS     R2,R4
   \   000000CE   0x002B             MOVS     R3,R5
   \   000000D0   0x.... 0x....      BL       __aeabi_dadd
   \   000000D4   0x0032             MOVS     R2,R6
   \   000000D6   0x003B             MOVS     R3,R7
   \   000000D8   0x.... 0x....      BL       __aeabi_dmul
   \   000000DC   0x4642             MOV      R2,R8
   \   000000DE   0x464B             MOV      R3,R9
   \   000000E0   0x.... 0x....      BL       __aeabi_dadd
   \   000000E4   0x.... 0x....      BL       __aeabi_d2iz
   \   000000E8   0xB200             SXTH     R0,R0            ;; SignExt  R0,R0,#+16,#+16
   \   000000EA   0x.... 0x....      BL       __aeabi_i2f
   \   000000EE   0x4913             LDR.N    R1,??PID_out_0
   \   000000F0   0x6108             STR      R0,[R1, #+16]
     31              
     32              ctl.S3010.error[3]=ctl.S3010.error[2];
   \   000000F2   0x4812             LDR.N    R0,??PID_out_0
   \   000000F4   0x6A00             LDR      R0,[R0, #+32]
   \   000000F6   0x4911             LDR.N    R1,??PID_out_0
   \   000000F8   0x6248             STR      R0,[R1, #+36]
     33              ctl.S3010.error[2]=ctl.S3010.error[1];
   \   000000FA   0x4810             LDR.N    R0,??PID_out_0
   \   000000FC   0x69C0             LDR      R0,[R0, #+28]
   \   000000FE   0x490F             LDR.N    R1,??PID_out_0
   \   00000100   0x6208             STR      R0,[R1, #+32]
     34              ctl.S3010.error[1]=ctl.S3010.error[0];
   \   00000102   0x480E             LDR.N    R0,??PID_out_0
   \   00000104   0x6980             LDR      R0,[R0, #+24]
   \   00000106   0x490D             LDR.N    R1,??PID_out_0
   \   00000108   0x61C8             STR      R0,[R1, #+28]
   \   0000010A   0xE002             B.N      ??PID_out_6
     35            }
     36            else
     37            { 
     38              ctl.S3010.result = 0;
   \                     ??PID_out_5: (+1)
   \   0000010C   0x2000             MOVS     R0,#+0
   \   0000010E   0x490B             LDR.N    R1,??PID_out_0
   \   00000110   0x6108             STR      R0,[R1, #+16]
     39            }
     40            
     41          
     42            if( ctl.S3010.result > 200 )
   \                     ??PID_out_6: (+1)
   \   00000112   0x480A             LDR.N    R0,??PID_out_0
   \   00000114   0x6900             LDR      R0,[R0, #+16]
   \   00000116   0x4912             LDR.N    R1,??PID_out_0+0x24  ;; 0x43480001
   \   00000118   0x.... 0x....      BL       __aeabi_cfrcmple
   \   0000011C   0xD803             BHI.N    ??PID_out_7
     43            {
     44              ctl.S3010.result = 200;
   \   0000011E   0x4811             LDR.N    R0,??PID_out_0+0x28  ;; 0x43480000
   \   00000120   0x4906             LDR.N    R1,??PID_out_0
   \   00000122   0x6108             STR      R0,[R1, #+16]
   \   00000124   0xE008             B.N      ??PID_out_8
     45            }
     46            
     47            else if(ctl.S3010.result < -200)
   \                     ??PID_out_7: (+1)
   \   00000126   0x4805             LDR.N    R0,??PID_out_0
   \   00000128   0x6900             LDR      R0,[R0, #+16]
   \   0000012A   0x490F             LDR.N    R1,??PID_out_0+0x2C  ;; 0xc3480000
   \   0000012C   0x.... 0x....      BL       __aeabi_cfcmple
   \   00000130   0xD202             BCS.N    ??PID_out_8
     48            {
     49              ctl.S3010.result = -200;
   \   00000132   0x480D             LDR.N    R0,??PID_out_0+0x2C  ;; 0xc3480000
   \   00000134   0x4901             LDR.N    R1,??PID_out_0
   \   00000136   0x6108             STR      R0,[R1, #+16]
     50            }
     51          
     52          }
   \                     ??PID_out_8: (+1)
   \   00000138   0xE8BD 0x83F1      POP      {R0,R4-R9,PC}    ;; return
   \                     ??PID_out_0:
   \   0000013C   0x........         DC32     ctl
   \   00000140   0x428C0001         DC32     0x428c0001
   \   00000144   0xC28C0000         DC32     0xc28c0000
   \   00000148   0x........         DC32     UartData
   \   0000014C   0x40400001         DC32     0x40400001
   \   00000150   0xC0400000         DC32     0xc0400000
   \   00000154   0x3FE33333         DC32     0x3fe33333
   \   00000158   0x9999999A         DC32     0x9999999a
   \   0000015C   0x3FC99999         DC32     0x3fc99999
   \   00000160   0x43480001         DC32     0x43480001
   \   00000164   0x43480000         DC32     0x43480000
   \   00000168   0xC3480000         DC32     0xc3480000
     53          #endif

   Maximum stack usage in bytes:

   .cstack Function
   ------- --------
      32   PID_out
        32   -> __aeabi_d2f
        32   -> __aeabi_d2iz
        32   -> __aeabi_dadd
        32   -> __aeabi_dmul
        32   -> __aeabi_f2d
        32   -> __aeabi_fmul
        32   -> __aeabi_fsub
        32   -> __aeabi_i2f
        32 __aeabi_cfcmple
        32 __aeabi_cfrcmple


   Section sizes:

   Bytes  Function/Label
   -----  --------------
     364  PID_out

 
 364 bytes in section .text
 
 364 bytes of CODE memory

Errors: none
Warnings: none
