###############################################################################
#
# IAR ANSI C/C++ Compiler V7.20.2.7424/W32 for ARM        31/Dec/2015  15:17:47
# Copyright 1999-2014 IAR Systems AB.
#
#    Cpu mode     =  thumb
#    Endian       =  little
#    Source file  =  
#        G:\快盘网络撤离\whutddk\飞思卡尔\LPLDV3.1\LPLD_OSKinetis_V3\lib\common\alloc.c
#    Command line =  
#        G:\快盘网络撤离\whutddk\飞思卡尔\LPLDV3.1\LPLD_OSKinetis_V3\lib\common\alloc.c
#        -D LPLD_K60 -D USE_K60DZ10 -lCN
#        "G:\快盘网络撤离\whutddk\飞思卡尔\LPLDV3.1\LPLD_OSKinetis_V3\project\freescale_cup(DMA)1.0\iar\FLASH\List\"
#        -lB
#        "G:\快盘网络撤离\whutddk\飞思卡尔\LPLDV3.1\LPLD_OSKinetis_V3\project\freescale_cup(DMA)1.0\iar\FLASH\List\"
#        -o
#        "G:\快盘网络撤离\whutddk\飞思卡尔\LPLDV3.1\LPLD_OSKinetis_V3\project\freescale_cup(DMA)1.0\iar\FLASH\Obj\"
#        --no_cse --no_unroll --no_inline --no_code_motion --no_tbaa
#        --no_clustering --no_scheduling --debug --endian=little
#        --cpu=Cortex-M4 -e --fpu=None --dlib_config "D:\Program Files
#        (x86)\IAR Systems\Embedded Workbench
#        7.0\arm\INC\c\DLib_Config_Normal.h" -I
#        "G:\快盘网络撤离\whutddk\飞思卡尔\LPLDV3.1\LPLD_OSKinetis_V3\project\freescale_cup(DMA)1.0\iar\..\app\"
#        -I
#        "G:\快盘网络撤离\whutddk\飞思卡尔\LPLDV3.1\LPLD_OSKinetis_V3\project\freescale_cup(DMA)1.0\iar\..\app\MAIN\"
#        -I
#        "G:\快盘网络撤离\whutddk\飞思卡尔\LPLDV3.1\LPLD_OSKinetis_V3\project\freescale_cup(DMA)1.0\iar\..\app\BSP\"
#        -I
#        "G:\快盘网络撤离\whutddk\飞思卡尔\LPLDV3.1\LPLD_OSKinetis_V3\project\freescale_cup(DMA)1.0\iar\..\app\CTL\"
#        -I
#        "G:\快盘网络撤离\whutddk\飞思卡尔\LPLDV3.1\LPLD_OSKinetis_V3\project\freescale_cup(DMA)1.0\iar\..\app\sensor\"
#        -I
#        "G:\快盘网络撤离\whutddk\飞思卡尔\LPLDV3.1\LPLD_OSKinetis_V3\project\freescale_cup(DMA)1.0\iar\..\app\ITAC\"
#        -I
#        "G:\快盘网络撤离\whutddk\飞思卡尔\LPLDV3.1\LPLD_OSKinetis_V3\project\freescale_cup(DMA)1.0\iar\..\..\..\lib\CPU\"
#        -I
#        "G:\快盘网络撤离\whutddk\飞思卡尔\LPLDV3.1\LPLD_OSKinetis_V3\project\freescale_cup(DMA)1.0\iar\..\..\..\lib\common\"
#        -I
#        "G:\快盘网络撤离\whutddk\飞思卡尔\LPLDV3.1\LPLD_OSKinetis_V3\project\freescale_cup(DMA)1.0\iar\..\..\..\lib\LPLD\"
#        -I
#        "G:\快盘网络撤离\whutddk\飞思卡尔\LPLDV3.1\LPLD_OSKinetis_V3\project\freescale_cup(DMA)1.0\iar\..\..\..\lib\LPLD\HW\"
#        -I
#        "G:\快盘网络撤离\whutddk\飞思卡尔\LPLDV3.1\LPLD_OSKinetis_V3\project\freescale_cup(DMA)1.0\iar\..\..\..\lib\LPLD\DEV\"
#        -I
#        "G:\快盘网络撤离\whutddk\飞思卡尔\LPLDV3.1\LPLD_OSKinetis_V3\project\freescale_cup(DMA)1.0\iar\..\..\..\lib\LPLD\FUNC\"
#        -I
#        "G:\快盘网络撤离\whutddk\飞思卡尔\LPLDV3.1\LPLD_OSKinetis_V3\project\freescale_cup(DMA)1.0\iar\..\..\..\lib\uCOS-II\Ports\"
#        -I
#        "G:\快盘网络撤离\whutddk\飞思卡尔\LPLDV3.1\LPLD_OSKinetis_V3\project\freescale_cup(DMA)1.0\iar\..\..\..\lib\uCOS-II\Source\"
#        -I
#        "G:\快盘网络撤离\whutddk\飞思卡尔\LPLDV3.1\LPLD_OSKinetis_V3\project\freescale_cup(DMA)1.0\iar\..\..\..\lib\FatFs\"
#        -I
#        "G:\快盘网络撤离\whutddk\飞思卡尔\LPLDV3.1\LPLD_OSKinetis_V3\project\freescale_cup(DMA)1.0\iar\..\..\..\lib\FatFs\option\"
#        -I
#        "G:\快盘网络撤离\whutddk\飞思卡尔\LPLDV3.1\LPLD_OSKinetis_V3\project\freescale_cup(DMA)1.0\iar\..\..\..\lib\USB\common\"
#        -I
#        "G:\快盘网络撤离\whutddk\飞思卡尔\LPLDV3.1\LPLD_OSKinetis_V3\project\freescale_cup(DMA)1.0\iar\..\..\..\lib\USB\driver\"
#        -I
#        "G:\快盘网络撤离\whutddk\飞思卡尔\LPLDV3.1\LPLD_OSKinetis_V3\project\freescale_cup(DMA)1.0\iar\..\..\..\lib\USB\descriptor\"
#        -I
#        "G:\快盘网络撤离\whutddk\飞思卡尔\LPLDV3.1\LPLD_OSKinetis_V3\project\freescale_cup(DMA)1.0\iar\..\..\..\lib\USB\class\"
#        -On -I "D:\Program Files (x86)\IAR Systems\Embedded Workbench
#        7.0\arm\CMSIS\Include\" -D ARM_MATH_CM4
#    List file    =  
#        G:\快盘网络撤离\whutddk\飞思卡尔\LPLDV3.1\LPLD_OSKinetis_V3\project\freescale_cup(DMA)1.0\iar\FLASH\List\alloc.lst
#    Object file  =  
#        G:\快盘网络撤离\whutddk\飞思卡尔\LPLDV3.1\LPLD_OSKinetis_V3\project\freescale_cup(DMA)1.0\iar\FLASH\Obj\alloc.o
#
###############################################################################

G:\快盘网络撤离\whutddk\飞思卡尔\LPLDV3.1\LPLD_OSKinetis_V3\lib\common\alloc.c
      1          /**
      2           * @file alloc.c
      3           * @version 3.0[By LPLD]
      4           * @date 2013-06-18
      5           * @brief 通用 malloc()、free() 函数
      6           *
      7           * 更改建议:不建议修改
      8           *
      9           * 该代码提供系统内存分配和释放函数。
     10           * 用户可选片内或片外内存，片外内存需FlexBus支持。
     11           *
     12           * 版权所有:北京拉普兰德电子技术有限公司
     13           * http://www.lpld.cn
     14           * mail:support@lpld.cn
     15           *
     16           * @par
     17           * 本代码由拉普兰德[LPLD]开发并维护，并向所有使用者开放源代码。
     18           * 开发者可以随意修使用或改源代码。但本段及以上注释应予以保留。
     19           * 不得更改或删除原版权所有者姓名，二次开发者可以加注二次版权所有者。
     20           * 但应在遵守此协议的基础上，开放源代码、不得出售代码本身。
     21           * 拉普兰德不负责由于使用本代码所带来的任何事故、法律责任或相关不良影响。
     22           * 拉普兰德无义务解释、说明本代码的具体原理、功能、实现方法。
     23           * 除非拉普兰德[LPLD]授权，开发者不得将本代码用于商业产品。
     24           */
     25          
     26          #include "common.h"
     27          #include "stdlib.h"
     28          
     29          #if defined(__IAR_SYSTEMS_ICC__)
     30            #pragma section = "HEAP"
     31          #endif
     32          
     33          /********************************************************************/
     34          
     35          /*
     36           * This struct forms the minimum block size which is allocated, and
     37           * also forms the linked list for the memory space used with alloc()
     38           * and free().  It is padded so that on a 32-bit machine, all malloc'ed
     39           * pointers are 16-byte aligned.
     40           */
     41          typedef struct ALLOC_HDR
     42          {
     43              struct
     44              {
     45                  struct ALLOC_HDR     *ptr;
     46                  unsigned int size;
     47              } s;
     48              unsigned int align;
     49              unsigned int pad;
     50          } ALLOC_HDR;
     51          

   \                                 In section .bss, align 4
     52          static ALLOC_HDR base;
   \                     base:
   \   00000000                      DS8 16

   \                                 In section .bss, align 4
     53          static ALLOC_HDR *freep = NULL;
   \                     freep:
   \   00000000                      DS8 4
     54          
     55          /********************************************************************/

   \                                 In section .text, align 2, keep-with-next
     56          void free (void *ap)
     57          {
   \                     free: (+1)
   \   00000000   0xB410             PUSH     {R4}
     58              ALLOC_HDR *bp, *p;
     59          
     60              bp = (ALLOC_HDR *)ap - 1;   /* point to block header */
   \   00000002   0xF1B0 0x0310      SUBS     R3,R0,#+16
   \   00000006   0x0019             MOVS     R1,R3
     61              for (p = freep; !((bp > p) && (bp < p->s.ptr)) ; p = p->s.ptr)
   \   00000008   0x....             LDR.N    R3,??DataTable1
   \   0000000A   0x681B             LDR      R3,[R3, #+0]
   \   0000000C   0x001A             MOVS     R2,R3
   \                     ??free_0: (+1)
   \   0000000E   0x428A             CMP      R2,R1
   \   00000010   0xD202             BCS.N    ??free_1
   \   00000012   0x6813             LDR      R3,[R2, #+0]
   \   00000014   0x4299             CMP      R1,R3
   \   00000016   0xD30A             BCC.N    ??free_2
     62              {
     63                  if ((p >= p->s.ptr) && ((bp > p) || (bp < p->s.ptr)))
   \                     ??free_1: (+1)
   \   00000018   0x6813             LDR      R3,[R2, #+0]
   \   0000001A   0x429A             CMP      R2,R3
   \   0000001C   0xD305             BCC.N    ??free_3
   \   0000001E   0x428A             CMP      R2,R1
   \   00000020   0xD302             BCC.N    ??free_4
   \   00000022   0x6813             LDR      R3,[R2, #+0]
   \   00000024   0x4299             CMP      R1,R3
   \   00000026   0xD200             BCS.N    ??free_3
     64                  {
     65                      break; /* freed block at start or end of arena */
   \                     ??free_4: (+1)
   \   00000028   0xE001             B.N      ??free_2
     66                  }
     67              }
   \                     ??free_3: (+1)
   \   0000002A   0x6812             LDR      R2,[R2, #+0]
   \   0000002C   0xE7EF             B.N      ??free_0
     68          
     69              if ((bp + bp->s.size) == p->s.ptr)
   \                     ??free_2: (+1)
   \   0000002E   0x684B             LDR      R3,[R1, #+4]
   \   00000030   0xEB11 0x1303      ADDS     R3,R1,R3, LSL #+4
   \   00000034   0x6814             LDR      R4,[R2, #+0]
   \   00000036   0x42A3             CMP      R3,R4
   \   00000038   0xD108             BNE.N    ??free_5
     70              {
     71                  bp->s.size += p->s.ptr->s.size;
   \   0000003A   0x684B             LDR      R3,[R1, #+4]
   \   0000003C   0x6814             LDR      R4,[R2, #+0]
   \   0000003E   0x6864             LDR      R4,[R4, #+4]
   \   00000040   0x18E3             ADDS     R3,R4,R3
   \   00000042   0x604B             STR      R3,[R1, #+4]
     72                  bp->s.ptr = p->s.ptr->s.ptr;
   \   00000044   0x6813             LDR      R3,[R2, #+0]
   \   00000046   0x681B             LDR      R3,[R3, #+0]
   \   00000048   0x600B             STR      R3,[R1, #+0]
   \   0000004A   0xE001             B.N      ??free_6
     73              }
     74              else
     75              {
     76                  bp->s.ptr = p->s.ptr;
   \                     ??free_5: (+1)
   \   0000004C   0x6813             LDR      R3,[R2, #+0]
   \   0000004E   0x600B             STR      R3,[R1, #+0]
     77              }
     78          
     79              if ((p + p->s.size) == bp)
   \                     ??free_6: (+1)
   \   00000050   0x6853             LDR      R3,[R2, #+4]
   \   00000052   0xEB12 0x1303      ADDS     R3,R2,R3, LSL #+4
   \   00000056   0x428B             CMP      R3,R1
   \   00000058   0xD106             BNE.N    ??free_7
     80              {
     81                  p->s.size += bp->s.size;
   \   0000005A   0x6853             LDR      R3,[R2, #+4]
   \   0000005C   0x684C             LDR      R4,[R1, #+4]
   \   0000005E   0x18E3             ADDS     R3,R4,R3
   \   00000060   0x6053             STR      R3,[R2, #+4]
     82                  p->s.ptr = bp->s.ptr;
   \   00000062   0x680B             LDR      R3,[R1, #+0]
   \   00000064   0x6013             STR      R3,[R2, #+0]
   \   00000066   0xE000             B.N      ??free_8
     83              }
     84              else
     85              {
     86                  p->s.ptr = bp;
   \                     ??free_7: (+1)
   \   00000068   0x6011             STR      R1,[R2, #+0]
     87              }
     88          
     89              freep = p;
   \                     ??free_8: (+1)
   \   0000006A   0x....             LDR.N    R3,??DataTable1
   \   0000006C   0x601A             STR      R2,[R3, #+0]
     90          }
   \   0000006E   0xBC10             POP      {R4}
   \   00000070   0x4770             BX       LR               ;; return
     91          
     92          /********************************************************************/

   \                                 In section .text, align 2, keep-with-next
     93          void * malloc (unsigned nbytes)
     94          {
   \                     malloc: (+1)
   \   00000000   0xB4F0             PUSH     {R4-R7}
   \   00000002   0x0001             MOVS     R1,R0
     95              /* Get addresses for the HEAP start and end */
     96              #if defined(__IAR_SYSTEMS_ICC__)
     97                char* __HEAP_START = __section_begin("HEAP");
   \   00000004   0x....             LDR.N    R2,??DataTable1_1
     98                char* __HEAP_END = __section_end("HEAP");
   \   00000006   0x....             LDR.N    R3,??DataTable1_2
     99              #else
    100                #warning 非IAR编译器需确定HEAP起始结束地址
    101                extern char __HEAP_START;
    102                extern char __HEAP_END[];
    103              #endif
    104             
    105              ALLOC_HDR *p, *prevp;
    106              unsigned nunits;
    107          
    108              nunits = ((nbytes+sizeof(ALLOC_HDR)-1) / sizeof(ALLOC_HDR)) + 1;
   \   00000008   0xF111 0x000F      ADDS     R0,R1,#+15
   \   0000000C   0x0900             LSRS     R0,R0,#+4
   \   0000000E   0x1C40             ADDS     R0,R0,#+1
   \   00000010   0x0006             MOVS     R6,R0
    109          
    110              if ((prevp = freep) == NULL)
   \   00000012   0x....             LDR.N    R0,??DataTable1
   \   00000014   0x6800             LDR      R0,[R0, #+0]
   \   00000016   0x0005             MOVS     R5,R0
   \   00000018   0x2D00             CMP      R5,#+0
   \   0000001A   0xD110             BNE.N    ??malloc_0
    111              {
    112                  p = (ALLOC_HDR *)__HEAP_START;
   \   0000001C   0x0014             MOVS     R4,R2
    113                  p->s.size = ( ((uint32)__HEAP_END - (uint32)__HEAP_START)
    114                      / sizeof(ALLOC_HDR) );
   \   0000001E   0x1A98             SUBS     R0,R3,R2
   \   00000020   0x0900             LSRS     R0,R0,#+4
   \   00000022   0x6060             STR      R0,[R4, #+4]
    115                  p->s.ptr = &base;
   \   00000024   0x....             LDR.N    R0,??DataTable1_3
   \   00000026   0x6020             STR      R0,[R4, #+0]
    116                  base.s.ptr = p;
   \   00000028   0x....             LDR.N    R0,??DataTable1_3
   \   0000002A   0x6004             STR      R4,[R0, #+0]
    117                  base.s.size = 0;
   \   0000002C   0x2000             MOVS     R0,#+0
   \   0000002E   0x....             LDR.N    R7,??DataTable1_3
   \   00000030   0x6078             STR      R0,[R7, #+4]
    118                  prevp = freep = &base;
   \   00000032   0x....             LDR.N    R0,??DataTable1_3
   \   00000034   0x....             LDR.N    R7,??DataTable1
   \   00000036   0x6038             STR      R0,[R7, #+0]
   \   00000038   0x....             LDR.N    R0,??DataTable1
   \   0000003A   0x6800             LDR      R0,[R0, #+0]
   \   0000003C   0x0005             MOVS     R5,R0
    119              }
    120          
    121              for (p = prevp->s.ptr; ; prevp = p, p = p->s.ptr)
   \                     ??malloc_0: (+1)
   \   0000003E   0x6828             LDR      R0,[R5, #+0]
   \   00000040   0x0004             MOVS     R4,R0
    122              {
    123                  if (p->s.size >= nunits)
   \                     ??malloc_1: (+1)
   \   00000042   0x6860             LDR      R0,[R4, #+4]
   \   00000044   0x42B0             CMP      R0,R6
   \   00000046   0xD311             BCC.N    ??malloc_2
    124                  {
    125                      if (p->s.size == nunits)
   \   00000048   0x6860             LDR      R0,[R4, #+4]
   \   0000004A   0x42B0             CMP      R0,R6
   \   0000004C   0xD102             BNE.N    ??malloc_3
    126                      {
    127                          prevp->s.ptr = p->s.ptr;
   \   0000004E   0x6820             LDR      R0,[R4, #+0]
   \   00000050   0x6028             STR      R0,[R5, #+0]
   \   00000052   0xE006             B.N      ??malloc_4
    128                      }
    129                      else
    130                      {
    131                          p->s.size -= nunits;
   \                     ??malloc_3: (+1)
   \   00000054   0x6860             LDR      R0,[R4, #+4]
   \   00000056   0x1B80             SUBS     R0,R0,R6
   \   00000058   0x6060             STR      R0,[R4, #+4]
    132                          p += p->s.size;
   \   0000005A   0x6860             LDR      R0,[R4, #+4]
   \   0000005C   0xEB14 0x1400      ADDS     R4,R4,R0, LSL #+4
    133                          p->s.size = nunits;
   \   00000060   0x6066             STR      R6,[R4, #+4]
    134                      }
    135                      freep = prevp;
   \                     ??malloc_4: (+1)
   \   00000062   0x....             LDR.N    R0,??DataTable1
   \   00000064   0x6005             STR      R5,[R0, #+0]
    136                      return (void *)(p + 1);
   \   00000066   0xF114 0x0010      ADDS     R0,R4,#+16
   \   0000006A   0xE008             B.N      ??malloc_5
    137                  }
    138          
    139                  if (p == freep)
   \                     ??malloc_2: (+1)
   \   0000006C   0x....             LDR.N    R0,??DataTable1
   \   0000006E   0x6800             LDR      R0,[R0, #+0]
   \   00000070   0x4284             CMP      R4,R0
   \   00000072   0xD101             BNE.N    ??malloc_6
    140                      return NULL;
   \   00000074   0x2000             MOVS     R0,#+0
   \   00000076   0xE002             B.N      ??malloc_5
    141              }
   \                     ??malloc_6: (+1)
   \   00000078   0x0025             MOVS     R5,R4
   \   0000007A   0x6824             LDR      R4,[R4, #+0]
   \   0000007C   0xE7E1             B.N      ??malloc_1
   \                     ??malloc_5: (+1)
   \   0000007E   0xBCF0             POP      {R4-R7}
   \   00000080   0x4770             BX       LR               ;; return
    142          }

   \                                 In section .text, align 4, keep-with-next
   \                     ??DataTable1:
   \   00000000   0x........         DC32     freep

   \                                 In section .text, align 4, keep-with-next
   \                     ??DataTable1_1:
   \   00000000   0x........         DC32     SFB(HEAP)

   \                                 In section .text, align 4, keep-with-next
   \                     ??DataTable1_2:
   \   00000000   0x........         DC32     SFE(HEAP)

   \                                 In section .text, align 4, keep-with-next
   \                     ??DataTable1_3:
   \   00000000   0x........         DC32     base
    143          
    144          /********************************************************************/

   Maximum stack usage in bytes:

   .cstack Function
   ------- --------
       4   free
      16   malloc


   Section sizes:

   Bytes  Function/Label
   -----  --------------
       4  ??DataTable1
       4  ??DataTable1_1
       4  ??DataTable1_2
       4  ??DataTable1_3
      16  base
     114  free
       4  freep
     130  malloc

 
  20 bytes in section .bss
 260 bytes in section .text
 
 260 bytes of CODE memory
  20 bytes of DATA memory

Errors: none
Warnings: none
