###############################################################################
#
# IAR ANSI C/C++ Compiler V7.20.2.7424/W32 for ARM        02/Jan/2016  16:00:24
# Copyright 1999-2014 IAR Systems AB.
#
#    Cpu mode     =  thumb
#    Endian       =  little
#    Source file  =  
#        G:\øÏ≈ÃÕ¯¬Á≥∑¿Î\whutddk\∑…Àºø®∂˚\LPLDV3.1\LPLD_OSKinetis_V3\project\freescale_cup(DMA)1.0\app\ITAC\bz_led.c
#    Command line =  
#        "G:\øÏ≈ÃÕ¯¬Á≥∑¿Î\whutddk\∑…Àºø®∂˚\LPLDV3.1\LPLD_OSKinetis_V3\project\freescale_cup(DMA)1.0\app\ITAC\bz_led.c"
#        -D LPLD_K60 -D USE_K60DZ10 -lCN
#        "G:\øÏ≈ÃÕ¯¬Á≥∑¿Î\whutddk\∑…Àºø®∂˚\LPLDV3.1\LPLD_OSKinetis_V3\project\freescale_cup(DMA)1.0\iar\FLASH\List\"
#        -lB
#        "G:\øÏ≈ÃÕ¯¬Á≥∑¿Î\whutddk\∑…Àºø®∂˚\LPLDV3.1\LPLD_OSKinetis_V3\project\freescale_cup(DMA)1.0\iar\FLASH\List\"
#        -o
#        "G:\øÏ≈ÃÕ¯¬Á≥∑¿Î\whutddk\∑…Àºø®∂˚\LPLDV3.1\LPLD_OSKinetis_V3\project\freescale_cup(DMA)1.0\iar\FLASH\Obj\"
#        --no_cse --no_unroll --no_inline --no_code_motion --no_tbaa
#        --no_clustering --no_scheduling --debug --endian=little
#        --cpu=Cortex-M4 -e --fpu=None --dlib_config "D:\Program Files
#        (x86)\IAR Systems\Embedded Workbench
#        7.0\arm\INC\c\DLib_Config_Normal.h" -I
#        "G:\øÏ≈ÃÕ¯¬Á≥∑¿Î\whutddk\∑…Àºø®∂˚\LPLDV3.1\LPLD_OSKinetis_V3\project\freescale_cup(DMA)1.0\iar\..\app\"
#        -I
#        "G:\øÏ≈ÃÕ¯¬Á≥∑¿Î\whutddk\∑…Àºø®∂˚\LPLDV3.1\LPLD_OSKinetis_V3\project\freescale_cup(DMA)1.0\iar\..\app\MAIN\"
#        -I
#        "G:\øÏ≈ÃÕ¯¬Á≥∑¿Î\whutddk\∑…Àºø®∂˚\LPLDV3.1\LPLD_OSKinetis_V3\project\freescale_cup(DMA)1.0\iar\..\app\BSP\"
#        -I
#        "G:\øÏ≈ÃÕ¯¬Á≥∑¿Î\whutddk\∑…Àºø®∂˚\LPLDV3.1\LPLD_OSKinetis_V3\project\freescale_cup(DMA)1.0\iar\..\app\CTL\"
#        -I
#        "G:\øÏ≈ÃÕ¯¬Á≥∑¿Î\whutddk\∑…Àºø®∂˚\LPLDV3.1\LPLD_OSKinetis_V3\project\freescale_cup(DMA)1.0\iar\..\app\sensor\"
#        -I
#        "G:\øÏ≈ÃÕ¯¬Á≥∑¿Î\whutddk\∑…Àºø®∂˚\LPLDV3.1\LPLD_OSKinetis_V3\project\freescale_cup(DMA)1.0\iar\..\app\ITAC\"
#        -I
#        "G:\øÏ≈ÃÕ¯¬Á≥∑¿Î\whutddk\∑…Àºø®∂˚\LPLDV3.1\LPLD_OSKinetis_V3\project\freescale_cup(DMA)1.0\iar\..\..\..\lib\CPU\"
#        -I
#        "G:\øÏ≈ÃÕ¯¬Á≥∑¿Î\whutddk\∑…Àºø®∂˚\LPLDV3.1\LPLD_OSKinetis_V3\project\freescale_cup(DMA)1.0\iar\..\..\..\lib\common\"
#        -I
#        "G:\øÏ≈ÃÕ¯¬Á≥∑¿Î\whutddk\∑…Àºø®∂˚\LPLDV3.1\LPLD_OSKinetis_V3\project\freescale_cup(DMA)1.0\iar\..\..\..\lib\LPLD\"
#        -I
#        "G:\øÏ≈ÃÕ¯¬Á≥∑¿Î\whutddk\∑…Àºø®∂˚\LPLDV3.1\LPLD_OSKinetis_V3\project\freescale_cup(DMA)1.0\iar\..\..\..\lib\LPLD\HW\"
#        -I
#        "G:\øÏ≈ÃÕ¯¬Á≥∑¿Î\whutddk\∑…Àºø®∂˚\LPLDV3.1\LPLD_OSKinetis_V3\project\freescale_cup(DMA)1.0\iar\..\..\..\lib\LPLD\DEV\"
#        -I
#        "G:\øÏ≈ÃÕ¯¬Á≥∑¿Î\whutddk\∑…Àºø®∂˚\LPLDV3.1\LPLD_OSKinetis_V3\project\freescale_cup(DMA)1.0\iar\..\..\..\lib\LPLD\FUNC\"
#        -I
#        "G:\øÏ≈ÃÕ¯¬Á≥∑¿Î\whutddk\∑…Àºø®∂˚\LPLDV3.1\LPLD_OSKinetis_V3\project\freescale_cup(DMA)1.0\iar\..\..\..\lib\uCOS-II\Ports\"
#        -I
#        "G:\øÏ≈ÃÕ¯¬Á≥∑¿Î\whutddk\∑…Àºø®∂˚\LPLDV3.1\LPLD_OSKinetis_V3\project\freescale_cup(DMA)1.0\iar\..\..\..\lib\uCOS-II\Source\"
#        -I
#        "G:\øÏ≈ÃÕ¯¬Á≥∑¿Î\whutddk\∑…Àºø®∂˚\LPLDV3.1\LPLD_OSKinetis_V3\project\freescale_cup(DMA)1.0\iar\..\..\..\lib\FatFs\"
#        -I
#        "G:\øÏ≈ÃÕ¯¬Á≥∑¿Î\whutddk\∑…Àºø®∂˚\LPLDV3.1\LPLD_OSKinetis_V3\project\freescale_cup(DMA)1.0\iar\..\..\..\lib\FatFs\option\"
#        -I
#        "G:\øÏ≈ÃÕ¯¬Á≥∑¿Î\whutddk\∑…Àºø®∂˚\LPLDV3.1\LPLD_OSKinetis_V3\project\freescale_cup(DMA)1.0\iar\..\..\..\lib\USB\common\"
#        -I
#        "G:\øÏ≈ÃÕ¯¬Á≥∑¿Î\whutddk\∑…Àºø®∂˚\LPLDV3.1\LPLD_OSKinetis_V3\project\freescale_cup(DMA)1.0\iar\..\..\..\lib\USB\driver\"
#        -I
#        "G:\øÏ≈ÃÕ¯¬Á≥∑¿Î\whutddk\∑…Àºø®∂˚\LPLDV3.1\LPLD_OSKinetis_V3\project\freescale_cup(DMA)1.0\iar\..\..\..\lib\USB\descriptor\"
#        -I
#        "G:\øÏ≈ÃÕ¯¬Á≥∑¿Î\whutddk\∑…Àºø®∂˚\LPLDV3.1\LPLD_OSKinetis_V3\project\freescale_cup(DMA)1.0\iar\..\..\..\lib\USB\class\"
#        -On -I "D:\Program Files (x86)\IAR Systems\Embedded Workbench
#        7.0\arm\CMSIS\Include\" -D ARM_MATH_CM4
#    List file    =  
#        G:\øÏ≈ÃÕ¯¬Á≥∑¿Î\whutddk\∑…Àºø®∂˚\LPLDV3.1\LPLD_OSKinetis_V3\project\freescale_cup(DMA)1.0\iar\FLASH\List\bz_led.lst
#    Object file  =  
#        G:\øÏ≈ÃÕ¯¬Á≥∑¿Î\whutddk\∑…Àºø®∂˚\LPLDV3.1\LPLD_OSKinetis_V3\project\freescale_cup(DMA)1.0\iar\FLASH\Obj\bz_led.o
#
###############################################################################

G:\øÏ≈ÃÕ¯¬Á≥∑¿Î\whutddk\∑…Àºø®∂˚\LPLDV3.1\LPLD_OSKinetis_V3\project\freescale_cup(DMA)1.0\app\ITAC\bz_led.c
      1          #include "include.h"
      2          
      3          

   \                                 In section .data, align 1
      4          enum _bz_style bz_style = norm;
   \                     bz_style:
   \   00000000   0x03               DC8 3

   \                                 In section .bss, align 2
      5          uint16 bz_cnt = 0;
   \                     bz_cnt:
   \   00000000                      DS8 2
      6          

   \                                 In section .bss, align 4
      7          GPIO_InitTypeDef bzled_inittype;
   \                     bzled_inittype:
   \   00000000                      DS8 20

   \                                 In section .text, align 2, keep-with-next
      8          void bzled_init()
      9          {
   \                     bzled_init: (+1)
   \   00000000   0xB580             PUSH     {R7,LR}
     10            bzled_inittype.GPIO_PTx = PTC; //led bz
   \   00000002   0x.... 0x....      LDR.W    R0,??DataTable6  ;; 0x400ff080
   \   00000006   0x.... 0x....      LDR.W    R1,??DataTable6_1
   \   0000000A   0x6008             STR      R0,[R1, #+0]
     11            bzled_inittype.GPIO_Pins = GPIO_Pin6 | GPIO_Pin7;
   \   0000000C   0x20C0             MOVS     R0,#+192
   \   0000000E   0x.... 0x....      LDR.W    R1,??DataTable6_1
   \   00000012   0x6048             STR      R0,[R1, #+4]
     12            bzled_inittype.GPIO_Dir = DIR_OUTPUT;
   \   00000014   0x2001             MOVS     R0,#+1
   \   00000016   0x.... 0x....      LDR.W    R1,??DataTable6_1
   \   0000001A   0x7308             STRB     R0,[R1, #+12]
     13            bzled_inittype.GPIO_Output = OUTPUT_H;
   \   0000001C   0x2001             MOVS     R0,#+1
   \   0000001E   0x.... 0x....      LDR.W    R1,??DataTable6_1
   \   00000022   0x7348             STRB     R0,[R1, #+13]
     14            bzled_inittype.GPIO_PinControl = IRQC_DIS;
   \   00000024   0x2000             MOVS     R0,#+0
   \   00000026   0x.... 0x....      LDR.W    R1,??DataTable6_1
   \   0000002A   0x6088             STR      R0,[R1, #+8]
     15            LPLD_GPIO_Init(bzled_inittype);
   \   0000002C   0x.... 0x....      LDR.W    R1,??DataTable6_1
   \   00000030   0xB084             SUB      SP,SP,#+16
   \   00000032   0x4668             MOV      R0,SP
   \   00000034   0x2214             MOVS     R2,#+20
   \   00000036   0x.... 0x....      BL       __aeabi_memcpy4
   \   0000003A   0xBC0F             POP      {R0-R3}
   \   0000003C   0x.... 0x....      BL       LPLD_GPIO_Init
     16          }
   \   00000040   0xBD01             POP      {R0,PC}          ;; return
     17          

   \                                 In section .text, align 2, keep-with-next
     18          void bzled_work()
     19          {
   \                     bzled_work: (+1)
   \   00000000   0xB580             PUSH     {R7,LR}
     20            switch(bz_style)
   \   00000002   0x....             LDR.N    R0,??DataTable6_2
   \   00000004   0x7800             LDRB     R0,[R0, #+0]
   \   00000006   0x2800             CMP      R0,#+0
   \   00000008   0xD005             BEQ.N    ??bzled_work_0
   \   0000000A   0x2802             CMP      R0,#+2
   \   0000000C   0xD009             BEQ.N    ??bzled_work_1
   \   0000000E   0xD305             BCC.N    ??bzled_work_2
   \   00000010   0x2803             CMP      R0,#+3
   \   00000012   0xD009             BEQ.N    ??bzled_work_3
   \   00000014   0xE00A             B.N      ??bzled_work_4
     21            {
     22              case(ready): bz_ready();break;
   \                     ??bzled_work_0: (+1)
   \   00000016   0x.... 0x....      BL       bz_ready
   \   0000001A   0xE007             B.N      ??bzled_work_4
     23              case(datarec): bz_datarec();break;
   \                     ??bzled_work_2: (+1)
   \   0000001C   0x.... 0x....      BL       bz_datarec
   \   00000020   0xE004             B.N      ??bzled_work_4
     24              case(warn):bz_warn(); break;
   \                     ??bzled_work_1: (+1)
   \   00000022   0x.... 0x....      BL       bz_warn
   \   00000026   0xE001             B.N      ??bzled_work_4
     25              case(norm):bz_norm(); break;
   \                     ??bzled_work_3: (+1)
   \   00000028   0x.... 0x....      BL       bz_norm
     26            }
     27          }
   \                     ??bzled_work_4: (+1)
   \   0000002C   0xBD01             POP      {R0,PC}          ;; return
     28          

   \                                 In section .text, align 2, keep-with-next
     29          void bz_ready()
     30          {
   \                     bz_ready: (+1)
   \   00000000   0xB580             PUSH     {R7,LR}
     31            if ( bz_cnt < 100  )
   \   00000002   0x....             LDR.N    R0,??DataTable6_3
   \   00000004   0x8800             LDRH     R0,[R0, #+0]
   \   00000006   0x2864             CMP      R0,#+100
   \   00000008   0xDA0A             BGE.N    ??bz_ready_0
     32            {
     33              BZ_ON;
   \   0000000A   0x2201             MOVS     R2,#+1
   \   0000000C   0x2107             MOVS     R1,#+7
   \   0000000E   0x....             LDR.N    R0,??DataTable6  ;; 0x400ff080
   \   00000010   0x.... 0x....      BL       LPLD_GPIO_Output_b
     34              LED_ON;
   \   00000014   0x2200             MOVS     R2,#+0
   \   00000016   0x2106             MOVS     R1,#+6
   \   00000018   0x....             LDR.N    R0,??DataTable6  ;; 0x400ff080
   \   0000001A   0x.... 0x....      BL       LPLD_GPIO_Output_b
   \   0000001E   0xE06C             B.N      ??bz_ready_1
     35            }
     36            else if ( bz_cnt <= 200 )
   \                     ??bz_ready_0: (+1)
   \   00000020   0x....             LDR.N    R0,??DataTable6_3
   \   00000022   0x8800             LDRH     R0,[R0, #+0]
   \   00000024   0x28C9             CMP      R0,#+201
   \   00000026   0xDA0A             BGE.N    ??bz_ready_2
     37            {
     38              BZ_OFF;
   \   00000028   0x2200             MOVS     R2,#+0
   \   0000002A   0x2107             MOVS     R1,#+7
   \   0000002C   0x....             LDR.N    R0,??DataTable6  ;; 0x400ff080
   \   0000002E   0x.... 0x....      BL       LPLD_GPIO_Output_b
     39              LED_OFF;
   \   00000032   0x2201             MOVS     R2,#+1
   \   00000034   0x2106             MOVS     R1,#+6
   \   00000036   0x....             LDR.N    R0,??DataTable6  ;; 0x400ff080
   \   00000038   0x.... 0x....      BL       LPLD_GPIO_Output_b
   \   0000003C   0xE05D             B.N      ??bz_ready_1
     40            }
     41            else if ( bz_cnt <= 300 )
   \                     ??bz_ready_2: (+1)
   \   0000003E   0x....             LDR.N    R0,??DataTable6_3
   \   00000040   0x8800             LDRH     R0,[R0, #+0]
   \   00000042   0xF5B0 0x7F96      CMP      R0,#+300
   \   00000046   0xDC0A             BGT.N    ??bz_ready_3
     42            {
     43              BZ_ON;
   \   00000048   0x2201             MOVS     R2,#+1
   \   0000004A   0x2107             MOVS     R1,#+7
   \   0000004C   0x....             LDR.N    R0,??DataTable6  ;; 0x400ff080
   \   0000004E   0x.... 0x....      BL       LPLD_GPIO_Output_b
     44              LED_ON;
   \   00000052   0x2200             MOVS     R2,#+0
   \   00000054   0x2106             MOVS     R1,#+6
   \   00000056   0x....             LDR.N    R0,??DataTable6  ;; 0x400ff080
   \   00000058   0x.... 0x....      BL       LPLD_GPIO_Output_b
   \   0000005C   0xE04D             B.N      ??bz_ready_1
     45            } 
     46            else if ( bz_cnt <= 400 )
   \                     ??bz_ready_3: (+1)
   \   0000005E   0x....             LDR.N    R0,??DataTable6_3
   \   00000060   0x8800             LDRH     R0,[R0, #+0]
   \   00000062   0xF5B0 0x7FC8      CMP      R0,#+400
   \   00000066   0xDC0A             BGT.N    ??bz_ready_4
     47            {
     48              BZ_OFF;
   \   00000068   0x2200             MOVS     R2,#+0
   \   0000006A   0x2107             MOVS     R1,#+7
   \   0000006C   0x....             LDR.N    R0,??DataTable6  ;; 0x400ff080
   \   0000006E   0x.... 0x....      BL       LPLD_GPIO_Output_b
     49              LED_OFF;
   \   00000072   0x2201             MOVS     R2,#+1
   \   00000074   0x2106             MOVS     R1,#+6
   \   00000076   0x....             LDR.N    R0,??DataTable6  ;; 0x400ff080
   \   00000078   0x.... 0x....      BL       LPLD_GPIO_Output_b
   \   0000007C   0xE03D             B.N      ??bz_ready_1
     50            }  
     51            else if ( bz_cnt <= 500 )
   \                     ??bz_ready_4: (+1)
   \   0000007E   0x....             LDR.N    R0,??DataTable6_3
   \   00000080   0x8800             LDRH     R0,[R0, #+0]
   \   00000082   0xF5B0 0x7FFA      CMP      R0,#+500
   \   00000086   0xDC0A             BGT.N    ??bz_ready_5
     52            {
     53              BZ_ON;
   \   00000088   0x2201             MOVS     R2,#+1
   \   0000008A   0x2107             MOVS     R1,#+7
   \   0000008C   0x....             LDR.N    R0,??DataTable6  ;; 0x400ff080
   \   0000008E   0x.... 0x....      BL       LPLD_GPIO_Output_b
     54              LED_ON;
   \   00000092   0x2200             MOVS     R2,#+0
   \   00000094   0x2106             MOVS     R1,#+6
   \   00000096   0x....             LDR.N    R0,??DataTable6  ;; 0x400ff080
   \   00000098   0x.... 0x....      BL       LPLD_GPIO_Output_b
   \   0000009C   0xE02D             B.N      ??bz_ready_1
     55            } 
     56            else if ( bz_cnt <= 1000 )
   \                     ??bz_ready_5: (+1)
   \   0000009E   0x....             LDR.N    R0,??DataTable6_3
   \   000000A0   0x8800             LDRH     R0,[R0, #+0]
   \   000000A2   0xF5B0 0x7F7A      CMP      R0,#+1000
   \   000000A6   0xDC0A             BGT.N    ??bz_ready_6
     57            {
     58              BZ_OFF;
   \   000000A8   0x2200             MOVS     R2,#+0
   \   000000AA   0x2107             MOVS     R1,#+7
   \   000000AC   0x....             LDR.N    R0,??DataTable6  ;; 0x400ff080
   \   000000AE   0x.... 0x....      BL       LPLD_GPIO_Output_b
     59              LED_OFF;
   \   000000B2   0x2201             MOVS     R2,#+1
   \   000000B4   0x2106             MOVS     R1,#+6
   \   000000B6   0x....             LDR.N    R0,??DataTable6  ;; 0x400ff080
   \   000000B8   0x.... 0x....      BL       LPLD_GPIO_Output_b
   \   000000BC   0xE01D             B.N      ??bz_ready_1
     60            } 
     61            else if ( bz_cnt <= 1500 )
   \                     ??bz_ready_6: (+1)
   \   000000BE   0x....             LDR.N    R0,??DataTable6_3
   \   000000C0   0x8800             LDRH     R0,[R0, #+0]
   \   000000C2   0xF240 0x51DD      MOVW     R1,#+1501
   \   000000C6   0x4288             CMP      R0,R1
   \   000000C8   0xDA0A             BGE.N    ??bz_ready_7
     62            {
     63              BZ_ON;
   \   000000CA   0x2201             MOVS     R2,#+1
   \   000000CC   0x2107             MOVS     R1,#+7
   \   000000CE   0x....             LDR.N    R0,??DataTable6  ;; 0x400ff080
   \   000000D0   0x.... 0x....      BL       LPLD_GPIO_Output_b
     64              LED_ON;
   \   000000D4   0x2200             MOVS     R2,#+0
   \   000000D6   0x2106             MOVS     R1,#+6
   \   000000D8   0x....             LDR.N    R0,??DataTable6  ;; 0x400ff080
   \   000000DA   0x.... 0x....      BL       LPLD_GPIO_Output_b
   \   000000DE   0xE00C             B.N      ??bz_ready_1
     65            } 
     66            else 
     67            {
     68              BZ_OFF;
   \                     ??bz_ready_7: (+1)
   \   000000E0   0x2200             MOVS     R2,#+0
   \   000000E2   0x2107             MOVS     R1,#+7
   \   000000E4   0x....             LDR.N    R0,??DataTable6  ;; 0x400ff080
   \   000000E6   0x.... 0x....      BL       LPLD_GPIO_Output_b
     69              LED_OFF;
   \   000000EA   0x2201             MOVS     R2,#+1
   \   000000EC   0x2106             MOVS     R1,#+6
   \   000000EE   0x....             LDR.N    R0,??DataTable6  ;; 0x400ff080
   \   000000F0   0x.... 0x....      BL       LPLD_GPIO_Output_b
     70              bz_style = norm;
   \   000000F4   0x2003             MOVS     R0,#+3
   \   000000F6   0x....             LDR.N    R1,??DataTable6_2
   \   000000F8   0x7008             STRB     R0,[R1, #+0]
     71            } 
     72            
     73          }
   \                     ??bz_ready_1: (+1)
   \   000000FA   0xBD01             POP      {R0,PC}          ;; return
     74          

   \                                 In section .text, align 2, keep-with-next
     75          void bz_datarec()
     76          {
   \                     bz_datarec: (+1)
   \   00000000   0xB580             PUSH     {R7,LR}
     77            if ( bz_cnt < 50  )
   \   00000002   0x....             LDR.N    R0,??DataTable6_3
   \   00000004   0x8800             LDRH     R0,[R0, #+0]
   \   00000006   0x2832             CMP      R0,#+50
   \   00000008   0xDA0A             BGE.N    ??bz_datarec_0
     78            {
     79              BZ_ON;
   \   0000000A   0x2201             MOVS     R2,#+1
   \   0000000C   0x2107             MOVS     R1,#+7
   \   0000000E   0x....             LDR.N    R0,??DataTable6  ;; 0x400ff080
   \   00000010   0x.... 0x....      BL       LPLD_GPIO_Output_b
     80              LED_ON;
   \   00000014   0x2200             MOVS     R2,#+0
   \   00000016   0x2106             MOVS     R1,#+6
   \   00000018   0x....             LDR.N    R0,??DataTable6  ;; 0x400ff080
   \   0000001A   0x.... 0x....      BL       LPLD_GPIO_Output_b
   \   0000001E   0xE048             B.N      ??bz_datarec_1
     81            }
     82            else if ( bz_cnt <= 100 )
   \                     ??bz_datarec_0: (+1)
   \   00000020   0x....             LDR.N    R0,??DataTable6_3
   \   00000022   0x8800             LDRH     R0,[R0, #+0]
   \   00000024   0x2865             CMP      R0,#+101
   \   00000026   0xDA0A             BGE.N    ??bz_datarec_2
     83            {
     84              BZ_OFF;
   \   00000028   0x2200             MOVS     R2,#+0
   \   0000002A   0x2107             MOVS     R1,#+7
   \   0000002C   0x....             LDR.N    R0,??DataTable6  ;; 0x400ff080
   \   0000002E   0x.... 0x....      BL       LPLD_GPIO_Output_b
     85              LED_OFF;
   \   00000032   0x2201             MOVS     R2,#+1
   \   00000034   0x2106             MOVS     R1,#+6
   \   00000036   0x....             LDR.N    R0,??DataTable6  ;; 0x400ff080
   \   00000038   0x.... 0x....      BL       LPLD_GPIO_Output_b
   \   0000003C   0xE039             B.N      ??bz_datarec_1
     86            }
     87            else if ( bz_cnt < 150  )
   \                     ??bz_datarec_2: (+1)
   \   0000003E   0x....             LDR.N    R0,??DataTable6_3
   \   00000040   0x8800             LDRH     R0,[R0, #+0]
   \   00000042   0x2896             CMP      R0,#+150
   \   00000044   0xDA0A             BGE.N    ??bz_datarec_3
     88            {
     89              BZ_ON;
   \   00000046   0x2201             MOVS     R2,#+1
   \   00000048   0x2107             MOVS     R1,#+7
   \   0000004A   0x....             LDR.N    R0,??DataTable6  ;; 0x400ff080
   \   0000004C   0x.... 0x....      BL       LPLD_GPIO_Output_b
     90              LED_ON;
   \   00000050   0x2200             MOVS     R2,#+0
   \   00000052   0x2106             MOVS     R1,#+6
   \   00000054   0x....             LDR.N    R0,??DataTable6  ;; 0x400ff080
   \   00000056   0x.... 0x....      BL       LPLD_GPIO_Output_b
   \   0000005A   0xE02A             B.N      ??bz_datarec_1
     91            }
     92            else if ( bz_cnt <= 200 )
   \                     ??bz_datarec_3: (+1)
   \   0000005C   0x....             LDR.N    R0,??DataTable6_3
   \   0000005E   0x8800             LDRH     R0,[R0, #+0]
   \   00000060   0x28C9             CMP      R0,#+201
   \   00000062   0xDA0A             BGE.N    ??bz_datarec_4
     93            {
     94              BZ_OFF;
   \   00000064   0x2200             MOVS     R2,#+0
   \   00000066   0x2107             MOVS     R1,#+7
   \   00000068   0x....             LDR.N    R0,??DataTable6  ;; 0x400ff080
   \   0000006A   0x.... 0x....      BL       LPLD_GPIO_Output_b
     95              LED_OFF;
   \   0000006E   0x2201             MOVS     R2,#+1
   \   00000070   0x2106             MOVS     R1,#+6
   \   00000072   0x....             LDR.N    R0,??DataTable6  ;; 0x400ff080
   \   00000074   0x.... 0x....      BL       LPLD_GPIO_Output_b
   \   00000078   0xE01B             B.N      ??bz_datarec_1
     96            }
     97            else if ( bz_cnt < 250  )
   \                     ??bz_datarec_4: (+1)
   \   0000007A   0x....             LDR.N    R0,??DataTable6_3
   \   0000007C   0x8800             LDRH     R0,[R0, #+0]
   \   0000007E   0x28FA             CMP      R0,#+250
   \   00000080   0xDA0A             BGE.N    ??bz_datarec_5
     98            {
     99              BZ_ON;
   \   00000082   0x2201             MOVS     R2,#+1
   \   00000084   0x2107             MOVS     R1,#+7
   \   00000086   0x....             LDR.N    R0,??DataTable6  ;; 0x400ff080
   \   00000088   0x.... 0x....      BL       LPLD_GPIO_Output_b
    100              LED_ON;
   \   0000008C   0x2200             MOVS     R2,#+0
   \   0000008E   0x2106             MOVS     R1,#+6
   \   00000090   0x....             LDR.N    R0,??DataTable6  ;; 0x400ff080
   \   00000092   0x.... 0x....      BL       LPLD_GPIO_Output_b
   \   00000096   0xE00C             B.N      ??bz_datarec_1
    101            }
    102            else
    103            {
    104              BZ_OFF;
   \                     ??bz_datarec_5: (+1)
   \   00000098   0x2200             MOVS     R2,#+0
   \   0000009A   0x2107             MOVS     R1,#+7
   \   0000009C   0x....             LDR.N    R0,??DataTable6  ;; 0x400ff080
   \   0000009E   0x.... 0x....      BL       LPLD_GPIO_Output_b
    105              LED_OFF;
   \   000000A2   0x2201             MOVS     R2,#+1
   \   000000A4   0x2106             MOVS     R1,#+6
   \   000000A6   0x....             LDR.N    R0,??DataTable6  ;; 0x400ff080
   \   000000A8   0x.... 0x....      BL       LPLD_GPIO_Output_b
    106              bz_style = norm;
   \   000000AC   0x2003             MOVS     R0,#+3
   \   000000AE   0x....             LDR.N    R1,??DataTable6_2
   \   000000B0   0x7008             STRB     R0,[R1, #+0]
    107            }
    108            
    109          }
   \                     ??bz_datarec_1: (+1)
   \   000000B2   0xBD01             POP      {R0,PC}          ;; return
    110            

   \                                 In section .text, align 2, keep-with-next
    111          void bz_norm()
    112          {
   \                     bz_norm: (+1)
   \   00000000   0xB580             PUSH     {R7,LR}
    113            if ( bz_cnt < 100  )
   \   00000002   0x....             LDR.N    R0,??DataTable6_3
   \   00000004   0x8800             LDRH     R0,[R0, #+0]
   \   00000006   0x2864             CMP      R0,#+100
   \   00000008   0xDA0A             BGE.N    ??bz_norm_0
    114            {
    115              BZ_ON;
   \   0000000A   0x2201             MOVS     R2,#+1
   \   0000000C   0x2107             MOVS     R1,#+7
   \   0000000E   0x....             LDR.N    R0,??DataTable6  ;; 0x400ff080
   \   00000010   0x.... 0x....      BL       LPLD_GPIO_Output_b
    116              LED_ON;
   \   00000014   0x2200             MOVS     R2,#+0
   \   00000016   0x2106             MOVS     R1,#+6
   \   00000018   0x....             LDR.N    R0,??DataTable6  ;; 0x400ff080
   \   0000001A   0x.... 0x....      BL       LPLD_GPIO_Output_b
   \   0000001E   0xE013             B.N      ??bz_norm_1
    117            }
    118            else if ( bz_cnt <= 5000 )
   \                     ??bz_norm_0: (+1)
   \   00000020   0x....             LDR.N    R0,??DataTable6_3
   \   00000022   0x8800             LDRH     R0,[R0, #+0]
   \   00000024   0xF241 0x3189      MOVW     R1,#+5001
   \   00000028   0x4288             CMP      R0,R1
   \   0000002A   0xDA0A             BGE.N    ??bz_norm_2
    119            {
    120              BZ_OFF;
   \   0000002C   0x2200             MOVS     R2,#+0
   \   0000002E   0x2107             MOVS     R1,#+7
   \   00000030   0x....             LDR.N    R0,??DataTable6  ;; 0x400ff080
   \   00000032   0x.... 0x....      BL       LPLD_GPIO_Output_b
    121              LED_OFF;
   \   00000036   0x2201             MOVS     R2,#+1
   \   00000038   0x2106             MOVS     R1,#+6
   \   0000003A   0x....             LDR.N    R0,??DataTable6  ;; 0x400ff080
   \   0000003C   0x.... 0x....      BL       LPLD_GPIO_Output_b
   \   00000040   0xE002             B.N      ??bz_norm_1
    122              
    123            }
    124            else
    125            {
    126              bz_cnt = 0;
   \                     ??bz_norm_2: (+1)
   \   00000042   0x2000             MOVS     R0,#+0
   \   00000044   0x....             LDR.N    R1,??DataTable6_3
   \   00000046   0x8008             STRH     R0,[R1, #+0]
    127            }
    128          }
   \                     ??bz_norm_1: (+1)
   \   00000048   0xBD01             POP      {R0,PC}          ;; return
    129          

   \                                 In section .text, align 2, keep-with-next
    130          void bz_warn()
    131          {
   \                     bz_warn: (+1)
   \   00000000   0xB580             PUSH     {R7,LR}
    132            if ( bz_cnt < 500  )
   \   00000002   0x....             LDR.N    R0,??DataTable6_3
   \   00000004   0x8800             LDRH     R0,[R0, #+0]
   \   00000006   0xF5B0 0x7FFA      CMP      R0,#+500
   \   0000000A   0xDA0A             BGE.N    ??bz_warn_0
    133            {
    134              BZ_ON;
   \   0000000C   0x2201             MOVS     R2,#+1
   \   0000000E   0x2107             MOVS     R1,#+7
   \   00000010   0x....             LDR.N    R0,??DataTable6  ;; 0x400ff080
   \   00000012   0x.... 0x....      BL       LPLD_GPIO_Output_b
    135              LED_ON;
   \   00000016   0x2200             MOVS     R2,#+0
   \   00000018   0x2106             MOVS     R1,#+6
   \   0000001A   0x....             LDR.N    R0,??DataTable6  ;; 0x400ff080
   \   0000001C   0x.... 0x....      BL       LPLD_GPIO_Output_b
   \   00000020   0xE04E             B.N      ??bz_warn_1
    136            }
    137            else if ( bz_cnt <= 1000 )
   \                     ??bz_warn_0: (+1)
   \   00000022   0x....             LDR.N    R0,??DataTable6_3
   \   00000024   0x8800             LDRH     R0,[R0, #+0]
   \   00000026   0xF5B0 0x7F7A      CMP      R0,#+1000
   \   0000002A   0xDC0A             BGT.N    ??bz_warn_2
    138            {
    139              BZ_OFF;
   \   0000002C   0x2200             MOVS     R2,#+0
   \   0000002E   0x2107             MOVS     R1,#+7
   \   00000030   0x....             LDR.N    R0,??DataTable6  ;; 0x400ff080
   \   00000032   0x.... 0x....      BL       LPLD_GPIO_Output_b
    140              LED_OFF;
   \   00000036   0x2201             MOVS     R2,#+1
   \   00000038   0x2106             MOVS     R1,#+6
   \   0000003A   0x....             LDR.N    R0,??DataTable6  ;; 0x400ff080
   \   0000003C   0x.... 0x....      BL       LPLD_GPIO_Output_b
   \   00000040   0xE03E             B.N      ??bz_warn_1
    141            }
    142            else if ( bz_cnt < 1500  )
   \                     ??bz_warn_2: (+1)
   \   00000042   0x....             LDR.N    R0,??DataTable6_3
   \   00000044   0x8800             LDRH     R0,[R0, #+0]
   \   00000046   0xF240 0x51DC      MOVW     R1,#+1500
   \   0000004A   0x4288             CMP      R0,R1
   \   0000004C   0xDA0A             BGE.N    ??bz_warn_3
    143            {
    144              BZ_ON;
   \   0000004E   0x2201             MOVS     R2,#+1
   \   00000050   0x2107             MOVS     R1,#+7
   \   00000052   0x....             LDR.N    R0,??DataTable6  ;; 0x400ff080
   \   00000054   0x.... 0x....      BL       LPLD_GPIO_Output_b
    145              LED_ON;
   \   00000058   0x2200             MOVS     R2,#+0
   \   0000005A   0x2106             MOVS     R1,#+6
   \   0000005C   0x....             LDR.N    R0,??DataTable6  ;; 0x400ff080
   \   0000005E   0x.... 0x....      BL       LPLD_GPIO_Output_b
   \   00000062   0xE02D             B.N      ??bz_warn_1
    146            }
    147            else if ( bz_cnt <= 2000 )
   \                     ??bz_warn_3: (+1)
   \   00000064   0x....             LDR.N    R0,??DataTable6_3
   \   00000066   0x8800             LDRH     R0,[R0, #+0]
   \   00000068   0xF5B0 0x6FFA      CMP      R0,#+2000
   \   0000006C   0xDC0A             BGT.N    ??bz_warn_4
    148            {
    149              BZ_OFF;
   \   0000006E   0x2200             MOVS     R2,#+0
   \   00000070   0x2107             MOVS     R1,#+7
   \   00000072   0x....             LDR.N    R0,??DataTable6  ;; 0x400ff080
   \   00000074   0x.... 0x....      BL       LPLD_GPIO_Output_b
    150              LED_OFF;
   \   00000078   0x2201             MOVS     R2,#+1
   \   0000007A   0x2106             MOVS     R1,#+6
   \   0000007C   0x....             LDR.N    R0,??DataTable6  ;; 0x400ff080
   \   0000007E   0x.... 0x....      BL       LPLD_GPIO_Output_b
   \   00000082   0xE01D             B.N      ??bz_warn_1
    151            }
    152            else if ( bz_cnt < 2500  )
   \                     ??bz_warn_4: (+1)
   \   00000084   0x....             LDR.N    R0,??DataTable6_3
   \   00000086   0x8800             LDRH     R0,[R0, #+0]
   \   00000088   0xF640 0x11C4      MOVW     R1,#+2500
   \   0000008C   0x4288             CMP      R0,R1
   \   0000008E   0xDA0A             BGE.N    ??bz_warn_5
    153            {
    154              BZ_ON;
   \   00000090   0x2201             MOVS     R2,#+1
   \   00000092   0x2107             MOVS     R1,#+7
   \   00000094   0x....             LDR.N    R0,??DataTable6  ;; 0x400ff080
   \   00000096   0x.... 0x....      BL       LPLD_GPIO_Output_b
    155              LED_ON;
   \   0000009A   0x2200             MOVS     R2,#+0
   \   0000009C   0x2106             MOVS     R1,#+6
   \   0000009E   0x....             LDR.N    R0,??DataTable6  ;; 0x400ff080
   \   000000A0   0x.... 0x....      BL       LPLD_GPIO_Output_b
   \   000000A4   0xE00C             B.N      ??bz_warn_1
    156            }
    157            else 
    158            {
    159              BZ_OFF;
   \                     ??bz_warn_5: (+1)
   \   000000A6   0x2200             MOVS     R2,#+0
   \   000000A8   0x2107             MOVS     R1,#+7
   \   000000AA   0x....             LDR.N    R0,??DataTable6  ;; 0x400ff080
   \   000000AC   0x.... 0x....      BL       LPLD_GPIO_Output_b
    160              LED_OFF;
   \   000000B0   0x2201             MOVS     R2,#+1
   \   000000B2   0x2106             MOVS     R1,#+6
   \   000000B4   0x....             LDR.N    R0,??DataTable6  ;; 0x400ff080
   \   000000B6   0x.... 0x....      BL       LPLD_GPIO_Output_b
    161              bz_style = norm;
   \   000000BA   0x2003             MOVS     R0,#+3
   \   000000BC   0x....             LDR.N    R1,??DataTable6_2
   \   000000BE   0x7008             STRB     R0,[R1, #+0]
    162            }
    163          }
   \                     ??bz_warn_1: (+1)
   \   000000C0   0xBD01             POP      {R0,PC}          ;; return
    164          

   \                                 In section .text, align 2, keep-with-next
    165          void bz_set(enum _bz_style bz)
    166          {
    167            bz_cnt = 0;
   \                     bz_set: (+1)
   \   00000000   0x2100             MOVS     R1,#+0
   \   00000002   0x....             LDR.N    R2,??DataTable6_3
   \   00000004   0x8011             STRH     R1,[R2, #+0]
    168            bz_style = bz; 
   \   00000006   0x....             LDR.N    R1,??DataTable6_2
   \   00000008   0x7008             STRB     R0,[R1, #+0]
    169          }
   \   0000000A   0x4770             BX       LR               ;; return

   \                                 In section .text, align 4, keep-with-next
   \                     ??DataTable6:
   \   00000000   0x400FF080         DC32     0x400ff080

   \                                 In section .text, align 4, keep-with-next
   \                     ??DataTable6_1:
   \   00000000   0x........         DC32     bzled_inittype

   \                                 In section .text, align 4, keep-with-next
   \                     ??DataTable6_2:
   \   00000000   0x........         DC32     bz_style

   \                                 In section .text, align 4, keep-with-next
   \                     ??DataTable6_3:
   \   00000000   0x........         DC32     bz_cnt

   Maximum stack usage in bytes:

   .cstack Function
   ------- --------
       8   bz_datarec
         8   -> LPLD_GPIO_Output_b
       8   bz_norm
         8   -> LPLD_GPIO_Output_b
       8   bz_ready
         8   -> LPLD_GPIO_Output_b
       0   bz_set
       8   bz_warn
         8   -> LPLD_GPIO_Output_b
      24   bzled_init
         8   -> LPLD_GPIO_Init
        24   -> __aeabi_memcpy4
       8   bzled_work
         8   -> bz_datarec
         8   -> bz_norm
         8   -> bz_ready
         8   -> bz_warn


   Section sizes:

   Bytes  Function/Label
   -----  --------------
       4  ??DataTable6
       4  ??DataTable6_1
       4  ??DataTable6_2
       4  ??DataTable6_3
       2  bz_cnt
     180  bz_datarec
      74  bz_norm
     252  bz_ready
      12  bz_set
       1  bz_style
     194  bz_warn
      66  bzled_init
      20  bzled_inittype
      46  bzled_work

 
  22 bytes in section .bss
   1 byte  in section .data
 840 bytes in section .text
 
 840 bytes of CODE memory
  23 bytes of DATA memory

Errors: none
Warnings: none
