###############################################################################
#
# IAR ANSI C/C++ Compiler V7.20.2.7424/W32 for ARM        28/Nov/2015  12:51:07
# Copyright 1999-2014 IAR Systems AB.
#
#    Cpu mode     =  thumb
#    Endian       =  little
#    Source file  =  
#        X:\whutddk\·ÉË¼¿¨¶û\LPLDV3.1\LPLD_OSKinetis_V3\project\freescale_cup1.0\app\BSP\LPTMR.c
#    Command line =  
#        X:\whutddk\·ÉË¼¿¨¶û\LPLDV3.1\LPLD_OSKinetis_V3\project\freescale_cup1.0\app\BSP\LPTMR.c
#        -D LPLD_K60 -D USE_K60DZ10 -lCN
#        X:\whutddk\·ÉË¼¿¨¶û\LPLDV3.1\LPLD_OSKinetis_V3\project\freescale_cup1.0\iar\FLASH\List\
#        -lB
#        X:\whutddk\·ÉË¼¿¨¶û\LPLDV3.1\LPLD_OSKinetis_V3\project\freescale_cup1.0\iar\FLASH\List\
#        -o
#        X:\whutddk\·ÉË¼¿¨¶û\LPLDV3.1\LPLD_OSKinetis_V3\project\freescale_cup1.0\iar\FLASH\Obj\
#        --no_cse --no_unroll --no_inline --no_code_motion --no_tbaa
#        --no_clustering --no_scheduling --debug --endian=little
#        --cpu=Cortex-M4 -e --fpu=None --dlib_config "C:\Program Files
#        (x86)\IAR Systems\Embedded Workbench
#        7.0\arm\INC\c\DLib_Config_Normal.h" -I
#        X:\whutddk\·ÉË¼¿¨¶û\LPLDV3.1\LPLD_OSKinetis_V3\project\freescale_cup1.0\iar\..\app\
#        -I
#        X:\whutddk\·ÉË¼¿¨¶û\LPLDV3.1\LPLD_OSKinetis_V3\project\freescale_cup1.0\iar\..\app\MAIN\
#        -I
#        X:\whutddk\·ÉË¼¿¨¶û\LPLDV3.1\LPLD_OSKinetis_V3\project\freescale_cup1.0\iar\..\app\BSP\
#        -I
#        X:\whutddk\·ÉË¼¿¨¶û\LPLDV3.1\LPLD_OSKinetis_V3\project\freescale_cup1.0\iar\..\app\CTL\
#        -I
#        X:\whutddk\·ÉË¼¿¨¶û\LPLDV3.1\LPLD_OSKinetis_V3\project\freescale_cup1.0\iar\..\app\sensor\
#        -I
#        X:\whutddk\·ÉË¼¿¨¶û\LPLDV3.1\LPLD_OSKinetis_V3\project\freescale_cup1.0\iar\..\app\ITAC\
#        -I
#        X:\whutddk\·ÉË¼¿¨¶û\LPLDV3.1\LPLD_OSKinetis_V3\project\freescale_cup1.0\iar\..\..\..\lib\CPU\
#        -I
#        X:\whutddk\·ÉË¼¿¨¶û\LPLDV3.1\LPLD_OSKinetis_V3\project\freescale_cup1.0\iar\..\..\..\lib\common\
#        -I
#        X:\whutddk\·ÉË¼¿¨¶û\LPLDV3.1\LPLD_OSKinetis_V3\project\freescale_cup1.0\iar\..\..\..\lib\LPLD\
#        -I
#        X:\whutddk\·ÉË¼¿¨¶û\LPLDV3.1\LPLD_OSKinetis_V3\project\freescale_cup1.0\iar\..\..\..\lib\LPLD\HW\
#        -I
#        X:\whutddk\·ÉË¼¿¨¶û\LPLDV3.1\LPLD_OSKinetis_V3\project\freescale_cup1.0\iar\..\..\..\lib\LPLD\DEV\
#        -I
#        X:\whutddk\·ÉË¼¿¨¶û\LPLDV3.1\LPLD_OSKinetis_V3\project\freescale_cup1.0\iar\..\..\..\lib\LPLD\FUNC\
#        -I
#        X:\whutddk\·ÉË¼¿¨¶û\LPLDV3.1\LPLD_OSKinetis_V3\project\freescale_cup1.0\iar\..\..\..\lib\uCOS-II\Ports\
#        -I
#        X:\whutddk\·ÉË¼¿¨¶û\LPLDV3.1\LPLD_OSKinetis_V3\project\freescale_cup1.0\iar\..\..\..\lib\uCOS-II\Source\
#        -I
#        X:\whutddk\·ÉË¼¿¨¶û\LPLDV3.1\LPLD_OSKinetis_V3\project\freescale_cup1.0\iar\..\..\..\lib\FatFs\
#        -I
#        X:\whutddk\·ÉË¼¿¨¶û\LPLDV3.1\LPLD_OSKinetis_V3\project\freescale_cup1.0\iar\..\..\..\lib\FatFs\option\
#        -I
#        X:\whutddk\·ÉË¼¿¨¶û\LPLDV3.1\LPLD_OSKinetis_V3\project\freescale_cup1.0\iar\..\..\..\lib\USB\common\
#        -I
#        X:\whutddk\·ÉË¼¿¨¶û\LPLDV3.1\LPLD_OSKinetis_V3\project\freescale_cup1.0\iar\..\..\..\lib\USB\driver\
#        -I
#        X:\whutddk\·ÉË¼¿¨¶û\LPLDV3.1\LPLD_OSKinetis_V3\project\freescale_cup1.0\iar\..\..\..\lib\USB\descriptor\
#        -I
#        X:\whutddk\·ÉË¼¿¨¶û\LPLDV3.1\LPLD_OSKinetis_V3\project\freescale_cup1.0\iar\..\..\..\lib\USB\class\
#        -On -I "C:\Program Files (x86)\IAR Systems\Embedded Workbench
#        7.0\arm\CMSIS\Include\" -D ARM_MATH_CM4
#    List file    =  
#        X:\whutddk\·ÉË¼¿¨¶û\LPLDV3.1\LPLD_OSKinetis_V3\project\freescale_cup1.0\iar\FLASH\List\LPTMR.lst
#    Object file  =  
#        X:\whutddk\·ÉË¼¿¨¶û\LPLDV3.1\LPLD_OSKinetis_V3\project\freescale_cup1.0\iar\FLASH\Obj\LPTMR.o
#
###############################################################################

X:\whutddk\·ÉË¼¿¨¶û\LPLDV3.1\LPLD_OSKinetis_V3\project\freescale_cup1.0\app\BSP\LPTMR.c
      1          #include "include.h"
      2          

   \                                 In section .bss, align 4
      3          LPTMR_InitTypeDef LPTMR_inittype;
   \                     LPTMR_inittype:
   \   00000000                      DS8 12
      4          

   \                                 In section .text, align 2, keep-with-next
      5          void lptmr_init()
      6          {
   \                     lptmr_init: (+1)
   \   00000000   0xB580             PUSH     {R7,LR}
      7            LPTMR_inittype.LPTMR_Mode = LPTMR_MODE_PLACC;
   \   00000002   0x2001             MOVS     R0,#+1
   \   00000004   0x....             LDR.N    R1,??DataTable0
   \   00000006   0x7008             STRB     R0,[R1, #+0]
      8            LPTMR_inittype.LPTMR_PluseAccInput = LPTMR_ALT2;//c5 
   \   00000008   0x2002             MOVS     R0,#+2
   \   0000000A   0x....             LDR.N    R1,??DataTable0
   \   0000000C   0x7108             STRB     R0,[R1, #+4]
      9            LPTMR_inittype.LPTMR_Isr = NULL;
   \   0000000E   0x2000             MOVS     R0,#+0
   \   00000010   0x....             LDR.N    R1,??DataTable0
   \   00000012   0x6088             STR      R0,[R1, #+8]
     10            
     11            LPLD_LPTMR_Init(LPTMR_inittype);
   \   00000014   0x....             LDR.N    R0,??DataTable0
   \   00000016   0xC807             LDM      R0,{R0-R2}
   \   00000018   0x.... 0x....      BL       LPLD_LPTMR_Init
     12          }
   \   0000001C   0xBD01             POP      {R0,PC}          ;; return
     13          

   \                                 In section .text, align 2, keep-with-next
     14          uint16 lptmr_get()
     15          {
   \                     lptmr_get: (+1)
   \   00000000   0xB510             PUSH     {R4,LR}
     16            uint16 temp;
     17            
     18            temp = LPLD_LPTMR_GetPulseAcc();
   \   00000002   0x.... 0x....      BL       LPLD_LPTMR_GetPulseAcc
   \   00000006   0x0004             MOVS     R4,R0
     19            
     20            LPLD_LPTMR_ResetCounter();       //¸´Î»LPTMR0 counter 
   \   00000008   0x.... 0x....      BL       LPLD_LPTMR_ResetCounter
     21            lptmr_init();
   \   0000000C   0x.... 0x....      BL       lptmr_init
     22            
     23            return temp;
   \   00000010   0x0020             MOVS     R0,R4
   \   00000012   0xB280             UXTH     R0,R0            ;; ZeroExt  R0,R0,#+16,#+16
   \   00000014   0xBD10             POP      {R4,PC}          ;; return
     24          }

   \                                 In section .text, align 4, keep-with-next
   \                     ??DataTable0:
   \   00000000   0x........         DC32     LPTMR_inittype

   Maximum stack usage in bytes:

   .cstack Function
   ------- --------
       8   lptmr_get
         8   -> LPLD_LPTMR_GetPulseAcc
         8   -> LPLD_LPTMR_ResetCounter
         8   -> lptmr_init
       8   lptmr_init
         8   -> LPLD_LPTMR_Init


   Section sizes:

   Bytes  Function/Label
   -----  --------------
       4  ??DataTable0
      12  LPTMR_inittype
      22  lptmr_get
      30  lptmr_init

 
 12 bytes in section .bss
 56 bytes in section .text
 
 56 bytes of CODE memory
 12 bytes of DATA memory

Errors: none
Warnings: none
